2022-07-28 02:01:32 [WatchRabbit] INFO : [development] API Server Start At Port 8443
2022-07-28 02:02:04 [WatchRabbit] ERROR : 로그인이 필요한 요청 입니다.
2022-07-28 02:02:15 [WatchRabbit] ERROR : undefined
2022-07-28 02:02:36 [WatchRabbit] INFO : [development] API Server Start At Port 8443
2022-07-28 02:02:36 [WatchRabbit] ERROR : authorization code not found for code=2bl8wOkPfp-xCHemnue4NP1PWK8Wd7Oowwc8x-ImTmLQSReEXMl4fmXeXogOb65bDa80dQopcNEAAAGCQopHDQ
2022-07-28 02:02:38 [WatchRabbit] ERROR : authorization code not found for code=2bl8wOkPfp-xCHemnue4NP1PWK8Wd7Oowwc8x-ImTmLQSReEXMl4fmXeXogOb65bDa80dQopcNEAAAGCQopHDQ
2022-07-28 02:02:43 [WatchRabbit] INFO : 카카오 로그인에 성공했습니다.
2022-07-28 02:04:37 [WatchRabbit] INFO : guentc4@naver.com 님이 로그아웃 되었습니다.
2022-07-28 02:05:04 [WatchRabbit] INFO : [development] API Server Start At Port 8443
2022-07-28 02:05:15 [WatchRabbit] INFO : [development] API Server Start At Port 8443
2022-07-28 02:05:34 [WatchRabbit] ERROR : undefined
2022-07-28 02:06:37 [WatchRabbit] INFO : [development] API Server Start At Port 8443
2022-07-28 02:06:38 [WatchRabbit] ERROR : authorization code not found for code=7MP8EON2qgxw6TOrbr84o3xjyDW2bungudD_HAJc7v_49Gzh-3TunDy7V8V1P7IuGtQo_go9dNkAAAGCQo1S5A
2022-07-28 02:06:54 [WatchRabbit] ERROR : undefined
2022-07-28 02:07:22 [WatchRabbit] INFO : [development] API Server Start At Port 8443
2022-07-28 02:07:22 [WatchRabbit] ERROR : authorization code not found for code=KIbEeUMV0EkIBiFIrC6pU4mFJh2CawrI7z0NerNHmaSE7W6J1YEk8M1ESzewqroDN_VkbQo9dVwAAAGCQo6KLQ
2022-07-28 02:07:29 [WatchRabbit] ERROR : 로그인이 필요한 요청 입니다.
2022-07-28 02:07:31 [WatchRabbit] INFO : 카카오 로그인에 성공했습니다.
2022-07-28 02:12:41 [WatchRabbit] INFO : [development] API Server Start At Port 8443
2022-07-28 02:13:54 [WatchRabbit] INFO : [development] API Server Start At Port 8443
2022-07-28 02:14:22 [WatchRabbit] INFO : [development] API Server Start At Port 8443
2022-07-28 02:15:33 [WatchRabbit] INFO : [development] API Server Start At Port 8443
2022-07-28 02:17:13 [WatchRabbit] INFO : [development] API Server Start At Port 8443
2022-07-28 02:17:17 [WatchRabbit] ERROR : 로그인이 필요한 요청 입니다.
2022-07-28 02:17:31 [WatchRabbit] INFO : 카카오 로그인에 성공했습니다.
2022-07-28 02:18:55 [WatchRabbit] INFO : [development] API Server Start At Port 8443
2022-07-28 02:19:04 [WatchRabbit] INFO : [development] API Server Start At Port 8443
2022-07-28 02:19:17 [WatchRabbit] INFO : [development] API Server Start At Port 8443
2022-07-28 02:19:24 [WatchRabbit] INFO : guentc4@naver.com 님이 로그아웃 되었습니다.
2022-07-28 02:19:26 [WatchRabbit] INFO : 구글 로그인에 성공했습니다.
2022-07-28 02:25:51 [WatchRabbit] INFO : [development] API Server Start At Port 8443
2022-07-28 02:26:57 [WatchRabbit] INFO : [development] API Server Start At Port 8443
2022-07-28 02:27:00 [WatchRabbit] INFO : [development] API Server Start At Port 8443
2022-07-28 02:29:33 [WatchRabbit] INFO : [development] API Server Start At Port 8443
2022-07-28 02:29:42 [WatchRabbit] INFO : [development] API Server Start At Port 8443
2022-07-28 02:30:42 [WatchRabbit] INFO : [development] API Server Start At Port 8443
2022-07-28 02:32:24 [WatchRabbit] INFO : [traceService checkUserId] jmbaek07@gmail.com 이 존재합니다.
2022-07-28 02:32:24 [WatchRabbit] ERROR : [TraceTable traceDao] You have an error in your SQL syntax; check the manual that corresponds to your MySQL server version for the right syntax to use near '?)' at line 2
2022-07-28 02:55:49 [WatchRabbit] INFO : [development] API Server Start At Port 8443
2022-07-28 03:01:36 [WatchRabbit] INFO : [development] API Server Start At Port 8443
2022-07-28 03:01:47 [WatchRabbit] INFO : [development] API Server Start At Port 8443
2022-07-28 03:01:52 [WatchRabbit] INFO : [development] API Server Start At Port 8443
2022-07-28 03:05:29 [WatchRabbit] INFO : [development] API Server Start At Port 8443
