2022-08-28 15:53:51 [WatchRabbit] INFO : [development] API Server Start At Port 8443
2022-08-28 15:53:52 [WatchRabbit] ERROR : 데이터 베이스 연결 실패 BLOB/TEXT column 'password' used in key specification without a key length
2022-08-28 15:54:24 [WatchRabbit] INFO : [development] API Server Start At Port 8443
2022-08-28 15:54:25 [WatchRabbit] ERROR : 데이터 베이스 연결 실패 BLOB/TEXT column 'password' used in key specification without a key length
2022-08-28 15:55:29 [WatchRabbit] INFO : [development] API Server Start At Port 8443
2022-08-28 15:55:29 [WatchRabbit] ERROR : 데이터 베이스 연결 실패 You have an error in your SQL syntax; check the manual that corresponds to your MySQL server version for the right syntax to use near 'NUMBER NOT NULL DEFAULT 'local', `createdAt` DATETIME NOT NULL, `updatedAt` DATE' at line 1
2022-08-28 15:56:12 [WatchRabbit] INFO : [development] API Server Start At Port 8443
2022-08-28 15:56:12 [WatchRabbit] ERROR : 데이터 베이스 연결 실패 You have an error in your SQL syntax; check the manual that corresponds to your MySQL server version for the right syntax to use near 'NUMBER NOT NULL DEFAULT 'local', `createdAt` DATETIME NOT NULL, `updatedAt` DATE' at line 1
2022-08-28 15:57:30 [WatchRabbit] INFO : [development] API Server Start At Port 8443
2022-08-28 15:57:31 [WatchRabbit] ERROR : 데이터 베이스 연결 실패 You have an error in your SQL syntax; check the manual that corresponds to your MySQL server version for the right syntax to use near 'NUMBER NOT NULL DEFAULT 'local', `createdAt` DATETIME NOT NULL, `updatedAt` DATE' at line 1
2022-08-28 16:09:58 [WatchRabbit] INFO : [development] API Server Start At Port 8443
2022-08-28 16:09:58 [WatchRabbit] INFO : 데이터베이스 연결 성공
2022-08-28 16:11:37 [WatchRabbit] INFO : [development] API Server Start At Port 8443
2022-08-28 16:11:38 [WatchRabbit] ERROR : 데이터 베이스 연결 실패 You have an error in your SQL syntax; check the manual that corresponds to your MySQL server version for the right syntax to use near 'NUMBER NOT NULL DEFAULT 'local', `createdAt` DATETIME NOT NULL, `updatedAt` DATE' at line 1
2022-08-28 16:11:51 [WatchRabbit] INFO : [development] API Server Start At Port 8443
2022-08-28 16:11:51 [WatchRabbit] INFO : 데이터베이스 연결 성공
2022-08-28 16:14:01 [WatchRabbit] INFO : [development] API Server Start At Port 8443
2022-08-28 16:14:01 [WatchRabbit] INFO : 데이터베이스 연결 성공
2022-08-28 16:18:45 [WatchRabbit] INFO : [development] API Server Start At Port 8443
2022-08-28 16:18:46 [WatchRabbit] INFO : 데이터베이스 연결 성공
2022-08-28 16:21:07 [WatchRabbit] INFO : [development] API Server Start At Port 8443
2022-08-28 16:21:07 [WatchRabbit] INFO : 데이터베이스 연결 성공
2022-08-28 16:21:09 [WatchRabbit] INFO : [development] API Server Start At Port 8443
2022-08-28 16:21:12 [WatchRabbit] INFO : 데이터베이스 연결 성공
2022-08-28 16:21:51 [WatchRabbit] INFO : [development] API Server Start At Port 8443
2022-08-28 16:21:51 [WatchRabbit] INFO : 데이터베이스 연결 성공
2022-08-28 16:21:58 [WatchRabbit] INFO : [development] API Server Start At Port 8443
2022-08-28 16:21:58 [WatchRabbit] INFO : 데이터베이스 연결 성공
2022-08-28 16:31:56 [WatchRabbit] INFO : [development] API Server Start At Port 8443
2022-08-28 16:31:56 [WatchRabbit] INFO : 데이터베이스 연결 성공
2022-08-28 16:32:37 [WatchRabbit] INFO : [development] API Server Start At Port 8443
2022-08-28 16:32:38 [WatchRabbit] INFO : 데이터베이스 연결 성공
2022-08-28 16:33:02 [WatchRabbit] INFO : [development] API Server Start At Port 8443
2022-08-28 16:33:03 [WatchRabbit] INFO : 데이터베이스 연결 성공
2022-08-28 16:33:50 [WatchRabbit] INFO : [development] API Server Start At Port 8443
2022-08-28 16:33:52 [WatchRabbit] INFO : 데이터베이스 연결 성공
2022-08-28 16:38:20 [WatchRabbit] INFO : [development] API Server Start At Port 8443
2022-08-28 16:38:20 [WatchRabbit] INFO : 데이터베이스 연결 성공
2022-08-28 16:38:58 [WatchRabbit] INFO : [development] API Server Start At Port 8443
2022-08-28 16:38:58 [WatchRabbit] INFO : 데이터베이스 연결 성공
2022-08-28 16:47:24 [WatchRabbit] INFO : [development] API Server Start At Port 8443
2022-08-28 16:47:24 [WatchRabbit] INFO : 데이터베이스 연결 성공
2022-08-28 20:15:14 [WatchRabbit] INFO : [production] API Server Start At Port 8443
2022-08-28 20:15:14 [WatchRabbit] INFO : 데이터베이스 연결 성공
2022-08-28 20:15:28 [WatchRabbit] INFO : [development] API Server Start At Port 8443
2022-08-28 20:15:28 [WatchRabbit] INFO : 데이터베이스 연결 성공
2022-08-28 20:39:45 [WatchRabbit] INFO : [development] API Server Start At Port 8443
2022-08-28 20:39:46 [WatchRabbit] INFO : 데이터베이스 연결 성공
2022-08-28 20:42:12 [WatchRabbit] INFO : [development] API Server Start At Port 8443
2022-08-28 20:42:13 [WatchRabbit] INFO : 데이터베이스 연결 성공
2022-08-28 20:42:24 [WatchRabbit] INFO : [development] API Server Start At Port 8443
2022-08-28 20:42:24 [WatchRabbit] INFO : 데이터베이스 연결 성공
2022-08-28 20:42:33 [WatchRabbit] INFO : [development] API Server Start At Port 8443
2022-08-28 20:42:33 [WatchRabbit] INFO : 데이터베이스 연결 성공
2022-08-28 20:47:49 [WatchRabbit] INFO : [development] API Server Start At Port 8443
2022-08-28 20:47:49 [WatchRabbit] INFO : 데이터베이스 연결 성공
2022-08-28 20:50:05 [WatchRabbit] INFO : [development] API Server Start At Port 8443
2022-08-28 20:50:05 [WatchRabbit] INFO : 데이터베이스 연결 성공
2022-08-28 20:52:10 [WatchRabbit] INFO : [development] API Server Start At Port 8443
2022-08-28 20:52:10 [WatchRabbit] INFO : 데이터베이스 연결 성공
2022-08-28 20:59:55 [WatchRabbit] INFO : [development] API Server Start At Port 8443
2022-08-28 20:59:55 [WatchRabbit] INFO : 데이터베이스 연결 성공
2022-08-28 21:03:22 [WatchRabbit] INFO : [development] API Server Start At Port 8443
2022-08-28 21:03:22 [WatchRabbit] INFO : 데이터베이스 연결 성공
2022-08-28 21:03:48 [WatchRabbit] INFO : [development] API Server Start At Port 8443
2022-08-28 21:03:48 [WatchRabbit] INFO : 데이터베이스 연결 성공
2022-08-28 21:11:15 [WatchRabbit] INFO : [development] API Server Start At Port 8443
2022-08-28 21:11:15 [WatchRabbit] INFO : 데이터베이스 연결 성공
2022-08-28 21:13:21 [WatchRabbit] INFO : [development] API Server Start At Port 8443
2022-08-28 21:13:21 [WatchRabbit] INFO : 데이터베이스 연결 성공
2022-08-28 21:15:37 [WatchRabbit] INFO : [development] API Server Start At Port 8443
2022-08-28 21:15:38 [WatchRabbit] INFO : 데이터베이스 연결 성공
2022-08-28 21:17:32 [WatchRabbit] ERROR : 로그인이 필요한 요청 입니다.
2022-08-28 21:17:51 [WatchRabbit] INFO : [development] API Server Start At Port 8443
2022-08-28 21:17:52 [WatchRabbit] INFO : 데이터베이스 연결 성공
2022-08-28 21:18:25 [WatchRabbit] ERROR : 로그인이 필요한 요청 입니다.
2022-08-28 21:19:50 [WatchRabbit] ERROR : undefined
2022-08-28 21:19:52 [WatchRabbit] ERROR : undefined
2022-08-28 21:19:53 [WatchRabbit] ERROR : undefined
2022-08-28 21:19:53 [WatchRabbit] ERROR : undefined
2022-08-28 21:20:04 [WatchRabbit] ERROR : undefined
2022-08-28 21:21:39 [WatchRabbit] INFO : [development] API Server Start At Port 8443
2022-08-28 21:21:40 [WatchRabbit] INFO : 데이터베이스 연결 성공
2022-08-28 21:21:40 [WatchRabbit] ERROR : undefined
2022-08-28 21:22:06 [WatchRabbit] INFO : [development] API Server Start At Port 8443
2022-08-28 21:22:06 [WatchRabbit] INFO : 데이터베이스 연결 성공
2022-08-28 21:23:11 [WatchRabbit] INFO : [development] API Server Start At Port 8443
2022-08-28 21:23:11 [WatchRabbit] INFO : 데이터베이스 연결 성공
2022-08-28 21:23:29 [WatchRabbit] INFO : [development] API Server Start At Port 8443
2022-08-28 21:23:29 [WatchRabbit] INFO : 데이터베이스 연결 성공
2022-08-28 21:23:43 [WatchRabbit] INFO : [development] API Server Start At Port 8443
2022-08-28 21:23:43 [WatchRabbit] INFO : 데이터베이스 연결 성공
2022-08-28 21:23:45 [WatchRabbit] ERROR : undefined
2022-08-28 21:23:48 [WatchRabbit] ERROR : undefined
2022-08-28 21:24:40 [WatchRabbit] INFO : [development] API Server Start At Port 8443
2022-08-28 21:24:41 [WatchRabbit] INFO : 데이터베이스 연결 성공
2022-08-28 21:25:02 [WatchRabbit] INFO : [development] API Server Start At Port 8443
2022-08-28 21:25:02 [WatchRabbit] INFO : 데이터베이스 연결 성공
2022-08-28 21:25:20 [WatchRabbit] INFO : [development] API Server Start At Port 8443
2022-08-28 21:25:20 [WatchRabbit] INFO : 데이터베이스 연결 성공
2022-08-28 21:25:29 [WatchRabbit] INFO : [development] API Server Start At Port 8443
2022-08-28 21:25:29 [WatchRabbit] INFO : 데이터베이스 연결 성공
2022-08-28 21:25:31 [WatchRabbit] INFO : [development] API Server Start At Port 8443
2022-08-28 21:25:32 [WatchRabbit] INFO : 데이터베이스 연결 성공
2022-08-28 21:25:38 [WatchRabbit] INFO : [development] API Server Start At Port 8443
2022-08-28 21:25:38 [WatchRabbit] INFO : 데이터베이스 연결 성공
2022-08-28 21:26:02 [WatchRabbit] INFO : [development] API Server Start At Port 8443
2022-08-28 21:26:02 [WatchRabbit] INFO : 데이터베이스 연결 성공
2022-08-28 21:26:08 [WatchRabbit] INFO : [development] API Server Start At Port 8443
2022-08-28 21:26:09 [WatchRabbit] INFO : 데이터베이스 연결 성공
2022-08-28 21:26:29 [WatchRabbit] INFO : [development] API Server Start At Port 8443
2022-08-28 21:26:30 [WatchRabbit] INFO : 데이터베이스 연결 성공
2022-08-28 21:26:39 [WatchRabbit] ERROR : 로그인이 필요한 요청 입니다.
2022-08-28 21:26:50 [WatchRabbit] ERROR : undefined
2022-08-28 21:26:52 [WatchRabbit] ERROR : undefined
2022-08-28 21:26:52 [WatchRabbit] ERROR : undefined
2022-08-28 21:26:53 [WatchRabbit] ERROR : undefined
2022-08-28 21:26:53 [WatchRabbit] ERROR : undefined
2022-08-28 21:35:09 [WatchRabbit] INFO : [development] API Server Start At Port 8443
2022-08-28 21:35:10 [WatchRabbit] INFO : 데이터베이스 연결 성공
2022-08-28 21:37:36 [WatchRabbit] INFO : [development] API Server Start At Port 8443
2022-08-28 21:37:36 [WatchRabbit] INFO : 데이터베이스 연결 성공
2022-08-28 21:37:37 [WatchRabbit] ERROR : 로그인이 필요한 요청 입니다.
2022-08-28 21:37:45 [WatchRabbit] ERROR : undefined
2022-08-28 21:37:52 [WatchRabbit] ERROR : undefined
2022-08-28 21:37:52 [WatchRabbit] ERROR : undefined
2022-08-28 21:39:04 [WatchRabbit] INFO : [development] API Server Start At Port 8443
2022-08-28 21:39:05 [WatchRabbit] INFO : 데이터베이스 연결 성공
2022-08-28 21:43:04 [WatchRabbit] ERROR : undefined
2022-08-28 22:22:23 [WatchRabbit] INFO : [development] API Server Start At Port 8443
2022-08-28 22:22:24 [WatchRabbit] ERROR : 데이터 베이스 연결 실패 BLOB/TEXT column 'password' used in key specification without a key length
2022-08-28 22:23:01 [WatchRabbit] INFO : [development] API Server Start At Port 8443
2022-08-28 22:23:01 [WatchRabbit] ERROR : 데이터 베이스 연결 실패 BLOB/TEXT column 'password' used in key specification without a key length
2022-08-28 22:23:03 [WatchRabbit] INFO : [development] API Server Start At Port 8443
2022-08-28 22:23:03 [WatchRabbit] ERROR : 데이터 베이스 연결 실패 BLOB/TEXT column 'password' used in key specification without a key length
2022-08-28 22:23:52 [WatchRabbit] INFO : [development] API Server Start At Port 8443
2022-08-28 22:23:53 [WatchRabbit] ERROR : 데이터 베이스 연결 실패 You have an error in your SQL syntax; check the manual that corresponds to your MySQL server version for the right syntax to use near 'NUMBER, `maxPrice` NUMBER, `createdAt` DATETIME NOT NULL, `updatedAt` DATETIME N' at line 1
2022-08-28 22:24:04 [WatchRabbit] INFO : [development] API Server Start At Port 8443
2022-08-28 22:24:04 [WatchRabbit] ERROR : 데이터 베이스 연결 실패 You have an error in your SQL syntax; check the manual that corresponds to your MySQL server version for the right syntax to use near 'NUMBER, `maxPrice` NUMBER, `createdAt` DATETIME NOT NULL, `updatedAt` DATETIME N' at line 1
2022-08-28 22:28:52 [WatchRabbit] INFO : [development] API Server Start At Port 8443
2022-08-28 22:28:52 [WatchRabbit] ERROR : 데이터 베이스 연결 실패 You have an error in your SQL syntax; check the manual that corresponds to your MySQL server version for the right syntax to use near 'NUMBER, `maxPrice` NUMBER, `createdAt` DATETIME NOT NULL, `updatedAt` DATETIME N' at line 1
2022-08-28 22:29:41 [WatchRabbit] INFO : [development] API Server Start At Port 8443
2022-08-28 22:29:42 [WatchRabbit] INFO : 데이터베이스 연결 성공
2022-08-28 22:30:15 [WatchRabbit] INFO : [development] API Server Start At Port 8443
2022-08-28 22:30:15 [WatchRabbit] INFO : 데이터베이스 연결 성공
2022-08-28 22:31:11 [WatchRabbit] ERROR : 로그인이 필요한 요청 입니다.
2022-08-28 22:31:20 [WatchRabbit] ERROR : undefined
2022-08-28 22:31:22 [WatchRabbit] ERROR : undefined
2022-08-28 22:31:22 [WatchRabbit] ERROR : undefined
2022-08-28 22:31:33 [WatchRabbit] INFO : 인증번호를 guentc1@naver.com 로 발송했습니다.
2022-08-28 22:32:05 [WatchRabbit] ERROR : [object Object]
2022-08-28 22:32:06 [WatchRabbit] ERROR : [authDao createUser 
 notNull Violation: User.email cannot be null,
notNull Violation: User.password cannot be null
2022-08-28 22:32:06 [WatchRabbit] ERROR : [authService createUser] Cannot read properties of undefined (reading 'insertId')
2022-08-28 22:33:44 [WatchRabbit] INFO : [development] API Server Start At Port 8443
2022-08-28 22:33:45 [WatchRabbit] INFO : 데이터베이스 연결 성공
2022-08-28 22:33:51 [WatchRabbit] ERROR : [object Object]
2022-08-28 22:33:51 [WatchRabbit] ERROR : [authDao createUser 
 notNull Violation: User.password cannot be null
2022-08-28 22:33:51 [WatchRabbit] ERROR : [authService createUser] Cannot read properties of undefined (reading 'insertId')
2022-08-28 22:34:20 [WatchRabbit] INFO : [development] API Server Start At Port 8443
2022-08-28 22:34:20 [WatchRabbit] INFO : 데이터베이스 연결 성공
2022-08-28 22:34:22 [WatchRabbit] ERROR : [object Object]
2022-08-28 22:34:23 [WatchRabbit] INFO : guentc1@naver.com 님이 회원가입에 실패했습니다.
2022-08-28 22:38:13 [WatchRabbit] INFO : [development] API Server Start At Port 8443
2022-08-28 22:38:13 [WatchRabbit] INFO : 데이터베이스 연결 성공
2022-08-28 22:38:17 [WatchRabbit] ERROR : [object Object]
2022-08-28 22:38:17 [WatchRabbit] ERROR : guentc1@naver.com 이메일 중복입니다.
2022-08-28 22:39:13 [WatchRabbit] ERROR : [object Object]
2022-08-28 22:39:13 [WatchRabbit] INFO : guentc1@naver.com 님이 회원가입에 실패했습니다.
2022-08-28 22:43:14 [WatchRabbit] INFO : [development] API Server Start At Port 8443
2022-08-28 22:43:14 [WatchRabbit] INFO : 데이터베이스 연결 성공
2022-08-28 22:43:42 [WatchRabbit] INFO : [development] API Server Start At Port 8443
2022-08-28 22:43:42 [WatchRabbit] INFO : 데이터베이스 연결 성공
2022-08-28 22:43:49 [WatchRabbit] ERROR : [object Object]
2022-08-28 22:43:49 [WatchRabbit] ERROR : [authService createUser] authProvider is not defined
2022-08-28 22:44:56 [WatchRabbit] INFO : [development] API Server Start At Port 8443
2022-08-28 22:44:56 [WatchRabbit] INFO : 데이터베이스 연결 성공
2022-08-28 22:45:34 [WatchRabbit] INFO : [development] API Server Start At Port 8443
2022-08-28 22:45:34 [WatchRabbit] INFO : 데이터베이스 연결 성공
2022-08-28 22:45:50 [WatchRabbit] INFO : [development] API Server Start At Port 8443
2022-08-28 22:45:50 [WatchRabbit] INFO : 데이터베이스 연결 성공
2022-08-28 22:45:57 [WatchRabbit] ERROR : [object Object]
2022-08-28 22:45:58 [WatchRabbit] ERROR : [authService createUser] authProvider is not defined
2022-08-28 22:46:22 [WatchRabbit] INFO : [development] API Server Start At Port 8443
2022-08-28 22:46:22 [WatchRabbit] INFO : 데이터베이스 연결 성공
2022-08-28 22:47:13 [WatchRabbit] INFO : [development] API Server Start At Port 8443
2022-08-28 22:47:13 [WatchRabbit] INFO : 데이터베이스 연결 성공
2022-08-28 22:47:23 [WatchRabbit] ERROR : [object Object]
2022-08-28 22:47:24 [WatchRabbit] ERROR : [authService createUser] authProvider is not defined
2022-08-28 22:51:13 [WatchRabbit] INFO : [development] API Server Start At Port 8443
2022-08-28 22:51:13 [WatchRabbit] INFO : 데이터베이스 연결 성공
2022-08-28 22:51:16 [WatchRabbit] ERROR : [object Object]
2022-08-28 22:51:17 [WatchRabbit] ERROR : guentc1@naver.com 이메일 중복입니다.
2022-08-28 22:51:54 [WatchRabbit] INFO : [development] API Server Start At Port 8443
2022-08-28 22:51:54 [WatchRabbit] INFO : 데이터베이스 연결 성공
2022-08-28 22:52:14 [WatchRabbit] INFO : [development] API Server Start At Port 8443
2022-08-28 22:52:15 [WatchRabbit] INFO : 데이터베이스 연결 성공
2022-08-28 22:52:17 [WatchRabbit] ERROR : [object Object]
2022-08-28 22:52:18 [WatchRabbit] ERROR : [authService createUser] authProvider is not defined
2022-08-28 22:52:37 [WatchRabbit] INFO : [development] API Server Start At Port 8443
2022-08-28 22:52:37 [WatchRabbit] INFO : 데이터베이스 연결 성공
2022-08-28 22:52:50 [WatchRabbit] INFO : [development] API Server Start At Port 8443
2022-08-28 22:52:51 [WatchRabbit] INFO : 데이터베이스 연결 성공
2022-08-28 22:52:55 [WatchRabbit] ERROR : [object Object]
2022-08-28 22:52:55 [WatchRabbit] INFO : guentc1@naver.com 님이 회원가입에 성공했습니다.
2022-08-28 22:58:22 [WatchRabbit] INFO : [development] API Server Start At Port 8443
2022-08-28 22:58:22 [WatchRabbit] INFO : 데이터베이스 연결 성공
2022-08-28 22:59:11 [WatchRabbit] INFO : [development] API Server Start At Port 8443
2022-08-28 22:59:11 [WatchRabbit] INFO : 데이터베이스 연결 성공
2022-08-28 22:59:25 [WatchRabbit] INFO : [development] API Server Start At Port 8443
2022-08-28 22:59:25 [WatchRabbit] INFO : 데이터베이스 연결 성공
2022-08-28 22:59:29 [WatchRabbit] INFO : [development] API Server Start At Port 8443
2022-08-28 22:59:29 [WatchRabbit] INFO : 데이터베이스 연결 성공
2022-08-28 23:00:42 [WatchRabbit] INFO : 인증번호를 guentc1@naver.com 로 발송했습니다.
2022-08-28 23:00:56 [WatchRabbit] ERROR : [object Object]
2022-08-28 23:00:57 [WatchRabbit] ERROR : [authDao createTraceItem] 
 Trace.Create is not a function
2022-08-28 23:00:57 [WatchRabbit] ERROR : [authDao createTraceItem] 
 Trace.Create is not a function
2022-08-28 23:00:57 [WatchRabbit] ERROR : [authDao createTraceItem] 
 Trace.Create is not a function
2022-08-28 23:00:57 [WatchRabbit] ERROR : [authDao createTraceItem] 
 Trace.Create is not a function
2022-08-28 23:00:57 [WatchRabbit] ERROR : [authDao createTraceItem] 
 Trace.Create is not a function
2022-08-28 23:00:57 [WatchRabbit] INFO : guentc1@naver.com 님이 회원가입에 성공했습니다.
2022-08-28 23:02:02 [WatchRabbit] INFO : [development] API Server Start At Port 8443
2022-08-28 23:02:02 [WatchRabbit] INFO : 데이터베이스 연결 성공
2022-08-28 23:03:51 [WatchRabbit] INFO : [development] API Server Start At Port 8443
2022-08-28 23:03:52 [WatchRabbit] INFO : 데이터베이스 연결 성공
2022-08-28 23:04:03 [WatchRabbit] INFO : 인증번호를 guentc1@naver.com 로 발송했습니다.
2022-08-28 23:04:14 [WatchRabbit] ERROR : [object Object]
2022-08-28 23:04:14 [WatchRabbit] ERROR : [authDao createTraceItem] 
 notNull Violation: TraceItem.status cannot be null
2022-08-28 23:04:14 [WatchRabbit] ERROR : [authDao createTraceItem] 
 notNull Violation: TraceItem.status cannot be null
2022-08-28 23:04:14 [WatchRabbit] ERROR : [authDao createTraceItem] 
 notNull Violation: TraceItem.status cannot be null
2022-08-28 23:04:14 [WatchRabbit] ERROR : [authDao createTraceItem] 
 notNull Violation: TraceItem.status cannot be null
2022-08-28 23:04:14 [WatchRabbit] ERROR : [authDao createTraceItem] 
 notNull Violation: TraceItem.status cannot be null
2022-08-28 23:04:14 [WatchRabbit] INFO : guentc1@naver.com 님이 회원가입에 성공했습니다.
2022-08-28 23:07:33 [WatchRabbit] INFO : [development] API Server Start At Port 8443
2022-08-28 23:07:33 [WatchRabbit] INFO : 데이터베이스 연결 성공
2022-08-28 23:07:55 [WatchRabbit] INFO : [development] API Server Start At Port 8443
2022-08-28 23:07:56 [WatchRabbit] INFO : 데이터베이스 연결 성공
2022-08-28 23:08:31 [WatchRabbit] INFO : 인증번호를 guentc1@naver.com 로 발송했습니다.
2022-08-28 23:08:47 [WatchRabbit] ERROR : [object Object]
2022-08-28 23:08:47 [WatchRabbit] INFO : guentc1@naver.com 님이 회원가입에 성공했습니다.
2022-08-28 23:12:20 [WatchRabbit] INFO : [development] API Server Start At Port 8443
2022-08-28 23:12:21 [WatchRabbit] INFO : 데이터베이스 연결 성공
2022-08-28 23:14:39 [WatchRabbit] INFO : [development] API Server Start At Port 8443
2022-08-28 23:14:40 [WatchRabbit] INFO : 데이터베이스 연결 성공
2022-08-28 23:14:45 [WatchRabbit] INFO : [development] API Server Start At Port 8443
2022-08-28 23:14:45 [WatchRabbit] INFO : 데이터베이스 연결 성공
2022-08-28 23:14:49 [WatchRabbit] INFO : [development] API Server Start At Port 8443
2022-08-28 23:14:49 [WatchRabbit] INFO : 데이터베이스 연결 성공
2022-08-28 23:16:11 [WatchRabbit] INFO : [development] API Server Start At Port 8443
2022-08-28 23:16:11 [WatchRabbit] INFO : 데이터베이스 연결 성공
2022-08-28 23:17:19 [WatchRabbit] INFO : [development] API Server Start At Port 8443
2022-08-28 23:17:19 [WatchRabbit] INFO : 데이터베이스 연결 성공
2022-08-28 23:17:33 [WatchRabbit] INFO : 인증번호를 guentc1@naver.com 로 발송했습니다.
2022-08-28 23:17:45 [WatchRabbit] ERROR : [object Object]
2022-08-28 23:17:46 [WatchRabbit] ERROR : [authService createUser] logger is not defined
2022-08-28 23:19:59 [WatchRabbit] INFO : [development] API Server Start At Port 8443
2022-08-28 23:19:59 [WatchRabbit] INFO : 데이터베이스 연결 성공
2022-08-28 23:20:16 [WatchRabbit] INFO : [development] API Server Start At Port 8443
2022-08-28 23:20:17 [WatchRabbit] INFO : 데이터베이스 연결 성공
2022-08-28 23:20:19 [WatchRabbit] ERROR : [object Object]
2022-08-28 23:20:20 [WatchRabbit] ERROR : [authService createUser] logger is not defined
2022-08-28 23:21:00 [WatchRabbit] INFO : [development] API Server Start At Port 8443
2022-08-28 23:21:00 [WatchRabbit] INFO : 데이터베이스 연결 성공
2022-08-28 23:22:04 [WatchRabbit] INFO : [development] API Server Start At Port 8443
2022-08-28 23:22:05 [WatchRabbit] INFO : 데이터베이스 연결 성공
2022-08-28 23:22:07 [WatchRabbit] INFO : [development] API Server Start At Port 8443
2022-08-28 23:22:07 [WatchRabbit] INFO : 데이터베이스 연결 성공
2022-08-28 23:22:14 [WatchRabbit] INFO : [development] API Server Start At Port 8443
2022-08-28 23:22:14 [WatchRabbit] INFO : 데이터베이스 연결 성공
2022-08-28 23:25:01 [WatchRabbit] INFO : [development] API Server Start At Port 8443
2022-08-28 23:25:02 [WatchRabbit] INFO : 데이터베이스 연결 성공
2022-08-28 23:25:05 [WatchRabbit] ERROR : [object Object]
2022-08-28 23:25:05 [WatchRabbit] ERROR : [commonDao emailCheck] 
 User is not defined
2022-08-28 23:25:05 [WatchRabbit] ERROR : [authService createUser] Cannot read properties of undefined (reading 'length')
2022-08-28 23:25:19 [WatchRabbit] INFO : [development] API Server Start At Port 8443
2022-08-28 23:25:19 [WatchRabbit] INFO : 데이터베이스 연결 성공
2022-08-28 23:26:00 [WatchRabbit] INFO : [development] API Server Start At Port 8443
2022-08-28 23:26:00 [WatchRabbit] INFO : 데이터베이스 연결 성공
2022-08-28 23:26:07 [WatchRabbit] INFO : [development] API Server Start At Port 8443
2022-08-28 23:26:07 [WatchRabbit] INFO : 데이터베이스 연결 성공
2022-08-28 23:26:27 [WatchRabbit] INFO : [development] API Server Start At Port 8443
2022-08-28 23:26:27 [WatchRabbit] INFO : 데이터베이스 연결 성공
2022-08-28 23:26:48 [WatchRabbit] ERROR : [object Object]
2022-08-28 23:26:49 [WatchRabbit] INFO : guentc1@naver.com 님이 회원가입에 성공했습니다.
2022-08-28 23:29:47 [WatchRabbit] INFO : [development] API Server Start At Port 8443
2022-08-28 23:29:47 [WatchRabbit] INFO : 데이터베이스 연결 성공
2022-08-28 23:30:07 [WatchRabbit] INFO : [development] API Server Start At Port 8443
2022-08-28 23:30:07 [WatchRabbit] INFO : 데이터베이스 연결 성공
2022-08-28 23:30:28 [WatchRabbit] INFO : 인증번호를 guentc1@naver.com 로 발송했습니다.
2022-08-28 23:30:36 [WatchRabbit] ERROR : [object Object]
2022-08-28 23:30:36 [WatchRabbit] INFO : guentc1@naver.com 님이 회원가입에 성공했습니다.
2022-08-28 23:41:16 [WatchRabbit] INFO : [development] API Server Start At Port 8443
2022-08-28 23:41:16 [WatchRabbit] INFO : 데이터베이스 연결 성공
2022-08-28 23:41:22 [WatchRabbit] INFO : [development] API Server Start At Port 8443
2022-08-28 23:41:22 [WatchRabbit] INFO : 데이터베이스 연결 성공
2022-08-28 23:41:50 [WatchRabbit] INFO : [development] API Server Start At Port 8443
2022-08-28 23:41:50 [WatchRabbit] INFO : 데이터베이스 연결 성공
2022-08-28 23:42:05 [WatchRabbit] INFO : [development] API Server Start At Port 8443
2022-08-28 23:42:06 [WatchRabbit] INFO : 데이터베이스 연결 성공
2022-08-28 23:43:21 [WatchRabbit] INFO : [development] API Server Start At Port 8443
2022-08-28 23:43:22 [WatchRabbit] INFO : 데이터베이스 연결 성공
2022-08-28 23:43:47 [WatchRabbit] INFO : [development] API Server Start At Port 8443
2022-08-28 23:43:48 [WatchRabbit] INFO : 데이터베이스 연결 성공
2022-08-28 23:44:01 [WatchRabbit] INFO : 인증번호를 guentc1@naver.com 로 발송했습니다.
2022-08-28 23:44:12 [WatchRabbit] ERROR : [object Object]
2022-08-28 23:44:13 [WatchRabbit] INFO : guentc1@naver.com 님이 회원가입에 성공했습니다.
2022-08-28 23:44:32 [WatchRabbit] ERROR : [passport LocalStrategy] data and hash arguments required
2022-08-28 23:45:50 [WatchRabbit] INFO : [development] API Server Start At Port 8443
2022-08-28 23:45:50 [WatchRabbit] INFO : 데이터베이스 연결 성공
2022-08-28 23:45:53 [WatchRabbit] ERROR : [passport LocalStrategy] data and hash arguments required
2022-08-28 23:46:27 [WatchRabbit] INFO : [development] API Server Start At Port 8443
2022-08-28 23:46:27 [WatchRabbit] INFO : 데이터베이스 연결 성공
2022-08-28 23:46:28 [WatchRabbit] ERROR : [passport LocalStrategy] data and hash arguments required
2022-08-28 23:48:23 [WatchRabbit] INFO : [development] API Server Start At Port 8443
2022-08-28 23:48:23 [WatchRabbit] INFO : 데이터베이스 연결 성공
2022-08-28 23:48:25 [WatchRabbit] ERROR : [passport LocalStrategy] data and hash arguments required
2022-08-28 23:48:56 [WatchRabbit] INFO : [development] API Server Start At Port 8443
2022-08-28 23:48:57 [WatchRabbit] INFO : 데이터베이스 연결 성공
2022-08-28 23:49:01 [WatchRabbit] INFO : guentc1@naver.com 님이 로그인에 성공했습니다.
2022-08-28 23:50:41 [WatchRabbit] INFO : [development] API Server Start At Port 8443
2022-08-28 23:50:41 [WatchRabbit] INFO : 데이터베이스 연결 성공
2022-08-28 23:50:49 [WatchRabbit] ERROR : 로그인 되어 있는 상태입니다.
2022-08-28 23:51:01 [WatchRabbit] ERROR : 로그인이 필요한 요청 입니다.
2022-08-28 23:51:07 [WatchRabbit] INFO : guentc1@naver.com 님이 로그인에 성공했습니다.
2022-08-28 23:51:34 [WatchRabbit] INFO : [development] API Server Start At Port 8443
2022-08-28 23:51:34 [WatchRabbit] INFO : 데이터베이스 연결 성공
2022-08-28 23:54:57 [WatchRabbit] INFO : guentc1@naver.com 님이 로그아웃 되었습니다.
2022-08-28 23:55:33 [WatchRabbit] INFO : guentc1@naver.com 님이 로그인에 성공했습니다.
2022-08-28 23:55:46 [WatchRabbit] INFO : guentc1@naver.com 님이 로그아웃 되었습니다.
2022-08-28 23:55:46 [WatchRabbit] ERROR : 로그인이 필요한 요청 입니다.
2022-08-28 23:56:01 [WatchRabbit] ERROR : [passport KakaoStrategy] authDao is not defined
2022-08-28 23:56:18 [WatchRabbit] INFO : [development] API Server Start At Port 8443
2022-08-28 23:56:18 [WatchRabbit] INFO : 데이터베이스 연결 성공
2022-08-28 23:56:19 [WatchRabbit] ERROR : authorization code not found for code=s-qDYwVWbcljrFTd3qqEIOtG6PuhoORPse3HsMdMOelpepwvqyLXtZUqgEPWsBQjV5GzUgo9dNoAAAGC5PPTSg
2022-08-28 23:56:30 [WatchRabbit] ERROR : 로그인이 필요한 요청 입니다.
2022-08-28 23:57:39 [WatchRabbit] ERROR : [passport KakaoStrategy] authDao is not defined
2022-08-28 23:58:02 [WatchRabbit] ERROR : 로그인이 필요한 요청 입니다.
