2022-07-09 00:02:56 [WatchRabbit] INFO : [development] API Server Start At Port 8443
2022-07-09 00:03:17 [WatchRabbit] INFO : [development] API Server Start At Port 8443
2022-07-09 00:04:26 [WatchRabbit] INFO : [production] API Server Start At Port 8443
2022-07-09 00:05:28 [WatchRabbit] INFO : [production] API Server Start At Port 8443
2022-07-09 00:05:34 [WatchRabbit] INFO : [production] API Server Start At Port 8443
2022-07-09 00:05:37 [WatchRabbit] INFO : [production] API Server Start At Port 8443
2022-07-09 00:05:53 [WatchRabbit] INFO : [development] API Server Start At Port 8443
2022-07-09 00:07:59 [WatchRabbit] INFO : [production] API Server Start At Port 8443
2022-07-09 00:08:20 [WatchRabbit] INFO : [development] API Server Start At Port 8443
2022-07-09 00:10:30 [WatchRabbit] INFO : [development] API Server Start At Port 8443
2022-07-09 00:12:21 [WatchRabbit] INFO : [production] API Server Start At Port 8443
2022-07-09 00:12:46 [WatchRabbit] INFO : [development] API Server Start At Port 8443
2022-07-09 00:13:50 [WatchRabbit] INFO : [production] API Server Start At Port 8443
2022-07-09 00:14:13 [WatchRabbit] INFO : [development] API Server Start At Port 8443
2022-07-09 00:15:40 [WatchRabbit] INFO : [production] API Server Start At Port 8443
2022-07-09 00:16:31 [WatchRabbit] INFO : [production] API Server Start At Port 8443
2022-07-09 00:20:14 [WatchRabbit] ERROR : undefined
2022-07-09 00:29:04 [WatchRabbit] INFO : [development] API Server Start At Port 8443
2022-07-09 00:32:03 [WatchRabbit] INFO : [development] API Server Start At Port 8443
2022-07-09 00:35:42 [WatchRabbit] INFO : [development] API Server Start At Port 8443
2022-07-09 00:39:02 [WatchRabbit] INFO : [production] API Server Start At Port 8443
2022-07-09 00:41:04 [WatchRabbit] INFO : [production] API Server Start At Port 8443
2022-07-09 00:41:33 [WatchRabbit] INFO : [development] API Server Start At Port 8443
2022-07-09 01:04:56 [WatchRabbit] INFO : [production] API Server Start At Port 8443
2022-07-09 01:05:23 [WatchRabbit] INFO : [development] API Server Start At Port 8443
2022-07-09 02:21:15 [WatchRabbit] INFO : [development] API Server Start At Port 8443
2022-07-09 02:23:36 [WatchRabbit] INFO : [development] API Server Start At Port 8443
2022-07-09 02:26:07 [WatchRabbit] INFO : [production] API Server Start At Port 8443
2022-07-09 02:26:34 [WatchRabbit] INFO : [development] API Server Start At Port 8443
2022-07-09 03:07:29 [WatchRabbit] INFO : [development] API Server Start At Port 8443
2022-07-09 03:07:56 [WatchRabbit] INFO : [development] API Server Start At Port 8443
2022-07-09 03:27:24 [WatchRabbit] INFO : [production] API Server Start At Port 8443
2022-07-09 03:27:49 [WatchRabbit] INFO : [development] API Server Start At Port 8443
2022-07-09 03:31:49 [WatchRabbit] INFO : [production] API Server Start At Port 8443
2022-07-09 03:32:21 [WatchRabbit] INFO : [development] API Server Start At Port 8443
2022-07-09 03:39:58 [WatchRabbit] INFO : [development] API Server Start At Port 8443
2022-07-09 03:40:18 [WatchRabbit] INFO : [development] API Server Start At Port 8443
2022-07-09 03:49:39 [WatchRabbit] INFO : [production] API Server Start At Port 8443
2022-07-09 03:50:06 [WatchRabbit] INFO : [development] API Server Start At Port 8443
2022-07-09 03:56:07 [WatchRabbit] INFO : [development] API Server Start At Port 8443
2022-07-09 03:56:26 [WatchRabbit] INFO : [development] API Server Start At Port 8443
2022-07-09 11:37:57 [WatchRabbit] INFO : [development] API Server Start At Port 8443
2022-07-09 14:36:36 [WatchRabbit] INFO : [development] API Server Start At Port 8443
2022-07-09 14:36:59 [WatchRabbit] INFO : [development] API Server Start At Port 8443
2022-07-09 14:43:31 [WatchRabbit] INFO : [development] API Server Start At Port 8443
2022-07-09 14:51:41 [WatchRabbit] INFO : [development] API Server Start At Port 8443
2022-07-09 14:52:17 [WatchRabbit] INFO : [development] API Server Start At Port 8443
2022-07-09 15:16:17 [WatchRabbit] INFO : [development] API Server Start At Port 8443
2022-07-09 15:17:10 [WatchRabbit] INFO : [development] API Server Start At Port 8443
2022-07-09 15:20:18 [WatchRabbit] INFO : [development] API Server Start At Port 8443
2022-07-09 15:20:45 [WatchRabbit] INFO : [development] API Server Start At Port 8443
2022-07-09 15:21:23 [WatchRabbit] INFO : 회원가입에 성공했습니다.
2022-07-09 15:45:56 [WatchRabbit] INFO : [development] API Server Start At Port 8443
2022-07-09 15:46:22 [WatchRabbit] INFO : [development] API Server Start At Port 8443
2022-07-09 15:51:36 [WatchRabbit] INFO : [development] API Server Start At Port 8443
2022-07-09 15:51:58 [WatchRabbit] INFO : [development] API Server Start At Port 8443
2022-07-09 21:40:19 [WatchRabbit] INFO : [development] API Server Start At Port 8443
2022-07-09 21:42:34 [WatchRabbit] INFO : [development] API Server Start At Port 8443
2022-07-09 21:42:59 [WatchRabbit] INFO : [development] API Server Start At Port 8443
2022-07-09 22:04:01 [WatchRabbit] INFO : [development] API Server Start At Port 8443
2022-07-09 22:04:04 [WatchRabbit] INFO : [development] API Server Start At Port 8443
2022-07-09 22:04:45 [WatchRabbit] INFO : [development] API Server Start At Port 8443
2022-07-09 22:10:02 [WatchRabbit] INFO : [development] API Server Start At Port 8443
2022-07-09 22:10:29 [WatchRabbit] INFO : [development] API Server Start At Port 8443
2022-07-09 22:25:58 [WatchRabbit] INFO : [development] API Server Start At Port 8443
2022-07-09 22:41:59 [WatchRabbit] INFO : [development] API Server Start At Port 8443
2022-07-09 22:42:20 [WatchRabbit] INFO : [development] API Server Start At Port 8443
2022-07-09 22:52:04 [WatchRabbit] INFO : 회원가입에 성공했습니다.
2022-07-09 23:08:18 [WatchRabbit] INFO : [development] API Server Start At Port 8443
2022-07-09 23:15:39 [WatchRabbit] INFO : [development] API Server Start At Port 8443
2022-07-09 23:17:55 [WatchRabbit] INFO : [development] API Server Start At Port 8443
2022-07-09 23:18:30 [WatchRabbit] INFO : [development] API Server Start At Port 8443
2022-07-09 23:19:11 [WatchRabbit] INFO : 회원가입에 성공했습니다.
2022-07-09 23:25:41 [WatchRabbit] INFO : [development] API Server Start At Port 8443
2022-07-09 23:26:15 [WatchRabbit] INFO : [development] API Server Start At Port 8443
2022-07-09 23:26:45 [WatchRabbit] ERROR : undefined
2022-07-09 23:29:44 [WatchRabbit] INFO : [development] API Server Start At Port 8443
2022-07-09 23:30:10 [WatchRabbit] INFO : [development] API Server Start At Port 8443
2022-07-09 23:30:37 [WatchRabbit] ERROR : undefined
2022-07-09 23:31:07 [WatchRabbit] INFO : [development] API Server Start At Port 8443
2022-07-09 23:32:20 [WatchRabbit] INFO : [development] API Server Start At Port 8443
2022-07-09 23:32:37 [WatchRabbit] INFO : [development] API Server Start At Port 8443
2022-07-09 23:32:41 [WatchRabbit] ERROR : undefined
2022-07-09 23:34:26 [WatchRabbit] INFO : [development] API Server Start At Port 8443
2022-07-09 23:34:29 [WatchRabbit] INFO : [development] API Server Start At Port 8443
2022-07-09 23:34:44 [WatchRabbit] INFO : [development] API Server Start At Port 8443
2022-07-09 23:34:46 [WatchRabbit] INFO : 이메일 중복입니다.
2022-07-09 23:39:44 [WatchRabbit] INFO : [development] API Server Start At Port 8443
2022-07-09 23:40:09 [WatchRabbit] INFO : [development] API Server Start At Port 8443
2022-07-09 23:40:31 [WatchRabbit] INFO : 이메일 중복입니다.
2022-07-09 23:40:38 [WatchRabbit] INFO : 이메일 중복입니다.
