2022-08-24 16:37:39 [WatchRabbit] INFO : [production] API Server Start At Port 8443
2022-08-24 17:45:43 [WatchRabbit] INFO : [production] API Server Start At Port 8443
2022-08-24 17:46:32 [WatchRabbit] INFO : [production] API Server Start At Port 8443
2022-08-24 18:00:01 [WatchRabbit] INFO : [production] API Server Start At Port 8443
2022-08-24 18:00:24 [WatchRabbit] INFO : [production] API Server Start At Port 8443
2022-08-24 18:07:38 [WatchRabbit] INFO : [production] API Server Start At Port 8443
2022-08-24 18:08:57 [WatchRabbit] INFO : [production] API Server Start At Port 8443
2022-08-24 18:13:02 [WatchRabbit] INFO : [development] API Server Start At Port 8443
2022-08-24 18:14:02 [WatchRabbit] INFO : [development] API Server Start At Port 8443
2022-08-24 18:14:27 [WatchRabbit] INFO : [development] API Server Start At Port 8443
2022-08-24 18:17:37 [WatchRabbit] ERROR : 로그인이 필요한 요청 입니다.
2022-08-24 18:18:38 [WatchRabbit] ERROR : 로그인이 필요한 요청 입니다.
2022-08-24 18:20:15 [WatchRabbit] INFO : [development] API Server Start At Port 8443
2022-08-24 18:20:19 [WatchRabbit] ERROR : 로그인이 필요한 요청 입니다.
2022-08-24 18:20:31 [WatchRabbit] INFO : [development] API Server Start At Port 8443
2022-08-24 18:20:32 [WatchRabbit] ERROR : 로그인이 필요한 요청 입니다.
2022-08-24 18:20:40 [WatchRabbit] INFO : [development] API Server Start At Port 8443
2022-08-24 18:20:41 [WatchRabbit] ERROR : 로그인이 필요한 요청 입니다.
2022-08-24 18:20:58 [WatchRabbit] INFO : [development] API Server Start At Port 8443
2022-08-24 18:21:47 [WatchRabbit] INFO : [development] API Server Start At Port 8443
2022-08-24 18:22:47 [WatchRabbit] INFO : [development] API Server Start At Port 8443
2022-08-24 18:22:54 [WatchRabbit] INFO : [development] API Server Start At Port 8443
2022-08-24 18:22:57 [WatchRabbit] ERROR : 로그인이 필요한 요청 입니다.
2022-08-24 18:23:58 [WatchRabbit] INFO : [development] API Server Start At Port 8443
2022-08-24 18:24:00 [WatchRabbit] ERROR : 로그인이 필요한 요청 입니다.
2022-08-24 18:24:28 [WatchRabbit] INFO : [development] API Server Start At Port 8443
2022-08-24 18:24:35 [WatchRabbit] INFO : [development] API Server Start At Port 8443
2022-08-24 18:24:38 [WatchRabbit] ERROR : 로그인이 필요한 요청 입니다.
2022-08-24 18:24:46 [WatchRabbit] INFO : [development] API Server Start At Port 8443
2022-08-24 18:24:52 [WatchRabbit] INFO : [development] API Server Start At Port 8443
2022-08-24 18:25:17 [WatchRabbit] INFO : [development] API Server Start At Port 8443
2022-08-24 18:25:22 [WatchRabbit] INFO : [development] API Server Start At Port 8443
2022-08-24 18:25:22 [WatchRabbit] ERROR : 로그인이 필요한 요청 입니다.
2022-08-24 18:26:27 [WatchRabbit] INFO : [development] API Server Start At Port 8443
2022-08-24 18:26:30 [WatchRabbit] ERROR : 로그인이 필요한 요청 입니다.
2022-08-24 18:28:58 [WatchRabbit] INFO : [development] API Server Start At Port 8443
2022-08-24 18:29:06 [WatchRabbit] INFO : [development] API Server Start At Port 8443
2022-08-24 18:29:24 [WatchRabbit] ERROR : 로그인이 필요한 요청 입니다.
2022-08-24 18:29:38 [WatchRabbit] ERROR : 로그인이 필요한 요청 입니다.
2022-08-24 18:32:23 [WatchRabbit] INFO : 비회원이 노트북를 검색했습니다.
2022-08-24 18:36:19 [WatchRabbit] ERROR : 로그인이 필요한 요청 입니다.
2022-08-24 18:37:18 [WatchRabbit] INFO : 비회원이 EFWERFWER를 검색했습니다.
2022-08-24 18:37:33 [WatchRabbit] INFO : 비회원이 EFWERFWERSDSD를 검색했습니다.
2022-08-24 18:38:21 [WatchRabbit] INFO : 비회원이 EFWERFWERSDSD를 검색했습니다.
2022-08-24 18:38:24 [WatchRabbit] INFO : 비회원이 EFWERFWERSDSD를 검색했습니다.
2022-08-24 18:38:42 [WatchRabbit] INFO : 비회원이 EFWERFWERSDSDDF를 검색했습니다.
2022-08-24 18:39:07 [WatchRabbit] ERROR : 로그인이 필요한 요청 입니다.
2022-08-24 18:40:25 [WatchRabbit] ERROR : 로그인이 필요한 요청 입니다.
2022-08-24 18:40:25 [WatchRabbit] ERROR : 로그인이 필요한 요청 입니다.
2022-08-24 18:40:25 [WatchRabbit] ERROR : 로그인이 필요한 요청 입니다.
2022-08-24 18:40:25 [WatchRabbit] ERROR : 로그인이 필요한 요청 입니다.
2022-08-24 18:40:25 [WatchRabbit] ERROR : 로그인이 필요한 요청 입니다.
2022-08-24 18:40:27 [WatchRabbit] ERROR : 로그인이 필요한 요청 입니다.
2022-08-24 18:40:27 [WatchRabbit] ERROR : 로그인이 필요한 요청 입니다.
2022-08-24 18:40:27 [WatchRabbit] ERROR : 로그인이 필요한 요청 입니다.
2022-08-24 18:40:27 [WatchRabbit] ERROR : 로그인이 필요한 요청 입니다.
2022-08-24 18:40:27 [WatchRabbit] ERROR : 로그인이 필요한 요청 입니다.
2022-08-24 18:40:36 [WatchRabbit] ERROR : 로그인이 필요한 요청 입니다.
2022-08-24 18:40:36 [WatchRabbit] ERROR : 로그인이 필요한 요청 입니다.
2022-08-24 18:40:36 [WatchRabbit] ERROR : 로그인이 필요한 요청 입니다.
2022-08-24 18:40:36 [WatchRabbit] ERROR : 로그인이 필요한 요청 입니다.
2022-08-24 18:40:36 [WatchRabbit] ERROR : 로그인이 필요한 요청 입니다.
2022-08-24 19:39:08 [WatchRabbit] INFO : [development] API Server Start At Port 8443
2022-08-24 19:41:09 [WatchRabbit] INFO : [development] API Server Start At Port 8443
2022-08-24 19:41:22 [WatchRabbit] ERROR : 로그인이 필요한 요청 입니다.
2022-08-24 19:50:25 [WatchRabbit] INFO : [development] API Server Start At Port 8443
2022-08-24 19:50:42 [WatchRabbit] INFO : [development] API Server Start At Port 8443
2022-08-24 19:51:26 [WatchRabbit] INFO : [development] API Server Start At Port 8443
2022-08-24 19:51:59 [WatchRabbit] INFO : [development] API Server Start At Port 8443
2022-08-24 19:52:14 [WatchRabbit] INFO : [development] API Server Start At Port 8443
2022-08-24 19:52:22 [WatchRabbit] INFO : [development] API Server Start At Port 8443
2022-08-24 19:52:36 [WatchRabbit] INFO : [development] API Server Start At Port 8443
2022-08-24 19:52:53 [WatchRabbit] INFO : [development] API Server Start At Port 8443
2022-08-24 19:53:35 [WatchRabbit] INFO : [development] API Server Start At Port 8443
2022-08-24 19:55:49 [WatchRabbit] INFO : [development] API Server Start At Port 8443
2022-08-24 19:56:28 [WatchRabbit] INFO : [development] API Server Start At Port 8443
2022-08-24 19:57:08 [WatchRabbit] INFO : [development] API Server Start At Port 8443
2022-08-24 20:00:10 [WatchRabbit] INFO : [development] API Server Start At Port 8443
2022-08-24 20:04:17 [WatchRabbit] INFO : [development] API Server Start At Port 8443
2022-08-24 20:05:32 [WatchRabbit] INFO : [development] API Server Start At Port 8443
2022-08-24 20:05:41 [WatchRabbit] INFO : [development] API Server Start At Port 8443
2022-08-24 20:06:31 [WatchRabbit] INFO : [development] API Server Start At Port 8443
2022-08-24 20:10:01 [WatchRabbit] INFO : [development] API Server Start At Port 8443
2022-08-24 20:10:11 [WatchRabbit] INFO : [development] API Server Start At Port 8443
2022-08-24 20:10:51 [WatchRabbit] INFO : [development] API Server Start At Port 8443
2022-08-24 20:11:34 [WatchRabbit] INFO : [development] API Server Start At Port 8443
2022-08-24 20:12:14 [WatchRabbit] INFO : [development] API Server Start At Port 8443
2022-08-24 20:12:39 [WatchRabbit] INFO : [development] API Server Start At Port 8443
2022-08-24 20:18:32 [WatchRabbit] INFO : [development] API Server Start At Port 8443
2022-08-24 20:21:54 [WatchRabbit] INFO : [development] API Server Start At Port 8443
2022-08-24 20:26:44 [WatchRabbit] INFO : [development] API Server Start At Port 8443
2022-08-24 20:27:27 [WatchRabbit] INFO : [development] API Server Start At Port 8443
2022-08-24 20:28:25 [WatchRabbit] ERROR : 로그인이 필요한 요청 입니다.
2022-08-24 20:28:41 [WatchRabbit] INFO : guentc1@naver.com 님이 로그인에 성공했습니다.
2022-08-24 20:32:28 [WatchRabbit] INFO : guentc1@naver.com 님이 로그아웃 되었습니다.
