2022-08-27 00:01:08 [WatchRabbit] INFO : guentc4@naver.com 님이 카카오 로그인에 성공했습니다.
2022-08-27 00:03:25 [WatchRabbit] INFO : [development] API Server Start At Port 8443
2022-08-27 00:03:25 [WatchRabbit] INFO : 데이터베이스 연결 성공
2022-08-27 00:03:51 [WatchRabbit] INFO : [development] API Server Start At Port 8443
2022-08-27 00:03:51 [WatchRabbit] INFO : 데이터베이스 연결 성공
2022-08-27 00:04:33 [WatchRabbit] INFO : [development] API Server Start At Port 8443
2022-08-27 00:04:33 [WatchRabbit] INFO : 데이터베이스 연결 성공
2022-08-27 00:04:41 [WatchRabbit] ERROR : [authProvider userDao selectUserId] Table 'Schema_Carrot.User' doesn't exist
2022-08-27 00:05:02 [WatchRabbit] ERROR : [authProvider userDao selectUserId] Table 'Schema_Carrot.User' doesn't exist
2022-08-27 00:05:30 [WatchRabbit] ERROR : [authProvider userDao selectUserId] Table 'Schema_Carrot.User' doesn't exist
2022-08-27 00:22:17 [WatchRabbit] ERROR : [authProvider userDao selectUserId] Table 'Schema_Carrot.User' doesn't exist
2022-08-27 00:22:33 [WatchRabbit] ERROR : 로그인이 필요한 요청 입니다.
2022-08-27 00:22:47 [WatchRabbit] INFO : [development] API Server Start At Port 8443
2022-08-27 00:22:48 [WatchRabbit] INFO : 데이터베이스 연결 성공
2022-08-27 00:22:52 [WatchRabbit] ERROR : 로그인이 필요한 요청 입니다.
2022-08-27 00:22:57 [WatchRabbit] INFO : guentc4@naver.com 님이 카카오 로그인에 성공했습니다.
2022-08-27 00:25:18 [WatchRabbit] INFO : [development] API Server Start At Port 8443
2022-08-27 00:25:18 [WatchRabbit] INFO : 데이터베이스 연결 성공
2022-08-27 00:25:22 [WatchRabbit] ERROR : [authProvider userDao selectUserId] Table 'Schema_Carrot.User' doesn't exist
2022-08-27 00:25:35 [WatchRabbit] ERROR : 로그인이 필요한 요청 입니다.
2022-08-27 00:25:37 [WatchRabbit] ERROR : 로그인이 필요한 요청 입니다.
2022-08-27 00:25:43 [WatchRabbit] INFO : guentc4@naver.com 님이 카카오 로그인에 성공했습니다.
2022-08-27 00:25:45 [WatchRabbit] ERROR : [authProvider userDao selectUserId] Table 'Schema_Carrot.User' doesn't exist
2022-08-27 00:26:23 [WatchRabbit] ERROR : 로그인이 필요한 요청 입니다.
2022-08-27 00:27:15 [WatchRabbit] INFO : [development] API Server Start At Port 8443
2022-08-27 00:27:15 [WatchRabbit] INFO : 데이터베이스 연결 성공
2022-08-27 00:37:10 [WatchRabbit] ERROR : 로그인이 필요한 요청 입니다.
2022-08-27 00:39:13 [WatchRabbit] ERROR : 로그인이 필요한 요청 입니다.
2022-08-27 00:42:15 [WatchRabbit] ERROR : 로그인이 필요한 요청 입니다.
2022-08-27 00:42:21 [WatchRabbit] ERROR : 로그인이 필요한 요청 입니다.
2022-08-27 00:42:21 [WatchRabbit] ERROR : 로그인이 필요한 요청 입니다.
2022-08-27 00:42:22 [WatchRabbit] ERROR : 로그인이 필요한 요청 입니다.
2022-08-27 00:42:22 [WatchRabbit] ERROR : 로그인이 필요한 요청 입니다.
2022-08-27 00:42:22 [WatchRabbit] ERROR : 로그인이 필요한 요청 입니다.
2022-08-27 10:11:02 [WatchRabbit] INFO : [development] API Server Start At Port 8443
2022-08-27 10:11:02 [WatchRabbit] INFO : 데이터베이스 연결 성공
