2022-07-17 00:36:54 [WatchRabbit] INFO : [development] API Server Start At Port 8443
2022-07-17 00:37:31 [WatchRabbit] INFO : 인증번호를 이메일로 전송했습니다.
2022-07-17 00:39:16 [WatchRabbit] INFO : [development] API Server Start At Port 8443
2022-07-17 00:41:54 [WatchRabbit] INFO : [development] API Server Start At Port 8443
2022-07-17 00:44:38 [WatchRabbit] INFO : [development] API Server Start At Port 8443
2022-07-17 00:46:17 [WatchRabbit] INFO : [development] API Server Start At Port 8443
2022-07-17 00:46:59 [WatchRabbit] INFO : [development] API Server Start At Port 8443
2022-07-17 00:47:01 [WatchRabbit] INFO : [development] API Server Start At Port 8443
2022-07-17 00:47:20 [WatchRabbit] INFO : [development] API Server Start At Port 8443
2022-07-17 00:47:29 [WatchRabbit] INFO : 인증번호를 이메일로 전송했습니다.
2022-07-17 00:47:48 [WatchRabbit] INFO : [development] API Server Start At Port 8443
2022-07-17 00:49:16 [WatchRabbit] INFO : [development] API Server Start At Port 8443
2022-07-17 01:39:02 [WatchRabbit] INFO : 로그인에 성공했습니다.
2022-07-17 01:41:23 [WatchRabbit] ERROR : 로그인 되어 있는 상태입니다.
2022-07-17 01:41:50 [WatchRabbit] ERROR : 비밀번호 불일치
2022-07-17 01:41:50 [WatchRabbit] INFO : 유저 정보가 없어 로그인에 실패했습니다.
2022-07-17 01:42:01 [WatchRabbit] ERROR : 비밀번호 불일치
2022-07-17 01:42:01 [WatchRabbit] INFO : 유저 정보가 없어 로그인에 실패했습니다.
2022-07-17 01:42:06 [WatchRabbit] ERROR : 비밀번호 불일치
2022-07-17 01:42:06 [WatchRabbit] INFO : 유저 정보가 없어 로그인에 실패했습니다.
2022-07-17 01:42:09 [WatchRabbit] INFO : 로그인에 성공했습니다.
2022-07-17 01:42:12 [WatchRabbit] ERROR : 로그인 되어 있는 상태입니다.
2022-07-17 01:42:15 [WatchRabbit] ERROR : 로그인 되어 있는 상태입니다.
2022-07-17 01:50:42 [WatchRabbit] INFO : [development] API Server Start At Port 8443
2022-07-17 01:51:12 [WatchRabbit] INFO : [development] API Server Start At Port 8443
2022-07-17 01:54:41 [WatchRabbit] INFO : 로그인에 성공했습니다.
2022-07-17 01:55:26 [WatchRabbit] INFO : 로그인에 성공했습니다.
2022-07-17 02:00:38 [WatchRabbit] ERROR : undefined
2022-07-17 02:01:11 [WatchRabbit] INFO : [development] API Server Start At Port 8443
2022-07-17 02:26:58 [WatchRabbit] ERROR : undefined
2022-07-17 02:27:39 [WatchRabbit] INFO : [development] API Server Start At Port 8443
2022-07-17 02:27:56 [WatchRabbit] INFO : 로그인에 성공했습니다.
2022-07-17 02:28:23 [WatchRabbit] INFO : 로그인에 성공했습니다.
2022-07-17 02:29:50 [WatchRabbit] INFO : 로그인에 성공했습니다.
2022-07-17 02:59:06 [WatchRabbit] INFO : [development] API Server Start At Port 8443
2022-07-17 05:50:27 [WatchRabbit] INFO : [development] API Server Start At Port 8443
2022-07-17 05:52:16 [WatchRabbit] INFO : [development] API Server Start At Port 8443
2022-07-17 05:58:51 [WatchRabbit] INFO : [development] API Server Start At Port 8443
2022-07-17 06:00:24 [WatchRabbit] INFO : [development] API Server Start At Port 8443
2022-07-17 06:03:23 [WatchRabbit] ERROR : 로그인 되어 있는 상태입니다.
2022-07-17 06:03:23 [WatchRabbit] ERROR : 로그인 되어 있는 상태입니다.
2022-07-17 06:03:25 [WatchRabbit] ERROR : 로그인 되어 있는 상태입니다.
2022-07-17 06:03:26 [WatchRabbit] ERROR : 로그인 되어 있는 상태입니다.
2022-07-17 06:03:48 [WatchRabbit] INFO : 로그인에 성공했습니다.
2022-07-17 06:03:53 [WatchRabbit] INFO : 로그아웃 되었습니다.
2022-07-17 06:03:54 [WatchRabbit] ERROR : 로그인이 필요한 요청 입니다.
2022-07-17 06:03:54 [WatchRabbit] ERROR : 로그인이 필요한 요청 입니다.
2022-07-17 06:03:54 [WatchRabbit] ERROR : 로그인이 필요한 요청 입니다.
2022-07-17 06:03:54 [WatchRabbit] ERROR : 로그인이 필요한 요청 입니다.
2022-07-17 06:03:54 [WatchRabbit] ERROR : 로그인이 필요한 요청 입니다.
2022-07-17 06:03:55 [WatchRabbit] ERROR : 로그인이 필요한 요청 입니다.
2022-07-17 06:03:55 [WatchRabbit] ERROR : 로그인이 필요한 요청 입니다.
2022-07-17 06:03:55 [WatchRabbit] ERROR : 로그인이 필요한 요청 입니다.
2022-07-17 06:03:56 [WatchRabbit] ERROR : 로그인이 필요한 요청 입니다.
2022-07-17 06:03:56 [WatchRabbit] ERROR : 로그인이 필요한 요청 입니다.
2022-07-17 06:03:56 [WatchRabbit] ERROR : 로그인이 필요한 요청 입니다.
2022-07-17 06:03:56 [WatchRabbit] ERROR : 로그인이 필요한 요청 입니다.
2022-07-17 06:03:56 [WatchRabbit] ERROR : 로그인이 필요한 요청 입니다.
2022-07-17 06:03:56 [WatchRabbit] ERROR : 로그인이 필요한 요청 입니다.
2022-07-17 06:03:57 [WatchRabbit] ERROR : 로그인이 필요한 요청 입니다.
2022-07-17 06:03:57 [WatchRabbit] ERROR : 로그인이 필요한 요청 입니다.
2022-07-17 06:03:57 [WatchRabbit] ERROR : 로그인이 필요한 요청 입니다.
2022-07-17 06:03:57 [WatchRabbit] ERROR : 로그인이 필요한 요청 입니다.
2022-07-17 06:03:57 [WatchRabbit] ERROR : 로그인이 필요한 요청 입니다.
2022-07-17 06:03:57 [WatchRabbit] ERROR : 로그인이 필요한 요청 입니다.
2022-07-17 06:03:57 [WatchRabbit] ERROR : 로그인이 필요한 요청 입니다.
2022-07-17 06:03:57 [WatchRabbit] ERROR : 로그인이 필요한 요청 입니다.
2022-07-17 06:03:58 [WatchRabbit] ERROR : 로그인이 필요한 요청 입니다.
2022-07-17 06:03:58 [WatchRabbit] ERROR : 로그인이 필요한 요청 입니다.
2022-07-17 06:03:58 [WatchRabbit] ERROR : 로그인이 필요한 요청 입니다.
2022-07-17 06:03:58 [WatchRabbit] ERROR : 로그인이 필요한 요청 입니다.
2022-07-17 06:03:59 [WatchRabbit] ERROR : 로그인이 필요한 요청 입니다.
2022-07-17 06:03:59 [WatchRabbit] ERROR : 로그인이 필요한 요청 입니다.
2022-07-17 06:03:59 [WatchRabbit] ERROR : 로그인이 필요한 요청 입니다.
2022-07-17 06:03:59 [WatchRabbit] ERROR : 로그인이 필요한 요청 입니다.
2022-07-17 06:04:00 [WatchRabbit] ERROR : 로그인이 필요한 요청 입니다.
2022-07-17 06:04:00 [WatchRabbit] ERROR : 로그인이 필요한 요청 입니다.
2022-07-17 06:04:00 [WatchRabbit] ERROR : 로그인이 필요한 요청 입니다.
2022-07-17 06:04:00 [WatchRabbit] ERROR : 로그인이 필요한 요청 입니다.
2022-07-17 06:04:00 [WatchRabbit] ERROR : 로그인이 필요한 요청 입니다.
2022-07-17 06:04:01 [WatchRabbit] ERROR : 로그인이 필요한 요청 입니다.
2022-07-17 06:04:01 [WatchRabbit] ERROR : 로그인이 필요한 요청 입니다.
2022-07-17 06:04:01 [WatchRabbit] ERROR : 로그인이 필요한 요청 입니다.
2022-07-17 06:04:01 [WatchRabbit] ERROR : 로그인이 필요한 요청 입니다.
2022-07-17 06:04:01 [WatchRabbit] ERROR : 로그인이 필요한 요청 입니다.
2022-07-17 06:04:01 [WatchRabbit] ERROR : 로그인이 필요한 요청 입니다.
2022-07-17 06:04:01 [WatchRabbit] ERROR : 로그인이 필요한 요청 입니다.
2022-07-17 06:04:01 [WatchRabbit] ERROR : 로그인이 필요한 요청 입니다.
2022-07-17 06:04:01 [WatchRabbit] ERROR : 로그인이 필요한 요청 입니다.
2022-07-17 06:04:02 [WatchRabbit] ERROR : 로그인이 필요한 요청 입니다.
2022-07-17 06:04:02 [WatchRabbit] ERROR : 로그인이 필요한 요청 입니다.
2022-07-17 06:04:02 [WatchRabbit] ERROR : 로그인이 필요한 요청 입니다.
2022-07-17 06:07:54 [WatchRabbit] INFO : 로그인에 성공했습니다.
2022-07-17 06:08:20 [WatchRabbit] INFO : 로그인에 성공했습니다.
2022-07-17 06:15:52 [WatchRabbit] INFO : [development] API Server Start At Port 8443
2022-07-17 06:17:27 [WatchRabbit] INFO : [development] API Server Start At Port 8443
2022-07-17 06:17:56 [WatchRabbit] INFO : 로그인에 성공했습니다.
2022-07-17 06:18:00 [WatchRabbit] INFO : 로그아웃 되었습니다.
2022-07-17 06:18:00 [WatchRabbit] ERROR : 로그인이 필요한 요청 입니다.
2022-07-17 06:18:00 [WatchRabbit] ERROR : 로그인이 필요한 요청 입니다.
2022-07-17 06:18:00 [WatchRabbit] ERROR : 로그인이 필요한 요청 입니다.
2022-07-17 06:18:00 [WatchRabbit] ERROR : 로그인이 필요한 요청 입니다.
2022-07-17 06:18:00 [WatchRabbit] ERROR : 로그인이 필요한 요청 입니다.
2022-07-17 06:18:00 [WatchRabbit] ERROR : 로그인이 필요한 요청 입니다.
2022-07-17 06:18:01 [WatchRabbit] ERROR : 로그인이 필요한 요청 입니다.
2022-07-17 06:18:01 [WatchRabbit] ERROR : 로그인이 필요한 요청 입니다.
2022-07-17 06:18:01 [WatchRabbit] ERROR : 로그인이 필요한 요청 입니다.
2022-07-17 06:18:01 [WatchRabbit] ERROR : 로그인이 필요한 요청 입니다.
2022-07-17 06:18:01 [WatchRabbit] ERROR : 로그인이 필요한 요청 입니다.
2022-07-17 06:18:01 [WatchRabbit] ERROR : 로그인이 필요한 요청 입니다.
2022-07-17 06:18:01 [WatchRabbit] ERROR : 로그인이 필요한 요청 입니다.
2022-07-17 06:18:01 [WatchRabbit] ERROR : 로그인이 필요한 요청 입니다.
2022-07-17 06:18:02 [WatchRabbit] ERROR : 로그인이 필요한 요청 입니다.
2022-07-17 06:18:02 [WatchRabbit] ERROR : 로그인이 필요한 요청 입니다.
2022-07-17 06:18:02 [WatchRabbit] ERROR : 로그인이 필요한 요청 입니다.
2022-07-17 06:18:03 [WatchRabbit] ERROR : 로그인이 필요한 요청 입니다.
2022-07-17 06:18:03 [WatchRabbit] ERROR : 로그인이 필요한 요청 입니다.
2022-07-17 06:18:03 [WatchRabbit] ERROR : 로그인이 필요한 요청 입니다.
2022-07-17 06:18:03 [WatchRabbit] ERROR : 로그인이 필요한 요청 입니다.
2022-07-17 06:18:03 [WatchRabbit] ERROR : 로그인이 필요한 요청 입니다.
2022-07-17 06:18:03 [WatchRabbit] ERROR : 로그인이 필요한 요청 입니다.
2022-07-17 06:18:03 [WatchRabbit] ERROR : 로그인이 필요한 요청 입니다.
2022-07-17 06:18:03 [WatchRabbit] ERROR : 로그인이 필요한 요청 입니다.
2022-07-17 06:18:04 [WatchRabbit] ERROR : 로그인이 필요한 요청 입니다.
2022-07-17 06:18:04 [WatchRabbit] ERROR : 로그인이 필요한 요청 입니다.
2022-07-17 06:18:04 [WatchRabbit] ERROR : 로그인이 필요한 요청 입니다.
2022-07-17 06:18:04 [WatchRabbit] ERROR : 로그인이 필요한 요청 입니다.
2022-07-17 06:18:14 [WatchRabbit] ERROR : 로그인이 필요한 요청 입니다.
2022-07-17 06:18:14 [WatchRabbit] ERROR : 로그인이 필요한 요청 입니다.
2022-07-17 06:18:14 [WatchRabbit] ERROR : 로그인이 필요한 요청 입니다.
2022-07-17 06:18:14 [WatchRabbit] ERROR : 로그인이 필요한 요청 입니다.
2022-07-17 06:18:14 [WatchRabbit] ERROR : 로그인이 필요한 요청 입니다.
2022-07-17 06:18:14 [WatchRabbit] ERROR : 로그인이 필요한 요청 입니다.
2022-07-17 06:18:14 [WatchRabbit] ERROR : 로그인이 필요한 요청 입니다.
2022-07-17 06:18:15 [WatchRabbit] ERROR : 로그인이 필요한 요청 입니다.
2022-07-17 06:18:15 [WatchRabbit] ERROR : 로그인이 필요한 요청 입니다.
2022-07-17 06:18:15 [WatchRabbit] ERROR : 로그인이 필요한 요청 입니다.
2022-07-17 06:18:15 [WatchRabbit] ERROR : 로그인이 필요한 요청 입니다.
2022-07-17 06:18:15 [WatchRabbit] ERROR : 로그인이 필요한 요청 입니다.
2022-07-17 06:18:15 [WatchRabbit] ERROR : 로그인이 필요한 요청 입니다.
2022-07-17 06:18:15 [WatchRabbit] ERROR : 로그인이 필요한 요청 입니다.
2022-07-17 06:18:16 [WatchRabbit] ERROR : 로그인이 필요한 요청 입니다.
2022-07-17 06:18:16 [WatchRabbit] ERROR : 로그인이 필요한 요청 입니다.
2022-07-17 06:18:16 [WatchRabbit] ERROR : 로그인이 필요한 요청 입니다.
2022-07-17 06:18:16 [WatchRabbit] ERROR : 로그인이 필요한 요청 입니다.
2022-07-17 06:18:16 [WatchRabbit] ERROR : 로그인이 필요한 요청 입니다.
2022-07-17 06:18:16 [WatchRabbit] ERROR : 로그인이 필요한 요청 입니다.
2022-07-17 06:18:16 [WatchRabbit] ERROR : 로그인이 필요한 요청 입니다.
2022-07-17 06:18:17 [WatchRabbit] ERROR : 로그인이 필요한 요청 입니다.
2022-07-17 06:18:17 [WatchRabbit] ERROR : 로그인이 필요한 요청 입니다.
2022-07-17 06:18:17 [WatchRabbit] ERROR : 로그인이 필요한 요청 입니다.
2022-07-17 06:18:17 [WatchRabbit] ERROR : 로그인이 필요한 요청 입니다.
2022-07-17 06:18:17 [WatchRabbit] ERROR : 로그인이 필요한 요청 입니다.
2022-07-17 06:18:17 [WatchRabbit] ERROR : 로그인이 필요한 요청 입니다.
2022-07-17 06:18:17 [WatchRabbit] ERROR : 로그인이 필요한 요청 입니다.
2022-07-17 06:19:03 [WatchRabbit] ERROR : Table 'Schema_Carrot.WachRabbit' doesn't exist
2022-07-17 06:19:36 [WatchRabbit] ERROR : Table 'Schema_Carrot.WachRabbit' doesn't exist
2022-07-17 06:38:33 [WatchRabbit] ERROR : Table 'Schema_Carrot.WachRabbit' doesn't exist
