2022-07-31 01:57:51 [WatchRabbit] INFO : [development] API Server Start At Port 8443
2022-07-31 02:01:41 [WatchRabbit] INFO : [development] API Server Start At Port 8443
2022-07-31 02:01:57 [WatchRabbit] INFO : [development] API Server Start At Port 8443
2022-07-31 02:09:25 [WatchRabbit] INFO : [development] API Server Start At Port 8443
2022-07-31 02:10:03 [WatchRabbit] INFO : [development] API Server Start At Port 8443
2022-07-31 02:15:35 [WatchRabbit] INFO : [development] API Server Start At Port 8443
2022-07-31 02:15:36 [WatchRabbit] INFO : [development] API Server Start At Port 8443
2022-07-31 02:16:06 [WatchRabbit] INFO : [development] API Server Start At Port 8443
2022-07-31 02:16:51 [WatchRabbit] INFO : [development] API Server Start At Port 8443
2022-07-31 02:17:08 [WatchRabbit] ERROR : 로그인이 필요한 요청 입니다.
2022-07-31 02:17:13 [WatchRabbit] INFO : jmbaek07@gmail.com 님이 구글 로그인에 성공했습니다.
2022-07-31 02:17:14 [WatchRabbit] INFO : jmbaek07@gmail.com 님이 로그아웃 되었습니다.
2022-07-31 02:17:22 [WatchRabbit] INFO : guentc4@naver.com 님이 카카오 로그인에 성공했습니다.
2022-07-31 02:17:30 [WatchRabbit] INFO : guentc4@naver.com 님이 로그아웃 되었습니다.
2022-07-31 02:17:35 [WatchRabbit] INFO : jmbaek07@gmail.com 님이 구글 로그인에 성공했습니다.
2022-07-31 02:21:20 [WatchRabbit] INFO : [traceService checkUserId] jmbaek07@gmail.com 이 존재합니다.
2022-07-31 02:21:25 [WatchRabbit] INFO : jmbaek07@gmail.com 님이 로그아웃 되었습니다.
2022-07-31 02:21:30 [WatchRabbit] ERROR : 로그인이 필요한 요청 입니다.
2022-07-31 02:21:42 [WatchRabbit] INFO : jmbaek07@gmail.com 님이 구글 로그인에 성공했습니다.
2022-07-31 02:21:45 [WatchRabbit] INFO : [traceService checkUserId] jmbaek07@gmail.com 이 존재합니다.
2022-07-31 02:22:05 [WatchRabbit] INFO : [traceService checkUserId] jmbaek07@gmail.com 이 존재합니다.
2022-07-31 02:22:05 [WatchRabbit] INFO : [traceService checkUserId] jmbaek07@gmail.com 이 존재합니다.
2022-07-31 02:22:05 [WatchRabbit] INFO : [traceService checkUserId] jmbaek07@gmail.com 이 존재합니다.
2022-07-31 02:22:05 [WatchRabbit] INFO : [traceService checkUserId] jmbaek07@gmail.com 이 존재합니다.
2022-07-31 02:25:17 [WatchRabbit] INFO : jmbaek07@gmail.com 님이 로그아웃 되었습니다.
2022-07-31 02:25:21 [WatchRabbit] ERROR : 로그인이 필요한 요청 입니다.
2022-07-31 02:25:26 [WatchRabbit] INFO : jmbaek07@gmail.com 님이 구글 로그인에 성공했습니다.
2022-07-31 02:25:29 [WatchRabbit] INFO : [traceService checkUserId] jmbaek07@gmail.com 이 존재합니다.
2022-07-31 02:25:49 [WatchRabbit] INFO : [traceService checkUserId] jmbaek07@gmail.com 이 존재합니다.
2022-07-31 02:25:49 [WatchRabbit] INFO : [traceService checkUserId] jmbaek07@gmail.com 이 존재합니다.
2022-07-31 02:25:49 [WatchRabbit] INFO : [traceService checkUserId] jmbaek07@gmail.com 이 존재합니다.
2022-07-31 02:25:49 [WatchRabbit] INFO : [traceService checkUserId] jmbaek07@gmail.com 이 존재합니다.
2022-07-31 02:26:01 [WatchRabbit] INFO : [traceService checkUserId] jmbaek07@gmail.com 이 존재합니다.
2022-07-31 02:26:52 [WatchRabbit] INFO : [development] API Server Start At Port 8443
2022-07-31 02:30:01 [WatchRabbit] INFO : [development] API Server Start At Port 8443
2022-07-31 02:30:05 [WatchRabbit] INFO : [traceService checkUserId] jmbaek07@gmail.com 이 존재합니다.
2022-07-31 02:30:25 [WatchRabbit] INFO : [traceService checkUserId] jmbaek07@gmail.com 이 존재합니다.
2022-07-31 02:30:25 [WatchRabbit] INFO : [traceService checkUserId] jmbaek07@gmail.com 이 존재합니다.
2022-07-31 02:30:25 [WatchRabbit] INFO : [traceService checkUserId] jmbaek07@gmail.com 이 존재합니다.
2022-07-31 02:30:25 [WatchRabbit] INFO : [traceService checkUserId] jmbaek07@gmail.com 이 존재합니다.
2022-07-31 02:54:39 [WatchRabbit] INFO : [development] API Server Start At Port 8443
2022-07-31 02:54:46 [WatchRabbit] INFO : [development] API Server Start At Port 8443
2022-07-31 02:54:47 [WatchRabbit] INFO : [development] API Server Start At Port 8443
2022-07-31 02:55:00 [WatchRabbit] INFO : [development] API Server Start At Port 8443
2022-07-31 02:55:01 [WatchRabbit] INFO : [development] API Server Start At Port 8443
2022-07-31 02:57:18 [WatchRabbit] INFO : [development] API Server Start At Port 8443
2022-07-31 02:57:58 [WatchRabbit] INFO : [development] API Server Start At Port 8443
2022-07-31 02:57:59 [WatchRabbit] INFO : [development] API Server Start At Port 8443
2022-07-31 03:14:51 [WatchRabbit] INFO : [development] API Server Start At Port 8443
2022-07-31 03:16:05 [WatchRabbit] INFO : [development] API Server Start At Port 8443
2022-07-31 03:26:22 [WatchRabbit] INFO : [development] API Server Start At Port 8443
2022-07-31 03:26:29 [WatchRabbit] INFO : [development] API Server Start At Port 8443
2022-07-31 03:31:53 [WatchRabbit] INFO : [traceService checkUserId] jmbaek07@gmail.com 이 존재합니다.
2022-07-31 03:31:53 [WatchRabbit] ERROR : [checkTraceItem]  traceIdx is not defined
2022-07-31 03:32:05 [WatchRabbit] INFO : jmbaek07@gmail.com 님이 로그아웃 되었습니다.
2022-07-31 03:32:07 [WatchRabbit] ERROR : 로그인이 필요한 요청 입니다.
2022-07-31 03:32:20 [WatchRabbit] ERROR : 로그인이 필요한 요청 입니다.
2022-07-31 03:32:26 [WatchRabbit] INFO : jmbaek07@gmail.com 님이 구글 로그인에 성공했습니다.
2022-07-31 03:32:28 [WatchRabbit] INFO : [traceService checkUserId] jmbaek07@gmail.com 이 존재합니다.
2022-07-31 03:32:28 [WatchRabbit] ERROR : [checkTraceItem]  traceIdx is not defined
2022-07-31 03:32:48 [WatchRabbit] INFO : [traceService checkUserId] jmbaek07@gmail.com 이 존재합니다.
2022-07-31 03:32:48 [WatchRabbit] ERROR : [checkTraceItem]  traceIdx is not defined
2022-07-31 03:32:48 [WatchRabbit] INFO : [traceService checkUserId] jmbaek07@gmail.com 이 존재합니다.
2022-07-31 03:32:48 [WatchRabbit] ERROR : [checkTraceItem]  traceIdx is not defined
2022-07-31 03:32:48 [WatchRabbit] INFO : [traceService checkUserId] jmbaek07@gmail.com 이 존재합니다.
2022-07-31 03:32:48 [WatchRabbit] ERROR : [checkTraceItem]  traceIdx is not defined
2022-07-31 03:32:48 [WatchRabbit] INFO : [traceService checkUserId] jmbaek07@gmail.com 이 존재합니다.
2022-07-31 03:32:48 [WatchRabbit] ERROR : [checkTraceItem]  traceIdx is not defined
2022-07-31 03:39:35 [WatchRabbit] INFO : [traceService checkUserId] jmbaek07@gmail.com 이 존재합니다.
2022-07-31 03:39:36 [WatchRabbit] ERROR : [checkTraceItem]  traceIdx is not defined
2022-07-31 03:41:18 [WatchRabbit] INFO : jmbaek07@gmail.com 님이 로그아웃 되었습니다.
2022-07-31 03:41:24 [WatchRabbit] INFO : jmbaek07@gmail.com 님이 구글 로그인에 성공했습니다.
2022-07-31 03:41:33 [WatchRabbit] INFO : [traceService checkUserId] jmbaek07@gmail.com 이 존재합니다.
2022-07-31 03:41:33 [WatchRabbit] ERROR : [checkTraceItem]  traceIdx is not defined
2022-07-31 03:41:53 [WatchRabbit] INFO : [traceService checkUserId] jmbaek07@gmail.com 이 존재합니다.
2022-07-31 03:41:53 [WatchRabbit] ERROR : [checkTraceItem]  traceIdx is not defined
2022-07-31 03:41:53 [WatchRabbit] INFO : [traceService checkUserId] jmbaek07@gmail.com 이 존재합니다.
2022-07-31 03:41:53 [WatchRabbit] ERROR : [checkTraceItem]  traceIdx is not defined
2022-07-31 03:41:53 [WatchRabbit] INFO : [traceService checkUserId] jmbaek07@gmail.com 이 존재합니다.
2022-07-31 03:41:53 [WatchRabbit] ERROR : [checkTraceItem]  traceIdx is not defined
2022-07-31 03:41:53 [WatchRabbit] INFO : [traceService checkUserId] jmbaek07@gmail.com 이 존재합니다.
2022-07-31 03:41:53 [WatchRabbit] ERROR : [checkTraceItem]  traceIdx is not defined
2022-07-31 03:48:04 [WatchRabbit] INFO : [development] API Server Start At Port 8443
2022-07-31 03:48:49 [WatchRabbit] INFO : [development] API Server Start At Port 8443
2022-07-31 03:49:16 [WatchRabbit] INFO : jmbaek07@gmail.com 님이 로그아웃 되었습니다.
2022-07-31 03:49:22 [WatchRabbit] ERROR : 로그인이 필요한 요청 입니다.
2022-07-31 03:49:29 [WatchRabbit] ERROR : 로그인이 필요한 요청 입니다.
2022-07-31 03:49:35 [WatchRabbit] INFO : jmbaek07@gmail.com 님이 구글 로그인에 성공했습니다.
2022-07-31 03:49:38 [WatchRabbit] INFO : [traceService checkUserId] jmbaek07@gmail.com 이 존재합니다.
2022-07-31 03:49:38 [WatchRabbit] ERROR : [checkTraceItem]  traceIdx is not defined
2022-07-31 03:49:38 [WatchRabbit] INFO : [traceService checkUserId] jmbaek07@gmail.com 이 존재합니다.
2022-07-31 03:49:38 [WatchRabbit] ERROR : [checkTraceItem]  traceIdx is not defined
2022-07-31 03:49:38 [WatchRabbit] INFO : [traceService checkUserId] jmbaek07@gmail.com 이 존재합니다.
2022-07-31 03:49:38 [WatchRabbit] ERROR : [checkTraceItem]  traceIdx is not defined
2022-07-31 03:49:38 [WatchRabbit] INFO : [traceService checkUserId] jmbaek07@gmail.com 이 존재합니다.
2022-07-31 03:49:38 [WatchRabbit] ERROR : [checkTraceItem]  traceIdx is not defined
2022-07-31 03:49:38 [WatchRabbit] INFO : [traceService checkUserId] jmbaek07@gmail.com 이 존재합니다.
2022-07-31 03:49:38 [WatchRabbit] ERROR : [checkTraceItem]  traceIdx is not defined
2022-07-31 03:50:17 [WatchRabbit] INFO : [development] API Server Start At Port 8443
2022-07-31 03:50:17 [WatchRabbit] INFO : [traceService checkUserId] jmbaek07@gmail.com 이 존재합니다.
2022-07-31 03:50:17 [WatchRabbit] ERROR : [checkTraceItem]  traceProvider.TraceItemTable is not a function
2022-07-31 03:50:17 [WatchRabbit] INFO : [traceService checkUserId] jmbaek07@gmail.com 이 존재합니다.
2022-07-31 03:50:17 [WatchRabbit] ERROR : [checkTraceItem]  traceProvider.TraceItemTable is not a function
2022-07-31 03:50:21 [WatchRabbit] INFO : [development] API Server Start At Port 8443
2022-07-31 03:50:42 [WatchRabbit] INFO : [traceService checkUserId] jmbaek07@gmail.com 이 존재합니다.
2022-07-31 03:50:42 [WatchRabbit] ERROR : [checkTraceItem]  traceProvider.TraceItemTable is not a function
2022-07-31 03:50:42 [WatchRabbit] INFO : [traceService checkUserId] jmbaek07@gmail.com 이 존재합니다.
2022-07-31 03:50:42 [WatchRabbit] ERROR : [checkTraceItem]  traceProvider.TraceItemTable is not a function
2022-07-31 03:50:42 [WatchRabbit] INFO : [traceService checkUserId] jmbaek07@gmail.com 이 존재합니다.
2022-07-31 03:50:42 [WatchRabbit] ERROR : [checkTraceItem]  traceProvider.TraceItemTable is not a function
2022-07-31 03:50:42 [WatchRabbit] INFO : [traceService checkUserId] jmbaek07@gmail.com 이 존재합니다.
2022-07-31 03:50:42 [WatchRabbit] ERROR : [checkTraceItem]  traceProvider.TraceItemTable is not a function
2022-07-31 03:50:42 [WatchRabbit] INFO : [traceService checkUserId] jmbaek07@gmail.com 이 존재합니다.
2022-07-31 03:50:42 [WatchRabbit] ERROR : [checkTraceItem]  traceProvider.TraceItemTable is not a function
2022-07-31 03:50:45 [WatchRabbit] INFO : jmbaek07@gmail.com 님이 로그아웃 되었습니다.
2022-07-31 03:50:49 [WatchRabbit] ERROR : 로그인이 필요한 요청 입니다.
2022-07-31 03:50:54 [WatchRabbit] INFO : jmbaek07@gmail.com 님이 구글 로그인에 성공했습니다.
2022-07-31 03:50:56 [WatchRabbit] INFO : [traceService checkUserId] jmbaek07@gmail.com 이 존재합니다.
2022-07-31 03:50:56 [WatchRabbit] ERROR : [checkTraceItem]  traceProvider.TraceItemTable is not a function
2022-07-31 03:50:56 [WatchRabbit] INFO : [traceService checkUserId] jmbaek07@gmail.com 이 존재합니다.
2022-07-31 03:50:56 [WatchRabbit] ERROR : [checkTraceItem]  traceProvider.TraceItemTable is not a function
2022-07-31 03:50:56 [WatchRabbit] INFO : [traceService checkUserId] jmbaek07@gmail.com 이 존재합니다.
2022-07-31 03:50:56 [WatchRabbit] ERROR : [checkTraceItem]  traceProvider.TraceItemTable is not a function
2022-07-31 03:50:56 [WatchRabbit] INFO : [traceService checkUserId] jmbaek07@gmail.com 이 존재합니다.
2022-07-31 03:50:56 [WatchRabbit] ERROR : [checkTraceItem]  traceProvider.TraceItemTable is not a function
2022-07-31 03:50:56 [WatchRabbit] INFO : [traceService checkUserId] jmbaek07@gmail.com 이 존재합니다.
2022-07-31 03:50:56 [WatchRabbit] ERROR : [checkTraceItem]  traceProvider.TraceItemTable is not a function
2022-07-31 03:51:28 [WatchRabbit] INFO : [development] API Server Start At Port 8443
2022-07-31 03:51:33 [WatchRabbit] INFO : [traceService checkUserId] jmbaek07@gmail.com 이 존재합니다.
2022-07-31 03:51:33 [WatchRabbit] ERROR : [selectTraceItemTable traceDao] traceDao.selectTraceItemTable is not a function
2022-07-31 03:51:33 [WatchRabbit] INFO : 테이블 조회가 되었습니다.
2022-07-31 03:51:33 [WatchRabbit] INFO : [traceService checkUserId] jmbaek07@gmail.com 이 존재합니다.
2022-07-31 03:51:33 [WatchRabbit] ERROR : [selectTraceItemTable traceDao] traceDao.selectTraceItemTable is not a function
2022-07-31 03:51:33 [WatchRabbit] INFO : 테이블 조회가 되었습니다.
2022-07-31 03:51:33 [WatchRabbit] INFO : [traceService checkUserId] jmbaek07@gmail.com 이 존재합니다.
2022-07-31 03:51:33 [WatchRabbit] ERROR : [selectTraceItemTable traceDao] traceDao.selectTraceItemTable is not a function
2022-07-31 03:51:33 [WatchRabbit] INFO : 테이블 조회가 되었습니다.
2022-07-31 03:51:33 [WatchRabbit] INFO : [traceService checkUserId] jmbaek07@gmail.com 이 존재합니다.
2022-07-31 03:51:33 [WatchRabbit] ERROR : [selectTraceItemTable traceDao] traceDao.selectTraceItemTable is not a function
2022-07-31 03:51:33 [WatchRabbit] INFO : 테이블 조회가 되었습니다.
2022-07-31 03:51:33 [WatchRabbit] INFO : [traceService checkUserId] jmbaek07@gmail.com 이 존재합니다.
2022-07-31 03:51:33 [WatchRabbit] ERROR : [selectTraceItemTable traceDao] traceDao.selectTraceItemTable is not a function
2022-07-31 03:51:33 [WatchRabbit] INFO : 테이블 조회가 되었습니다.
2022-07-31 03:52:23 [WatchRabbit] INFO : [development] API Server Start At Port 8443
2022-07-31 03:53:39 [WatchRabbit] INFO : [development] API Server Start At Port 8443
2022-07-31 03:53:46 [WatchRabbit] INFO : [traceService checkUserId] jmbaek07@gmail.com 이 존재합니다.
2022-07-31 03:53:46 [WatchRabbit] ERROR : [selectTraceItemTable traceDao] traceDao.selectTraceItemTable is not a function
2022-07-31 03:53:46 [WatchRabbit] INFO : 테이블 조회가 되었습니다.
2022-07-31 03:53:46 [WatchRabbit] INFO : [traceService checkUserId] jmbaek07@gmail.com 이 존재합니다.
2022-07-31 03:53:46 [WatchRabbit] ERROR : [selectTraceItemTable traceDao] traceDao.selectTraceItemTable is not a function
2022-07-31 03:53:46 [WatchRabbit] INFO : 테이블 조회가 되었습니다.
2022-07-31 03:53:46 [WatchRabbit] INFO : [traceService checkUserId] jmbaek07@gmail.com 이 존재합니다.
2022-07-31 03:53:47 [WatchRabbit] ERROR : [selectTraceItemTable traceDao] traceDao.selectTraceItemTable is not a function
2022-07-31 03:53:47 [WatchRabbit] INFO : 테이블 조회가 되었습니다.
2022-07-31 03:53:47 [WatchRabbit] INFO : [traceService checkUserId] jmbaek07@gmail.com 이 존재합니다.
2022-07-31 03:53:47 [WatchRabbit] ERROR : [selectTraceItemTable traceDao] traceDao.selectTraceItemTable is not a function
2022-07-31 03:53:47 [WatchRabbit] INFO : 테이블 조회가 되었습니다.
2022-07-31 03:53:47 [WatchRabbit] INFO : [traceService checkUserId] jmbaek07@gmail.com 이 존재합니다.
2022-07-31 03:53:47 [WatchRabbit] ERROR : [selectTraceItemTable traceDao] traceDao.selectTraceItemTable is not a function
2022-07-31 03:53:47 [WatchRabbit] INFO : 테이블 조회가 되었습니다.
2022-07-31 03:54:32 [WatchRabbit] INFO : [development] API Server Start At Port 8443
2022-07-31 03:54:53 [WatchRabbit] INFO : [development] API Server Start At Port 8443
2022-07-31 03:55:11 [WatchRabbit] INFO : [development] API Server Start At Port 8443
2022-07-31 03:55:14 [WatchRabbit] INFO : [traceService checkUserId] jmbaek07@gmail.com 이 존재합니다.
2022-07-31 03:55:14 [WatchRabbit] INFO : [traceService checkUserId] jmbaek07@gmail.com 이 존재합니다.
2022-07-31 03:55:14 [WatchRabbit] INFO : [traceService checkUserId] jmbaek07@gmail.com 이 존재합니다.
2022-07-31 03:55:14 [WatchRabbit] ERROR : [selectTraceItemTable traceDao] Table 'Schema_Carrot.Trace' doesn't exist
2022-07-31 03:55:14 [WatchRabbit] INFO : 테이블 조회가 되었습니다.
2022-07-31 03:55:14 [WatchRabbit] INFO : [traceService checkUserId] jmbaek07@gmail.com 이 존재합니다.
2022-07-31 03:55:14 [WatchRabbit] ERROR : [selectTraceItemTable traceDao] Table 'Schema_Carrot.Trace' doesn't exist
2022-07-31 03:55:14 [WatchRabbit] INFO : 테이블 조회가 되었습니다.
2022-07-31 03:55:14 [WatchRabbit] ERROR : [selectTraceItemTable traceDao] Table 'Schema_Carrot.Trace' doesn't exist
2022-07-31 03:55:14 [WatchRabbit] INFO : 테이블 조회가 되었습니다.
2022-07-31 03:55:14 [WatchRabbit] ERROR : [selectTraceItemTable traceDao] Table 'Schema_Carrot.Trace' doesn't exist
2022-07-31 03:55:14 [WatchRabbit] INFO : 테이블 조회가 되었습니다.
2022-07-31 03:55:14 [WatchRabbit] INFO : [traceService checkUserId] jmbaek07@gmail.com 이 존재합니다.
2022-07-31 03:55:14 [WatchRabbit] ERROR : [selectTraceItemTable traceDao] Table 'Schema_Carrot.Trace' doesn't exist
2022-07-31 03:55:14 [WatchRabbit] INFO : 테이블 조회가 되었습니다.
2022-07-31 03:55:35 [WatchRabbit] INFO : [development] API Server Start At Port 8443
2022-07-31 03:58:42 [WatchRabbit] INFO : [traceService checkUserId] jmbaek07@gmail.com 이 존재합니다.
2022-07-31 03:58:42 [WatchRabbit] INFO : 테이블 조회가 되었습니다.
2022-07-31 03:58:42 [WatchRabbit] INFO : [traceService checkUserId] jmbaek07@gmail.com 이 존재합니다.
2022-07-31 03:58:42 [WatchRabbit] INFO : 테이블 조회가 되었습니다.
2022-07-31 03:58:42 [WatchRabbit] INFO : [traceService checkUserId] jmbaek07@gmail.com 이 존재합니다.
2022-07-31 03:58:42 [WatchRabbit] INFO : 테이블 조회가 되었습니다.
2022-07-31 03:58:42 [WatchRabbit] INFO : [traceService checkUserId] jmbaek07@gmail.com 이 존재합니다.
2022-07-31 03:58:42 [WatchRabbit] INFO : 테이블 조회가 되었습니다.
2022-07-31 03:58:42 [WatchRabbit] INFO : [traceService checkUserId] jmbaek07@gmail.com 이 존재합니다.
2022-07-31 03:58:42 [WatchRabbit] INFO : 테이블 조회가 되었습니다.
2022-07-31 04:04:25 [WatchRabbit] INFO : [development] API Server Start At Port 8443
2022-07-31 04:05:57 [WatchRabbit] INFO : [development] API Server Start At Port 8443
2022-07-31 04:06:15 [WatchRabbit] INFO : [development] API Server Start At Port 8443
2022-07-31 04:07:37 [WatchRabbit] INFO : [traceService checkUserId] jmbaek07@gmail.com 이 존재합니다.
2022-07-31 04:07:37 [WatchRabbit] INFO : 테이블 조회가 되었습니다.
2022-07-31 04:07:37 [WatchRabbit] ERROR : [getTraceItem]  resultTraceITem is not defined
2022-07-31 04:07:37 [WatchRabbit] INFO : [traceService checkUserId] jmbaek07@gmail.com 이 존재합니다.
2022-07-31 04:07:37 [WatchRabbit] INFO : [traceService checkUserId] jmbaek07@gmail.com 이 존재합니다.
2022-07-31 04:07:37 [WatchRabbit] INFO : 테이블 조회가 되었습니다.
2022-07-31 04:07:37 [WatchRabbit] ERROR : [getTraceItem]  resultTraceITem is not defined
2022-07-31 04:07:37 [WatchRabbit] INFO : 테이블 조회가 되었습니다.
2022-07-31 04:07:37 [WatchRabbit] ERROR : [getTraceItem]  resultTraceITem is not defined
2022-07-31 04:07:37 [WatchRabbit] INFO : [traceService checkUserId] jmbaek07@gmail.com 이 존재합니다.
2022-07-31 04:07:37 [WatchRabbit] INFO : [traceService checkUserId] jmbaek07@gmail.com 이 존재합니다.
2022-07-31 04:07:37 [WatchRabbit] INFO : 테이블 조회가 되었습니다.
2022-07-31 04:07:37 [WatchRabbit] ERROR : [getTraceItem]  resultTraceITem is not defined
2022-07-31 04:07:37 [WatchRabbit] INFO : 테이블 조회가 되었습니다.
2022-07-31 04:07:37 [WatchRabbit] ERROR : [getTraceItem]  resultTraceITem is not defined
2022-07-31 04:07:45 [WatchRabbit] INFO : [traceService checkUserId] jmbaek07@gmail.com 이 존재합니다.
2022-07-31 04:07:45 [WatchRabbit] INFO : 테이블 조회가 되었습니다.
2022-07-31 04:07:45 [WatchRabbit] ERROR : [getTraceItem]  resultTraceITem is not defined
2022-07-31 04:08:40 [WatchRabbit] INFO : [development] API Server Start At Port 8443
2022-07-31 04:08:40 [WatchRabbit] INFO : [traceService checkUserId] jmbaek07@gmail.com 이 존재합니다.
2022-07-31 04:08:40 [WatchRabbit] INFO : 테이블 조회가 되었습니다.
2022-07-31 04:08:40 [WatchRabbit] INFO : [traceService checkUserId] jmbaek07@gmail.com 이 존재합니다.
2022-07-31 04:08:40 [WatchRabbit] INFO : 테이블 조회가 되었습니다.
2022-07-31 04:08:40 [WatchRabbit] INFO : [traceService checkUserId] jmbaek07@gmail.com 이 존재합니다.
2022-07-31 04:08:40 [WatchRabbit] INFO : [traceService checkUserId] jmbaek07@gmail.com 이 존재합니다.
2022-07-31 04:08:40 [WatchRabbit] INFO : 테이블 조회가 되었습니다.
2022-07-31 04:08:40 [WatchRabbit] INFO : 테이블 조회가 되었습니다.
2022-07-31 04:08:40 [WatchRabbit] INFO : jmbaek07@gmail.com 님이 로그아웃 되었습니다.
2022-07-31 04:09:58 [WatchRabbit] ERROR : 로그인이 필요한 요청 입니다.
2022-07-31 04:10:06 [WatchRabbit] INFO : jmbaek07@gmail.com 님이 구글 로그인에 성공했습니다.
2022-07-31 04:10:07 [WatchRabbit] INFO : [traceService checkUserId] jmbaek07@gmail.com 이 존재합니다.
2022-07-31 04:10:07 [WatchRabbit] INFO : 테이블 조회가 되었습니다.
2022-07-31 04:10:08 [WatchRabbit] INFO : [traceService checkUserId] jmbaek07@gmail.com 이 존재합니다.
2022-07-31 04:10:08 [WatchRabbit] INFO : 테이블 조회가 되었습니다.
2022-07-31 04:10:08 [WatchRabbit] INFO : [traceService checkUserId] jmbaek07@gmail.com 이 존재합니다.
2022-07-31 04:10:08 [WatchRabbit] INFO : [traceService checkUserId] jmbaek07@gmail.com 이 존재합니다.
2022-07-31 04:10:08 [WatchRabbit] INFO : 테이블 조회가 되었습니다.
2022-07-31 04:10:08 [WatchRabbit] INFO : 테이블 조회가 되었습니다.
2022-07-31 04:10:08 [WatchRabbit] INFO : [traceService checkUserId] jmbaek07@gmail.com 이 존재합니다.
2022-07-31 04:10:08 [WatchRabbit] INFO : 테이블 조회가 되었습니다.
2022-07-31 04:10:46 [WatchRabbit] INFO : [traceService checkUserId] jmbaek07@gmail.com 이 존재합니다.
2022-07-31 04:10:46 [WatchRabbit] INFO : 테이블 조회가 되었습니다.
2022-07-31 04:15:20 [WatchRabbit] INFO : [development] API Server Start At Port 8443
2022-07-31 04:15:23 [WatchRabbit] ERROR : 로그인이 필요한 요청 입니다.
2022-07-31 04:15:27 [WatchRabbit] INFO : jmbaek07@gmail.com 님이 구글 로그인에 성공했습니다.
2022-07-31 04:15:29 [WatchRabbit] INFO : [traceService checkUserId] jmbaek07@gmail.com 이 존재합니다.
2022-07-31 04:15:29 [WatchRabbit] INFO : 테이블 조회가 되었습니다.
2022-07-31 04:15:29 [WatchRabbit] INFO : [traceService checkUserId] jmbaek07@gmail.com 이 존재합니다.
2022-07-31 04:15:30 [WatchRabbit] INFO : 테이블 조회가 되었습니다.
2022-07-31 04:15:30 [WatchRabbit] INFO : [traceService checkUserId] jmbaek07@gmail.com 이 존재합니다.
2022-07-31 04:15:30 [WatchRabbit] INFO : 테이블 조회가 되었습니다.
2022-07-31 04:15:30 [WatchRabbit] INFO : [traceService checkUserId] jmbaek07@gmail.com 이 존재합니다.
2022-07-31 04:15:30 [WatchRabbit] INFO : [traceService checkUserId] jmbaek07@gmail.com 이 존재합니다.
2022-07-31 04:15:30 [WatchRabbit] INFO : 테이블 조회가 되었습니다.
2022-07-31 04:15:30 [WatchRabbit] INFO : 테이블 조회가 되었습니다.
2022-07-31 04:20:41 [WatchRabbit] INFO : [development] API Server Start At Port 8443
2022-07-31 04:20:48 [WatchRabbit] INFO : [traceService checkUserId] jmbaek07@gmail.com 이 존재합니다.
2022-07-31 04:20:48 [WatchRabbit] INFO : 테이블 조회가 되었습니다.
2022-07-31 04:20:49 [WatchRabbit] INFO : [traceService checkUserId] jmbaek07@gmail.com 이 존재합니다.
2022-07-31 04:20:49 [WatchRabbit] INFO : 테이블 조회가 되었습니다.
2022-07-31 04:20:49 [WatchRabbit] INFO : [traceService checkUserId] jmbaek07@gmail.com 이 존재합니다.
2022-07-31 04:20:49 [WatchRabbit] INFO : [traceService checkUserId] jmbaek07@gmail.com 이 존재합니다.
2022-07-31 04:20:49 [WatchRabbit] INFO : [traceService checkUserId] jmbaek07@gmail.com 이 존재합니다.
2022-07-31 04:20:49 [WatchRabbit] INFO : 테이블 조회가 되었습니다.
2022-07-31 04:20:49 [WatchRabbit] INFO : 테이블 조회가 되었습니다.
2022-07-31 04:20:49 [WatchRabbit] INFO : 테이블 조회가 되었습니다.
2022-07-31 04:21:13 [WatchRabbit] INFO : [development] API Server Start At Port 8443
2022-07-31 04:21:24 [WatchRabbit] INFO : [traceService checkUserId] jmbaek07@gmail.com 이 존재합니다.
2022-07-31 04:21:24 [WatchRabbit] INFO : 테이블 조회가 되었습니다.
2022-07-31 04:21:24 [WatchRabbit] INFO : [traceService checkUserId] jmbaek07@gmail.com 이 존재합니다.
2022-07-31 04:21:24 [WatchRabbit] INFO : 테이블 조회가 되었습니다.
2022-07-31 04:21:24 [WatchRabbit] INFO : [traceService checkUserId] jmbaek07@gmail.com 이 존재합니다.
2022-07-31 04:21:24 [WatchRabbit] INFO : [traceService checkUserId] jmbaek07@gmail.com 이 존재합니다.
2022-07-31 04:21:24 [WatchRabbit] INFO : 테이블 조회가 되었습니다.
2022-07-31 04:21:24 [WatchRabbit] INFO : 테이블 조회가 되었습니다.
2022-07-31 04:21:24 [WatchRabbit] INFO : [traceService checkUserId] jmbaek07@gmail.com 이 존재합니다.
2022-07-31 04:21:24 [WatchRabbit] INFO : 테이블 조회가 되었습니다.
2022-07-31 04:22:43 [WatchRabbit] INFO : jmbaek07@gmail.com 님이 로그아웃 되었습니다.
2022-07-31 04:22:48 [WatchRabbit] ERROR : 로그인이 필요한 요청 입니다.
2022-07-31 04:22:53 [WatchRabbit] INFO : jmbaek07@gmail.com 님이 구글 로그인에 성공했습니다.
2022-07-31 04:22:56 [WatchRabbit] INFO : [traceService checkUserId] jmbaek07@gmail.com 이 존재합니다.
2022-07-31 04:22:56 [WatchRabbit] INFO : 테이블 조회가 되었습니다.
2022-07-31 04:22:56 [WatchRabbit] INFO : [traceService checkUserId] jmbaek07@gmail.com 이 존재합니다.
2022-07-31 04:22:56 [WatchRabbit] INFO : 테이블 조회가 되었습니다.
2022-07-31 04:22:56 [WatchRabbit] INFO : [traceService checkUserId] jmbaek07@gmail.com 이 존재합니다.
2022-07-31 04:22:56 [WatchRabbit] INFO : [traceService checkUserId] jmbaek07@gmail.com 이 존재합니다.
2022-07-31 04:22:56 [WatchRabbit] INFO : 테이블 조회가 되었습니다.
2022-07-31 04:22:56 [WatchRabbit] INFO : 테이블 조회가 되었습니다.
2022-07-31 04:22:56 [WatchRabbit] INFO : [traceService checkUserId] jmbaek07@gmail.com 이 존재합니다.
2022-07-31 04:22:56 [WatchRabbit] INFO : 테이블 조회가 되었습니다.
2022-07-31 04:44:25 [WatchRabbit] INFO : [development] API Server Start At Port 8443
2022-07-31 04:44:26 [WatchRabbit] INFO : [development] API Server Start At Port 8443
2022-07-31 04:44:31 [WatchRabbit] INFO : [traceService checkUserId] jmbaek07@gmail.com 이 존재합니다.
2022-07-31 04:44:31 [WatchRabbit] INFO : 테이블 조회가 되었습니다.
2022-07-31 04:44:31 [WatchRabbit] INFO : [traceService checkUserId] jmbaek07@gmail.com 이 존재합니다.
2022-07-31 04:44:31 [WatchRabbit] INFO : 테이블 조회가 되었습니다.
2022-07-31 04:44:31 [WatchRabbit] INFO : [traceService checkUserId] jmbaek07@gmail.com 이 존재합니다.
2022-07-31 04:44:31 [WatchRabbit] INFO : [traceService checkUserId] jmbaek07@gmail.com 이 존재합니다.
2022-07-31 04:44:31 [WatchRabbit] INFO : 테이블 조회가 되었습니다.
2022-07-31 04:44:31 [WatchRabbit] INFO : 테이블 조회가 되었습니다.
2022-07-31 04:44:31 [WatchRabbit] INFO : [traceService checkUserId] jmbaek07@gmail.com 이 존재합니다.
2022-07-31 04:44:31 [WatchRabbit] INFO : 테이블 조회가 되었습니다.
2022-07-31 04:44:46 [WatchRabbit] INFO : jmbaek07@gmail.com 님이 로그아웃 되었습니다.
