2022-09-08 09:02:11 [WatchRabbit] INFO : [development] API Server Start At Port 8443
2022-09-08 09:02:12 [WatchRabbit] INFO : 데이터베이스 연결 성공
2022-09-08 09:02:40 [WatchRabbit] INFO : guentc1@naver.com 님이 로그아웃 되었습니다.
2022-09-08 09:06:30 [WatchRabbit] INFO : [development] API Server Start At Port 8443
2022-09-08 09:06:30 [WatchRabbit] INFO : 데이터베이스 연결 성공
2022-09-08 09:12:14 [WatchRabbit] ERROR : 로그인이 필요한 요청 입니다.
2022-09-08 09:12:36 [WatchRabbit] ERROR : 로그인이 필요한 요청 입니다.
2022-09-08 09:12:40 [WatchRabbit] ERROR : 로그인이 필요한 요청 입니다.
2022-09-08 09:12:55 [WatchRabbit] ERROR : 로그인이 필요한 요청 입니다.
2022-09-08 09:12:57 [WatchRabbit] ERROR : 로그인이 필요한 요청 입니다.
2022-09-08 09:13:56 [WatchRabbit] ERROR : 로그인이 필요한 요청 입니다.
2022-09-08 09:14:18 [WatchRabbit] ERROR : 로그인이 필요한 요청 입니다.
2022-09-08 09:14:57 [WatchRabbit] INFO : [development] API Server Start At Port 8443
2022-09-08 09:14:57 [WatchRabbit] INFO : 데이터베이스 연결 성공
2022-09-08 09:15:06 [WatchRabbit] ERROR : 로그인이 필요한 요청 입니다.
2022-09-08 09:15:32 [WatchRabbit] ERROR : 로그인이 필요한 요청 입니다.
2022-09-08 09:15:41 [WatchRabbit] INFO : guentc1@naver.com 님이 로그인에 성공했습니다.
2022-09-08 09:43:11 [WatchRabbit] ERROR : 로그인이 필요한 요청 입니다.
2022-09-08 09:43:17 [WatchRabbit] ERROR : 로그인이 필요한 요청 입니다.
2022-09-08 09:43:36 [WatchRabbit] ERROR : 로그인이 필요한 요청 입니다.
2022-09-08 09:43:45 [WatchRabbit] INFO : guentc1@naver.com 님이 로그인에 성공했습니다.
2022-09-08 09:57:02 [WatchRabbit] INFO : [development] API Server Start At Port 8443
2022-09-08 09:57:02 [WatchRabbit] INFO : 데이터베이스 연결 성공
2022-09-08 10:05:12 [WatchRabbit] INFO : [development] API Server Start At Port 8443
2022-09-08 10:05:13 [WatchRabbit] INFO : 데이터베이스 연결 성공
2022-09-08 10:26:36 [WatchRabbit] INFO : [development] API Server Start At Port 8443
2022-09-08 10:26:36 [WatchRabbit] INFO : 데이터베이스 연결 성공
2022-09-08 10:27:03 [WatchRabbit] INFO : [development] API Server Start At Port 8443
2022-09-08 10:27:04 [WatchRabbit] INFO : 데이터베이스 연결 성공
2022-09-08 10:49:46 [WatchRabbit] ERROR : 로그인이 필요한 요청 입니다.
2022-09-08 10:49:53 [WatchRabbit] INFO : guentc1@naver.com 님이 로그아웃 되었습니다.
2022-09-08 10:50:00 [WatchRabbit] INFO : guentc1@naver.com 님이 로그인에 성공했습니다.
2022-09-08 10:50:15 [WatchRabbit] ERROR : 로그인이 필요한 요청 입니다.
2022-09-08 10:50:20 [WatchRabbit] ERROR : 로그인이 필요한 요청 입니다.
2022-09-08 10:50:39 [WatchRabbit] ERROR : 로그인이 필요한 요청 입니다.
2022-09-08 10:52:35 [WatchRabbit] INFO : [development] API Server Start At Port 8443
2022-09-08 10:52:35 [WatchRabbit] INFO : 데이터베이스 연결 성공
2022-09-08 10:52:44 [WatchRabbit] INFO : [development] API Server Start At Port 8443
2022-09-08 10:52:44 [WatchRabbit] INFO : 데이터베이스 연결 성공
2022-09-08 10:52:52 [WatchRabbit] ERROR : 로그인이 필요한 요청 입니다.
2022-09-08 10:53:07 [WatchRabbit] ERROR : 로그인이 필요한 요청 입니다.
2022-09-08 10:53:40 [WatchRabbit] INFO : [development] API Server Start At Port 8443
2022-09-08 10:53:40 [WatchRabbit] INFO : 데이터베이스 연결 성공
2022-09-08 10:55:36 [WatchRabbit] INFO : [development] API Server Start At Port 8443
2022-09-08 10:55:36 [WatchRabbit] INFO : 데이터베이스 연결 성공
2022-09-08 10:55:42 [WatchRabbit] INFO : [development] API Server Start At Port 8443
2022-09-08 10:55:42 [WatchRabbit] INFO : 데이터베이스 연결 성공
2022-09-08 10:55:48 [WatchRabbit] ERROR : 로그인이 필요한 요청 입니다.
2022-09-08 10:55:58 [WatchRabbit] INFO : guentc1@naver.com 님이 로그인에 성공했습니다.
2022-09-08 10:56:08 [WatchRabbit] ERROR : 로그인이 필요한 요청 입니다.
2022-09-08 10:56:11 [WatchRabbit] ERROR : 로그인이 필요한 요청 입니다.
2022-09-08 10:58:28 [WatchRabbit] INFO : [development] API Server Start At Port 8443
2022-09-08 10:58:29 [WatchRabbit] INFO : 데이터베이스 연결 성공
2022-09-08 10:58:37 [WatchRabbit] ERROR : 로그인이 필요한 요청 입니다.
2022-09-08 10:58:46 [WatchRabbit] INFO : guentc1@naver.com 님이 로그아웃 되었습니다.
2022-09-08 10:58:57 [WatchRabbit] ERROR : 로그인이 필요한 요청 입니다.
2022-09-08 10:59:01 [WatchRabbit] ERROR : 로그인이 필요한 요청 입니다.
2022-09-08 10:59:09 [WatchRabbit] INFO : guentc1@naver.com 님이 로그인에 성공했습니다.
2022-09-08 10:59:21 [WatchRabbit] ERROR : 로그인이 필요한 요청 입니다.
2022-09-08 11:00:03 [WatchRabbit] INFO : [development] API Server Start At Port 8443
2022-09-08 11:00:04 [WatchRabbit] INFO : 데이터베이스 연결 성공
2022-09-08 11:04:05 [WatchRabbit] INFO : [development] API Server Start At Port 8443
2022-09-08 11:04:06 [WatchRabbit] INFO : 데이터베이스 연결 성공
2022-09-08 11:04:29 [WatchRabbit] INFO : [development] API Server Start At Port 8443
2022-09-08 11:04:29 [WatchRabbit] INFO : 데이터베이스 연결 성공
2022-09-08 11:04:36 [WatchRabbit] INFO : [development] API Server Start At Port 8443
2022-09-08 11:04:36 [WatchRabbit] INFO : 데이터베이스 연결 성공
2022-09-08 11:04:50 [WatchRabbit] INFO : [development] API Server Start At Port 8443
2022-09-08 11:04:50 [WatchRabbit] INFO : 데이터베이스 연결 성공
2022-09-08 11:05:16 [WatchRabbit] INFO : [development] API Server Start At Port 8443
2022-09-08 11:05:16 [WatchRabbit] INFO : 데이터베이스 연결 성공
2022-09-08 11:05:25 [WatchRabbit] INFO : [development] API Server Start At Port 8443
2022-09-08 11:05:25 [WatchRabbit] INFO : 데이터베이스 연결 성공
2022-09-08 11:05:40 [WatchRabbit] INFO : [development] API Server Start At Port 8443
2022-09-08 11:05:41 [WatchRabbit] INFO : 데이터베이스 연결 성공
2022-09-08 11:07:30 [WatchRabbit] INFO : [development] API Server Start At Port 8443
2022-09-08 11:07:30 [WatchRabbit] INFO : 데이터베이스 연결 성공
2022-09-08 11:08:39 [WatchRabbit] INFO : [development] API Server Start At Port 8443
2022-09-08 11:08:39 [WatchRabbit] INFO : 데이터베이스 연결 성공
2022-09-08 11:11:09 [WatchRabbit] INFO : [development] API Server Start At Port 8443
2022-09-08 11:11:10 [WatchRabbit] INFO : 데이터베이스 연결 성공
2022-09-08 11:11:49 [WatchRabbit] INFO : [development] API Server Start At Port 8443
2022-09-08 11:11:49 [WatchRabbit] INFO : 데이터베이스 연결 성공
2022-09-08 11:12:18 [WatchRabbit] INFO : [development] API Server Start At Port 8443
2022-09-08 11:12:18 [WatchRabbit] INFO : 데이터베이스 연결 성공
2022-09-08 11:17:20 [WatchRabbit] INFO : [development] API Server Start At Port 8443
2022-09-08 11:17:21 [WatchRabbit] INFO : 데이터베이스 연결 성공
2022-09-08 12:18:46 [WatchRabbit] ERROR : 로그인이 필요한 요청 입니다.
2022-09-08 12:20:25 [WatchRabbit] ERROR : 로그인이 필요한 요청 입니다.
2022-09-08 12:37:46 [WatchRabbit] ERROR : 로그인이 필요한 요청 입니다.
2022-09-08 12:38:03 [WatchRabbit] ERROR : 로그인이 필요한 요청 입니다.
2022-09-08 12:42:09 [WatchRabbit] INFO : guentc1@naver.com 님이 로그아웃 되었습니다.
2022-09-08 12:42:38 [WatchRabbit] ERROR : 로그인이 필요한 요청 입니다.
2022-09-08 13:15:58 [WatchRabbit] ERROR : 로그인이 필요한 요청 입니다.
2022-09-08 13:16:09 [WatchRabbit] ERROR : 로그인이 필요한 요청 입니다.
2022-09-08 13:16:13 [WatchRabbit] ERROR : 로그인이 필요한 요청 입니다.
2022-09-08 13:16:16 [WatchRabbit] ERROR : 로그인이 필요한 요청 입니다.
2022-09-08 14:59:45 [WatchRabbit] INFO : [development] API Server Start At Port 8443
2022-09-08 14:59:45 [WatchRabbit] INFO : 데이터베이스 연결 성공
2022-09-08 15:01:20 [WatchRabbit] ERROR : 로그인이 필요한 요청 입니다.
2022-09-08 15:01:30 [WatchRabbit] INFO : guentc1@naver.com 님이 로그인에 성공했습니다.
2022-09-08 15:26:38 [WatchRabbit] INFO : [development] API Server Start At Port 8443
2022-09-08 15:26:39 [WatchRabbit] INFO : 데이터베이스 연결 성공
2022-09-08 15:29:14 [WatchRabbit] INFO : [development] API Server Start At Port 8443
2022-09-08 15:29:14 [WatchRabbit] INFO : 데이터베이스 연결 성공
2022-09-08 15:29:25 [WatchRabbit] INFO : [development] API Server Start At Port 8443
2022-09-08 15:29:25 [WatchRabbit] INFO : 데이터베이스 연결 성공
2022-09-08 15:42:14 [WatchRabbit] INFO : [development] API Server Start At Port 8443
2022-09-08 15:42:14 [WatchRabbit] INFO : 데이터베이스 연결 성공
2022-09-08 15:42:22 [WatchRabbit] INFO : [development] API Server Start At Port 8443
2022-09-08 15:42:22 [WatchRabbit] INFO : 데이터베이스 연결 성공
2022-09-08 15:42:53 [WatchRabbit] INFO : [development] API Server Start At Port 8443
2022-09-08 15:42:53 [WatchRabbit] INFO : 데이터베이스 연결 성공
2022-09-08 15:48:24 [WatchRabbit] INFO : [development] API Server Start At Port 8443
2022-09-08 15:48:24 [WatchRabbit] INFO : 데이터베이스 연결 성공
2022-09-08 15:55:08 [WatchRabbit] INFO : [development] API Server Start At Port 8443
2022-09-08 15:55:08 [WatchRabbit] INFO : 데이터베이스 연결 성공
2022-09-08 16:09:07 [WatchRabbit] ERROR : 로그인이 필요한 요청 입니다.
2022-09-08 18:22:54 [WatchRabbit] INFO : [development] API Server Start At Port 8443
2022-09-08 18:22:55 [WatchRabbit] INFO : 데이터베이스 연결 성공
2022-09-08 19:01:59 [WatchRabbit] INFO : [development] API Server Start At Port 8443
2022-09-08 19:01:59 [WatchRabbit] INFO : 데이터베이스 연결 성공
2022-09-08 22:03:17 [WatchRabbit] ERROR : 로그인이 필요한 요청 입니다.
2022-09-08 22:03:21 [WatchRabbit] ERROR : 로그인이 필요한 요청 입니다.
2022-09-08 22:03:28 [WatchRabbit] INFO : guentc1@naver.com 님이 로그인에 성공했습니다.
2022-09-08 23:02:40 [WatchRabbit] INFO : [development] API Server Start At Port 8443
2022-09-08 23:02:40 [WatchRabbit] INFO : 데이터베이스 연결 성공
2022-09-08 23:03:13 [WatchRabbit] INFO : [development] API Server Start At Port 8443
2022-09-08 23:03:13 [WatchRabbit] INFO : 데이터베이스 연결 성공
2022-09-08 23:06:05 [WatchRabbit] INFO : [development] API Server Start At Port 8443
2022-09-08 23:06:06 [WatchRabbit] INFO : 데이터베이스 연결 성공
2022-09-08 23:21:36 [WatchRabbit] INFO : [development] API Server Start At Port 8443
2022-09-08 23:21:36 [WatchRabbit] INFO : 데이터베이스 연결 성공
2022-09-08 23:22:58 [WatchRabbit] INFO : [development] API Server Start At Port 8443
2022-09-08 23:22:58 [WatchRabbit] INFO : 데이터베이스 연결 성공
2022-09-08 23:23:35 [WatchRabbit] INFO : [development] API Server Start At Port 8443
2022-09-08 23:23:35 [WatchRabbit] INFO : 데이터베이스 연결 성공
2022-09-08 23:24:01 [WatchRabbit] INFO : [development] API Server Start At Port 8443
2022-09-08 23:24:02 [WatchRabbit] INFO : 데이터베이스 연결 성공
2022-09-08 23:24:53 [WatchRabbit] INFO : [development] API Server Start At Port 8443
2022-09-08 23:24:53 [WatchRabbit] INFO : 데이터베이스 연결 성공
2022-09-08 23:33:01 [WatchRabbit] INFO : [development] API Server Start At Port 8443
2022-09-08 23:33:02 [WatchRabbit] INFO : 데이터베이스 연결 성공
2022-09-08 23:37:33 [WatchRabbit] INFO : [development] API Server Start At Port 8443
2022-09-08 23:37:33 [WatchRabbit] INFO : 데이터베이스 연결 성공
2022-09-08 23:41:28 [WatchRabbit] INFO : [development] API Server Start At Port 8443
2022-09-08 23:41:28 [WatchRabbit] INFO : 데이터베이스 연결 성공
2022-09-08 23:42:22 [WatchRabbit] INFO : [development] API Server Start At Port 8443
2022-09-08 23:42:23 [WatchRabbit] INFO : 데이터베이스 연결 성공
2022-09-08 23:42:56 [WatchRabbit] INFO : [development] API Server Start At Port 8443
2022-09-08 23:42:56 [WatchRabbit] INFO : 데이터베이스 연결 성공
2022-09-08 23:42:59 [WatchRabbit] INFO : [development] API Server Start At Port 8443
2022-09-08 23:42:59 [WatchRabbit] INFO : 데이터베이스 연결 성공
2022-09-08 23:43:30 [WatchRabbit] INFO : [development] API Server Start At Port 8443
2022-09-08 23:43:30 [WatchRabbit] INFO : 데이터베이스 연결 성공
2022-09-08 23:44:34 [WatchRabbit] INFO : [development] API Server Start At Port 8443
2022-09-08 23:44:34 [WatchRabbit] INFO : 데이터베이스 연결 성공
2022-09-08 23:45:21 [WatchRabbit] INFO : [development] API Server Start At Port 8443
2022-09-08 23:45:21 [WatchRabbit] INFO : 데이터베이스 연결 성공
2022-09-08 23:45:38 [WatchRabbit] INFO : [development] API Server Start At Port 8443
2022-09-08 23:45:38 [WatchRabbit] INFO : 데이터베이스 연결 성공
2022-09-08 23:57:01 [WatchRabbit] INFO : [development] API Server Start At Port 8443
2022-09-08 23:57:01 [WatchRabbit] INFO : 데이터베이스 연결 성공
2022-09-08 23:58:39 [WatchRabbit] INFO : [development] API Server Start At Port 8443
2022-09-08 23:58:40 [WatchRabbit] INFO : 데이터베이스 연결 성공
