2022-08-25 09:04:56 [WatchRabbit] INFO : [development] API Server Start At Port 8443
2022-08-25 11:28:29 [WatchRabbit] INFO : [development] API Server Start At Port 8443
2022-08-25 11:31:06 [WatchRabbit] INFO : [development] API Server Start At Port 8443
2022-08-25 11:34:58 [WatchRabbit] ERROR : 로그인이 필요한 요청 입니다.
2022-08-25 11:35:09 [WatchRabbit] INFO : guentc1@naver.com 님이 로그인에 성공했습니다.
2022-08-25 11:35:13 [WatchRabbit] INFO : guentc1@naver.com 님이 로그아웃 되었습니다.
2022-08-25 11:35:23 [WatchRabbit] INFO : 인증번호를 guentc1@naver.com 로 발송했습니다.
2022-08-25 11:36:32 [WatchRabbit] ERROR : 로그인이 필요한 요청 입니다.
2022-08-25 11:36:32 [WatchRabbit] ERROR : 로그인이 필요한 요청 입니다.
2022-08-25 11:36:32 [WatchRabbit] ERROR : 로그인이 필요한 요청 입니다.
2022-08-25 11:36:32 [WatchRabbit] ERROR : 로그인이 필요한 요청 입니다.
2022-08-25 11:36:32 [WatchRabbit] ERROR : 로그인이 필요한 요청 입니다.
2022-08-25 11:41:28 [WatchRabbit] INFO : [development] API Server Start At Port 8443
2022-08-25 11:42:57 [WatchRabbit] INFO : [development] API Server Start At Port 8443
2022-08-25 11:43:55 [WatchRabbit] INFO : [development] API Server Start At Port 8443
2022-08-25 11:46:00 [WatchRabbit] INFO : [development] API Server Start At Port 8443
2022-08-25 11:46:03 [WatchRabbit] INFO : [development] API Server Start At Port 8443
2022-08-25 11:46:16 [WatchRabbit] INFO : [development] API Server Start At Port 8443
2022-08-25 11:48:09 [WatchRabbit] INFO : [development] API Server Start At Port 8443
2022-08-25 11:48:25 [WatchRabbit] INFO : [development] API Server Start At Port 8443
2022-08-25 11:49:22 [WatchRabbit] INFO : [development] API Server Start At Port 8443
2022-08-25 11:52:30 [WatchRabbit] INFO : [development] API Server Start At Port 8443
2022-08-25 11:52:36 [WatchRabbit] INFO : [development] API Server Start At Port 8443
2022-08-25 12:28:44 [WatchRabbit] INFO : [development] API Server Start At Port 8443
2022-08-25 12:34:01 [WatchRabbit] INFO : [development] API Server Start At Port 8443
2022-08-25 12:34:29 [WatchRabbit] INFO : [development] API Server Start At Port 8443
2022-08-25 12:36:34 [WatchRabbit] INFO : [development] API Server Start At Port 8443
2022-08-25 12:36:41 [WatchRabbit] ERROR : 로그인이 필요한 요청 입니다.
2022-08-25 12:38:17 [WatchRabbit] INFO : [development] API Server Start At Port 8443
2022-08-25 12:38:24 [WatchRabbit] INFO : [development] API Server Start At Port 8443
2022-08-25 12:51:17 [WatchRabbit] INFO : [development] API Server Start At Port 8443
2022-08-25 12:51:53 [WatchRabbit] INFO : [development] API Server Start At Port 8443
2022-08-25 12:54:23 [WatchRabbit] INFO : [development] API Server Start At Port 8443
2022-08-25 12:54:27 [WatchRabbit] ERROR : 로그인이 필요한 요청 입니다.
2022-08-25 12:55:05 [WatchRabbit] INFO : [development] API Server Start At Port 8443
2022-08-25 12:56:42 [WatchRabbit] INFO : [development] API Server Start At Port 8443
2022-08-25 12:58:51 [WatchRabbit] INFO : [development] API Server Start At Port 8443
2022-08-25 12:59:28 [WatchRabbit] INFO : [development] API Server Start At Port 8443
2022-08-25 13:03:41 [WatchRabbit] INFO : [development] API Server Start At Port 8443
2022-08-25 13:05:26 [WatchRabbit] INFO : [development] API Server Start At Port 8443
2022-08-25 13:06:56 [WatchRabbit] INFO : [development] API Server Start At Port 8443
2022-08-25 13:07:40 [WatchRabbit] INFO : [development] API Server Start At Port 8443
2022-08-25 13:07:54 [WatchRabbit] INFO : [development] API Server Start At Port 8443
2022-08-25 13:08:02 [WatchRabbit] ERROR : 로그인이 필요한 요청 입니다.
2022-08-25 13:08:16 [WatchRabbit] INFO : 인증번호를 guentc1@naver.com 로 발송했습니다.
2022-08-25 13:08:29 [WatchRabbit] INFO : [development] API Server Start At Port 8443
2022-08-25 13:09:23 [WatchRabbit] INFO : [development] API Server Start At Port 8443
2022-08-25 13:09:48 [WatchRabbit] INFO : [development] API Server Start At Port 8443
2022-08-25 13:10:36 [WatchRabbit] INFO : [development] API Server Start At Port 8443
2022-08-25 13:10:39 [WatchRabbit] ERROR : 로그인이 필요한 요청 입니다.
2022-08-25 13:11:22 [WatchRabbit] INFO : [development] API Server Start At Port 8443
2022-08-25 13:11:28 [WatchRabbit] INFO : [development] API Server Start At Port 8443
2022-08-25 13:11:35 [WatchRabbit] INFO : [development] API Server Start At Port 8443
2022-08-25 13:14:42 [WatchRabbit] INFO : [development] API Server Start At Port 8443
2022-08-25 13:15:50 [WatchRabbit] INFO : [development] API Server Start At Port 8443
2022-08-25 13:16:04 [WatchRabbit] INFO : [development] API Server Start At Port 8443
2022-08-25 13:16:09 [WatchRabbit] ERROR : 로그인이 필요한 요청 입니다.
2022-08-25 13:16:33 [WatchRabbit] ERROR : [getAuthentication] Missing credentials in config, if using AWS_CONFIG_FILE, set AWS_SDK_LOAD_CONFIG=1
2022-08-25 13:18:28 [WatchRabbit] INFO : [development] API Server Start At Port 8443
2022-08-25 13:18:31 [WatchRabbit] INFO : 인증번호를 guentc1@naver.com 로 발송했습니다.
2022-08-25 13:20:40 [WatchRabbit] INFO : [development] API Server Start At Port 8443
2022-08-25 13:21:54 [WatchRabbit] INFO : [development] API Server Start At Port 8443
2022-08-25 13:24:27 [WatchRabbit] INFO : [development] API Server Start At Port 8443
2022-08-25 13:51:39 [WatchRabbit] INFO : [development] API Server Start At Port 8443
2022-08-25 13:58:53 [WatchRabbit] INFO : [development] API Server Start At Port 8443
2022-08-25 18:19:50 [WatchRabbit] INFO : [development] API Server Start At Port 8443
