2022-09-10 12:56:49 [WatchRabbit] INFO : [development] API Server Start At Port 8443
2022-09-10 12:56:50 [WatchRabbit] INFO : 데이터베이스 연결 성공
2022-09-10 13:00:13 [WatchRabbit] ERROR : 로그인이 필요한 요청 입니다.
2022-09-10 13:23:00 [WatchRabbit] ERROR : 로그인이 필요한 요청 입니다.
2022-09-10 13:23:46 [WatchRabbit] ERROR : 로그인이 필요한 요청 입니다.
2022-09-10 13:27:02 [WatchRabbit] INFO : [development] API Server Start At Port 8443
2022-09-10 13:27:03 [WatchRabbit] INFO : 데이터베이스 연결 성공
2022-09-10 13:27:21 [WatchRabbit] ERROR : 로그인이 필요한 요청 입니다.
2022-09-10 13:35:44 [WatchRabbit] ERROR : 로그인이 필요한 요청 입니다.
2022-09-10 13:38:15 [WatchRabbit] ERROR : 로그인이 필요한 요청 입니다.
2022-09-10 13:41:42 [WatchRabbit] ERROR : 로그인이 필요한 요청 입니다.
2022-09-10 13:41:56 [WatchRabbit] ERROR : 로그인이 필요한 요청 입니다.
2022-09-10 13:42:07 [WatchRabbit] ERROR : 로그인이 필요한 요청 입니다.
2022-09-10 13:42:28 [WatchRabbit] INFO : [development] API Server Start At Port 8443
2022-09-10 13:42:28 [WatchRabbit] INFO : 데이터베이스 연결 성공
2022-09-10 13:42:47 [WatchRabbit] INFO : [development] API Server Start At Port 8443
2022-09-10 13:42:48 [WatchRabbit] INFO : 데이터베이스 연결 성공
2022-09-10 13:47:03 [WatchRabbit] INFO : [development] API Server Start At Port 8443
2022-09-10 13:47:03 [WatchRabbit] INFO : 데이터베이스 연결 성공
2022-09-10 13:48:14 [WatchRabbit] INFO : [development] API Server Start At Port 8443
2022-09-10 13:48:15 [WatchRabbit] INFO : 데이터베이스 연결 성공
2022-09-10 13:48:18 [WatchRabbit] INFO : [development] API Server Start At Port 8443
2022-09-10 13:48:18 [WatchRabbit] INFO : 데이터베이스 연결 성공
2022-09-10 13:48:21 [WatchRabbit] ERROR : 로그인이 필요한 요청 입니다.
2022-09-10 13:50:12 [WatchRabbit] ERROR : 로그인이 필요한 요청 입니다.
2022-09-10 13:50:39 [WatchRabbit] ERROR : 로그인이 필요한 요청 입니다.
2022-09-10 13:50:49 [WatchRabbit] INFO : guentc1@naver.com 님이 로그인에 성공했습니다.
2022-09-10 13:53:27 [WatchRabbit] INFO : [development] API Server Start At Port 8443
2022-09-10 13:53:27 [WatchRabbit] INFO : 데이터베이스 연결 성공
2022-09-10 13:56:17 [WatchRabbit] INFO : [development] API Server Start At Port 8443
2022-09-10 13:56:17 [WatchRabbit] INFO : 데이터베이스 연결 성공
2022-09-10 14:03:33 [WatchRabbit] INFO : [development] API Server Start At Port 8443
2022-09-10 14:03:33 [WatchRabbit] INFO : 데이터베이스 연결 성공
2022-09-10 14:04:37 [WatchRabbit] INFO : [development] API Server Start At Port 8443
2022-09-10 14:04:37 [WatchRabbit] INFO : 데이터베이스 연결 성공
2022-09-10 14:04:49 [WatchRabbit] INFO : [development] API Server Start At Port 8443
2022-09-10 14:04:49 [WatchRabbit] INFO : 데이터베이스 연결 성공
2022-09-10 14:10:15 [WatchRabbit] INFO : [development] API Server Start At Port 8443
2022-09-10 14:10:15 [WatchRabbit] INFO : 데이터베이스 연결 성공
2022-09-10 14:13:29 [WatchRabbit] INFO : [development] API Server Start At Port 8443
2022-09-10 14:13:30 [WatchRabbit] INFO : 데이터베이스 연결 성공
2022-09-10 14:14:59 [WatchRabbit] INFO : [development] API Server Start At Port 8443
2022-09-10 14:14:59 [WatchRabbit] INFO : 데이터베이스 연결 성공
2022-09-10 14:15:37 [WatchRabbit] INFO : [development] API Server Start At Port 8443
2022-09-10 14:15:37 [WatchRabbit] INFO : 데이터베이스 연결 성공
2022-09-10 14:15:48 [WatchRabbit] INFO : [development] API Server Start At Port 8443
2022-09-10 14:15:48 [WatchRabbit] INFO : 데이터베이스 연결 성공
2022-09-10 14:18:11 [WatchRabbit] INFO : [development] API Server Start At Port 8443
2022-09-10 14:18:12 [WatchRabbit] INFO : 데이터베이스 연결 성공
2022-09-10 14:21:22 [WatchRabbit] INFO : [development] API Server Start At Port 8443
2022-09-10 14:21:23 [WatchRabbit] INFO : 데이터베이스 연결 성공
2022-09-10 14:25:40 [WatchRabbit] INFO : [development] API Server Start At Port 8443
2022-09-10 14:25:41 [WatchRabbit] INFO : 데이터베이스 연결 성공
2022-09-10 14:30:17 [WatchRabbit] INFO : [development] API Server Start At Port 8443
2022-09-10 14:30:17 [WatchRabbit] INFO : 데이터베이스 연결 성공
2022-09-10 14:54:13 [WatchRabbit] INFO : [development] API Server Start At Port 8443
2022-09-10 14:54:13 [WatchRabbit] INFO : 데이터베이스 연결 성공
2022-09-10 14:59:36 [WatchRabbit] ERROR : 로그인이 필요한 요청 입니다.
2022-09-10 14:59:49 [WatchRabbit] INFO : [development] API Server Start At Port 8443
2022-09-10 14:59:50 [WatchRabbit] INFO : 데이터베이스 연결 성공
2022-09-10 15:09:06 [WatchRabbit] INFO : [development] API Server Start At Port 8443
2022-09-10 15:09:07 [WatchRabbit] INFO : 데이터베이스 연결 성공
2022-09-10 15:09:42 [WatchRabbit] INFO : [development] API Server Start At Port 8443
2022-09-10 15:09:43 [WatchRabbit] INFO : 데이터베이스 연결 성공
2022-09-10 15:13:08 [WatchRabbit] INFO : [development] API Server Start At Port 8443
2022-09-10 15:13:08 [WatchRabbit] INFO : 데이터베이스 연결 성공
2022-09-10 15:15:31 [WatchRabbit] INFO : [development] API Server Start At Port 8443
2022-09-10 15:15:31 [WatchRabbit] INFO : 데이터베이스 연결 성공
2022-09-10 15:18:05 [WatchRabbit] INFO : [development] API Server Start At Port 8443
2022-09-10 15:18:05 [WatchRabbit] INFO : 데이터베이스 연결 성공
2022-09-10 15:18:26 [WatchRabbit] INFO : [development] API Server Start At Port 8443
2022-09-10 15:18:26 [WatchRabbit] INFO : 데이터베이스 연결 성공
2022-09-10 15:18:31 [WatchRabbit] INFO : [development] API Server Start At Port 8443
2022-09-10 15:18:32 [WatchRabbit] INFO : 데이터베이스 연결 성공
2022-09-10 15:21:21 [WatchRabbit] INFO : [development] API Server Start At Port 8443
2022-09-10 15:21:21 [WatchRabbit] INFO : 데이터베이스 연결 성공
2022-09-10 15:55:33 [WatchRabbit] INFO : [development] API Server Start At Port 8443
2022-09-10 15:55:33 [WatchRabbit] INFO : 데이터베이스 연결 성공
2022-09-10 15:55:45 [WatchRabbit] INFO : [development] API Server Start At Port 8443
2022-09-10 15:55:45 [WatchRabbit] INFO : 데이터베이스 연결 성공
2022-09-10 15:55:48 [WatchRabbit] INFO : [development] API Server Start At Port 8443
2022-09-10 15:55:48 [WatchRabbit] INFO : 데이터베이스 연결 성공
2022-09-10 15:57:26 [WatchRabbit] INFO : [development] API Server Start At Port 8443
2022-09-10 15:57:27 [WatchRabbit] INFO : 데이터베이스 연결 성공
2022-09-10 15:57:30 [WatchRabbit] ERROR : [community Service postCommentItem] 
 info is not defined
2022-09-10 15:57:55 [WatchRabbit] INFO : [development] API Server Start At Port 8443
2022-09-10 15:57:55 [WatchRabbit] ERROR : [community Service postCommentItem] 
 info is not defined
2022-09-10 15:57:55 [WatchRabbit] ERROR : [community Service postCommentItem] 
 info is not defined
2022-09-10 15:57:55 [WatchRabbit] INFO : 데이터베이스 연결 성공
2022-09-10 15:58:02 [WatchRabbit] ERROR : [community Service postCommentItem] 
 info is not defined
2022-09-10 15:58:36 [WatchRabbit] INFO : [development] API Server Start At Port 8443
2022-09-10 15:58:36 [WatchRabbit] ERROR : [community Service postCommentItem] 
 Cannot read properties of undefined (reading 'idx')
2022-09-10 15:58:36 [WatchRabbit] INFO : 데이터베이스 연결 성공
2022-09-10 15:59:25 [WatchRabbit] INFO : [development] API Server Start At Port 8443
2022-09-10 15:59:26 [WatchRabbit] INFO : 데이터베이스 연결 성공
2022-09-10 16:00:02 [WatchRabbit] INFO : [development] API Server Start At Port 8443
2022-09-10 16:00:02 [WatchRabbit] INFO : 데이터베이스 연결 성공
2022-09-10 16:01:13 [WatchRabbit] INFO : [development] API Server Start At Port 8443
2022-09-10 16:01:13 [WatchRabbit] INFO : 데이터베이스 연결 성공
2022-09-10 16:01:44 [WatchRabbit] INFO : [development] API Server Start At Port 8443
2022-09-10 16:01:45 [WatchRabbit] INFO : 데이터베이스 연결 성공
2022-09-10 16:01:48 [WatchRabbit] INFO : [development] API Server Start At Port 8443
2022-09-10 16:01:48 [WatchRabbit] INFO : 데이터베이스 연결 성공
2022-09-10 16:02:20 [WatchRabbit] INFO : [development] API Server Start At Port 8443
2022-09-10 16:02:21 [WatchRabbit] INFO : 데이터베이스 연결 성공
2022-09-10 16:02:27 [WatchRabbit] ERROR : [community Service postCommentItem] 
 error is not defined
2022-09-10 16:04:26 [WatchRabbit] INFO : [development] API Server Start At Port 8443
2022-09-10 16:04:26 [WatchRabbit] INFO : 데이터베이스 연결 성공
2022-09-10 16:04:46 [WatchRabbit] INFO : [development] API Server Start At Port 8443
2022-09-10 16:04:46 [WatchRabbit] INFO : 데이터베이스 연결 성공
2022-09-10 16:04:51 [WatchRabbit] INFO : [development] API Server Start At Port 8443
2022-09-10 16:04:51 [WatchRabbit] INFO : 데이터베이스 연결 성공
2022-09-10 16:07:14 [WatchRabbit] INFO : [development] API Server Start At Port 8443
2022-09-10 16:07:14 [WatchRabbit] INFO : 데이터베이스 연결 성공
2022-09-10 16:11:56 [WatchRabbit] INFO : [development] API Server Start At Port 8443
2022-09-10 16:11:56 [WatchRabbit] INFO : 데이터베이스 연결 성공
2022-09-10 16:13:09 [WatchRabbit] INFO : [development] API Server Start At Port 8443
2022-09-10 16:13:10 [WatchRabbit] INFO : 데이터베이스 연결 성공
2022-09-10 16:14:10 [WatchRabbit] INFO : [development] API Server Start At Port 8443
2022-09-10 16:14:10 [WatchRabbit] INFO : 데이터베이스 연결 성공
2022-09-10 16:14:39 [WatchRabbit] INFO : [development] API Server Start At Port 8443
2022-09-10 16:14:39 [WatchRabbit] INFO : 데이터베이스 연결 성공
2022-09-10 16:51:43 [WatchRabbit] INFO : guentc1@naver.com 님이 로그아웃 되었습니다.
2022-09-10 16:52:00 [WatchRabbit] INFO : 인증번호를 jmbaek07@gmail.copm 로 발송했습니다.
2022-09-10 16:52:41 [WatchRabbit] INFO : 인증번호를 guentc1@naver.com 로 발송했습니다.
2022-09-10 16:53:06 [WatchRabbit] INFO : 인증번호를 jmbaek07@gmail.com 로 발송했습니다.
2022-09-10 16:53:37 [WatchRabbit] ERROR : [object Object]
2022-09-10 16:53:38 [WatchRabbit] INFO : jmbaek07@gmail.com 님이 회원가입에 성공했습니다.
2022-09-10 16:53:38 [WatchRabbit] ERROR : [authService createUser] userIdx is not defined
2022-09-10 16:53:49 [WatchRabbit] ERROR : [object Object]
2022-09-10 16:53:50 [WatchRabbit] ERROR : jmbaek07@gmail.com 이메일 중복입니다.
2022-09-10 16:54:09 [WatchRabbit] ERROR : PASSPORT 유저 아이디 불일치
2022-09-10 16:54:09 [WatchRabbit] ERROR : 유저 정보가 없어 로그인에 실패했습니다.
2022-09-10 16:54:19 [WatchRabbit] INFO : jmbaek07@gmail.com 님이 로그인에 성공했습니다.
2022-09-10 17:33:17 [WatchRabbit] INFO : [development] API Server Start At Port 8443
2022-09-10 17:33:17 [WatchRabbit] INFO : 데이터베이스 연결 성공
2022-09-10 17:33:57 [WatchRabbit] INFO : [development] API Server Start At Port 8443
2022-09-10 17:33:57 [WatchRabbit] INFO : 데이터베이스 연결 성공
2022-09-10 17:41:37 [WatchRabbit] INFO : [development] API Server Start At Port 8443
2022-09-10 17:41:37 [WatchRabbit] INFO : 데이터베이스 연결 성공
