2022-09-09 00:04:50 [WatchRabbit] INFO : [development] API Server Start At Port 8443
2022-09-09 00:04:51 [WatchRabbit] INFO : 데이터베이스 연결 성공
2022-09-09 00:05:33 [WatchRabbit] INFO : [development] API Server Start At Port 8443
2022-09-09 00:05:33 [WatchRabbit] INFO : 데이터베이스 연결 성공
2022-09-09 00:05:49 [WatchRabbit] INFO : [development] API Server Start At Port 8443
2022-09-09 00:05:50 [WatchRabbit] INFO : 데이터베이스 연결 성공
2022-09-09 00:07:35 [WatchRabbit] INFO : [development] API Server Start At Port 8443
2022-09-09 00:07:35 [WatchRabbit] INFO : 데이터베이스 연결 성공
2022-09-09 00:12:26 [WatchRabbit] INFO : [development] API Server Start At Port 8443
2022-09-09 00:12:27 [WatchRabbit] INFO : 데이터베이스 연결 성공
2022-09-09 00:12:40 [WatchRabbit] INFO : [development] API Server Start At Port 8443
2022-09-09 00:12:40 [WatchRabbit] INFO : 데이터베이스 연결 성공
2022-09-09 00:12:55 [WatchRabbit] INFO : [development] API Server Start At Port 8443
2022-09-09 00:12:55 [WatchRabbit] INFO : 데이터베이스 연결 성공
2022-09-09 00:13:21 [WatchRabbit] INFO : [development] API Server Start At Port 8443
2022-09-09 00:13:21 [WatchRabbit] INFO : 데이터베이스 연결 성공
2022-09-09 00:21:40 [WatchRabbit] INFO : [development] API Server Start At Port 8443
2022-09-09 00:21:40 [WatchRabbit] INFO : 데이터베이스 연결 성공
2022-09-09 00:28:39 [WatchRabbit] INFO : [development] API Server Start At Port 8443
2022-09-09 00:28:39 [WatchRabbit] INFO : 데이터베이스 연결 성공
2022-09-09 00:29:11 [WatchRabbit] INFO : [development] API Server Start At Port 8443
2022-09-09 00:29:11 [WatchRabbit] INFO : 데이터베이스 연결 성공
2022-09-09 13:16:40 [WatchRabbit] INFO : [development] API Server Start At Port 8443
2022-09-09 13:16:41 [WatchRabbit] INFO : 데이터베이스 연결 성공
2022-09-09 13:18:05 [WatchRabbit] INFO : [development] API Server Start At Port 8443
2022-09-09 13:18:05 [WatchRabbit] INFO : 데이터베이스 연결 성공
2022-09-09 13:18:18 [WatchRabbit] INFO : [development] API Server Start At Port 8443
2022-09-09 13:18:21 [WatchRabbit] INFO : [development] API Server Start At Port 8443
2022-09-09 13:18:21 [WatchRabbit] INFO : 데이터베이스 연결 성공
2022-09-09 13:18:35 [WatchRabbit] INFO : [development] API Server Start At Port 8443
2022-09-09 13:18:35 [WatchRabbit] INFO : 데이터베이스 연결 성공
2022-09-09 13:19:33 [WatchRabbit] INFO : guentc1@naver.com 님이 로그아웃 되었습니다.
2022-09-09 13:19:39 [WatchRabbit] INFO : guentc1@naver.com 님이 로그인에 성공했습니다.
2022-09-09 13:21:33 [WatchRabbit] INFO : [development] API Server Start At Port 8443
2022-09-09 13:21:33 [WatchRabbit] INFO : 데이터베이스 연결 성공
2022-09-09 13:22:15 [WatchRabbit] INFO : [development] API Server Start At Port 8443
2022-09-09 13:22:15 [WatchRabbit] INFO : 데이터베이스 연결 성공
2022-09-09 13:22:35 [WatchRabbit] INFO : [development] API Server Start At Port 8443
2022-09-09 13:22:35 [WatchRabbit] INFO : 데이터베이스 연결 성공
2022-09-09 13:22:38 [WatchRabbit] INFO : [development] API Server Start At Port 8443
2022-09-09 13:22:39 [WatchRabbit] INFO : 데이터베이스 연결 성공
2022-09-09 13:23:03 [WatchRabbit] INFO : [development] API Server Start At Port 8443
2022-09-09 13:23:03 [WatchRabbit] INFO : 데이터베이스 연결 성공
2022-09-09 13:23:09 [WatchRabbit] INFO : [development] API Server Start At Port 8443
2022-09-09 13:23:09 [WatchRabbit] INFO : 데이터베이스 연결 성공
2022-09-09 13:25:54 [WatchRabbit] INFO : [development] API Server Start At Port 8443
2022-09-09 13:25:54 [WatchRabbit] INFO : 데이터베이스 연결 성공
2022-09-09 13:28:25 [WatchRabbit] INFO : [development] API Server Start At Port 8443
2022-09-09 13:28:25 [WatchRabbit] INFO : 데이터베이스 연결 성공
2022-09-09 13:30:38 [WatchRabbit] INFO : [development] API Server Start At Port 8443
2022-09-09 13:30:38 [WatchRabbit] INFO : 데이터베이스 연결 성공
2022-09-09 13:31:01 [WatchRabbit] INFO : [development] API Server Start At Port 8443
2022-09-09 13:31:01 [WatchRabbit] INFO : 데이터베이스 연결 성공
2022-09-09 13:31:12 [WatchRabbit] INFO : [development] API Server Start At Port 8443
2022-09-09 13:31:12 [WatchRabbit] INFO : 데이터베이스 연결 성공
2022-09-09 13:31:15 [WatchRabbit] INFO : [development] API Server Start At Port 8443
2022-09-09 13:31:16 [WatchRabbit] INFO : 데이터베이스 연결 성공
2022-09-09 13:33:13 [WatchRabbit] INFO : [development] API Server Start At Port 8443
2022-09-09 13:33:14 [WatchRabbit] INFO : 데이터베이스 연결 성공
2022-09-09 13:41:47 [WatchRabbit] INFO : [development] API Server Start At Port 8443
2022-09-09 13:41:47 [WatchRabbit] INFO : 데이터베이스 연결 성공
2022-09-09 13:41:57 [WatchRabbit] INFO : [development] API Server Start At Port 8443
2022-09-09 13:41:58 [WatchRabbit] INFO : 데이터베이스 연결 성공
2022-09-09 13:41:59 [WatchRabbit] ERROR : [commonDao userIdxCheck] 
 Cannot read properties of undefined (reading 'email')
2022-09-09 13:42:21 [WatchRabbit] INFO : [development] API Server Start At Port 8443
2022-09-09 13:42:21 [WatchRabbit] INFO : 데이터베이스 연결 성공
2022-09-09 13:42:45 [WatchRabbit] INFO : [development] API Server Start At Port 8443
2022-09-09 13:42:45 [WatchRabbit] INFO : 데이터베이스 연결 성공
2022-09-09 13:42:48 [WatchRabbit] INFO : [development] API Server Start At Port 8443
2022-09-09 13:42:48 [WatchRabbit] INFO : 데이터베이스 연결 성공
2022-09-09 13:42:48 [WatchRabbit] ERROR : [commonDao userIdxCheck] 
 Cannot read properties of undefined (reading 'email')
2022-09-09 13:43:11 [WatchRabbit] INFO : [development] API Server Start At Port 8443
2022-09-09 13:43:11 [WatchRabbit] INFO : 데이터베이스 연결 성공
2022-09-09 13:43:12 [WatchRabbit] ERROR : [commonDao userIdxCheck] 
 Cannot read properties of undefined (reading 'email')
2022-09-09 13:43:48 [WatchRabbit] INFO : [development] API Server Start At Port 8443
2022-09-09 13:43:49 [WatchRabbit] INFO : 데이터베이스 연결 성공
2022-09-09 13:43:50 [WatchRabbit] ERROR : [commonDao userIdxCheck] 
 Cannot read properties of undefined (reading 'email')
2022-09-09 13:44:13 [WatchRabbit] INFO : [development] API Server Start At Port 8443
2022-09-09 13:44:13 [WatchRabbit] INFO : 데이터베이스 연결 성공
2022-09-09 13:45:12 [WatchRabbit] ERROR : [commonDao userIdxCheck] 
 Cannot read properties of undefined (reading 'email')
2022-09-09 13:45:13 [WatchRabbit] ERROR : [commonDao userIdxCheck] 
 Cannot read properties of undefined (reading 'email')
2022-09-09 13:46:08 [WatchRabbit] INFO : [development] API Server Start At Port 8443
2022-09-09 13:46:08 [WatchRabbit] INFO : 데이터베이스 연결 성공
2022-09-09 13:46:32 [WatchRabbit] INFO : [development] API Server Start At Port 8443
2022-09-09 13:46:32 [WatchRabbit] ERROR : [commonDao userIdxCheck] 
 Cannot read properties of undefined (reading 'email')
2022-09-09 13:46:32 [WatchRabbit] INFO : 데이터베이스 연결 성공
2022-09-09 13:47:19 [WatchRabbit] INFO : [development] API Server Start At Port 8443
2022-09-09 13:47:19 [WatchRabbit] INFO : 데이터베이스 연결 성공
2022-09-09 13:48:03 [WatchRabbit] INFO : [development] API Server Start At Port 8443
2022-09-09 13:48:04 [WatchRabbit] INFO : 데이터베이스 연결 성공
2022-09-09 13:48:17 [WatchRabbit] INFO : [development] API Server Start At Port 8443
2022-09-09 13:48:18 [WatchRabbit] INFO : 데이터베이스 연결 성공
2022-09-09 13:48:19 [WatchRabbit] ERROR : [commonDao userIdxCheck] 
 WHERE parameter "email" has invalid "undefined" value
2022-09-09 13:48:55 [WatchRabbit] INFO : [development] API Server Start At Port 8443
2022-09-09 13:48:55 [WatchRabbit] INFO : 데이터베이스 연결 성공
2022-09-09 13:49:05 [WatchRabbit] INFO : [development] API Server Start At Port 8443
2022-09-09 13:49:05 [WatchRabbit] INFO : 데이터베이스 연결 성공
2022-09-09 13:49:14 [WatchRabbit] INFO : [development] API Server Start At Port 8443
2022-09-09 13:49:14 [WatchRabbit] INFO : 데이터베이스 연결 성공
2022-09-09 13:49:31 [WatchRabbit] INFO : [development] API Server Start At Port 8443
2022-09-09 13:49:31 [WatchRabbit] INFO : 데이터베이스 연결 성공
2022-09-09 13:51:10 [WatchRabbit] INFO : [development] API Server Start At Port 8443
2022-09-09 13:51:10 [WatchRabbit] INFO : 데이터베이스 연결 성공
2022-09-09 13:52:47 [WatchRabbit] INFO : [development] API Server Start At Port 8443
2022-09-09 13:52:47 [WatchRabbit] INFO : 데이터베이스 연결 성공
2022-09-09 13:53:06 [WatchRabbit] INFO : [development] API Server Start At Port 8443
2022-09-09 13:53:06 [WatchRabbit] INFO : 데이터베이스 연결 성공
2022-09-09 13:55:29 [WatchRabbit] INFO : [development] API Server Start At Port 8443
2022-09-09 13:55:29 [WatchRabbit] INFO : 데이터베이스 연결 성공
2022-09-09 13:55:58 [WatchRabbit] INFO : [development] API Server Start At Port 8443
2022-09-09 13:55:58 [WatchRabbit] INFO : 데이터베이스 연결 성공
2022-09-09 13:56:07 [WatchRabbit] INFO : [development] API Server Start At Port 8443
2022-09-09 13:56:08 [WatchRabbit] INFO : 데이터베이스 연결 성공
2022-09-09 13:58:17 [WatchRabbit] INFO : [development] API Server Start At Port 8443
2022-09-09 13:58:18 [WatchRabbit] INFO : 데이터베이스 연결 성공
2022-09-09 14:16:48 [WatchRabbit] INFO : [development] API Server Start At Port 8443
2022-09-09 14:16:48 [WatchRabbit] INFO : 데이터베이스 연결 성공
2022-09-09 14:19:01 [WatchRabbit] INFO : [development] API Server Start At Port 8443
2022-09-09 14:19:01 [WatchRabbit] INFO : 데이터베이스 연결 성공
2022-09-09 14:47:17 [WatchRabbit] INFO : [development] API Server Start At Port 8443
2022-09-09 14:47:18 [WatchRabbit] INFO : 데이터베이스 연결 성공
2022-09-09 14:52:36 [WatchRabbit] INFO : [development] API Server Start At Port 8443
2022-09-09 14:52:36 [WatchRabbit] INFO : 데이터베이스 연결 성공
2022-09-09 14:53:46 [WatchRabbit] ERROR : 로그인이 필요한 요청 입니다.
2022-09-09 14:53:54 [WatchRabbit] INFO : guentc1@naver.com 님이 로그인에 성공했습니다.
2022-09-09 15:10:25 [WatchRabbit] INFO : [development] API Server Start At Port 8443
2022-09-09 15:10:26 [WatchRabbit] INFO : 데이터베이스 연결 성공
2022-09-09 15:10:31 [WatchRabbit] INFO : [development] API Server Start At Port 8443
2022-09-09 15:10:32 [WatchRabbit] INFO : 데이터베이스 연결 성공
2022-09-09 15:11:05 [WatchRabbit] INFO : [development] API Server Start At Port 8443
2022-09-09 15:11:06 [WatchRabbit] INFO : 데이터베이스 연결 성공
2022-09-09 15:11:34 [WatchRabbit] INFO : [development] API Server Start At Port 8443
2022-09-09 15:11:34 [WatchRabbit] INFO : 데이터베이스 연결 성공
2022-09-09 15:15:08 [WatchRabbit] INFO : [development] API Server Start At Port 8443
2022-09-09 15:15:08 [WatchRabbit] INFO : 데이터베이스 연결 성공
2022-09-09 15:26:05 [WatchRabbit] INFO : [development] API Server Start At Port 8443
2022-09-09 15:26:06 [WatchRabbit] INFO : 데이터베이스 연결 성공
2022-09-09 15:26:35 [WatchRabbit] INFO : [development] API Server Start At Port 8443
2022-09-09 15:26:35 [WatchRabbit] INFO : 데이터베이스 연결 성공
2022-09-09 15:27:05 [WatchRabbit] INFO : [development] API Server Start At Port 8443
2022-09-09 15:27:05 [WatchRabbit] INFO : 데이터베이스 연결 성공
2022-09-09 15:27:35 [WatchRabbit] INFO : [development] API Server Start At Port 8443
2022-09-09 15:27:35 [WatchRabbit] INFO : 데이터베이스 연결 성공
2022-09-09 15:32:03 [WatchRabbit] INFO : [development] API Server Start At Port 8443
2022-09-09 15:32:04 [WatchRabbit] INFO : 데이터베이스 연결 성공
2022-09-09 15:33:06 [WatchRabbit] INFO : [development] API Server Start At Port 8443
2022-09-09 15:33:06 [WatchRabbit] INFO : 데이터베이스 연결 성공
2022-09-09 15:33:16 [WatchRabbit] INFO : [development] API Server Start At Port 8443
2022-09-09 15:33:16 [WatchRabbit] INFO : 데이터베이스 연결 성공
2022-09-09 15:33:24 [WatchRabbit] INFO : [development] API Server Start At Port 8443
2022-09-09 15:33:24 [WatchRabbit] INFO : 데이터베이스 연결 성공
2022-09-09 15:33:38 [WatchRabbit] INFO : [development] API Server Start At Port 8443
2022-09-09 15:33:38 [WatchRabbit] INFO : 데이터베이스 연결 성공
2022-09-09 15:36:15 [WatchRabbit] ERROR : [community Dao getComment] 

2022-09-09 15:36:28 [WatchRabbit] INFO : [development] API Server Start At Port 8443
2022-09-09 15:36:28 [WatchRabbit] INFO : 데이터베이스 연결 성공
2022-09-09 15:36:31 [WatchRabbit] INFO : [development] API Server Start At Port 8443
2022-09-09 15:36:32 [WatchRabbit] INFO : 데이터베이스 연결 성공
2022-09-09 15:36:34 [WatchRabbit] ERROR : [community Dao getComment] 
 WHERE parameter "communityIdx" has invalid "undefined" value
2022-09-09 15:37:11 [WatchRabbit] INFO : [development] API Server Start At Port 8443
2022-09-09 15:37:12 [WatchRabbit] INFO : 데이터베이스 연결 성공
2022-09-09 15:37:13 [WatchRabbit] ERROR : [community Dao getComment] 
 WHERE parameter "communityIdx" has invalid "undefined" value
2022-09-09 15:37:52 [WatchRabbit] INFO : [development] API Server Start At Port 8443
2022-09-09 15:37:52 [WatchRabbit] ERROR : [community Dao getComment] 
 Cannot read properties of undefined (reading 'communityId')
2022-09-09 15:37:52 [WatchRabbit] INFO : 데이터베이스 연결 성공
2022-09-09 15:38:24 [WatchRabbit] INFO : [development] API Server Start At Port 8443
2022-09-09 15:38:24 [WatchRabbit] INFO : 데이터베이스 연결 성공
2022-09-09 15:38:29 [WatchRabbit] ERROR : [community Dao getComment] 
 Cannot read properties of undefined (reading 'communityId')
2022-09-09 15:39:26 [WatchRabbit] INFO : [development] API Server Start At Port 8443
2022-09-09 15:39:26 [WatchRabbit] ERROR : [community Dao getComment] 
 WHERE parameter "communityIdx" has invalid "undefined" value
2022-09-09 15:39:26 [WatchRabbit] INFO : 데이터베이스 연결 성공
2022-09-09 15:39:43 [WatchRabbit] INFO : [development] API Server Start At Port 8443
2022-09-09 15:39:43 [WatchRabbit] INFO : 데이터베이스 연결 성공
2022-09-09 15:39:48 [WatchRabbit] INFO : [development] API Server Start At Port 8443
2022-09-09 15:39:48 [WatchRabbit] INFO : 데이터베이스 연결 성공
2022-09-09 15:39:49 [WatchRabbit] ERROR : [community Dao getComment] 
 Unknown column 'Community.communityIdx' in 'where clause'
2022-09-09 15:40:34 [WatchRabbit] INFO : [development] API Server Start At Port 8443
2022-09-09 15:40:37 [WatchRabbit] INFO : [development] API Server Start At Port 8443
2022-09-09 15:40:37 [WatchRabbit] INFO : 데이터베이스 연결 성공
2022-09-09 15:41:01 [WatchRabbit] INFO : [development] API Server Start At Port 8443
2022-09-09 15:41:02 [WatchRabbit] INFO : 데이터베이스 연결 성공
2022-09-09 15:41:30 [WatchRabbit] INFO : [development] API Server Start At Port 8443
2022-09-09 15:41:31 [WatchRabbit] INFO : 데이터베이스 연결 성공
2022-09-09 15:42:19 [WatchRabbit] INFO : [development] API Server Start At Port 8443
2022-09-09 15:42:20 [WatchRabbit] INFO : 데이터베이스 연결 성공
2022-09-09 15:42:36 [WatchRabbit] INFO : [development] API Server Start At Port 8443
2022-09-09 15:42:37 [WatchRabbit] INFO : 데이터베이스 연결 성공
2022-09-09 15:42:50 [WatchRabbit] INFO : [development] API Server Start At Port 8443
2022-09-09 15:42:50 [WatchRabbit] INFO : 데이터베이스 연결 성공
2022-09-09 15:42:56 [WatchRabbit] INFO : [development] API Server Start At Port 8443
2022-09-09 15:42:56 [WatchRabbit] INFO : 데이터베이스 연결 성공
2022-09-09 16:32:17 [WatchRabbit] INFO : [development] API Server Start At Port 8443
2022-09-09 16:32:17 [WatchRabbit] INFO : 데이터베이스 연결 성공
2022-09-09 16:32:40 [WatchRabbit] INFO : [development] API Server Start At Port 8443
2022-09-09 16:32:41 [WatchRabbit] INFO : 데이터베이스 연결 성공
2022-09-09 16:33:09 [WatchRabbit] INFO : [development] API Server Start At Port 8443
2022-09-09 16:33:10 [WatchRabbit] INFO : 데이터베이스 연결 성공
2022-09-09 16:33:44 [WatchRabbit] INFO : [development] API Server Start At Port 8443
2022-09-09 16:33:44 [WatchRabbit] INFO : 데이터베이스 연결 성공
2022-09-09 16:34:34 [WatchRabbit] INFO : [development] API Server Start At Port 8443
2022-09-09 16:34:35 [WatchRabbit] INFO : 데이터베이스 연결 성공
2022-09-09 16:34:47 [WatchRabbit] INFO : [development] API Server Start At Port 8443
2022-09-09 16:34:48 [WatchRabbit] INFO : 데이터베이스 연결 성공
2022-09-09 16:34:50 [WatchRabbit] INFO : [development] API Server Start At Port 8443
2022-09-09 16:34:51 [WatchRabbit] INFO : 데이터베이스 연결 성공
2022-09-09 16:35:34 [WatchRabbit] INFO : [development] API Server Start At Port 8443
2022-09-09 16:35:34 [WatchRabbit] INFO : 데이터베이스 연결 성공
2022-09-09 16:38:40 [WatchRabbit] INFO : [development] API Server Start At Port 8443
2022-09-09 16:38:40 [WatchRabbit] INFO : 데이터베이스 연결 성공
2022-09-09 16:40:37 [WatchRabbit] INFO : [development] API Server Start At Port 8443
2022-09-09 16:40:37 [WatchRabbit] INFO : 데이터베이스 연결 성공
