2022-08-05 01:39:06 [WatchRabbit] INFO : [development] API Server Start At Port 8443
2022-08-05 01:40:54 [WatchRabbit] ERROR : 로그인이 필요한 요청 입니다.
2022-08-05 01:40:58 [WatchRabbit] ERROR : 로그인이 필요한 요청 입니다.
2022-08-05 01:58:19 [WatchRabbit] ERROR : 로그인이 필요한 요청 입니다.
2022-08-05 01:58:19 [WatchRabbit] ERROR : 로그인이 필요한 요청 입니다.
2022-08-05 01:58:28 [WatchRabbit] ERROR : 로그인이 필요한 요청 입니다.
2022-08-05 01:59:12 [WatchRabbit] ERROR : 로그인이 필요한 요청 입니다.
2022-08-05 01:59:19 [WatchRabbit] ERROR : 로그인이 필요한 요청 입니다.
2022-08-05 01:59:19 [WatchRabbit] ERROR : 로그인이 필요한 요청 입니다.
2022-08-05 01:59:19 [WatchRabbit] ERROR : 로그인이 필요한 요청 입니다.
2022-08-05 01:59:19 [WatchRabbit] ERROR : 로그인이 필요한 요청 입니다.
2022-08-05 01:59:19 [WatchRabbit] ERROR : 로그인이 필요한 요청 입니다.
2022-08-05 01:59:41 [WatchRabbit] ERROR : 로그인이 필요한 요청 입니다.
2022-08-05 01:59:59 [WatchRabbit] ERROR : 로그인이 필요한 요청 입니다.
2022-08-05 01:59:59 [WatchRabbit] ERROR : 로그인이 필요한 요청 입니다.
2022-08-05 01:59:59 [WatchRabbit] ERROR : 로그인이 필요한 요청 입니다.
2022-08-05 01:59:59 [WatchRabbit] ERROR : 로그인이 필요한 요청 입니다.
2022-08-05 01:59:59 [WatchRabbit] ERROR : 로그인이 필요한 요청 입니다.
2022-08-05 02:00:02 [WatchRabbit] ERROR : 로그인이 필요한 요청 입니다.
2022-08-05 02:00:02 [WatchRabbit] ERROR : 로그인이 필요한 요청 입니다.
2022-08-05 02:00:02 [WatchRabbit] ERROR : 로그인이 필요한 요청 입니다.
2022-08-05 02:00:02 [WatchRabbit] ERROR : 로그인이 필요한 요청 입니다.
2022-08-05 02:00:02 [WatchRabbit] ERROR : 로그인이 필요한 요청 입니다.
2022-08-05 02:00:06 [WatchRabbit] ERROR : 로그인이 필요한 요청 입니다.
2022-08-05 02:00:06 [WatchRabbit] ERROR : 로그인이 필요한 요청 입니다.
2022-08-05 02:00:06 [WatchRabbit] ERROR : 로그인이 필요한 요청 입니다.
2022-08-05 02:00:06 [WatchRabbit] ERROR : 로그인이 필요한 요청 입니다.
2022-08-05 02:00:06 [WatchRabbit] ERROR : 로그인이 필요한 요청 입니다.
2022-08-05 02:00:11 [WatchRabbit] INFO : 비회원이 양말를 검색했습니다.
2022-08-05 02:00:24 [WatchRabbit] INFO : abc14772@gmail.com 님이 구글 로그인에 성공했습니다.
2022-08-05 02:00:28 [WatchRabbit] INFO : abc14772@gmail.com 님이 로그아웃 되었습니다.
2022-08-05 02:00:47 [WatchRabbit] INFO : 인증번호를 abc14772@gmail.com 로 발송했습니다.
2022-08-05 02:01:29 [WatchRabbit] INFO : abc14772@gmail.com 이메일 중복입니다.
2022-08-05 02:01:40 [WatchRabbit] ERROR : 로그인이 필요한 요청 입니다.
2022-08-05 02:01:40 [WatchRabbit] ERROR : 로그인이 필요한 요청 입니다.
2022-08-05 02:01:40 [WatchRabbit] ERROR : 로그인이 필요한 요청 입니다.
2022-08-05 02:01:40 [WatchRabbit] ERROR : 로그인이 필요한 요청 입니다.
2022-08-05 02:01:40 [WatchRabbit] ERROR : 로그인이 필요한 요청 입니다.
2022-08-05 02:02:07 [WatchRabbit] ERROR : 로그인이 필요한 요청 입니다.
2022-08-05 02:02:07 [WatchRabbit] ERROR : 로그인이 필요한 요청 입니다.
2022-08-05 02:02:07 [WatchRabbit] ERROR : 로그인이 필요한 요청 입니다.
2022-08-05 02:02:07 [WatchRabbit] ERROR : 로그인이 필요한 요청 입니다.
2022-08-05 02:02:07 [WatchRabbit] ERROR : 로그인이 필요한 요청 입니다.
2022-08-05 02:02:43 [WatchRabbit] INFO : abc14772@gmail.com 님이 구글 로그인에 성공했습니다.
2022-08-05 02:02:45 [WatchRabbit] INFO : [traceService checkUserId] abc14772@gmail.com 이 존재합니다.
2022-08-05 02:02:45 [WatchRabbit] INFO : 테이블 조회가 되었습니다.
2022-08-05 02:02:45 [WatchRabbit] INFO : [traceService checkUserId] abc14772@gmail.com 이 존재합니다.
2022-08-05 02:02:45 [WatchRabbit] INFO : 테이블 조회가 되었습니다.
2022-08-05 02:02:45 [WatchRabbit] INFO : [traceService checkUserId] abc14772@gmail.com 이 존재합니다.
2022-08-05 02:02:45 [WatchRabbit] INFO : 테이블 조회가 되었습니다.
2022-08-05 02:02:45 [WatchRabbit] INFO : [traceService checkUserId] abc14772@gmail.com 이 존재합니다.
2022-08-05 02:02:45 [WatchRabbit] INFO : 테이블 조회가 되었습니다.
2022-08-05 02:02:46 [WatchRabbit] INFO : [traceService checkUserId] abc14772@gmail.com 이 존재합니다.
2022-08-05 02:02:46 [WatchRabbit] INFO : 테이블 조회가 되었습니다.
2022-08-05 02:03:02 [WatchRabbit] INFO : abc14772@gmail.com 가 전국의 전체에서 시계를 검색했습니다.
2022-08-05 02:04:13 [WatchRabbit] INFO : [traceService checkUserId] abc14772@gmail.com 이 존재합니다.
2022-08-05 02:04:13 [WatchRabbit] INFO : [traceService checkUserId] abc14772@gmail.com 이 존재합니다.
2022-08-05 02:04:13 [WatchRabbit] INFO : 테이블 조회가 되었습니다.
2022-08-05 02:04:13 [WatchRabbit] INFO : 테이블 조회가 되었습니다.
2022-08-05 02:04:13 [WatchRabbit] INFO : [traceService checkUserId] abc14772@gmail.com 이 존재합니다.
2022-08-05 02:04:13 [WatchRabbit] INFO : [traceService checkUserId] abc14772@gmail.com 이 존재합니다.
2022-08-05 02:04:13 [WatchRabbit] INFO : 테이블 조회가 되었습니다.
2022-08-05 02:04:13 [WatchRabbit] INFO : 테이블 조회가 되었습니다.
2022-08-05 02:04:13 [WatchRabbit] INFO : [traceService checkUserId] abc14772@gmail.com 이 존재합니다.
2022-08-05 02:04:13 [WatchRabbit] INFO : 테이블 조회가 되었습니다.
