2022-08-28 15:53:52 [WatchRabbit] ERROR : 데이터 베이스 연결 실패 BLOB/TEXT column 'password' used in key specification without a key length
2022-08-28 15:54:25 [WatchRabbit] ERROR : 데이터 베이스 연결 실패 BLOB/TEXT column 'password' used in key specification without a key length
2022-08-28 15:55:29 [WatchRabbit] ERROR : 데이터 베이스 연결 실패 You have an error in your SQL syntax; check the manual that corresponds to your MySQL server version for the right syntax to use near 'NUMBER NOT NULL DEFAULT 'local', `createdAt` DATETIME NOT NULL, `updatedAt` DATE' at line 1
2022-08-28 15:56:12 [WatchRabbit] ERROR : 데이터 베이스 연결 실패 You have an error in your SQL syntax; check the manual that corresponds to your MySQL server version for the right syntax to use near 'NUMBER NOT NULL DEFAULT 'local', `createdAt` DATETIME NOT NULL, `updatedAt` DATE' at line 1
2022-08-28 15:57:31 [WatchRabbit] ERROR : 데이터 베이스 연결 실패 You have an error in your SQL syntax; check the manual that corresponds to your MySQL server version for the right syntax to use near 'NUMBER NOT NULL DEFAULT 'local', `createdAt` DATETIME NOT NULL, `updatedAt` DATE' at line 1
2022-08-28 16:11:38 [WatchRabbit] ERROR : 데이터 베이스 연결 실패 You have an error in your SQL syntax; check the manual that corresponds to your MySQL server version for the right syntax to use near 'NUMBER NOT NULL DEFAULT 'local', `createdAt` DATETIME NOT NULL, `updatedAt` DATE' at line 1
2022-08-28 21:17:32 [WatchRabbit] ERROR : 로그인이 필요한 요청 입니다.
2022-08-28 21:18:25 [WatchRabbit] ERROR : 로그인이 필요한 요청 입니다.
2022-08-28 21:19:50 [WatchRabbit] ERROR : undefined
2022-08-28 21:19:52 [WatchRabbit] ERROR : undefined
2022-08-28 21:19:53 [WatchRabbit] ERROR : undefined
2022-08-28 21:19:53 [WatchRabbit] ERROR : undefined
2022-08-28 21:20:04 [WatchRabbit] ERROR : undefined
2022-08-28 21:21:40 [WatchRabbit] ERROR : undefined
2022-08-28 21:23:45 [WatchRabbit] ERROR : undefined
2022-08-28 21:23:48 [WatchRabbit] ERROR : undefined
2022-08-28 21:26:39 [WatchRabbit] ERROR : 로그인이 필요한 요청 입니다.
2022-08-28 21:26:50 [WatchRabbit] ERROR : undefined
2022-08-28 21:26:52 [WatchRabbit] ERROR : undefined
2022-08-28 21:26:52 [WatchRabbit] ERROR : undefined
2022-08-28 21:26:53 [WatchRabbit] ERROR : undefined
2022-08-28 21:26:53 [WatchRabbit] ERROR : undefined
2022-08-28 21:37:37 [WatchRabbit] ERROR : 로그인이 필요한 요청 입니다.
2022-08-28 21:37:45 [WatchRabbit] ERROR : undefined
2022-08-28 21:37:52 [WatchRabbit] ERROR : undefined
2022-08-28 21:37:52 [WatchRabbit] ERROR : undefined
2022-08-28 21:43:04 [WatchRabbit] ERROR : undefined
2022-08-28 22:22:24 [WatchRabbit] ERROR : 데이터 베이스 연결 실패 BLOB/TEXT column 'password' used in key specification without a key length
2022-08-28 22:23:01 [WatchRabbit] ERROR : 데이터 베이스 연결 실패 BLOB/TEXT column 'password' used in key specification without a key length
2022-08-28 22:23:03 [WatchRabbit] ERROR : 데이터 베이스 연결 실패 BLOB/TEXT column 'password' used in key specification without a key length
2022-08-28 22:23:53 [WatchRabbit] ERROR : 데이터 베이스 연결 실패 You have an error in your SQL syntax; check the manual that corresponds to your MySQL server version for the right syntax to use near 'NUMBER, `maxPrice` NUMBER, `createdAt` DATETIME NOT NULL, `updatedAt` DATETIME N' at line 1
2022-08-28 22:24:04 [WatchRabbit] ERROR : 데이터 베이스 연결 실패 You have an error in your SQL syntax; check the manual that corresponds to your MySQL server version for the right syntax to use near 'NUMBER, `maxPrice` NUMBER, `createdAt` DATETIME NOT NULL, `updatedAt` DATETIME N' at line 1
2022-08-28 22:28:52 [WatchRabbit] ERROR : 데이터 베이스 연결 실패 You have an error in your SQL syntax; check the manual that corresponds to your MySQL server version for the right syntax to use near 'NUMBER, `maxPrice` NUMBER, `createdAt` DATETIME NOT NULL, `updatedAt` DATETIME N' at line 1
2022-08-28 22:31:11 [WatchRabbit] ERROR : 로그인이 필요한 요청 입니다.
2022-08-28 22:31:20 [WatchRabbit] ERROR : undefined
2022-08-28 22:31:22 [WatchRabbit] ERROR : undefined
2022-08-28 22:31:22 [WatchRabbit] ERROR : undefined
2022-08-28 22:32:05 [WatchRabbit] ERROR : [object Object]
2022-08-28 22:32:06 [WatchRabbit] ERROR : [authDao createUser 
 notNull Violation: User.email cannot be null,
notNull Violation: User.password cannot be null
2022-08-28 22:32:06 [WatchRabbit] ERROR : [authService createUser] Cannot read properties of undefined (reading 'insertId')
2022-08-28 22:33:51 [WatchRabbit] ERROR : [object Object]
2022-08-28 22:33:51 [WatchRabbit] ERROR : [authDao createUser 
 notNull Violation: User.password cannot be null
2022-08-28 22:33:51 [WatchRabbit] ERROR : [authService createUser] Cannot read properties of undefined (reading 'insertId')
2022-08-28 22:34:22 [WatchRabbit] ERROR : [object Object]
2022-08-28 22:38:17 [WatchRabbit] ERROR : [object Object]
2022-08-28 22:38:17 [WatchRabbit] ERROR : guentc1@naver.com 이메일 중복입니다.
2022-08-28 22:39:13 [WatchRabbit] ERROR : [object Object]
2022-08-28 22:43:49 [WatchRabbit] ERROR : [object Object]
2022-08-28 22:43:49 [WatchRabbit] ERROR : [authService createUser] authProvider is not defined
2022-08-28 22:45:57 [WatchRabbit] ERROR : [object Object]
2022-08-28 22:45:58 [WatchRabbit] ERROR : [authService createUser] authProvider is not defined
2022-08-28 22:47:23 [WatchRabbit] ERROR : [object Object]
2022-08-28 22:47:24 [WatchRabbit] ERROR : [authService createUser] authProvider is not defined
2022-08-28 22:51:16 [WatchRabbit] ERROR : [object Object]
2022-08-28 22:51:17 [WatchRabbit] ERROR : guentc1@naver.com 이메일 중복입니다.
2022-08-28 22:52:17 [WatchRabbit] ERROR : [object Object]
2022-08-28 22:52:18 [WatchRabbit] ERROR : [authService createUser] authProvider is not defined
2022-08-28 22:52:55 [WatchRabbit] ERROR : [object Object]
2022-08-28 23:00:56 [WatchRabbit] ERROR : [object Object]
2022-08-28 23:00:57 [WatchRabbit] ERROR : [authDao createTraceItem] 
 Trace.Create is not a function
2022-08-28 23:00:57 [WatchRabbit] ERROR : [authDao createTraceItem] 
 Trace.Create is not a function
2022-08-28 23:00:57 [WatchRabbit] ERROR : [authDao createTraceItem] 
 Trace.Create is not a function
2022-08-28 23:00:57 [WatchRabbit] ERROR : [authDao createTraceItem] 
 Trace.Create is not a function
2022-08-28 23:00:57 [WatchRabbit] ERROR : [authDao createTraceItem] 
 Trace.Create is not a function
2022-08-28 23:04:14 [WatchRabbit] ERROR : [object Object]
2022-08-28 23:04:14 [WatchRabbit] ERROR : [authDao createTraceItem] 
 notNull Violation: TraceItem.status cannot be null
2022-08-28 23:04:14 [WatchRabbit] ERROR : [authDao createTraceItem] 
 notNull Violation: TraceItem.status cannot be null
2022-08-28 23:04:14 [WatchRabbit] ERROR : [authDao createTraceItem] 
 notNull Violation: TraceItem.status cannot be null
2022-08-28 23:04:14 [WatchRabbit] ERROR : [authDao createTraceItem] 
 notNull Violation: TraceItem.status cannot be null
2022-08-28 23:04:14 [WatchRabbit] ERROR : [authDao createTraceItem] 
 notNull Violation: TraceItem.status cannot be null
2022-08-28 23:08:47 [WatchRabbit] ERROR : [object Object]
2022-08-28 23:17:45 [WatchRabbit] ERROR : [object Object]
2022-08-28 23:17:46 [WatchRabbit] ERROR : [authService createUser] logger is not defined
2022-08-28 23:20:19 [WatchRabbit] ERROR : [object Object]
2022-08-28 23:20:20 [WatchRabbit] ERROR : [authService createUser] logger is not defined
2022-08-28 23:25:05 [WatchRabbit] ERROR : [object Object]
2022-08-28 23:25:05 [WatchRabbit] ERROR : [commonDao emailCheck] 
 User is not defined
2022-08-28 23:25:05 [WatchRabbit] ERROR : [authService createUser] Cannot read properties of undefined (reading 'length')
2022-08-28 23:26:48 [WatchRabbit] ERROR : [object Object]
2022-08-28 23:30:36 [WatchRabbit] ERROR : [object Object]
2022-08-28 23:44:12 [WatchRabbit] ERROR : [object Object]
2022-08-28 23:44:32 [WatchRabbit] ERROR : [passport LocalStrategy] data and hash arguments required
2022-08-28 23:45:53 [WatchRabbit] ERROR : [passport LocalStrategy] data and hash arguments required
2022-08-28 23:46:28 [WatchRabbit] ERROR : [passport LocalStrategy] data and hash arguments required
2022-08-28 23:48:25 [WatchRabbit] ERROR : [passport LocalStrategy] data and hash arguments required
2022-08-28 23:50:49 [WatchRabbit] ERROR : 로그인 되어 있는 상태입니다.
2022-08-28 23:51:01 [WatchRabbit] ERROR : 로그인이 필요한 요청 입니다.
2022-08-28 23:55:46 [WatchRabbit] ERROR : 로그인이 필요한 요청 입니다.
2022-08-28 23:56:01 [WatchRabbit] ERROR : [passport KakaoStrategy] authDao is not defined
2022-08-28 23:56:19 [WatchRabbit] ERROR : authorization code not found for code=s-qDYwVWbcljrFTd3qqEIOtG6PuhoORPse3HsMdMOelpepwvqyLXtZUqgEPWsBQjV5GzUgo9dNoAAAGC5PPTSg
2022-08-28 23:56:30 [WatchRabbit] ERROR : 로그인이 필요한 요청 입니다.
2022-08-28 23:57:39 [WatchRabbit] ERROR : [passport KakaoStrategy] authDao is not defined
2022-08-28 23:58:02 [WatchRabbit] ERROR : 로그인이 필요한 요청 입니다.
