2022-06-30 00:32:17 [WatchRabbit] error : 아이디 불일치
2022-06-30 00:40:46 [WatchRabbit] ERROR : 아이디 불일치
2022-06-30 00:56:23 [WatchRabbit] ERROR : undefined
2022-06-30 01:12:22 [WatchRabbit] ERROR : ::1 POST
2022-06-30 01:13:15 [WatchRabbit] ERROR : ::1 POST [object Object]
2022-06-30 01:13:32 [WatchRabbit] ERROR : ::1 POST [object Object]
2022-06-30 01:13:38 [WatchRabbit] ERROR : ::1 POST /auth/login
2022-06-30 01:13:47 [WatchRabbit] ERROR : ::1 POST /auth/login
2022-06-30 01:14:34 [WatchRabbit] ERROR : ::1 POST /auth/login
2022-06-30 01:15:51 [WatchRabbit] ERROR : ::1 POST /auth/login
2022-06-30 01:15:51 [WatchRabbit] ERROR : undefined
2022-06-30 01:15:57 [WatchRabbit] ERROR : ::1 POST /auth/login
2022-06-30 01:15:57 [WatchRabbit] ERROR : undefined
2022-06-30 01:16:23 [WatchRabbit] ERROR : ::1 POST /auth/login
2022-06-30 01:16:23 [WatchRabbit] ERROR : 아이디 불일치
2022-06-30 01:16:36 [WatchRabbit] ERROR : ::1 POST /auth/login
2022-06-30 01:16:36 [WatchRabbit] ERROR : 아이디 불일치
2022-06-30 01:17:00 [WatchRabbit] ERROR : ::1 POST /auth/login
2022-06-30 01:17:00 [WatchRabbit] ERROR : 아이디 불일치
2022-06-30 01:19:28 [WatchRabbit] ERROR : ::1 POST /auth/login
2022-06-30 01:19:28 [WatchRabbit] ERROR : 아이디 불일치
2022-06-30 01:24:45 [WatchRabbit] ERROR : ::1 POST /auth/login
2022-06-30 01:24:45 [WatchRabbit] ERROR : 아이디 불일치
2022-06-30 01:25:14 [WatchRabbit] ERROR : ::1 POST /auth/login
2022-06-30 01:28:51 [WatchRabbit] ERROR : ::1 POST /auth/login
2022-06-30 01:37:31 [WatchRabbit] ERROR : 아이디 불일치
2022-06-30 11:29:06 [WatchRabbit] ERROR : 아이디 불일치
2022-06-30 15:49:17 [WatchRabbit] ERROR : 아이디 불일치
2022-06-30 15:51:01 [WatchRabbit] ERROR : 아이디 불일치
2022-06-30 15:51:12 [WatchRabbit] ERROR : 비밀번호 불일치
2022-06-30 15:51:12 [WatchRabbit] ERROR : 비밀번호 불일치
