2022-07-24 05:00:43 [WatchRabbit] ERROR : cwTest localResult is not defined
2022-07-24 05:48:52 [WatchRabbit] ERROR : 로그인 되어 있는 상태입니다.
2022-07-24 05:54:31 [WatchRabbit] ERROR : 로그인 되어 있는 상태입니다.
2022-07-24 06:02:45 [WatchRabbit] ERROR : 로그인 되어 있는 상태입니다.
2022-07-24 06:11:44 [WatchRabbit] ERROR : 로그인이 필요한 요청 입니다.
2022-07-24 06:11:45 [WatchRabbit] ERROR : 로그인이 필요한 요청 입니다.
2022-07-24 06:11:45 [WatchRabbit] ERROR : 로그인이 필요한 요청 입니다.
2022-07-24 06:11:45 [WatchRabbit] ERROR : 로그인이 필요한 요청 입니다.
2022-07-24 06:12:32 [WatchRabbit] ERROR : 로그인이 필요한 요청 입니다.
2022-07-24 06:12:32 [WatchRabbit] ERROR : 로그인이 필요한 요청 입니다.
2022-07-24 06:12:32 [WatchRabbit] ERROR : 로그인이 필요한 요청 입니다.
2022-07-24 06:12:32 [WatchRabbit] ERROR : 로그인이 필요한 요청 입니다.
2022-07-24 06:12:32 [WatchRabbit] ERROR : 로그인이 필요한 요청 입니다.
2022-07-24 06:12:32 [WatchRabbit] ERROR : 로그인이 필요한 요청 입니다.
2022-07-24 06:12:32 [WatchRabbit] ERROR : 로그인이 필요한 요청 입니다.
2022-07-24 06:12:32 [WatchRabbit] ERROR : 로그인이 필요한 요청 입니다.
2022-07-24 06:12:32 [WatchRabbit] ERROR : 로그인이 필요한 요청 입니다.
2022-07-24 06:12:32 [WatchRabbit] ERROR : 로그인이 필요한 요청 입니다.
2022-07-24 06:12:33 [WatchRabbit] ERROR : 로그인이 필요한 요청 입니다.
2022-07-24 06:14:24 [WatchRabbit] ERROR : Unknown column 'name' in 'field list'
2022-07-24 06:23:30 [WatchRabbit] ERROR : undefined
2022-07-24 06:33:29 [WatchRabbit] ERROR : 로그인 되어 있는 상태입니다.
2022-07-24 06:42:45 [WatchRabbit] ERROR : 로그인 되어 있는 상태입니다.
2022-07-24 06:51:34 [WatchRabbit] ERROR : PASSPORT 유저 아이디 불일치
2022-07-24 06:51:39 [WatchRabbit] ERROR : PASSPORT 유저 아이디 불일치
2022-07-24 07:13:23 [WatchRabbit] ERROR : 로그인 되어 있는 상태입니다.
2022-07-24 07:14:55 [WatchRabbit] ERROR : 로그인 되어 있는 상태입니다.
2022-07-24 07:44:37 [WatchRabbit] ERROR : 로그인 되어 있는 상태입니다.
2022-07-24 07:49:30 [WatchRabbit] ERROR : 로그인 되어 있는 상태입니다.
2022-07-24 07:49:30 [WatchRabbit] ERROR : 로그인 되어 있는 상태입니다.
2022-07-24 07:49:33 [WatchRabbit] ERROR : 로그인 되어 있는 상태입니다.
2022-07-24 07:49:34 [WatchRabbit] ERROR : 로그인 되어 있는 상태입니다.
2022-07-24 07:49:37 [WatchRabbit] ERROR : 로그인 되어 있는 상태입니다.
2022-07-24 07:49:37 [WatchRabbit] ERROR : 로그인 되어 있는 상태입니다.
2022-07-24 07:49:38 [WatchRabbit] ERROR : 로그인 되어 있는 상태입니다.
2022-07-24 07:49:38 [WatchRabbit] ERROR : 로그인 되어 있는 상태입니다.
2022-07-24 07:49:38 [WatchRabbit] ERROR : 로그인 되어 있는 상태입니다.
2022-07-24 07:49:38 [WatchRabbit] ERROR : 로그인 되어 있는 상태입니다.
2022-07-24 07:49:40 [WatchRabbit] ERROR : 로그인 되어 있는 상태입니다.
2022-07-24 07:49:40 [WatchRabbit] ERROR : 로그인 되어 있는 상태입니다.
2022-07-24 07:49:41 [WatchRabbit] ERROR : 로그인 되어 있는 상태입니다.
2022-07-24 07:49:41 [WatchRabbit] ERROR : 로그인 되어 있는 상태입니다.
2022-07-24 07:49:42 [WatchRabbit] ERROR : 로그인 되어 있는 상태입니다.
2022-07-24 07:49:43 [WatchRabbit] ERROR : 로그인 되어 있는 상태입니다.
2022-07-24 07:51:54 [WatchRabbit] ERROR : 로그인 되어 있는 상태입니다.
2022-07-24 07:52:31 [WatchRabbit] ERROR : 로그인 되어 있는 상태입니다.
2022-07-24 07:52:32 [WatchRabbit] ERROR : 로그인 되어 있는 상태입니다.
2022-07-24 07:52:38 [WatchRabbit] ERROR : 로그인 되어 있는 상태입니다.
2022-07-24 07:52:38 [WatchRabbit] ERROR : 로그인 되어 있는 상태입니다.
2022-07-24 08:24:11 [WatchRabbit] ERROR : PASSPORT 유저 아이디 불일치
2022-07-24 08:44:03 [WatchRabbit] ERROR : 로그인 되어 있는 상태입니다.
2022-07-24 08:44:04 [WatchRabbit] ERROR : 로그인 되어 있는 상태입니다.
2022-07-24 08:44:05 [WatchRabbit] ERROR : 로그인 되어 있는 상태입니다.
2022-07-24 08:44:06 [WatchRabbit] ERROR : 로그인 되어 있는 상태입니다.
2022-07-24 14:18:09 [WatchRabbit] ERROR : 로그인 되어 있는 상태입니다.
2022-07-24 14:32:07 [WatchRabbit] ERROR : 로그인이 필요한 요청 입니다.
2022-07-24 15:13:25 [WatchRabbit] ERROR : 로그인이 필요한 요청 입니다.
2022-07-24 15:13:28 [WatchRabbit] ERROR : 로그인이 필요한 요청 입니다.
2022-07-24 15:13:28 [WatchRabbit] ERROR : 로그인이 필요한 요청 입니다.
2022-07-24 15:13:29 [WatchRabbit] ERROR : 로그인이 필요한 요청 입니다.
2022-07-24 15:13:31 [WatchRabbit] ERROR : 로그인이 필요한 요청 입니다.
2022-07-24 15:13:32 [WatchRabbit] ERROR : 로그인이 필요한 요청 입니다.
2022-07-24 15:13:32 [WatchRabbit] ERROR : 로그인이 필요한 요청 입니다.
2022-07-24 15:13:32 [WatchRabbit] ERROR : 로그인이 필요한 요청 입니다.
2022-07-24 15:16:02 [WatchRabbit] ERROR : 로그인이 필요한 요청 입니다.
2022-07-24 15:19:12 [WatchRabbit] ERROR : 로그인이 필요한 요청 입니다.
2022-07-24 15:19:44 [WatchRabbit] ERROR : 로그인이 필요한 요청 입니다.
2022-07-24 15:22:03 [WatchRabbit] ERROR : 로그인이 필요한 요청 입니다.
2022-07-24 15:22:35 [WatchRabbit] ERROR : 로그인이 필요한 요청 입니다.
2022-07-24 15:22:35 [WatchRabbit] ERROR : 로그인이 필요한 요청 입니다.
2022-07-24 15:22:35 [WatchRabbit] ERROR : 로그인이 필요한 요청 입니다.
2022-07-24 15:22:36 [WatchRabbit] ERROR : 로그인이 필요한 요청 입니다.
2022-07-24 15:22:36 [WatchRabbit] ERROR : 로그인이 필요한 요청 입니다.
2022-07-24 15:22:36 [WatchRabbit] ERROR : 로그인이 필요한 요청 입니다.
2022-07-24 15:22:36 [WatchRabbit] ERROR : 로그인이 필요한 요청 입니다.
2022-07-24 16:08:17 [WatchRabbit] ERROR : 로그인 되어 있는 상태입니다.
2022-07-24 16:12:50 [WatchRabbit] ERROR : 로그인이 필요한 요청 입니다.
2022-07-24 16:19:51 [WatchRabbit] ERROR : 로그인 되어 있는 상태입니다.
