2022-07-21 00:43:47 [WatchRabbit] INFO : [development] API Server Start At Port 8443
2022-07-21 00:55:48 [WatchRabbit] INFO : [development] API Server Start At Port 8443
2022-07-21 00:56:35 [WatchRabbit] INFO : [development] API Server Start At Port 8443
2022-07-21 01:06:15 [WatchRabbit] INFO : [development] API Server Start At Port 8443
2022-07-21 01:32:11 [WatchRabbit] INFO : [development] API Server Start At Port 8443
2022-07-21 01:32:55 [WatchRabbit] INFO : [development] API Server Start At Port 8443
2022-07-21 01:47:47 [WatchRabbit] INFO : [development] API Server Start At Port 8443
2022-07-21 01:47:58 [WatchRabbit] INFO : [development] API Server Start At Port 8443
2022-07-21 01:48:37 [WatchRabbit] INFO : [development] API Server Start At Port 8443
2022-07-21 01:50:13 [WatchRabbit] INFO : [development] API Server Start At Port 8443
2022-07-21 01:50:22 [WatchRabbit] ERROR : undefined
2022-07-21 01:53:06 [WatchRabbit] ERROR : undefined
2022-07-21 01:54:11 [WatchRabbit] ERROR : undefined
2022-07-21 01:54:51 [WatchRabbit] ERROR : undefined
2022-07-21 01:54:53 [WatchRabbit] ERROR : undefined
2022-07-21 01:54:53 [WatchRabbit] ERROR : undefined
2022-07-21 01:54:54 [WatchRabbit] ERROR : undefined
2022-07-21 01:54:55 [WatchRabbit] ERROR : undefined
2022-07-21 02:02:40 [WatchRabbit] ERROR : undefined
2022-07-21 02:07:38 [WatchRabbit] ERROR : undefined
2022-07-21 02:07:42 [WatchRabbit] ERROR : undefined
2022-07-21 02:10:00 [WatchRabbit] ERROR : undefined
2022-07-21 02:10:46 [WatchRabbit] INFO : [development] API Server Start At Port 8443
2022-07-21 02:13:42 [WatchRabbit] INFO : 로그인에 성공했습니다.
2022-07-21 02:25:07 [WatchRabbit] INFO : 인증번호를 guentc1@naver.com 로 발송했습니다.
2022-07-21 02:32:17 [WatchRabbit] INFO : [development] API Server Start At Port 8443
2022-07-21 02:32:25 [WatchRabbit] INFO : [development] API Server Start At Port 8443
2022-07-21 02:33:39 [WatchRabbit] INFO : [development] API Server Start At Port 8443
2022-07-21 02:34:48 [WatchRabbit] INFO : [development] API Server Start At Port 8443
2022-07-21 02:37:01 [WatchRabbit] INFO : [development] API Server Start At Port 8443
2022-07-21 02:37:38 [WatchRabbit] INFO : [development] API Server Start At Port 8443
2022-07-21 02:37:51 [WatchRabbit] ERROR : [getAuthentication] Assignment to constant variable.
2022-07-21 02:38:10 [WatchRabbit] INFO : [development] API Server Start At Port 8443
2022-07-21 02:38:16 [WatchRabbit] INFO : [development] API Server Start At Port 8443
2022-07-21 02:38:21 [WatchRabbit] INFO : 인증번호를 guentc1@naver.com 로 발송했습니다.
2022-07-21 02:38:56 [WatchRabbit] INFO : [development] API Server Start At Port 8443
2022-07-21 02:38:59 [WatchRabbit] INFO : 인증번호를 guentc1@naver.com 로 발송했습니다.
2022-07-21 02:39:22 [WatchRabbit] INFO : [development] API Server Start At Port 8443
2022-07-21 02:39:24 [WatchRabbit] INFO : [development] API Server Start At Port 8443
2022-07-21 02:39:50 [WatchRabbit] INFO : 인증번호를 guentc1@naver.com 로 발송했습니다.
2022-07-21 02:46:12 [WatchRabbit] INFO : [development] API Server Start At Port 8443
2022-07-21 02:50:18 [WatchRabbit] INFO : [development] API Server Start At Port 8443
2022-07-21 03:15:17 [WatchRabbit] INFO : [development] API Server Start At Port 8443
2022-07-21 03:15:28 [WatchRabbit] INFO : 인증번호를 guentc1@naver.com 로 발송했습니다.
2022-07-21 03:19:01 [WatchRabbit] INFO : [development] API Server Start At Port 8443
2022-07-21 03:24:38 [WatchRabbit] INFO : 인증번호를 guentc1@naver.com 로 발송했습니다.
2022-07-21 03:25:23 [WatchRabbit] ERROR : undefined 이 존재하지 않습니다.
2022-07-21 04:39:57 [WatchRabbit] INFO : [development] API Server Start At Port 8443
2022-07-21 04:40:07 [WatchRabbit] ERROR : undefined
2022-07-21 04:41:39 [WatchRabbit] ERROR : undefined
2022-07-21 04:43:23 [WatchRabbit] INFO : 로그인에 성공했습니다.
2022-07-21 04:43:29 [WatchRabbit] ERROR : 로그인 되어 있는 상태입니다.
2022-07-21 04:43:29 [WatchRabbit] ERROR : 로그인 되어 있는 상태입니다.
2022-07-21 04:44:05 [WatchRabbit] INFO : 로그인에 성공했습니다.
2022-07-21 04:44:22 [WatchRabbit] ERROR : 로그인 되어 있는 상태입니다.
2022-07-21 04:44:22 [WatchRabbit] ERROR : 로그인 되어 있는 상태입니다.
2022-07-21 04:44:33 [WatchRabbit] ERROR : 로그인 되어 있는 상태입니다.
2022-07-21 04:44:33 [WatchRabbit] ERROR : 로그인 되어 있는 상태입니다.
2022-07-21 04:44:49 [WatchRabbit] ERROR : 로그인 되어 있는 상태입니다.
2022-07-21 04:44:49 [WatchRabbit] ERROR : 로그인 되어 있는 상태입니다.
2022-07-21 04:45:19 [WatchRabbit] INFO : 로그인에 성공했습니다.
2022-07-21 04:46:39 [WatchRabbit] ERROR : 로그인 되어 있는 상태입니다.
2022-07-21 04:46:39 [WatchRabbit] ERROR : 로그인 되어 있는 상태입니다.
2022-07-21 04:46:47 [WatchRabbit] ERROR : 로그인 되어 있는 상태입니다.
2022-07-21 04:46:47 [WatchRabbit] ERROR : 로그인 되어 있는 상태입니다.
2022-07-21 04:47:05 [WatchRabbit] ERROR : 로그인 되어 있는 상태입니다.
2022-07-21 04:47:05 [WatchRabbit] ERROR : 로그인 되어 있는 상태입니다.
2022-07-21 04:47:29 [WatchRabbit] ERROR : undefined
2022-07-21 04:53:10 [WatchRabbit] ERROR : undefined
2022-07-21 04:53:39 [WatchRabbit] ERROR : undefined
2022-07-21 04:53:50 [WatchRabbit] ERROR : undefined
2022-07-21 04:58:04 [WatchRabbit] INFO : 로그인에 성공했습니다.
2022-07-21 05:00:57 [WatchRabbit] INFO : 로그인에 성공했습니다.
2022-07-21 05:03:16 [WatchRabbit] INFO : 로그인에 성공했습니다.
2022-07-21 05:06:42 [WatchRabbit] ERROR : 로그인 되어 있는 상태입니다.
2022-07-21 05:07:01 [WatchRabbit] ERROR : undefined
2022-07-21 05:07:14 [WatchRabbit] ERROR : undefined
2022-07-21 05:07:27 [WatchRabbit] ERROR : undefined
2022-07-21 05:07:28 [WatchRabbit] ERROR : undefined
2022-07-21 05:07:30 [WatchRabbit] ERROR : undefined
2022-07-21 05:07:59 [WatchRabbit] ERROR : Bad Request
2022-07-21 05:09:13 [WatchRabbit] ERROR : undefined
2022-07-21 05:10:24 [WatchRabbit] ERROR : undefined
2022-07-21 05:11:24 [WatchRabbit] INFO : [development] API Server Start At Port 8443
2022-07-21 05:11:24 [WatchRabbit] ERROR : Bad Request
2022-07-21 05:11:24 [WatchRabbit] ERROR : Bad Request
2022-07-21 05:12:20 [WatchRabbit] ERROR : undefined
2022-07-21 05:13:12 [WatchRabbit] INFO : [development] API Server Start At Port 8443
2022-07-21 05:13:12 [WatchRabbit] ERROR : Bad Request
2022-07-21 05:13:39 [WatchRabbit] ERROR : undefined
2022-07-21 05:17:05 [WatchRabbit] ERROR : undefined
2022-07-21 05:17:50 [WatchRabbit] INFO : [development] API Server Start At Port 8443
2022-07-21 05:17:51 [WatchRabbit] ERROR : Bad Request
2022-07-21 05:18:16 [WatchRabbit] ERROR : undefined
2022-07-21 05:18:38 [WatchRabbit] INFO : [development] API Server Start At Port 8443
2022-07-21 05:18:39 [WatchRabbit] ERROR : Bad Request
2022-07-21 05:26:28 [WatchRabbit] INFO : [development] API Server Start At Port 8443
2022-07-21 05:26:40 [WatchRabbit] INFO : [development] API Server Start At Port 8443
2022-07-21 05:27:03 [WatchRabbit] ERROR : undefined
2022-07-21 05:29:23 [WatchRabbit] INFO : [development] API Server Start At Port 8443
2022-07-21 05:29:23 [WatchRabbit] ERROR : Bad Request
2022-07-21 05:29:47 [WatchRabbit] ERROR : undefined
2022-07-21 05:30:53 [WatchRabbit] INFO : [development] API Server Start At Port 8443
2022-07-21 05:30:53 [WatchRabbit] ERROR : Bad Request
2022-07-21 05:31:17 [WatchRabbit] INFO : 로그인에 성공했습니다.
2022-07-21 05:31:39 [WatchRabbit] ERROR : 로그인 되어 있는 상태입니다.
2022-07-21 05:31:54 [WatchRabbit] ERROR : undefined
2022-07-21 05:33:26 [WatchRabbit] INFO : [development] API Server Start At Port 8443
2022-07-21 05:33:26 [WatchRabbit] ERROR : Bad Request
2022-07-21 05:33:35 [WatchRabbit] ERROR : undefined
2022-07-21 05:35:20 [WatchRabbit] ERROR : undefined
2022-07-21 05:36:34 [WatchRabbit] INFO : [development] API Server Start At Port 8443
2022-07-21 05:36:40 [WatchRabbit] ERROR : Bad Request
2022-07-21 05:36:57 [WatchRabbit] ERROR : undefined
2022-07-21 05:39:10 [WatchRabbit] INFO : [development] API Server Start At Port 8443
2022-07-21 05:39:18 [WatchRabbit] INFO : 로그인에 성공했습니다.
2022-07-21 05:39:31 [WatchRabbit] ERROR : Bad Request
2022-07-21 05:39:36 [WatchRabbit] INFO : [development] API Server Start At Port 8443
2022-07-21 05:39:44 [WatchRabbit] ERROR : 로그인 되어 있는 상태입니다.
2022-07-21 05:39:44 [WatchRabbit] ERROR : 로그인 되어 있는 상태입니다.
2022-07-21 05:39:55 [WatchRabbit] INFO : 로그인에 성공했습니다.
2022-07-21 05:44:03 [WatchRabbit] INFO : [development] API Server Start At Port 8443
2022-07-21 05:47:23 [WatchRabbit] INFO : [development] API Server Start At Port 8443
2022-07-21 05:47:31 [WatchRabbit] INFO : [development] API Server Start At Port 8443
2022-07-21 05:47:49 [WatchRabbit] INFO : 로그인에 성공했습니다.
2022-07-21 05:48:00 [WatchRabbit] INFO : 로그인에 성공했습니다.
2022-07-21 05:50:00 [WatchRabbit] INFO : [development] API Server Start At Port 8443
2022-07-21 05:50:20 [WatchRabbit] INFO : 로그인에 성공했습니다.
2022-07-21 05:50:46 [WatchRabbit] INFO : [development] API Server Start At Port 8443
2022-07-21 05:50:57 [WatchRabbit] INFO : [development] API Server Start At Port 8443
2022-07-21 05:51:07 [WatchRabbit] INFO : 인증번호를 guentc1@naver.com 로 발송했습니다.
2022-07-21 05:51:15 [WatchRabbit] INFO : guentc1@naver.com 이 존재합니다.
2022-07-21 05:51:28 [WatchRabbit] ERROR : 로그인 되어 있는 상태입니다.
2022-07-21 05:51:36 [WatchRabbit] INFO : 로그인에 성공했습니다.
2022-07-21 05:51:40 [WatchRabbit] INFO : 인증번호를 guentc1@naver.com 로 발송했습니다.
2022-07-21 05:51:53 [WatchRabbit] INFO : guentc1@naver.com 이 존재합니다.
2022-07-21 05:52:11 [WatchRabbit] ERROR : Bad Request
2022-07-21 05:52:14 [WatchRabbit] ERROR : Bad Request
2022-07-21 05:52:31 [WatchRabbit] INFO : 로그인에 성공했습니다.
2022-07-21 05:54:20 [WatchRabbit] INFO : [development] API Server Start At Port 8443
2022-07-21 06:23:20 [WatchRabbit] INFO : [development] API Server Start At Port 8443
2022-07-21 07:38:11 [WatchRabbit] INFO : [development] API Server Start At Port 8443
2022-07-21 07:40:42 [WatchRabbit] INFO : [development] API Server Start At Port 8443
2022-07-21 07:51:50 [WatchRabbit] INFO : [development] API Server Start At Port 8443
2022-07-21 07:52:03 [WatchRabbit] INFO : [development] API Server Start At Port 8443
2022-07-21 07:56:22 [WatchRabbit] INFO : [development] API Server Start At Port 8443
2022-07-21 08:00:20 [WatchRabbit] INFO : [development] API Server Start At Port 8443
2022-07-21 08:31:21 [WatchRabbit] INFO : [development] API Server Start At Port 8443
2022-07-21 08:41:36 [WatchRabbit] INFO : [development] API Server Start At Port 8443
2022-07-21 08:41:58 [WatchRabbit] INFO : [development] API Server Start At Port 8443
2022-07-21 08:43:46 [WatchRabbit] ERROR : PASSPORT 유저 아이디 불일치
2022-07-21 08:43:46 [WatchRabbit] INFO : 유저 정보가 없어 로그인에 실패했습니다.
2022-07-21 08:43:58 [WatchRabbit] ERROR : PASSPORT 유저 아이디 불일치
2022-07-21 08:43:58 [WatchRabbit] INFO : 유저 정보가 없어 로그인에 실패했습니다.
2022-07-21 08:44:26 [WatchRabbit] ERROR : PASSPORT 유저 아이디 불일치
2022-07-21 08:44:26 [WatchRabbit] INFO : 유저 정보가 없어 로그인에 실패했습니다.
2022-07-21 08:44:28 [WatchRabbit] ERROR : PASSPORT 유저 아이디 불일치
2022-07-21 08:44:28 [WatchRabbit] INFO : 유저 정보가 없어 로그인에 실패했습니다.
2022-07-21 08:45:01 [WatchRabbit] ERROR : PASSPORT 유저 아이디 불일치
2022-07-21 08:45:01 [WatchRabbit] INFO : 유저 정보가 없어 로그인에 실패했습니다.
2022-07-21 08:45:07 [WatchRabbit] ERROR : PASSPORT 유저 아이디 불일치
2022-07-21 08:45:07 [WatchRabbit] INFO : 유저 정보가 없어 로그인에 실패했습니다.
2022-07-21 08:45:50 [WatchRabbit] ERROR : PASSPORT 유저 아이디 불일치
2022-07-21 08:45:50 [WatchRabbit] INFO : 유저 정보가 없어 로그인에 실패했습니다.
2022-07-21 08:46:37 [WatchRabbit] ERROR : PASSPORT 유저 아이디 불일치
2022-07-21 08:46:37 [WatchRabbit] INFO : 유저 정보가 없어 로그인에 실패했습니다.
2022-07-21 08:46:44 [WatchRabbit] ERROR : PASSPORT 유저 아이디 불일치
2022-07-21 08:46:44 [WatchRabbit] INFO : 유저 정보가 없어 로그인에 실패했습니다.
2022-07-21 08:46:46 [WatchRabbit] ERROR : PASSPORT 유저 아이디 불일치
2022-07-21 08:46:46 [WatchRabbit] INFO : 유저 정보가 없어 로그인에 실패했습니다.
2022-07-21 08:46:50 [WatchRabbit] ERROR : PASSPORT 유저 아이디 불일치
2022-07-21 08:46:50 [WatchRabbit] INFO : 유저 정보가 없어 로그인에 실패했습니다.
2022-07-21 08:57:03 [WatchRabbit] ERROR : PASSPORT 유저 아이디 불일치
2022-07-21 08:57:03 [WatchRabbit] INFO : 유저 정보가 없어 로그인에 실패했습니다.
2022-07-21 08:57:06 [WatchRabbit] ERROR : PASSPORT 유저 아이디 불일치
2022-07-21 08:57:06 [WatchRabbit] INFO : 유저 정보가 없어 로그인에 실패했습니다.
2022-07-21 09:05:48 [WatchRabbit] INFO : [development] API Server Start At Port 8443
2022-07-21 09:09:31 [WatchRabbit] INFO : [development] API Server Start At Port 8443
2022-07-21 09:26:02 [WatchRabbit] INFO : [development] API Server Start At Port 8443
2022-07-21 09:31:50 [WatchRabbit] INFO : [development] API Server Start At Port 8443
2022-07-21 09:32:04 [WatchRabbit] INFO : [development] API Server Start At Port 8443
2022-07-21 09:35:21 [WatchRabbit] ERROR : cwTest cwProvider.TotalRegion is not a function
2022-07-21 09:35:21 [WatchRabbit] INFO : undefined 가 노트북를 검색했습니다.
2022-07-21 09:35:31 [WatchRabbit] INFO : undefined 가 노트북를 검색했습니다.
2022-07-21 09:35:36 [WatchRabbit] ERROR : cwTest cwProvider.TotalRegion is not a function
2022-07-21 09:35:36 [WatchRabbit] INFO : undefined 가 노트북를 검색했습니다.
2022-07-21 09:36:52 [WatchRabbit] INFO : [development] API Server Start At Port 8443
2022-07-21 09:37:05 [WatchRabbit] INFO : undefined 가 노트북를 검색했습니다.
2022-07-21 09:44:44 [WatchRabbit] INFO : [development] API Server Start At Port 8443
2022-07-21 09:45:23 [WatchRabbit] INFO : undefined 가 노트북를 검색했습니다.
2022-07-21 09:45:38 [WatchRabbit] INFO : undefined 가 노트북를 검색했습니다.
2022-07-21 09:46:42 [WatchRabbit] INFO : undefined 가 마우스 패드를 검색했습니다.
2022-07-21 09:47:11 [WatchRabbit] INFO : undefined 가 마우스 패드를 검색했습니다.
2022-07-21 10:26:07 [WatchRabbit] INFO : [development] API Server Start At Port 8443
2022-07-21 14:12:30 [WatchRabbit] INFO : [development] API Server Start At Port 8443
2022-07-21 14:15:16 [WatchRabbit] INFO : undefined 가 노트북를 검색했습니다.
2022-07-21 14:15:33 [WatchRabbit] INFO : undefined 가 마우스를 검색했습니다.
2022-07-21 14:15:41 [WatchRabbit] INFO : undefined 가 마우스를 검색했습니다.
2022-07-21 14:16:20 [WatchRabbit] INFO : undefined 가 쿠폰를 검색했습니다.
2022-07-21 14:16:34 [WatchRabbit] INFO : undefined 가 치킨를 검색했습니다.
2022-07-21 14:18:32 [WatchRabbit] ERROR : PASSPORT 유저 아이디 불일치
2022-07-21 14:18:32 [WatchRabbit] INFO : 유저 정보가 없어 로그인에 실패했습니다.
2022-07-21 14:18:40 [WatchRabbit] INFO : 인증번호를 guentc1@naver.com 로 발송했습니다.
2022-07-21 14:18:50 [WatchRabbit] INFO : 회원가입에 성공했습니다.
2022-07-21 14:18:56 [WatchRabbit] INFO : 로그인에 성공했습니다.
2022-07-21 14:19:26 [WatchRabbit] INFO : [object Object] 가 치킨를 검색했습니다.
2022-07-21 14:23:19 [WatchRabbit] INFO : [development] API Server Start At Port 8443
2022-07-21 14:28:13 [WatchRabbit] INFO : [development] API Server Start At Port 8443
2022-07-21 14:28:22 [WatchRabbit] INFO : [object Object] 가 마우스를 검색했습니다.
2022-07-21 14:30:38 [WatchRabbit] INFO : [development] API Server Start At Port 8443
2022-07-21 14:31:08 [WatchRabbit] INFO : [development] API Server Start At Port 8443
2022-07-21 14:33:54 [WatchRabbit] INFO : [development] API Server Start At Port 8443
2022-07-21 14:33:59 [WatchRabbit] INFO : [object Object] 가 마우스를 검색했습니다.
2022-07-21 14:34:42 [WatchRabbit] INFO : [development] API Server Start At Port 8443
2022-07-21 14:34:52 [WatchRabbit] INFO : [object Object] 가 노트북를 검색했습니다.
2022-07-21 14:35:17 [WatchRabbit] INFO : [development] API Server Start At Port 8443
2022-07-21 14:35:25 [WatchRabbit] ERROR : [postSearchItem] cwResult.key is not a function
2022-07-21 14:36:02 [WatchRabbit] INFO : [development] API Server Start At Port 8443
2022-07-21 14:36:09 [WatchRabbit] INFO : [object Object] 가 노트북를 검색했습니다.
2022-07-21 14:36:23 [WatchRabbit] INFO : [development] API Server Start At Port 8443
2022-07-21 14:36:29 [WatchRabbit] INFO : [object Object] 가 노트북를 검색했습니다.
2022-07-21 14:37:16 [WatchRabbit] INFO : [development] API Server Start At Port 8443
2022-07-21 14:37:25 [WatchRabbit] INFO : [object Object] 가 노트북를 검색했습니다.
2022-07-21 14:37:33 [WatchRabbit] INFO : [development] API Server Start At Port 8443
2022-07-21 14:37:52 [WatchRabbit] INFO : [development] API Server Start At Port 8443
2022-07-21 14:37:59 [WatchRabbit] INFO : [object Object] 가 마우스를 검색했습니다.
2022-07-21 14:38:22 [WatchRabbit] INFO : [development] API Server Start At Port 8443
2022-07-21 14:38:28 [WatchRabbit] INFO : [object Object] 가 옷를 검색했습니다.
2022-07-21 14:39:08 [WatchRabbit] INFO : [development] API Server Start At Port 8443
2022-07-21 14:39:17 [WatchRabbit] INFO : [object Object] 가 치킨를 검색했습니다.
2022-07-21 14:39:38 [WatchRabbit] INFO : [development] API Server Start At Port 8443
2022-07-21 14:46:48 [WatchRabbit] INFO : [development] API Server Start At Port 8443
2022-07-21 15:07:34 [WatchRabbit] INFO : [development] API Server Start At Port 8443
