2022-09-02 18:48:15 [WatchRabbit] INFO : [development] API Server Start At Port 8443
2022-09-02 18:48:15 [WatchRabbit] INFO : 데이터베이스 연결 성공
2022-09-02 18:48:28 [WatchRabbit] INFO : [development] API Server Start At Port 8443
2022-09-02 18:48:28 [WatchRabbit] INFO : 데이터베이스 연결 성공
2022-09-02 18:49:35 [WatchRabbit] INFO : [development] API Server Start At Port 8443
2022-09-02 18:49:36 [WatchRabbit] INFO : 데이터베이스 연결 성공
2022-09-02 18:52:38 [WatchRabbit] INFO : [development] API Server Start At Port 8443
2022-09-02 18:52:38 [WatchRabbit] INFO : 데이터베이스 연결 성공
2022-09-02 18:52:41 [WatchRabbit] INFO : [development] API Server Start At Port 8443
2022-09-02 18:52:41 [WatchRabbit] INFO : 데이터베이스 연결 성공
2022-09-02 18:53:38 [WatchRabbit] INFO : [development] API Server Start At Port 8443
2022-09-02 18:53:38 [WatchRabbit] INFO : 데이터베이스 연결 성공
2022-09-02 18:53:46 [WatchRabbit] INFO : [development] API Server Start At Port 8443
2022-09-02 18:53:46 [WatchRabbit] INFO : 데이터베이스 연결 성공
2022-09-02 18:54:02 [WatchRabbit] INFO : [development] API Server Start At Port 8443
2022-09-02 18:54:02 [WatchRabbit] INFO : 데이터베이스 연결 성공
2022-09-02 18:58:33 [WatchRabbit] INFO : [development] API Server Start At Port 8443
2022-09-02 18:58:33 [WatchRabbit] INFO : 데이터베이스 연결 성공
2022-09-02 19:00:35 [WatchRabbit] INFO : [development] API Server Start At Port 8443
2022-09-02 19:00:36 [WatchRabbit] INFO : 데이터베이스 연결 성공
2022-09-02 19:01:04 [WatchRabbit] INFO : [development] API Server Start At Port 8443
2022-09-02 19:01:05 [WatchRabbit] INFO : 데이터베이스 연결 성공
2022-09-02 19:01:55 [WatchRabbit] INFO : [development] API Server Start At Port 8443
2022-09-02 19:01:56 [WatchRabbit] INFO : 데이터베이스 연결 성공
2022-09-02 19:02:00 [WatchRabbit] INFO : [development] API Server Start At Port 8443
2022-09-02 19:02:00 [WatchRabbit] INFO : 데이터베이스 연결 성공
2022-09-02 19:03:06 [WatchRabbit] INFO : [development] API Server Start At Port 8443
2022-09-02 19:03:06 [WatchRabbit] INFO : 데이터베이스 연결 성공
2022-09-02 19:03:13 [WatchRabbit] INFO : [development] API Server Start At Port 8443
2022-09-02 19:03:13 [WatchRabbit] INFO : 데이터베이스 연결 성공
2022-09-02 19:03:27 [WatchRabbit] INFO : [development] API Server Start At Port 8443
2022-09-02 19:03:28 [WatchRabbit] INFO : 데이터베이스 연결 성공
2022-09-02 19:04:03 [WatchRabbit] INFO : [development] API Server Start At Port 8443
2022-09-02 19:04:04 [WatchRabbit] INFO : 데이터베이스 연결 성공
2022-09-02 19:04:19 [WatchRabbit] INFO : [development] API Server Start At Port 8443
2022-09-02 19:04:20 [WatchRabbit] INFO : 데이터베이스 연결 성공
2022-09-02 19:04:25 [WatchRabbit] INFO : [development] API Server Start At Port 8443
2022-09-02 19:04:26 [WatchRabbit] INFO : 데이터베이스 연결 성공
2022-09-02 19:05:51 [WatchRabbit] INFO : [development] API Server Start At Port 8443
2022-09-02 19:05:52 [WatchRabbit] INFO : 데이터베이스 연결 성공
2022-09-02 19:05:59 [WatchRabbit] INFO : [development] API Server Start At Port 8443
2022-09-02 19:05:59 [WatchRabbit] INFO : 데이터베이스 연결 성공
2022-09-02 19:15:08 [WatchRabbit] ERROR : 로그인이 필요한 요청 입니다.
2022-09-02 19:17:04 [WatchRabbit] ERROR : 로그인이 필요한 요청 입니다.
2022-09-02 19:17:08 [WatchRabbit] INFO : [development] API Server Start At Port 8443
2022-09-02 19:17:09 [WatchRabbit] INFO : 데이터베이스 연결 성공
2022-09-02 19:17:25 [WatchRabbit] INFO : [development] API Server Start At Port 8443
2022-09-02 19:17:26 [WatchRabbit] INFO : 데이터베이스 연결 성공
2022-09-02 19:17:26 [WatchRabbit] ERROR : 로그인이 필요한 요청 입니다.
2022-09-02 19:17:44 [WatchRabbit] ERROR : 로그인이 필요한 요청 입니다.
2022-09-02 19:17:47 [WatchRabbit] INFO : [development] API Server Start At Port 8443
2022-09-02 19:17:47 [WatchRabbit] INFO : 데이터베이스 연결 성공
2022-09-02 19:18:34 [WatchRabbit] ERROR : 로그인이 필요한 요청 입니다.
2022-09-02 19:19:40 [WatchRabbit] INFO : [development] API Server Start At Port 8443
2022-09-02 19:19:40 [WatchRabbit] INFO : 데이터베이스 연결 성공
2022-09-02 19:19:42 [WatchRabbit] ERROR : 로그인이 필요한 요청 입니다.
2022-09-02 19:34:52 [WatchRabbit] INFO : [development] API Server Start At Port 8443
2022-09-02 19:34:52 [WatchRabbit] INFO : 데이터베이스 연결 성공
2022-09-02 19:34:59 [WatchRabbit] ERROR : 로그인이 필요한 요청 입니다.
2022-09-02 19:40:13 [WatchRabbit] ERROR : 로그인이 필요한 요청 입니다.
2022-09-02 19:50:07 [WatchRabbit] INFO : [development] API Server Start At Port 8443
2022-09-02 19:50:07 [WatchRabbit] INFO : 데이터베이스 연결 성공
2022-09-02 19:52:55 [WatchRabbit] INFO : [development] API Server Start At Port 8443
2022-09-02 19:52:55 [WatchRabbit] INFO : 데이터베이스 연결 성공
2022-09-02 19:53:01 [WatchRabbit] ERROR : 로그인이 필요한 요청 입니다.
2022-09-02 19:53:01 [WatchRabbit] ERROR : [community Dao readCommunity] 
 You have an error in your SQL syntax; check the manual that corresponds to your MySQL server version for the right syntax to use near ''0', '6'' at line 1
2022-09-02 19:53:37 [WatchRabbit] INFO : [development] API Server Start At Port 8443
2022-09-02 19:53:37 [WatchRabbit] INFO : 데이터베이스 연결 성공
2022-09-02 20:12:12 [WatchRabbit] INFO : [development] API Server Start At Port 8443
2022-09-02 20:12:12 [WatchRabbit] INFO : 데이터베이스 연결 성공
2022-09-02 20:12:15 [WatchRabbit] ERROR : 로그인이 필요한 요청 입니다.
2022-09-02 20:12:15 [WatchRabbit] ERROR : [community Dao readCommunity] 
 You have an error in your SQL syntax; check the manual that corresponds to your MySQL server version for the right syntax to use near ''0', '6'' at line 1
2022-09-02 20:14:23 [WatchRabbit] INFO : [development] API Server Start At Port 8443
2022-09-02 20:14:23 [WatchRabbit] INFO : 데이터베이스 연결 성공
2022-09-02 20:16:43 [WatchRabbit] INFO : 인증번호를 guentc1@naver.colm 로 발송했습니다.
2022-09-02 20:17:06 [WatchRabbit] ERROR : [community Dao readCommunity] 
 You have an error in your SQL syntax; check the manual that corresponds to your MySQL server version for the right syntax to use near ''0', '6'' at line 1
2022-09-02 20:17:15 [WatchRabbit] ERROR : [passport KakaoStrategy] commonDao.snsCheckUser is not a function
2022-09-02 20:18:00 [WatchRabbit] ERROR : 로그인이 필요한 요청 입니다.
2022-09-02 20:18:00 [WatchRabbit] ERROR : [community Dao readCommunity] 
 You have an error in your SQL syntax; check the manual that corresponds to your MySQL server version for the right syntax to use near ''0', '6'' at line 1
2022-09-02 20:18:19 [WatchRabbit] INFO : [development] API Server Start At Port 8443
2022-09-02 20:18:19 [WatchRabbit] INFO : 데이터베이스 연결 성공
2022-09-02 20:18:30 [WatchRabbit] INFO : 인증번호를 guentc1@naver.com 로 발송했습니다.
2022-09-02 20:18:49 [WatchRabbit] ERROR : [object Object]
2022-09-02 20:18:50 [WatchRabbit] ERROR : [commonDao createTraceItem] 
 Cannot read properties of undefined (reading 'create')
2022-09-02 20:18:50 [WatchRabbit] ERROR : [commonDao createTraceItem] 
 Cannot read properties of undefined (reading 'create')
2022-09-02 20:18:50 [WatchRabbit] ERROR : [commonDao createTraceItem] 
 Cannot read properties of undefined (reading 'create')
2022-09-02 20:18:50 [WatchRabbit] ERROR : [commonDao createTraceItem] 
 Cannot read properties of undefined (reading 'create')
2022-09-02 20:18:50 [WatchRabbit] ERROR : [commonDao createTraceItem] 
 Cannot read properties of undefined (reading 'create')
2022-09-02 20:18:50 [WatchRabbit] INFO : guentc1@naver.com 님이 회원가입에 성공했습니다.
2022-09-02 20:18:53 [WatchRabbit] ERROR : [community Dao readCommunity] 
 You have an error in your SQL syntax; check the manual that corresponds to your MySQL server version for the right syntax to use near ''0', '6'' at line 1
2022-09-02 20:19:03 [WatchRabbit] INFO : guentc1@naver.com 님이 로그인에 성공했습니다.
2022-09-02 20:19:52 [WatchRabbit] INFO : [development] API Server Start At Port 8443
2022-09-02 20:19:53 [WatchRabbit] INFO : 데이터베이스 연결 성공
2022-09-02 20:21:14 [WatchRabbit] INFO : [development] API Server Start At Port 8443
2022-09-02 20:21:14 [WatchRabbit] INFO : 데이터베이스 연결 성공
2022-09-02 20:22:47 [WatchRabbit] INFO : [development] API Server Start At Port 8443
2022-09-02 20:22:48 [WatchRabbit] INFO : 데이터베이스 연결 성공
2022-09-02 20:22:53 [WatchRabbit] ERROR : [community Dao readCommunity] 
 You have an error in your SQL syntax; check the manual that corresponds to your MySQL server version for the right syntax to use near ''0', '6'' at line 1
2022-09-02 20:24:30 [WatchRabbit] INFO : [development] API Server Start At Port 8443
2022-09-02 20:24:31 [WatchRabbit] INFO : 데이터베이스 연결 성공
2022-09-02 20:29:21 [WatchRabbit] ERROR : [community Dao readCommunity] 
 You have an error in your SQL syntax; check the manual that corresponds to your MySQL server version for the right syntax to use near ''0', '6'' at line 1
2022-09-02 20:29:51 [WatchRabbit] INFO : [development] API Server Start At Port 8443
2022-09-02 20:29:51 [WatchRabbit] INFO : 데이터베이스 연결 성공
2022-09-02 20:29:58 [WatchRabbit] INFO : guentc1@naver.com 님이 로그아웃 되었습니다.
2022-09-02 20:30:04 [WatchRabbit] INFO : guentc1@naver.com 님이 로그인에 성공했습니다.
2022-09-02 20:30:08 [WatchRabbit] ERROR : [community Dao readCommunity] 
 You have an error in your SQL syntax; check the manual that corresponds to your MySQL server version for the right syntax to use near ''0', '6'' at line 1
2022-09-02 20:30:31 [WatchRabbit] INFO : [development] API Server Start At Port 8443
2022-09-02 20:30:32 [WatchRabbit] INFO : 데이터베이스 연결 성공
2022-09-02 20:30:33 [WatchRabbit] ERROR : [community Dao readCommunity] 
 You have an error in your SQL syntax; check the manual that corresponds to your MySQL server version for the right syntax to use near ''6'' at line 1
2022-09-02 20:32:34 [WatchRabbit] INFO : [development] API Server Start At Port 8443
2022-09-02 20:32:34 [WatchRabbit] INFO : 데이터베이스 연결 성공
2022-09-02 20:32:35 [WatchRabbit] ERROR : [community Dao readCommunity] 
 You have an error in your SQL syntax; check the manual that corresponds to your MySQL server version for the right syntax to use near ''0', '6'' at line 1
2022-09-02 20:32:54 [WatchRabbit] INFO : [development] API Server Start At Port 8443
2022-09-02 20:32:54 [WatchRabbit] INFO : 데이터베이스 연결 성공
2022-09-02 20:32:57 [WatchRabbit] ERROR : [community Dao readCommunity] 
 You have an error in your SQL syntax; check the manual that corresponds to your MySQL server version for the right syntax to use near ''0', '6'' at line 1
2022-09-02 20:33:15 [WatchRabbit] INFO : [development] API Server Start At Port 8443
2022-09-02 20:33:15 [WatchRabbit] INFO : 데이터베이스 연결 성공
2022-09-02 20:34:08 [WatchRabbit] INFO : [development] API Server Start At Port 8443
2022-09-02 20:34:08 [WatchRabbit] INFO : 데이터베이스 연결 성공
2022-09-02 20:34:08 [WatchRabbit] ERROR : [community Dao getCommunity] 
 You have an error in your SQL syntax; check the manual that corresponds to your MySQL server version for the right syntax to use near ''0', '6'' at line 1
2022-09-02 20:36:25 [WatchRabbit] INFO : [development] API Server Start At Port 8443
2022-09-02 20:36:26 [WatchRabbit] INFO : 데이터베이스 연결 성공
2022-09-02 20:36:28 [WatchRabbit] ERROR : [community Dao getCommunity] 
 You have an error in your SQL syntax; check the manual that corresponds to your MySQL server version for the right syntax to use near ''0', '6'' at line 1
2022-09-02 20:37:02 [WatchRabbit] INFO : [development] API Server Start At Port 8443
2022-09-02 20:37:02 [WatchRabbit] INFO : 데이터베이스 연결 성공
2022-09-02 20:37:03 [WatchRabbit] ERROR : [community Dao getCommunity] 
 You have an error in your SQL syntax; check the manual that corresponds to your MySQL server version for the right syntax to use near ''0', '6'' at line 1
2022-09-02 20:39:29 [WatchRabbit] INFO : [development] API Server Start At Port 8443
2022-09-02 20:39:30 [WatchRabbit] INFO : 데이터베이스 연결 성공
2022-09-02 20:44:13 [WatchRabbit] INFO : [development] API Server Start At Port 8443
2022-09-02 20:44:13 [WatchRabbit] INFO : 데이터베이스 연결 성공
2022-09-02 20:44:19 [WatchRabbit] ERROR : [community Dao getCommunity] 
 You have an error in your SQL syntax; check the manual that corresponds to your MySQL server version for the right syntax to use near ''0', '6'' at line 1
2022-09-02 20:45:08 [WatchRabbit] INFO : [development] API Server Start At Port 8443
2022-09-02 20:45:08 [WatchRabbit] INFO : 데이터베이스 연결 성공
2022-09-02 20:45:10 [WatchRabbit] ERROR : [community Dao getCommunity] 
 praseInt is not defined
2022-09-02 20:45:21 [WatchRabbit] INFO : [development] API Server Start At Port 8443
2022-09-02 20:45:21 [WatchRabbit] INFO : 데이터베이스 연결 성공
2022-09-02 22:00:20 [WatchRabbit] INFO : [development] API Server Start At Port 8443
2022-09-02 22:00:20 [WatchRabbit] INFO : 데이터베이스 연결 성공
2022-09-02 22:00:45 [WatchRabbit] INFO : [development] API Server Start At Port 8443
2022-09-02 22:00:46 [WatchRabbit] INFO : 데이터베이스 연결 성공
2022-09-02 22:01:08 [WatchRabbit] INFO : [development] API Server Start At Port 8443
2022-09-02 22:01:08 [WatchRabbit] INFO : 데이터베이스 연결 성공
2022-09-02 22:01:56 [WatchRabbit] INFO : [development] API Server Start At Port 8443
2022-09-02 22:01:57 [WatchRabbit] INFO : 데이터베이스 연결 성공
2022-09-02 22:07:05 [WatchRabbit] INFO : [development] API Server Start At Port 8443
2022-09-02 22:07:06 [WatchRabbit] INFO : 데이터베이스 연결 성공
2022-09-02 22:07:20 [WatchRabbit] INFO : [development] API Server Start At Port 8443
2022-09-02 22:07:20 [WatchRabbit] INFO : 데이터베이스 연결 성공
2022-09-02 22:08:00 [WatchRabbit] INFO : [development] API Server Start At Port 8443
2022-09-02 22:08:01 [WatchRabbit] INFO : 데이터베이스 연결 성공
2022-09-02 22:17:00 [WatchRabbit] INFO : [development] API Server Start At Port 8443
2022-09-02 22:17:00 [WatchRabbit] INFO : 데이터베이스 연결 성공
2022-09-02 22:17:03 [WatchRabbit] INFO : [development] API Server Start At Port 8443
2022-09-02 22:17:03 [WatchRabbit] INFO : 데이터베이스 연결 성공
2022-09-02 22:17:27 [WatchRabbit] INFO : [development] API Server Start At Port 8443
2022-09-02 22:17:27 [WatchRabbit] INFO : 데이터베이스 연결 성공
2022-09-02 22:19:04 [WatchRabbit] INFO : [development] API Server Start At Port 8443
2022-09-02 22:19:05 [WatchRabbit] INFO : 데이터베이스 연결 성공
2022-09-02 22:22:10 [WatchRabbit] INFO : [development] API Server Start At Port 8443
2022-09-02 22:22:10 [WatchRabbit] INFO : 데이터베이스 연결 성공
2022-09-02 22:23:02 [WatchRabbit] INFO : [development] API Server Start At Port 8443
2022-09-02 22:23:02 [WatchRabbit] INFO : 데이터베이스 연결 성공
2022-09-02 22:23:18 [WatchRabbit] INFO : [development] API Server Start At Port 8443
2022-09-02 22:23:18 [WatchRabbit] INFO : 데이터베이스 연결 성공
2022-09-02 22:23:43 [WatchRabbit] INFO : [development] API Server Start At Port 8443
2022-09-02 22:23:43 [WatchRabbit] INFO : 데이터베이스 연결 성공
2022-09-02 22:25:13 [WatchRabbit] INFO : [development] API Server Start At Port 8443
2022-09-02 22:25:13 [WatchRabbit] INFO : 데이터베이스 연결 성공
2022-09-02 22:31:29 [WatchRabbit] INFO : [development] API Server Start At Port 8443
2022-09-02 22:31:29 [WatchRabbit] INFO : 데이터베이스 연결 성공
2022-09-02 22:56:09 [WatchRabbit] INFO : [development] API Server Start At Port 8443
2022-09-02 22:56:10 [WatchRabbit] INFO : 데이터베이스 연결 성공
2022-09-02 22:59:07 [WatchRabbit] INFO : [development] API Server Start At Port 8443
2022-09-02 22:59:08 [WatchRabbit] INFO : 데이터베이스 연결 성공
2022-09-02 22:59:11 [WatchRabbit] INFO : [development] API Server Start At Port 8443
2022-09-02 22:59:11 [WatchRabbit] INFO : 데이터베이스 연결 성공
2022-09-02 22:59:29 [WatchRabbit] INFO : [development] API Server Start At Port 8443
2022-09-02 22:59:30 [WatchRabbit] INFO : 데이터베이스 연결 성공
2022-09-02 22:59:52 [WatchRabbit] INFO : [development] API Server Start At Port 8443
2022-09-02 22:59:52 [WatchRabbit] INFO : 데이터베이스 연결 성공
2022-09-02 23:00:30 [WatchRabbit] INFO : [development] API Server Start At Port 8443
2022-09-02 23:00:30 [WatchRabbit] INFO : 데이터베이스 연결 성공
2022-09-02 23:11:49 [WatchRabbit] INFO : [development] API Server Start At Port 8443
2022-09-02 23:11:49 [WatchRabbit] INFO : 데이터베이스 연결 성공
2022-09-02 23:14:25 [WatchRabbit] INFO : [development] API Server Start At Port 8443
2022-09-02 23:14:26 [WatchRabbit] INFO : 데이터베이스 연결 성공
2022-09-02 23:14:58 [WatchRabbit] INFO : [development] API Server Start At Port 8443
2022-09-02 23:14:59 [WatchRabbit] INFO : 데이터베이스 연결 성공
2022-09-02 23:15:07 [WatchRabbit] INFO : [development] API Server Start At Port 8443
2022-09-02 23:15:07 [WatchRabbit] INFO : 데이터베이스 연결 성공
2022-09-02 23:15:41 [WatchRabbit] INFO : [development] API Server Start At Port 8443
2022-09-02 23:15:41 [WatchRabbit] INFO : 데이터베이스 연결 성공
2022-09-02 23:15:50 [WatchRabbit] INFO : [development] API Server Start At Port 8443
2022-09-02 23:15:51 [WatchRabbit] INFO : 데이터베이스 연결 성공
2022-09-02 23:16:34 [WatchRabbit] INFO : [development] API Server Start At Port 8443
2022-09-02 23:16:34 [WatchRabbit] INFO : 데이터베이스 연결 성공
2022-09-02 23:16:49 [WatchRabbit] INFO : [development] API Server Start At Port 8443
2022-09-02 23:16:49 [WatchRabbit] INFO : 데이터베이스 연결 성공
2022-09-02 23:18:04 [WatchRabbit] INFO : [development] API Server Start At Port 8443
2022-09-02 23:18:04 [WatchRabbit] INFO : 데이터베이스 연결 성공
2022-09-02 23:18:47 [WatchRabbit] INFO : [development] API Server Start At Port 8443
2022-09-02 23:18:47 [WatchRabbit] INFO : 데이터베이스 연결 성공
2022-09-02 23:19:02 [WatchRabbit] INFO : [development] API Server Start At Port 8443
2022-09-02 23:19:03 [WatchRabbit] INFO : 데이터베이스 연결 성공
2022-09-02 23:19:20 [WatchRabbit] INFO : [development] API Server Start At Port 8443
2022-09-02 23:19:21 [WatchRabbit] INFO : 데이터베이스 연결 성공
2022-09-02 23:19:33 [WatchRabbit] INFO : [development] API Server Start At Port 8443
2022-09-02 23:19:34 [WatchRabbit] INFO : 데이터베이스 연결 성공
2022-09-02 23:21:49 [WatchRabbit] INFO : [development] API Server Start At Port 8443
2022-09-02 23:21:50 [WatchRabbit] INFO : 데이터베이스 연결 성공
2022-09-02 23:22:01 [WatchRabbit] INFO : [development] API Server Start At Port 8443
2022-09-02 23:22:01 [WatchRabbit] INFO : 데이터베이스 연결 성공
2022-09-02 23:22:11 [WatchRabbit] INFO : [development] API Server Start At Port 8443
2022-09-02 23:22:12 [WatchRabbit] INFO : 데이터베이스 연결 성공
2022-09-02 23:22:50 [WatchRabbit] INFO : [development] API Server Start At Port 8443
2022-09-02 23:22:50 [WatchRabbit] INFO : 데이터베이스 연결 성공
2022-09-02 23:23:18 [WatchRabbit] INFO : [development] API Server Start At Port 8443
2022-09-02 23:23:18 [WatchRabbit] INFO : 데이터베이스 연결 성공
2022-09-02 23:23:59 [WatchRabbit] INFO : [development] API Server Start At Port 8443
2022-09-02 23:23:59 [WatchRabbit] INFO : 데이터베이스 연결 성공
2022-09-02 23:24:46 [WatchRabbit] INFO : [development] API Server Start At Port 8443
2022-09-02 23:24:46 [WatchRabbit] INFO : 데이터베이스 연결 성공
2022-09-02 23:24:52 [WatchRabbit] INFO : [development] API Server Start At Port 8443
2022-09-02 23:24:52 [WatchRabbit] INFO : 데이터베이스 연결 성공
2022-09-02 23:25:29 [WatchRabbit] INFO : [development] API Server Start At Port 8443
2022-09-02 23:25:29 [WatchRabbit] INFO : 데이터베이스 연결 성공
2022-09-02 23:26:02 [WatchRabbit] INFO : [development] API Server Start At Port 8443
2022-09-02 23:26:02 [WatchRabbit] INFO : 데이터베이스 연결 성공
2022-09-02 23:26:28 [WatchRabbit] INFO : [development] API Server Start At Port 8443
2022-09-02 23:26:28 [WatchRabbit] INFO : 데이터베이스 연결 성공
2022-09-02 23:26:40 [WatchRabbit] INFO : [development] API Server Start At Port 8443
2022-09-02 23:26:40 [WatchRabbit] INFO : 데이터베이스 연결 성공
2022-09-02 23:29:25 [WatchRabbit] INFO : [development] API Server Start At Port 8443
2022-09-02 23:29:25 [WatchRabbit] INFO : 데이터베이스 연결 성공
2022-09-02 23:29:43 [WatchRabbit] INFO : [development] API Server Start At Port 8443
2022-09-02 23:29:43 [WatchRabbit] INFO : 데이터베이스 연결 성공
2022-09-02 23:30:08 [WatchRabbit] INFO : [development] API Server Start At Port 8443
2022-09-02 23:30:08 [WatchRabbit] INFO : 데이터베이스 연결 성공
2022-09-02 23:31:00 [WatchRabbit] INFO : [development] API Server Start At Port 8443
2022-09-02 23:31:00 [WatchRabbit] INFO : 데이터베이스 연결 성공
