2022-07-25 04:39:51 [WatchRabbit] INFO : [development] API Server Start At Port 8443
2022-07-25 04:41:57 [WatchRabbit] ERROR : 로그인이 필요한 요청 입니다.
2022-07-25 04:42:08 [WatchRabbit] INFO : guentc1@naver.com 님이 로그인에 성공했습니다.
2022-07-25 04:42:36 [WatchRabbit] INFO : [object Object] 님이 로그아웃 되었습니다.
2022-07-25 04:42:47 [WatchRabbit] ERROR : 로그인이 필요한 요청 입니다.
2022-07-25 04:42:57 [WatchRabbit] INFO : guentc1@naver.com 님이 로그인에 성공했습니다.
2022-07-25 04:44:13 [WatchRabbit] INFO : [object Object] 가 노트북를 검색했습니다.
2022-07-25 06:15:12 [WatchRabbit] ERROR : 로그인이 필요한 요청 입니다.
2022-07-25 06:15:15 [WatchRabbit] ERROR : 로그인이 필요한 요청 입니다.
2022-07-25 06:15:47 [WatchRabbit] INFO : guentc1@naver.com 님이 로그인에 성공했습니다.
2022-07-25 06:16:02 [WatchRabbit] INFO : [object Object] 님이 로그아웃 되었습니다.
2022-07-25 06:21:35 [WatchRabbit] ERROR : 로그인이 필요한 요청 입니다.
2022-07-25 06:21:43 [WatchRabbit] INFO : guentc1@naver.com 님이 로그인에 성공했습니다.
2022-07-25 06:22:00 [WatchRabbit] INFO : [object Object] 님이 로그아웃 되었습니다.
2022-07-25 06:22:50 [WatchRabbit] ERROR : 로그인이 필요한 요청 입니다.
2022-07-25 06:22:51 [WatchRabbit] ERROR : 로그인이 필요한 요청 입니다.
2022-07-25 06:22:51 [WatchRabbit] ERROR : 로그인이 필요한 요청 입니다.
2022-07-25 06:23:40 [WatchRabbit] INFO : guentc1@naver.com 님이 로그인에 성공했습니다.
2022-07-25 06:23:48 [WatchRabbit] INFO : [object Object] 님이 로그아웃 되었습니다.
2022-07-25 06:24:13 [WatchRabbit] ERROR : 로그인이 필요한 요청 입니다.
2022-07-25 06:24:14 [WatchRabbit] ERROR : 로그인이 필요한 요청 입니다.
2022-07-25 06:24:26 [WatchRabbit] INFO : guentc1@naver.com 님이 로그인에 성공했습니다.
2022-07-25 06:24:30 [WatchRabbit] INFO : [object Object] 님이 로그아웃 되었습니다.
2022-07-25 06:25:34 [WatchRabbit] ERROR : 로그인이 필요한 요청 입니다.
2022-07-25 06:25:35 [WatchRabbit] ERROR : 로그인이 필요한 요청 입니다.
2022-07-25 06:26:23 [WatchRabbit] INFO : guentc1@naver.com 님이 로그인에 성공했습니다.
2022-07-25 06:26:30 [WatchRabbit] INFO : [object Object] 님이 로그아웃 되었습니다.
2022-07-25 06:27:48 [WatchRabbit] ERROR : 로그인이 필요한 요청 입니다.
2022-07-25 06:27:49 [WatchRabbit] ERROR : 로그인이 필요한 요청 입니다.
2022-07-25 06:27:49 [WatchRabbit] ERROR : 로그인이 필요한 요청 입니다.
2022-07-25 06:27:49 [WatchRabbit] ERROR : 로그인이 필요한 요청 입니다.
2022-07-25 06:27:50 [WatchRabbit] ERROR : 로그인이 필요한 요청 입니다.
2022-07-25 06:27:50 [WatchRabbit] ERROR : 로그인이 필요한 요청 입니다.
2022-07-25 06:27:50 [WatchRabbit] ERROR : 로그인이 필요한 요청 입니다.
2022-07-25 06:28:01 [WatchRabbit] INFO : guentc1@naver.com 님이 로그인에 성공했습니다.
2022-07-25 06:28:19 [WatchRabbit] INFO : [object Object] 님이 로그아웃 되었습니다.
2022-07-25 06:28:46 [WatchRabbit] ERROR : 로그인이 필요한 요청 입니다.
2022-07-25 06:31:11 [WatchRabbit] INFO : guentc1@naver.com 님이 로그인에 성공했습니다.
2022-07-25 06:31:23 [WatchRabbit] INFO : [object Object] 님이 로그아웃 되었습니다.
2022-07-25 06:32:47 [WatchRabbit] INFO : guentc1@naver.com 님이 로그인에 성공했습니다.
2022-07-25 06:32:54 [WatchRabbit] INFO : [object Object] 님이 로그아웃 되었습니다.
2022-07-25 06:32:57 [WatchRabbit] ERROR : 로그인이 필요한 요청 입니다.
2022-07-25 06:34:50 [WatchRabbit] ERROR : 로그인이 필요한 요청 입니다.
2022-07-25 06:34:55 [WatchRabbit] INFO : guentc1@naver.com 님이 로그인에 성공했습니다.
2022-07-25 06:35:11 [WatchRabbit] INFO : [object Object] 님이 로그아웃 되었습니다.
2022-07-25 06:35:12 [WatchRabbit] ERROR : 로그인이 필요한 요청 입니다.
2022-07-25 06:35:19 [WatchRabbit] INFO : guentc1@naver.com 님이 로그인에 성공했습니다.
2022-07-25 06:35:28 [WatchRabbit] INFO : [object Object] 님이 로그아웃 되었습니다.
2022-07-25 06:35:29 [WatchRabbit] ERROR : 로그인이 필요한 요청 입니다.
2022-07-25 06:35:35 [WatchRabbit] INFO : guentc1@naver.com 님이 로그인에 성공했습니다.
2022-07-25 06:38:24 [WatchRabbit] INFO : [object Object] 님이 로그아웃 되었습니다.
2022-07-25 06:38:25 [WatchRabbit] ERROR : 로그인이 필요한 요청 입니다.
2022-07-25 06:38:54 [WatchRabbit] INFO : guentc1@naver.com 님이 로그인에 성공했습니다.
2022-07-25 06:38:56 [WatchRabbit] INFO : [object Object] 님이 로그아웃 되었습니다.
2022-07-25 06:38:57 [WatchRabbit] ERROR : 로그인이 필요한 요청 입니다.
2022-07-25 06:39:05 [WatchRabbit] ERROR : 로그인이 필요한 요청 입니다.
2022-07-25 06:39:14 [WatchRabbit] INFO : guentc1@naver.com 님이 로그인에 성공했습니다.
2022-07-25 06:39:17 [WatchRabbit] INFO : [object Object] 님이 로그아웃 되었습니다.
2022-07-25 06:39:35 [WatchRabbit] INFO : guentc1@naver.com 님이 로그인에 성공했습니다.
2022-07-25 06:39:37 [WatchRabbit] INFO : [object Object] 님이 로그아웃 되었습니다.
2022-07-25 06:39:40 [WatchRabbit] ERROR : 로그인이 필요한 요청 입니다.
2022-07-25 06:39:40 [WatchRabbit] ERROR : 로그인이 필요한 요청 입니다.
2022-07-25 06:39:41 [WatchRabbit] ERROR : 로그인이 필요한 요청 입니다.
2022-07-25 06:39:41 [WatchRabbit] ERROR : 로그인이 필요한 요청 입니다.
2022-07-25 06:39:43 [WatchRabbit] ERROR : 로그인이 필요한 요청 입니다.
2022-07-25 06:39:44 [WatchRabbit] ERROR : 로그인이 필요한 요청 입니다.
2022-07-25 06:39:45 [WatchRabbit] ERROR : 로그인이 필요한 요청 입니다.
2022-07-25 06:39:45 [WatchRabbit] ERROR : 로그인이 필요한 요청 입니다.
2022-07-25 06:39:48 [WatchRabbit] ERROR : 로그인이 필요한 요청 입니다.
2022-07-25 06:40:50 [WatchRabbit] ERROR : 로그인이 필요한 요청 입니다.
2022-07-25 06:40:51 [WatchRabbit] ERROR : 로그인이 필요한 요청 입니다.
2022-07-25 06:41:22 [WatchRabbit] ERROR : 로그인이 필요한 요청 입니다.
2022-07-25 06:41:28 [WatchRabbit] INFO : guentc1@naver.com 님이 로그인에 성공했습니다.
2022-07-25 06:41:31 [WatchRabbit] INFO : [object Object] 님이 로그아웃 되었습니다.
2022-07-25 06:41:55 [WatchRabbit] INFO : guentc1@naver.com 님이 로그인에 성공했습니다.
2022-07-25 06:41:58 [WatchRabbit] INFO : [object Object] 님이 로그아웃 되었습니다.
2022-07-25 06:42:03 [WatchRabbit] ERROR : 로그인이 필요한 요청 입니다.
2022-07-25 06:42:04 [WatchRabbit] ERROR : 로그인이 필요한 요청 입니다.
2022-07-25 06:42:06 [WatchRabbit] ERROR : 로그인이 필요한 요청 입니다.
2022-07-25 06:42:08 [WatchRabbit] ERROR : 로그인이 필요한 요청 입니다.
2022-07-25 06:42:09 [WatchRabbit] ERROR : 로그인이 필요한 요청 입니다.
2022-07-25 06:42:09 [WatchRabbit] ERROR : 로그인이 필요한 요청 입니다.
2022-07-25 06:45:33 [WatchRabbit] INFO : 로그인에 성공했습니다.
2022-07-25 06:51:17 [WatchRabbit] INFO : [development] API Server Start At Port 8443
2022-07-25 06:51:32 [WatchRabbit] INFO : [object Object] 님이 로그아웃 되었습니다.
2022-07-25 06:51:35 [WatchRabbit] INFO : 로그인에 성공했습니다.
2022-07-25 06:52:16 [WatchRabbit] INFO : [development] API Server Start At Port 8443
2022-07-25 06:52:21 [WatchRabbit] INFO : [object Object] 님이 로그아웃 되었습니다.
2022-07-25 06:52:24 [WatchRabbit] INFO : 로그인에 성공했습니다.
2022-07-25 06:52:37 [WatchRabbit] INFO : [object Object] 님이 로그아웃 되었습니다.
2022-07-25 06:52:42 [WatchRabbit] INFO : 로그인에 성공했습니다.
2022-07-25 06:52:48 [WatchRabbit] INFO : [object Object] 님이 로그아웃 되었습니다.
2022-07-25 06:55:25 [WatchRabbit] INFO : 로그인에 성공했습니다.
2022-07-25 06:55:29 [WatchRabbit] INFO : [object Object] 님이 로그아웃 되었습니다.
2022-07-25 06:55:31 [WatchRabbit] INFO : 로그인에 성공했습니다.
2022-07-25 06:55:33 [WatchRabbit] INFO : [object Object] 님이 로그아웃 되었습니다.
2022-07-25 07:29:32 [WatchRabbit] INFO : [development] API Server Start At Port 8443
2022-07-25 07:29:35 [WatchRabbit] INFO : [development] API Server Start At Port 8443
2022-07-25 07:29:55 [WatchRabbit] INFO : guentc1@naver.com 님이 로그인에 성공했습니다.
2022-07-25 07:30:43 [WatchRabbit] INFO : [development] API Server Start At Port 8443
2022-07-25 07:31:27 [WatchRabbit] INFO : [development] API Server Start At Port 8443
2022-07-25 07:31:47 [WatchRabbit] INFO : [object Object] 님이 로그아웃 되었습니다.
2022-07-25 07:31:53 [WatchRabbit] INFO : guentc1@naver.com 님이 로그인에 성공했습니다.
2022-07-25 07:37:09 [WatchRabbit] INFO : [object Object] 님이 로그아웃 되었습니다.
2022-07-25 07:37:11 [WatchRabbit] ERROR : 로그인이 필요한 요청 입니다.
2022-07-25 07:37:35 [WatchRabbit] INFO : [development] API Server Start At Port 8443
2022-07-25 07:37:41 [WatchRabbit] INFO : guentc1@naver.com 님이 로그인에 성공했습니다.
2022-07-25 07:37:45 [WatchRabbit] INFO : undefined 님이 로그아웃 되었습니다.
2022-07-25 07:38:20 [WatchRabbit] INFO : [development] API Server Start At Port 8443
2022-07-25 07:38:49 [WatchRabbit] INFO : guentc1@naver.com 님이 로그인에 성공했습니다.
2022-07-25 07:38:51 [WatchRabbit] INFO : undefined 님이 로그아웃 되었습니다.
2022-07-25 07:39:04 [WatchRabbit] INFO : [development] API Server Start At Port 8443
2022-07-25 07:39:11 [WatchRabbit] INFO : guentc1@naver.com 님이 로그인에 성공했습니다.
2022-07-25 07:39:14 [WatchRabbit] INFO : undefined 님이 로그아웃 되었습니다.
2022-07-25 07:39:36 [WatchRabbit] INFO : [development] API Server Start At Port 8443
2022-07-25 07:39:40 [WatchRabbit] INFO : guentc1@naver.com 님이 로그인에 성공했습니다.
2022-07-25 07:39:42 [WatchRabbit] INFO : undefined 님이 로그아웃 되었습니다.
2022-07-25 07:40:02 [WatchRabbit] INFO : [development] API Server Start At Port 8443
2022-07-25 07:40:08 [WatchRabbit] INFO : guentc1@naver.com 님이 로그인에 성공했습니다.
2022-07-25 07:40:10 [WatchRabbit] INFO : guentc1@naver.com 님이 로그아웃 되었습니다.
2022-07-25 07:40:41 [WatchRabbit] INFO : guentc1@naver.com 님이 로그인에 성공했습니다.
2022-07-25 07:41:22 [WatchRabbit] INFO : [development] API Server Start At Port 8443
2022-07-25 07:41:36 [WatchRabbit] INFO : [development] API Server Start At Port 8443
2022-07-25 07:43:15 [WatchRabbit] INFO : [development] API Server Start At Port 8443
2022-07-25 07:44:26 [WatchRabbit] INFO : [development] API Server Start At Port 8443
2022-07-25 07:44:37 [WatchRabbit] INFO : [development] API Server Start At Port 8443
2022-07-25 07:45:14 [WatchRabbit] INFO : [development] API Server Start At Port 8443
2022-07-25 07:46:47 [WatchRabbit] INFO : [development] API Server Start At Port 8443
2022-07-25 07:46:58 [WatchRabbit] INFO : [development] API Server Start At Port 8443
2022-07-25 08:25:51 [WatchRabbit] INFO : guentc1@naver.com 님이 로그아웃 되었습니다.
2022-07-25 08:26:00 [WatchRabbit] ERROR : 로그인이 필요한 요청 입니다.
2022-07-25 08:26:03 [WatchRabbit] ERROR : 로그인이 필요한 요청 입니다.
2022-07-25 08:26:09 [WatchRabbit] INFO : guentc1@naver.com 님이 로그인에 성공했습니다.
2022-07-25 08:26:24 [WatchRabbit] INFO : [object Object] 가 노트북를 검색했습니다.
2022-07-25 08:26:29 [WatchRabbit] INFO : guentc1@naver.com 님이 로그아웃 되었습니다.
2022-07-25 08:26:31 [WatchRabbit] ERROR : 로그인이 필요한 요청 입니다.
2022-07-25 08:26:35 [WatchRabbit] ERROR : 로그인이 필요한 요청 입니다.
2022-07-25 08:26:35 [WatchRabbit] ERROR : 로그인이 필요한 요청 입니다.
2022-07-25 08:26:35 [WatchRabbit] ERROR : 로그인이 필요한 요청 입니다.
2022-07-25 08:26:40 [WatchRabbit] ERROR : 로그인이 필요한 요청 입니다.
2022-07-25 08:28:35 [WatchRabbit] ERROR : 로그인이 필요한 요청 입니다.
2022-07-25 08:28:40 [WatchRabbit] INFO : guentc1@naver.com 님이 로그인에 성공했습니다.
2022-07-25 08:29:55 [WatchRabbit] INFO : guentc1@naver.com 님이 로그아웃 되었습니다.
2022-07-25 08:30:03 [WatchRabbit] INFO : guentc1@naver.com 님이 로그인에 성공했습니다.
2022-07-25 08:30:14 [WatchRabbit] INFO : [object Object] 가 노트북를 검색했습니다.
2022-07-25 08:30:42 [WatchRabbit] INFO : guentc1@naver.com 님이 로그아웃 되었습니다.
2022-07-25 08:31:15 [WatchRabbit] INFO : 인증번호를 pgj127@naver.com 로 발송했습니다.
2022-07-25 08:31:23 [WatchRabbit] INFO : 회원가입에 성공했습니다.
2022-07-25 08:31:38 [WatchRabbit] INFO : pgj127@naver.com 님이 로그인에 성공했습니다.
2022-07-25 08:31:44 [WatchRabbit] INFO : pgj127@naver.com 님이 로그아웃 되었습니다.
2022-07-25 08:32:05 [WatchRabbit] INFO : 로그인에 성공했습니다.
2022-07-25 08:32:14 [WatchRabbit] INFO : guentc4@naver.com 님이 로그아웃 되었습니다.
2022-07-25 08:32:21 [WatchRabbit] INFO : 비회원이 노트북를 검색했습니다.
2022-07-25 08:33:02 [WatchRabbit] INFO : 비회원이 노트북를 검색했습니다.
2022-07-25 08:33:13 [WatchRabbit] INFO : 비회원이 노트북를 검색했습니다.
2022-07-25 08:34:13 [WatchRabbit] ERROR : 로그인이 필요한 요청 입니다.
2022-07-25 08:34:15 [WatchRabbit] INFO : 비회원이 노트북를 검색했습니다.
2022-07-25 08:34:22 [WatchRabbit] INFO : 비회원이 노트북를 검색했습니다.
2022-07-25 08:35:05 [WatchRabbit] INFO : 인증번호를 pgj127@naver.com 로 발송했습니다.
2022-07-25 08:35:19 [WatchRabbit] INFO : pgj127@naver.com 이 존재합니다.
2022-07-25 08:35:30 [WatchRabbit] INFO : pgj127@naver.com 님이 로그인에 성공했습니다.
2022-07-25 08:35:34 [WatchRabbit] INFO : pgj127@naver.com 님이 로그아웃 되었습니다.
2022-07-25 08:35:42 [WatchRabbit] ERROR : 비밀번호 불일치
2022-07-25 08:35:42 [WatchRabbit] INFO : 유저 정보가 없어 로그인에 실패했습니다.
2022-07-25 09:31:08 [WatchRabbit] ERROR : 로그인이 필요한 요청 입니다.
2022-07-25 09:31:43 [WatchRabbit] INFO : [development] API Server Start At Port 8443
2022-07-25 09:32:46 [WatchRabbit] ERROR : 로그인이 필요한 요청 입니다.
2022-07-25 09:34:44 [WatchRabbit] ERROR : 로그인이 필요한 요청 입니다.
2022-07-25 09:34:59 [WatchRabbit] ERROR : PASSPORT 유저 아이디 불일치
2022-07-25 09:34:59 [WatchRabbit] INFO : 유저 정보가 없어 로그인에 실패했습니다.
2022-07-25 09:35:21 [WatchRabbit] INFO : 로그인에 성공했습니다.
2022-07-25 09:35:24 [WatchRabbit] INFO : ghdtkdbs12@naver.com 님이 로그아웃 되었습니다.
2022-07-25 09:35:27 [WatchRabbit] INFO : 로그인에 성공했습니다.
2022-07-25 09:35:52 [WatchRabbit] INFO : [object Object] 가 노트북를 검색했습니다.
2022-07-25 09:39:33 [WatchRabbit] INFO : [development] API Server Start At Port 8443
2022-07-25 09:40:03 [WatchRabbit] INFO : 비회원이 노트북를 검색했습니다.
2022-07-25 09:40:10 [WatchRabbit] INFO : [object Object] 가 노트북를 검색했습니다.
2022-07-25 09:40:14 [WatchRabbit] INFO : [object Object] 가 아파트를 검색했습니다.
2022-07-25 09:41:15 [WatchRabbit] INFO : [object Object] 가 마우스를 검색했습니다.
2022-07-25 09:41:21 [WatchRabbit] INFO : [development] API Server Start At Port 8443
2022-07-25 09:41:56 [WatchRabbit] INFO : ghdtkdbs12@naver.com 가 키보드를 검색했습니다.
2022-07-25 09:42:11 [WatchRabbit] INFO : ghdtkdbs12@naver.com 가 키보드를 검색했습니다.
2022-07-25 09:42:45 [WatchRabbit] INFO : ghdtkdbs12@naver.com 가 키보드를 검색했습니다.
2022-07-25 09:43:18 [WatchRabbit] INFO : ghdtkdbs12@naver.com 가 기계식 키보드를 검색했습니다.
2022-07-25 09:43:26 [WatchRabbit] INFO : [development] API Server Start At Port 8443
2022-07-25 09:43:48 [WatchRabbit] INFO : ghdtkdbs12@naver.com 가 전국의 전체에서 노트북를 검색했습니다.
2022-07-25 09:48:46 [WatchRabbit] INFO : [development] API Server Start At Port 8443
2022-07-25 09:48:57 [WatchRabbit] INFO : [development] API Server Start At Port 8443
2022-07-25 09:53:01 [WatchRabbit] INFO : [development] API Server Start At Port 8443
2022-07-25 09:53:41 [WatchRabbit] INFO : [development] API Server Start At Port 8443
2022-07-25 09:54:15 [WatchRabbit] ERROR : 로그인이 필요한 요청 입니다.
2022-07-25 09:54:23 [WatchRabbit] INFO : guentc1@naver.com 님이 로그인에 성공했습니다.
2022-07-25 10:01:30 [WatchRabbit] INFO : [development] API Server Start At Port 8443
2022-07-25 10:02:53 [WatchRabbit] INFO : [development] API Server Start At Port 8443
2022-07-25 10:05:16 [WatchRabbit] INFO : [development] API Server Start At Port 8443
2022-07-25 10:05:33 [WatchRabbit] ERROR : [traceController postUpdateDb]  email is not defined
2022-07-25 10:07:28 [WatchRabbit] INFO : [development] API Server Start At Port 8443
2022-07-25 10:07:32 [WatchRabbit] INFO : [development] API Server Start At Port 8443
2022-07-25 10:07:36 [WatchRabbit] ERROR : [traceController postUpdateDb]  email is not defined
2022-07-25 10:08:13 [WatchRabbit] INFO : [development] API Server Start At Port 8443
2022-07-25 10:08:17 [WatchRabbit] ERROR : guentc1@naver.com 이 존재하지 않습니다.
2022-07-25 10:08:42 [WatchRabbit] INFO : [development] API Server Start At Port 8443
2022-07-25 10:09:28 [WatchRabbit] INFO : guentc1@naver.com 이 존재합니다.
2022-07-25 10:09:49 [WatchRabbit] INFO : [development] API Server Start At Port 8443
2022-07-25 10:09:58 [WatchRabbit] INFO : [development] API Server Start At Port 8443
2022-07-25 10:10:01 [WatchRabbit] INFO : guentc1@naver.com 이 존재합니다.
2022-07-25 10:13:51 [WatchRabbit] INFO : [development] API Server Start At Port 8443
2022-07-25 10:13:54 [WatchRabbit] INFO : [development] API Server Start At Port 8443
2022-07-25 10:13:57 [WatchRabbit] INFO : guentc1@naver.com 이 존재합니다.
2022-07-25 10:14:22 [WatchRabbit] INFO : [development] API Server Start At Port 8443
2022-07-25 10:14:24 [WatchRabbit] INFO : guentc1@naver.com 이 존재합니다.
2022-07-25 10:14:54 [WatchRabbit] INFO : [development] API Server Start At Port 8443
2022-07-25 10:15:24 [WatchRabbit] INFO : [development] API Server Start At Port 8443
2022-07-25 10:15:37 [WatchRabbit] INFO : [development] API Server Start At Port 8443
2022-07-25 10:15:41 [WatchRabbit] INFO : [development] API Server Start At Port 8443
2022-07-25 10:15:57 [WatchRabbit] INFO : [development] API Server Start At Port 8443
2022-07-25 10:15:59 [WatchRabbit] INFO : [traceService checkUserId] guentc1@naver.com 이 존재합니다.
2022-07-25 10:16:15 [WatchRabbit] INFO : [development] API Server Start At Port 8443
2022-07-25 10:16:34 [WatchRabbit] INFO : [development] API Server Start At Port 8443
2022-07-25 10:19:05 [WatchRabbit] INFO : [traceService checkUserId] guentc1@naver.com 이 존재합니다.
2022-07-25 10:21:45 [WatchRabbit] INFO : [development] API Server Start At Port 8443
2022-07-25 10:22:26 [WatchRabbit] INFO : [development] API Server Start At Port 8443
2022-07-25 10:22:59 [WatchRabbit] INFO : [development] API Server Start At Port 8443
2022-07-25 10:23:45 [WatchRabbit] INFO : [development] API Server Start At Port 8443
2022-07-25 10:23:51 [WatchRabbit] INFO : [development] API Server Start At Port 8443
2022-07-25 10:26:03 [WatchRabbit] INFO : [development] API Server Start At Port 8443
2022-07-25 11:13:52 [WatchRabbit] INFO : [development] API Server Start At Port 8443
2022-07-25 11:14:27 [WatchRabbit] INFO : guentc1@naver.com 님이 로그아웃 되었습니다.
2022-07-25 11:14:33 [WatchRabbit] ERROR : 로그인이 필요한 요청 입니다.
2022-07-25 11:14:37 [WatchRabbit] ERROR : 로그인이 필요한 요청 입니다.
2022-07-25 11:14:39 [WatchRabbit] ERROR : 로그인이 필요한 요청 입니다.
2022-07-25 11:18:46 [WatchRabbit] ERROR : 로그인이 필요한 요청 입니다.
2022-07-25 11:18:55 [WatchRabbit] INFO : guentc1@naver.com 님이 로그인에 성공했습니다.
2022-07-25 11:19:18 [WatchRabbit] INFO : guentc1@naver.com 님이 로그아웃 되었습니다.
2022-07-25 11:19:26 [WatchRabbit] INFO : guentc1@naver.com 님이 로그인에 성공했습니다.
2022-07-25 11:19:34 [WatchRabbit] INFO : guentc1@naver.com 님이 로그아웃 되었습니다.
2022-07-25 11:19:45 [WatchRabbit] INFO : guentc1@naver.com 님이 로그인에 성공했습니다.
2022-07-25 11:19:55 [WatchRabbit] INFO : guentc1@naver.com 가 전국의 전체에서 노트북를 검색했습니다.
2022-07-25 11:20:01 [WatchRabbit] INFO : guentc1@naver.com 가 전국의 전체에서 노트ㅜ북를 검색했습니다.
2022-07-25 11:21:17 [WatchRabbit] INFO : guentc1@naver.com 가 전국의 전체에서 노트북를 검색했습니다.
2022-07-25 11:21:24 [WatchRabbit] INFO : guentc1@naver.com 가 전국의 전체에서 노트ㅜㅜ북를 검색했습니다.
2022-07-25 11:24:14 [WatchRabbit] INFO : [development] API Server Start At Port 8443
2022-07-25 11:24:23 [WatchRabbit] INFO : guentc1@naver.com 가 전국의 전체에서 노트부ㅠㅜㅜㅂㄱ를 검색했습니다.
2022-07-25 11:25:21 [WatchRabbit] INFO : guentc1@naver.com 가 전국의 전체에서 노트부굽굽굽구를 검색했습니다.
2022-07-25 11:25:26 [WatchRabbit] INFO : guentc1@naver.com 가 전국의 전체에서 ㅁ나러ㅏㅈㄴㄷㅊㄹ를 검색했습니다.
2022-07-25 11:25:30 [WatchRabbit] INFO : guentc1@naver.com 가 전국의 전체에서 노트북를 검색했습니다.
2022-07-25 11:25:39 [WatchRabbit] INFO : guentc1@naver.com 가 전국의 전체에서 노트북를 검색했습니다.
2022-07-25 11:26:53 [WatchRabbit] INFO : guentc1@naver.com 가 전국의 전체에서 노트북를 검색했습니다.
2022-07-25 11:27:00 [WatchRabbit] INFO : guentc1@naver.com 가 전국의 전체에서 노트북를 검색했습니다.
2022-07-25 11:27:12 [WatchRabbit] INFO : guentc1@naver.com 가 부산의 강서구에서 휴대폰를 검색했습니다.
2022-07-25 11:27:25 [WatchRabbit] INFO : guentc1@naver.com 가 부산의 강서구에서 휴대폰짐벌를 검색했습니다.
2022-07-25 11:27:34 [WatchRabbit] INFO : guentc1@naver.com 가 전국의 전체에서 휴대폰짐벌를 검색했습니다.
2022-07-25 11:27:43 [WatchRabbit] INFO : guentc1@naver.com 가 전국의 전체에서 스마트폰짐벌를 검색했습니다.
2022-07-25 11:28:10 [WatchRabbit] INFO : guentc1@naver.com 님이 로그아웃 되었습니다.
2022-07-25 11:28:18 [WatchRabbit] ERROR : 로그인이 필요한 요청 입니다.
2022-07-25 11:28:19 [WatchRabbit] ERROR : 로그인이 필요한 요청 입니다.
2022-07-25 11:29:06 [WatchRabbit] INFO : 로그인에 성공했습니다.
2022-07-25 11:29:09 [WatchRabbit] INFO : guentc4@naver.com 님이 로그아웃 되었습니다.
2022-07-25 16:12:47 [WatchRabbit] INFO : [development] API Server Start At Port 8443
2022-07-25 16:13:08 [WatchRabbit] ERROR : 로그인이 필요한 요청 입니다.
2022-07-25 16:13:22 [WatchRabbit] INFO : guentc1@naver.com 님이 로그인에 성공했습니다.
2022-07-25 16:13:31 [WatchRabbit] INFO : guentc1@naver.com 님이 로그아웃 되었습니다.
2022-07-25 16:13:52 [WatchRabbit] INFO : 로그인에 성공했습니다.
2022-07-25 16:14:55 [WatchRabbit] INFO : [development] API Server Start At Port 8443
2022-07-25 16:14:59 [WatchRabbit] INFO : jmbaek07@gmail.com 님이 로그아웃 되었습니다.
2022-07-25 16:15:03 [WatchRabbit] INFO : 로그인에 성공했습니다.
2022-07-25 16:15:09 [WatchRabbit] INFO : jmbaek07@gmail.com 님이 로그아웃 되었습니다.
2022-07-25 16:23:56 [WatchRabbit] INFO : 로그인에 성공했습니다.
2022-07-25 16:24:05 [WatchRabbit] INFO : guentc4@naver.com 님이 로그아웃 되었습니다.
2022-07-25 16:24:10 [WatchRabbit] INFO : 로그인에 성공했습니다.
2022-07-25 16:37:58 [WatchRabbit] INFO : [development] API Server Start At Port 8443
2022-07-25 16:38:10 [WatchRabbit] INFO : guentc4@naver.com 님이 로그아웃 되었습니다.
2022-07-25 16:38:15 [WatchRabbit] INFO : 로그인에 성공했습니다.
2022-07-25 16:38:37 [WatchRabbit] INFO : [development] API Server Start At Port 8443
2022-07-25 16:39:36 [WatchRabbit] INFO : [development] API Server Start At Port 8443
2022-07-25 16:39:43 [WatchRabbit] INFO : [development] API Server Start At Port 8443
2022-07-25 16:39:47 [WatchRabbit] INFO : jmbaek07@gmail.com 님이 로그아웃 되었습니다.
2022-07-25 16:39:50 [WatchRabbit] INFO : 로그인에 성공했습니다.
2022-07-25 16:41:17 [WatchRabbit] INFO : [development] API Server Start At Port 8443
2022-07-25 16:41:19 [WatchRabbit] INFO : jmbaek07@gmail.com 님이 로그아웃 되었습니다.
2022-07-25 16:41:21 [WatchRabbit] INFO : 로그인에 성공했습니다.
2022-07-25 16:41:30 [WatchRabbit] INFO : [development] API Server Start At Port 8443
2022-07-25 16:42:10 [WatchRabbit] INFO : jmbaek07@gmail.com 님이 로그아웃 되었습니다.
2022-07-25 16:42:13 [WatchRabbit] INFO : 로그인에 성공했습니다.
2022-07-25 16:42:39 [WatchRabbit] INFO : [development] API Server Start At Port 8443
2022-07-25 16:42:46 [WatchRabbit] INFO : jmbaek07@gmail.com 님이 로그아웃 되었습니다.
2022-07-25 16:42:49 [WatchRabbit] INFO : 로그인에 성공했습니다.
2022-07-25 16:43:02 [WatchRabbit] INFO : jmbaek07@gmail.com 님이 로그아웃 되었습니다.
2022-07-25 16:43:05 [WatchRabbit] INFO : 로그인에 성공했습니다.
2022-07-25 22:13:29 [WatchRabbit] INFO : [development] API Server Start At Port 8443
2022-07-25 22:13:34 [WatchRabbit] ERROR : 로그인이 필요한 요청 입니다.
2022-07-25 22:13:43 [WatchRabbit] ERROR : 비밀번호 불일치
2022-07-25 22:13:43 [WatchRabbit] INFO : 유저 정보가 없어 로그인에 실패했습니다.
2022-07-25 22:13:46 [WatchRabbit] INFO : guentc1@naver.com 님이 로그인에 성공했습니다.
2022-07-25 22:13:56 [WatchRabbit] INFO : guentc1@naver.com 님이 로그아웃 되었습니다.
2022-07-25 22:14:23 [WatchRabbit] INFO : 인증번호를 guentc1@naver.com 로 발송했습니다.
2022-07-25 22:14:29 [WatchRabbit] INFO : 회원가입에 성공했습니다.
2022-07-25 22:14:36 [WatchRabbit] INFO : guentc1@naver.com 님이 로그인에 성공했습니다.
2022-07-25 22:16:51 [WatchRabbit] INFO : [development] API Server Start At Port 8443
2022-07-25 22:16:53 [WatchRabbit] INFO : guentc1@naver.com 님이 로그아웃 되었습니다.
2022-07-25 22:17:09 [WatchRabbit] ERROR : PASSPORT 유저 아이디 불일치
2022-07-25 22:17:09 [WatchRabbit] INFO : 유저 정보가 없어 로그인에 실패했습니다.
2022-07-25 22:17:20 [WatchRabbit] INFO : 인증번호를 guentc1@naver.com 로 발송했습니다.
2022-07-25 22:17:25 [WatchRabbit] ERROR : [authProvider userDao postTrace] You have an error in your SQL syntax; check the manual that corresponds to your MySQL server version for the right syntax to use near '46, 1' at line 2
2022-07-25 22:19:28 [WatchRabbit] INFO : [development] API Server Start At Port 8443
2022-07-25 22:23:26 [WatchRabbit] INFO : [development] API Server Start At Port 8443
2022-07-25 22:23:33 [WatchRabbit] INFO : guentc1@naver.com 이메일 중복입니다.
2022-07-25 22:23:47 [WatchRabbit] INFO : 인증번호를 guentc1@naver.com 로 발송했습니다.
2022-07-25 22:23:53 [WatchRabbit] ERROR : [authProvider userDao postTrace] You have an error in your SQL syntax; check the manual that corresponds to your MySQL server version for the right syntax to use near '47, 1' at line 2
2022-07-25 22:24:34 [WatchRabbit] INFO : [development] API Server Start At Port 8443
2022-07-25 22:24:53 [WatchRabbit] INFO : 인증번호를 guentc1@naver.com 로 발송했습니다.
2022-07-25 22:25:00 [WatchRabbit] ERROR : [authProvider userDao postTrace] Cannot add or update a child row: a foreign key constraint fails (`Schema_Carrot`.`Trace`, CONSTRAINT `FK_Trace_traceIdx_TraceItem_traceIdx` FOREIGN KEY (`traceIdx`) REFERENCES `TraceItem` (`traceIdx`) ON DELETE RESTRICT ON UPDATE RESTRICT)
