2022-07-22 04:52:17 [WatchRabbit] INFO : [development] API Server Start At Port 8443
2022-07-22 04:53:13 [WatchRabbit] INFO : undefined 가 sd를 검색했습니다.
2022-07-22 04:53:22 [WatchRabbit] INFO : undefined 가 노트북를 검색했습니다.
2022-07-22 04:54:07 [WatchRabbit] INFO : [development] API Server Start At Port 8443
2022-07-22 04:55:02 [WatchRabbit] INFO : undefined 가 노트북를 검색했습니다.
2022-07-22 04:55:29 [WatchRabbit] INFO : [development] API Server Start At Port 8443
2022-07-22 04:56:03 [WatchRabbit] INFO : undefined 가 노트북를 검색했습니다.
2022-07-22 04:56:32 [WatchRabbit] INFO : undefined 가 노트북를 검색했습니다.
2022-07-22 04:56:47 [WatchRabbit] INFO : undefined 가 노트북를 검색했습니다.
2022-07-22 04:57:45 [WatchRabbit] INFO : [development] API Server Start At Port 8443
2022-07-22 04:57:48 [WatchRabbit] INFO : undefined 가 노트북를 검색했습니다.
2022-07-22 04:58:41 [WatchRabbit] INFO : [development] API Server Start At Port 8443
2022-07-22 04:58:52 [WatchRabbit] INFO : undefined 가 마우스를 검색했습니다.
2022-07-22 04:59:22 [WatchRabbit] INFO : undefined 가 꽃를 검색했습니다.
2022-07-22 05:00:28 [WatchRabbit] INFO : [development] API Server Start At Port 8443
2022-07-22 05:00:33 [WatchRabbit] INFO : [development] API Server Start At Port 8443
2022-07-22 05:00:53 [WatchRabbit] INFO : undefined 가 노트북를 검색했습니다.
2022-07-22 05:01:34 [WatchRabbit] INFO : [development] API Server Start At Port 8443
2022-07-22 05:01:53 [WatchRabbit] INFO : [development] API Server Start At Port 8443
2022-07-22 05:01:56 [WatchRabbit] ERROR : [postSearchItem] Cannot read properties of undefined (reading 'email')
2022-07-22 05:02:15 [WatchRabbit] INFO : [development] API Server Start At Port 8443
2022-07-22 05:03:08 [WatchRabbit] INFO : [development] API Server Start At Port 8443
2022-07-22 05:03:09 [WatchRabbit] INFO : undefined 가 마우스를 검색했습니다.
2022-07-22 05:03:25 [WatchRabbit] INFO : [development] API Server Start At Port 8443
2022-07-22 05:03:33 [WatchRabbit] ERROR : [postSearchItem] Cannot read properties of undefined (reading 'email')
2022-07-22 05:03:51 [WatchRabbit] INFO : [development] API Server Start At Port 8443
2022-07-22 05:03:55 [WatchRabbit] ERROR : [postSearchItem] Cannot read properties of undefined (reading 'email')
2022-07-22 05:04:11 [WatchRabbit] INFO : [development] API Server Start At Port 8443
2022-07-22 05:04:12 [WatchRabbit] INFO : 로그인에 성공했습니다.
2022-07-22 05:04:46 [WatchRabbit] INFO : [development] API Server Start At Port 8443
2022-07-22 05:04:48 [WatchRabbit] INFO : [development] API Server Start At Port 8443
2022-07-22 05:04:50 [WatchRabbit] INFO : [object Object] 가 노트북를 검색했습니다.
2022-07-22 05:07:26 [WatchRabbit] INFO : [development] API Server Start At Port 8443
2022-07-22 05:13:50 [WatchRabbit] INFO : [development] API Server Start At Port 8443
2022-07-22 05:14:17 [WatchRabbit] INFO : [object Object] 가 노트북를 검색했습니다.
2022-07-22 05:15:03 [WatchRabbit] INFO : [object Object] 가 노트북를 검색했습니다.
2022-07-22 05:15:36 [WatchRabbit] INFO : [object Object] 가 노트북를 검색했습니다.
2022-07-22 05:17:34 [WatchRabbit] INFO : undefined 가 노트북를 검색했습니다.
2022-07-22 05:19:28 [WatchRabbit] INFO : undefined 가 노트북를 검색했습니다.
2022-07-22 05:20:23 [WatchRabbit] INFO : undefined 가 노트북를 검색했습니다.
2022-07-22 05:21:37 [WatchRabbit] INFO : undefined 가 노트북를 검색했습니다.
2022-07-22 05:21:48 [WatchRabbit] INFO : undefined 가 마우스를 검색했습니다.
2022-07-22 05:21:54 [WatchRabbit] INFO : undefined 가 노트북를 검색했습니다.
2022-07-22 05:22:03 [WatchRabbit] INFO : undefined 가 마우스를 검색했습니다.
2022-07-22 05:22:05 [WatchRabbit] INFO : undefined 가 마우스를 검색했습니다.
2022-07-22 05:22:10 [WatchRabbit] INFO : undefined 가 컴퓨터를 검색했습니다.
2022-07-22 05:22:40 [WatchRabbit] INFO : undefined 가 노트북를 검색했습니다.
2022-07-22 05:22:49 [WatchRabbit] INFO : undefined 가 쿠폰를 검색했습니다.
2022-07-22 05:22:59 [WatchRabbit] INFO : undefined 가 쿠폰를 검색했습니다.
2022-07-22 05:23:07 [WatchRabbit] INFO : undefined 가 노트북를 검색했습니다.
2022-07-22 05:23:12 [WatchRabbit] INFO : undefined 가 컴퓨터를 검색했습니다.
2022-07-22 05:24:10 [WatchRabbit] INFO : undefined 가 노트북를 검색했습니다.
2022-07-22 05:28:00 [WatchRabbit] INFO : undefined 가 노트북를 검색했습니다.
2022-07-22 05:28:18 [WatchRabbit] INFO : undefined 가 노트북를 검색했습니다.
2022-07-22 05:28:23 [WatchRabbit] INFO : undefined 가 노트북를 검색했습니다.
2022-07-22 05:28:29 [WatchRabbit] INFO : undefined 가 노트북를 검색했습니다.
2022-07-22 06:05:12 [WatchRabbit] INFO : [object Object] 가 노트북를 검색했습니다.
2022-07-22 06:05:47 [WatchRabbit] INFO : [object Object] 가 노트북를 검색했습니다.
2022-07-22 06:07:56 [WatchRabbit] INFO : [object Object] 가 마우스를 검색했습니다.
2022-07-22 06:35:02 [WatchRabbit] INFO : [development] API Server Start At Port 8443
2022-07-22 06:39:38 [WatchRabbit] INFO : undefined 가 노트북를 검색했습니다.
2022-07-22 06:39:40 [WatchRabbit] INFO : undefined 가 노트북를 검색했습니다.
2022-07-22 06:39:50 [WatchRabbit] INFO : undefined 가 노트북를 검색했습니다.
2022-07-22 06:39:55 [WatchRabbit] INFO : undefined 가 마우스를 검색했습니다.
2022-07-22 06:40:24 [WatchRabbit] INFO : undefined 가 쿠폰를 검색했습니다.
2022-07-22 06:55:56 [WatchRabbit] INFO : undefined 가 노트북를 검색했습니다.
2022-07-22 06:55:59 [WatchRabbit] INFO : undefined 가 노트북를 검색했습니다.
2022-07-22 07:02:08 [WatchRabbit] INFO : undefined 가 노트북를 검색했습니다.
2022-07-22 07:02:09 [WatchRabbit] INFO : undefined 가 노트북를 검색했습니다.
2022-07-22 07:02:14 [WatchRabbit] INFO : undefined 가 노트북를 검색했습니다.
2022-07-22 07:11:48 [WatchRabbit] INFO : undefined 가 노트북를 검색했습니다.
2022-07-22 07:11:56 [WatchRabbit] INFO : undefined 가 노트북를 검색했습니다.
2022-07-22 07:12:06 [WatchRabbit] INFO : undefined 가 노트북를 검색했습니다.
2022-07-22 07:12:08 [WatchRabbit] INFO : undefined 가 노트북를 검색했습니다.
2022-07-22 07:25:57 [WatchRabbit] INFO : undefined 가 노트북를 검색했습니다.
2022-07-22 07:26:06 [WatchRabbit] INFO : undefined 가 노트북를 검색했습니다.
2022-07-22 07:27:44 [WatchRabbit] INFO : undefined 가 노트북를 검색했습니다.
2022-07-22 07:27:50 [WatchRabbit] INFO : undefined 가 노트북를 검색했습니다.
2022-07-22 07:28:19 [WatchRabbit] INFO : undefined 가 휴대폰를 검색했습니다.
2022-07-22 07:28:27 [WatchRabbit] INFO : undefined 가 노트북를 검색했습니다.
2022-07-22 07:28:38 [WatchRabbit] INFO : undefined 가 노트북를 검색했습니다.
2022-07-22 07:31:29 [WatchRabbit] INFO : undefined 가 노트북를 검색했습니다.
2022-07-22 07:31:30 [WatchRabbit] INFO : undefined 가 노트북를 검색했습니다.
2022-07-22 07:31:41 [WatchRabbit] INFO : undefined 가 노트북를 검색했습니다.
2022-07-22 07:32:04 [WatchRabbit] INFO : undefined 가 노트북를 검색했습니다.
2022-07-22 07:33:34 [WatchRabbit] INFO : undefined 가 노트북를 검색했습니다.
2022-07-22 07:33:35 [WatchRabbit] INFO : undefined 가 노트북를 검색했습니다.
2022-07-22 07:33:46 [WatchRabbit] INFO : undefined 가 노트북를 검색했습니다.
2022-07-22 07:33:47 [WatchRabbit] INFO : undefined 가 노트북를 검색했습니다.
2022-07-22 07:34:00 [WatchRabbit] INFO : undefined 가 노트북를 검색했습니다.
2022-07-22 07:34:45 [WatchRabbit] INFO : undefined 가 노트북를 검색했습니다.
2022-07-22 07:42:03 [WatchRabbit] INFO : undefined 가 노트북를 검색했습니다.
2022-07-22 07:42:08 [WatchRabbit] INFO : undefined 가 노트북를 검색했습니다.
2022-07-22 07:42:23 [WatchRabbit] INFO : undefined 가 노트북를 검색했습니다.
2022-07-22 07:42:41 [WatchRabbit] INFO : undefined 가 노트북를 검색했습니다.
2022-07-22 07:42:59 [WatchRabbit] INFO : undefined 가 휴대폰를 검색했습니다.
2022-07-22 07:43:04 [WatchRabbit] INFO : undefined 가 자전거를 검색했습니다.
2022-07-22 07:51:14 [WatchRabbit] INFO : undefined 가 자전거를 검색했습니다.
2022-07-22 07:51:31 [WatchRabbit] INFO : undefined 가 자전거를 검색했습니다.
2022-07-22 07:51:48 [WatchRabbit] INFO : undefined 가 자전거를 검색했습니다.
2022-07-22 07:51:55 [WatchRabbit] INFO : undefined 가 자전거를 검색했습니다.
2022-07-22 07:51:56 [WatchRabbit] INFO : undefined 가 자전거를 검색했습니다.
2022-07-22 07:51:56 [WatchRabbit] INFO : undefined 가 자전거를 검색했습니다.
2022-07-22 07:52:53 [WatchRabbit] INFO : undefined 가 자전거를 검색했습니다.
2022-07-22 07:53:01 [WatchRabbit] INFO : undefined 가 자전거를 검색했습니다.
2022-07-22 07:53:05 [WatchRabbit] INFO : undefined 가 자전거를 검색했습니다.
2022-07-22 07:53:06 [WatchRabbit] INFO : undefined 가 자전거를 검색했습니다.
2022-07-22 07:53:06 [WatchRabbit] INFO : undefined 가 자전거를 검색했습니다.
2022-07-22 07:53:07 [WatchRabbit] INFO : undefined 가 자전거를 검색했습니다.
2022-07-22 07:53:08 [WatchRabbit] INFO : undefined 가 자전거를 검색했습니다.
2022-07-22 07:53:09 [WatchRabbit] INFO : undefined 가 자전거를 검색했습니다.
2022-07-22 07:53:09 [WatchRabbit] INFO : undefined 가 자전거를 검색했습니다.
2022-07-22 07:53:09 [WatchRabbit] INFO : undefined 가 자전거를 검색했습니다.
2022-07-22 07:53:09 [WatchRabbit] INFO : undefined 가 자전거를 검색했습니다.
2022-07-22 07:53:52 [WatchRabbit] INFO : undefined 가 자전거를 검색했습니다.
2022-07-22 07:53:55 [WatchRabbit] INFO : undefined 가 자전거를 검색했습니다.
2022-07-22 07:53:56 [WatchRabbit] INFO : undefined 가 자전거를 검색했습니다.
2022-07-22 07:53:57 [WatchRabbit] INFO : undefined 가 자전거를 검색했습니다.
2022-07-22 07:53:58 [WatchRabbit] INFO : undefined 가 자전거를 검색했습니다.
2022-07-22 07:53:58 [WatchRabbit] INFO : undefined 가 자전거를 검색했습니다.
2022-07-22 07:53:58 [WatchRabbit] INFO : undefined 가 자전거를 검색했습니다.
2022-07-22 07:53:59 [WatchRabbit] INFO : undefined 가 자전거를 검색했습니다.
2022-07-22 07:53:59 [WatchRabbit] INFO : undefined 가 자전거를 검색했습니다.
2022-07-22 07:54:00 [WatchRabbit] INFO : undefined 가 자전거를 검색했습니다.
2022-07-22 07:54:00 [WatchRabbit] INFO : undefined 가 자전거를 검색했습니다.
2022-07-22 07:54:00 [WatchRabbit] INFO : undefined 가 자전거를 검색했습니다.
2022-07-22 07:54:00 [WatchRabbit] INFO : undefined 가 자전거를 검색했습니다.
2022-07-22 07:54:18 [WatchRabbit] INFO : undefined 가 자전거를 검색했습니다.
2022-07-22 07:54:20 [WatchRabbit] INFO : undefined 가 자전거를 검색했습니다.
2022-07-22 07:54:21 [WatchRabbit] INFO : undefined 가 자전거를 검색했습니다.
2022-07-22 07:54:22 [WatchRabbit] INFO : undefined 가 자전거를 검색했습니다.
2022-07-22 07:54:22 [WatchRabbit] INFO : undefined 가 자전거를 검색했습니다.
2022-07-22 07:54:22 [WatchRabbit] INFO : undefined 가 자전거를 검색했습니다.
2022-07-22 07:54:23 [WatchRabbit] INFO : undefined 가 자전거를 검색했습니다.
2022-07-22 07:54:23 [WatchRabbit] INFO : undefined 가 자전거를 검색했습니다.
2022-07-22 07:54:24 [WatchRabbit] INFO : undefined 가 자전거를 검색했습니다.
2022-07-22 07:54:25 [WatchRabbit] INFO : undefined 가 자전거를 검색했습니다.
2022-07-22 07:54:25 [WatchRabbit] INFO : undefined 가 자전거를 검색했습니다.
2022-07-22 07:54:25 [WatchRabbit] INFO : undefined 가 자전거를 검색했습니다.
2022-07-22 07:54:25 [WatchRabbit] INFO : undefined 가 자전거를 검색했습니다.
2022-07-22 07:54:25 [WatchRabbit] INFO : undefined 가 자전거를 검색했습니다.
2022-07-22 07:54:33 [WatchRabbit] INFO : undefined 가 자전거를 검색했습니다.
2022-07-22 07:54:33 [WatchRabbit] INFO : undefined 가 자전거를 검색했습니다.
2022-07-22 07:54:33 [WatchRabbit] INFO : undefined 가 자전거를 검색했습니다.
2022-07-22 07:54:34 [WatchRabbit] INFO : undefined 가 자전거를 검색했습니다.
2022-07-22 07:54:34 [WatchRabbit] INFO : undefined 가 자전거를 검색했습니다.
2022-07-22 07:54:34 [WatchRabbit] INFO : undefined 가 자전거를 검색했습니다.
2022-07-22 07:54:36 [WatchRabbit] INFO : undefined 가 자전거를 검색했습니다.
2022-07-22 07:54:36 [WatchRabbit] INFO : undefined 가 자전거를 검색했습니다.
2022-07-22 07:54:36 [WatchRabbit] INFO : undefined 가 자전거를 검색했습니다.
2022-07-22 07:54:37 [WatchRabbit] INFO : undefined 가 자전거를 검색했습니다.
2022-07-22 07:54:37 [WatchRabbit] INFO : undefined 가 자전거를 검색했습니다.
2022-07-22 07:54:37 [WatchRabbit] INFO : undefined 가 자전거를 검색했습니다.
2022-07-22 07:54:39 [WatchRabbit] INFO : undefined 가 자전거를 검색했습니다.
2022-07-22 07:54:39 [WatchRabbit] INFO : undefined 가 자전거를 검색했습니다.
2022-07-22 07:54:39 [WatchRabbit] INFO : undefined 가 자전거를 검색했습니다.
2022-07-22 07:54:39 [WatchRabbit] INFO : undefined 가 자전거를 검색했습니다.
2022-07-22 07:54:40 [WatchRabbit] INFO : undefined 가 자전거를 검색했습니다.
2022-07-22 07:54:40 [WatchRabbit] INFO : undefined 가 자전거를 검색했습니다.
2022-07-22 07:54:41 [WatchRabbit] INFO : undefined 가 자전거를 검색했습니다.
2022-07-22 07:54:41 [WatchRabbit] INFO : undefined 가 자전거를 검색했습니다.
2022-07-22 07:54:41 [WatchRabbit] INFO : undefined 가 자전거를 검색했습니다.
2022-07-22 07:54:54 [WatchRabbit] INFO : undefined 가 자전거를 검색했습니다.
2022-07-22 07:56:25 [WatchRabbit] INFO : undefined 가 자전거를 검색했습니다.
2022-07-22 07:56:25 [WatchRabbit] INFO : undefined 가 자전거를 검색했습니다.
2022-07-22 07:57:36 [WatchRabbit] INFO : undefined 가 자전거를 검색했습니다.
2022-07-22 07:57:58 [WatchRabbit] INFO : undefined 가 노트북를 검색했습니다.
2022-07-22 07:58:10 [WatchRabbit] INFO : undefined 가 노트북를 검색했습니다.
2022-07-22 07:59:57 [WatchRabbit] INFO : undefined 가 자전거를 검색했습니다.
2022-07-22 08:00:32 [WatchRabbit] INFO : undefined 가 자전거를 검색했습니다.
2022-07-22 08:38:26 [WatchRabbit] INFO : [development] API Server Start At Port 8443
2022-07-22 08:39:41 [WatchRabbit] INFO : undefined 가 자전거를 검색했습니다.
2022-07-22 08:39:54 [WatchRabbit] INFO : undefined 가 노트북를 검색했습니다.
2022-07-22 08:43:58 [WatchRabbit] INFO : undefined 가 노트북를 검색했습니다.
2022-07-22 08:44:33 [WatchRabbit] INFO : undefined 가 휴대폰를 검색했습니다.
2022-07-22 08:46:35 [WatchRabbit] INFO : undefined 가 노트북를 검색했습니다.
2022-07-22 08:58:45 [WatchRabbit] INFO : undefined 가 노트북를 검색했습니다.
2022-07-22 08:58:46 [WatchRabbit] INFO : undefined 가 노트북를 검색했습니다.
2022-07-22 09:01:28 [WatchRabbit] INFO : undefined 가 노트북를 검색했습니다.
2022-07-22 09:02:07 [WatchRabbit] INFO : undefined 가 노트북를 검색했습니다.
2022-07-22 09:04:16 [WatchRabbit] INFO : undefined 가 마우스를 검색했습니다.
2022-07-22 09:05:49 [WatchRabbit] INFO : undefined 가 로지텍 마우스를 검색했습니다.
2022-07-22 09:07:12 [WatchRabbit] INFO : undefined 가 마우스를 검색했습니다.
2022-07-22 09:09:46 [WatchRabbit] INFO : undefined 가 키보드를 검색했습니다.
2022-07-22 09:10:01 [WatchRabbit] INFO : undefined 가 키보드를 검색했습니다.
2022-07-22 09:18:29 [WatchRabbit] INFO : undefined 가 키보드를 검색했습니다.
2022-07-22 09:18:33 [WatchRabbit] INFO : undefined 가 키보드를 검색했습니다.
2022-07-22 09:18:50 [WatchRabbit] INFO : undefined 가 로지텍 키보드를 검색했습니다.
2022-07-22 09:21:41 [WatchRabbit] INFO : undefined 가 노트북를 검색했습니다.
2022-07-22 09:21:48 [WatchRabbit] INFO : undefined 가 노트북를 검색했습니다.
