2022-08-31 11:44:19 [WatchRabbit] INFO : [development] API Server Start At Port 8443
2022-08-31 11:44:20 [WatchRabbit] INFO : 데이터베이스 연결 성공
2022-08-31 11:44:43 [WatchRabbit] ERROR : 로그인이 필요한 요청 입니다.
2022-08-31 11:44:53 [WatchRabbit] INFO : guentc1@naver.com 님이 로그인에 성공했습니다.
2022-08-31 11:44:58 [WatchRabbit] INFO : guentc1@naver.com 님이 로그아웃 되었습니다.
2022-08-31 11:45:11 [WatchRabbit] ERROR : [passport KakaoStrategy] commonDao.snsCheckUser is not a function
2022-08-31 11:50:43 [WatchRabbit] INFO : [development] API Server Start At Port 8443
2022-08-31 11:50:44 [WatchRabbit] INFO : 데이터베이스 연결 성공
2022-08-31 11:50:52 [WatchRabbit] INFO : [development] API Server Start At Port 8443
2022-08-31 11:50:52 [WatchRabbit] INFO : 데이터베이스 연결 성공
2022-08-31 11:52:17 [WatchRabbit] INFO : [development] API Server Start At Port 8443
2022-08-31 11:52:17 [WatchRabbit] INFO : 데이터베이스 연결 성공
2022-08-31 11:52:33 [WatchRabbit] INFO : [development] API Server Start At Port 8443
2022-08-31 11:52:33 [WatchRabbit] INFO : 데이터베이스 연결 성공
2022-08-31 11:52:51 [WatchRabbit] ERROR : authorization code not found for code=EklwEeAPk8tF_fdPrrWvsobEbz5TZszZ-GbDVBKiC5oaos3bdoIQVWfgv431YZhm3l-frwo9dVwAAAGC8cnQLQ
2022-08-31 11:54:40 [WatchRabbit] INFO : [development] API Server Start At Port 8443
2022-08-31 11:54:40 [WatchRabbit] INFO : 데이터베이스 연결 성공
2022-08-31 11:54:45 [WatchRabbit] ERROR : authorization code not found for code=EklwEeAPk8tF_fdPrrWvsobEbz5TZszZ-GbDVBKiC5oaos3bdoIQVWfgv431YZhm3l-frwo9dVwAAAGC8cnQLQ
2022-08-31 11:54:57 [WatchRabbit] ERROR : authorization code not found for code=EklwEeAPk8tF_fdPrrWvsobEbz5TZszZ-GbDVBKiC5oaos3bdoIQVWfgv431YZhm3l-frwo9dVwAAAGC8cnQLQ
2022-08-31 11:55:01 [WatchRabbit] ERROR : authorization code not found for code=EklwEeAPk8tF_fdPrrWvsobEbz5TZszZ-GbDVBKiC5oaos3bdoIQVWfgv431YZhm3l-frwo9dVwAAAGC8cnQLQ
2022-08-31 11:55:11 [WatchRabbit] ERROR : 로그인이 필요한 요청 입니다.
2022-08-31 12:01:39 [WatchRabbit] INFO : [development] API Server Start At Port 8443
2022-08-31 12:01:39 [WatchRabbit] INFO : 데이터베이스 연결 성공
2022-08-31 12:09:47 [WatchRabbit] ERROR : 로그인이 필요한 요청 입니다.
2022-08-31 12:09:48 [WatchRabbit] ERROR : 로그인이 필요한 요청 입니다.
2022-08-31 12:09:48 [WatchRabbit] ERROR : 로그인이 필요한 요청 입니다.
2022-08-31 12:09:48 [WatchRabbit] ERROR : 로그인이 필요한 요청 입니다.
2022-08-31 12:09:48 [WatchRabbit] ERROR : 로그인이 필요한 요청 입니다.
2022-08-31 12:09:48 [WatchRabbit] ERROR : 로그인이 필요한 요청 입니다.
2022-08-31 12:10:01 [WatchRabbit] ERROR : 로그인이 필요한 요청 입니다.
2022-08-31 12:16:18 [WatchRabbit] ERROR : 로그인이 필요한 요청 입니다.
2022-08-31 12:21:34 [WatchRabbit] ERROR : 로그인이 필요한 요청 입니다.
2022-08-31 12:25:09 [WatchRabbit] ERROR : 로그인이 필요한 요청 입니다.
2022-08-31 12:25:39 [WatchRabbit] ERROR : 로그인이 필요한 요청 입니다.
2022-08-31 12:25:39 [WatchRabbit] ERROR : 로그인이 필요한 요청 입니다.
2022-08-31 12:25:39 [WatchRabbit] ERROR : 로그인이 필요한 요청 입니다.
2022-08-31 12:25:39 [WatchRabbit] ERROR : 로그인이 필요한 요청 입니다.
2022-08-31 12:25:39 [WatchRabbit] ERROR : 로그인이 필요한 요청 입니다.
2022-08-31 12:25:44 [WatchRabbit] ERROR : 로그인이 필요한 요청 입니다.
2022-08-31 12:25:44 [WatchRabbit] ERROR : 로그인이 필요한 요청 입니다.
2022-08-31 12:25:44 [WatchRabbit] ERROR : 로그인이 필요한 요청 입니다.
2022-08-31 12:25:44 [WatchRabbit] ERROR : 로그인이 필요한 요청 입니다.
2022-08-31 12:25:44 [WatchRabbit] ERROR : 로그인이 필요한 요청 입니다.
2022-08-31 12:32:53 [WatchRabbit] ERROR : 로그인이 필요한 요청 입니다.
2022-08-31 12:36:09 [WatchRabbit] ERROR : 로그인이 필요한 요청 입니다.
2022-08-31 12:36:09 [WatchRabbit] ERROR : 로그인이 필요한 요청 입니다.
2022-08-31 12:36:09 [WatchRabbit] ERROR : 로그인이 필요한 요청 입니다.
2022-08-31 12:36:09 [WatchRabbit] ERROR : 로그인이 필요한 요청 입니다.
2022-08-31 12:36:09 [WatchRabbit] ERROR : 로그인이 필요한 요청 입니다.
2022-08-31 16:42:45 [WatchRabbit] INFO : [development] API Server Start At Port 8443
2022-08-31 16:42:45 [WatchRabbit] INFO : 데이터베이스 연결 성공
2022-08-31 17:59:17 [WatchRabbit] ERROR : 로그인이 필요한 요청 입니다.
2022-08-31 18:01:57 [WatchRabbit] ERROR : 로그인이 필요한 요청 입니다.
