2022-08-03 01:27:44 [WatchRabbit] INFO : [development] API Server Start At Port 8443
2022-08-03 01:29:40 [WatchRabbit] ERROR : 로그인이 필요한 요청 입니다.
2022-08-03 01:29:47 [WatchRabbit] INFO : jmbaek07@gmail.com 님이 구글 로그인에 성공했습니다.
2022-08-03 01:29:51 [WatchRabbit] INFO : [traceService checkUserId] jmbaek07@gmail.com 이 존재합니다.
2022-08-03 01:29:51 [WatchRabbit] INFO : 테이블 조회가 되었습니다.
2022-08-03 01:29:51 [WatchRabbit] INFO : [traceService checkUserId] jmbaek07@gmail.com 이 존재합니다.
2022-08-03 01:29:51 [WatchRabbit] INFO : 테이블 조회가 되었습니다.
2022-08-03 01:29:51 [WatchRabbit] INFO : [traceService checkUserId] jmbaek07@gmail.com 이 존재합니다.
2022-08-03 01:29:51 [WatchRabbit] INFO : 테이블 조회가 되었습니다.
2022-08-03 01:29:51 [WatchRabbit] INFO : [traceService checkUserId] jmbaek07@gmail.com 이 존재합니다.
2022-08-03 01:29:51 [WatchRabbit] INFO : 테이블 조회가 되었습니다.
2022-08-03 01:29:51 [WatchRabbit] INFO : [traceService checkUserId] jmbaek07@gmail.com 이 존재합니다.
2022-08-03 01:29:51 [WatchRabbit] INFO : 테이블 조회가 되었습니다.
2022-08-03 01:36:50 [WatchRabbit] INFO : [traceService checkUserId] jmbaek07@gmail.com 이 존재합니다.
2022-08-03 01:36:50 [WatchRabbit] INFO : 테이블 조회가 되었습니다.
2022-08-03 01:36:50 [WatchRabbit] INFO : [traceService checkUserId] jmbaek07@gmail.com 이 존재합니다.
2022-08-03 01:36:50 [WatchRabbit] INFO : 테이블 조회가 되었습니다.
2022-08-03 01:36:50 [WatchRabbit] INFO : [traceService checkUserId] jmbaek07@gmail.com 이 존재합니다.
2022-08-03 01:36:50 [WatchRabbit] INFO : 테이블 조회가 되었습니다.
2022-08-03 01:36:50 [WatchRabbit] INFO : [traceService checkUserId] jmbaek07@gmail.com 이 존재합니다.
2022-08-03 01:36:50 [WatchRabbit] INFO : 테이블 조회가 되었습니다.
2022-08-03 01:36:50 [WatchRabbit] INFO : [traceService checkUserId] jmbaek07@gmail.com 이 존재합니다.
2022-08-03 01:36:50 [WatchRabbit] INFO : 테이블 조회가 되었습니다.
2022-08-03 02:56:23 [WatchRabbit] INFO : [development] API Server Start At Port 8443
2022-08-03 02:56:24 [WatchRabbit] ERROR : 로그인 되어 있는 상태입니다.
2022-08-03 02:56:35 [WatchRabbit] INFO : jmbaek07@gmail.com 님이 로그아웃 되었습니다.
2022-08-03 04:23:31 [WatchRabbit] ERROR : 로그인이 필요한 요청 입니다.
2022-08-03 05:19:50 [WatchRabbit] INFO : 비회원이 노트북를 검색했습니다.
2022-08-03 05:20:07 [WatchRabbit] INFO : 비회원이 노트북를 검색했습니다.
2022-08-03 16:17:11 [WatchRabbit] ERROR : 로그인이 필요한 요청 입니다.
