2022-06-30 00:23:08 [WatchRabbit] info : [development] API Server Start At Port 8443
2022-06-30 00:26:14 [WatchRabbit] info : [development] API Server Start At Port 8443
2022-06-30 00:30:13 [WatchRabbit] info : [development] API Server Start At Port 8443
2022-06-30 00:30:27 [WatchRabbit] info : [development] API Server Start At Port 8443
2022-06-30 00:30:38 [WatchRabbit] info : [development] API Server Start At Port 8443
2022-06-30 00:31:45 [WatchRabbit] info : [development] API Server Start At Port 8443
2022-06-30 00:32:15 [WatchRabbit] info : [development] API Server Start At Port 8443
2022-06-30 00:32:17 [WatchRabbit] error : 아이디 불일치
2022-06-30 00:40:31 [WatchRabbit] INFO : [development] API Server Start At Port 8443
2022-06-30 00:40:46 [WatchRabbit] ERROR : 아이디 불일치
2022-06-30 00:48:22 [WatchRabbit] INFO : [development] API Server Start At Port 8443
2022-06-30 00:49:08 [WatchRabbit] INFO : [development] API Server Start At Port 8443
2022-06-30 00:49:34 [WatchRabbit] INFO : [development] API Server Start At Port 8443
2022-06-30 00:56:15 [WatchRabbit] INFO : [development] API Server Start At Port 8443
2022-06-30 00:56:19 [WatchRabbit] INFO : [development] API Server Start At Port 8443
2022-06-30 00:56:23 [WatchRabbit] INFO : IP: ::1, Method: POST
2022-06-30 00:56:23 [WatchRabbit] ERROR : undefined
2022-06-30 01:11:26 [WatchRabbit] INFO : [development] API Server Start At Port 8443
2022-06-30 01:12:22 [WatchRabbit] INFO : ::1 POST
2022-06-30 01:12:22 [WatchRabbit] ERROR : ::1 POST
2022-06-30 01:12:58 [WatchRabbit] INFO : [development] API Server Start At Port 8443
2022-06-30 01:13:08 [WatchRabbit] INFO : [development] API Server Start At Port 8443
2022-06-30 01:13:15 [WatchRabbit] INFO : ::1 POST [object Object]
2022-06-30 01:13:15 [WatchRabbit] ERROR : ::1 POST [object Object]
2022-06-30 01:13:30 [WatchRabbit] INFO : [development] API Server Start At Port 8443
2022-06-30 01:13:32 [WatchRabbit] INFO : ::1 POST /auth/login
2022-06-30 01:13:32 [WatchRabbit] ERROR : ::1 POST [object Object]
2022-06-30 01:13:37 [WatchRabbit] INFO : [development] API Server Start At Port 8443
2022-06-30 01:13:38 [WatchRabbit] INFO : ::1 POST /auth/login
2022-06-30 01:13:38 [WatchRabbit] ERROR : ::1 POST /auth/login
2022-06-30 01:13:47 [WatchRabbit] INFO : ::1 POST /auth/login
2022-06-30 01:13:47 [WatchRabbit] ERROR : ::1 POST /auth/login
2022-06-30 01:14:33 [WatchRabbit] INFO : [development] API Server Start At Port 8443
2022-06-30 01:14:34 [WatchRabbit] INFO : ::1 POST /auth/login
2022-06-30 01:14:34 [WatchRabbit] ERROR : ::1 POST /auth/login
2022-06-30 01:15:49 [WatchRabbit] INFO : [development] API Server Start At Port 8443
2022-06-30 01:15:51 [WatchRabbit] INFO : ::1 POST /auth/login
2022-06-30 01:15:51 [WatchRabbit] ERROR : ::1 POST /auth/login
2022-06-30 01:15:51 [WatchRabbit] ERROR : undefined
2022-06-30 01:15:57 [WatchRabbit] INFO : ::1 POST /auth/login
2022-06-30 01:15:57 [WatchRabbit] ERROR : ::1 POST /auth/login
2022-06-30 01:15:57 [WatchRabbit] ERROR : undefined
2022-06-30 01:16:18 [WatchRabbit] INFO : [development] API Server Start At Port 8443
2022-06-30 01:16:23 [WatchRabbit] INFO : ::1 POST /auth/login
2022-06-30 01:16:23 [WatchRabbit] ERROR : ::1 POST /auth/login
2022-06-30 01:16:23 [WatchRabbit] ERROR : 아이디 불일치
2022-06-30 01:16:33 [WatchRabbit] INFO : [development] API Server Start At Port 8443
2022-06-30 01:16:36 [WatchRabbit] INFO : ::1 POST /auth/login
2022-06-30 01:16:36 [WatchRabbit] ERROR : ::1 POST /auth/login
2022-06-30 01:16:36 [WatchRabbit] ERROR : 아이디 불일치
2022-06-30 01:16:57 [WatchRabbit] INFO : [development] API Server Start At Port 8443
2022-06-30 01:17:00 [WatchRabbit] INFO : ::1 POST /auth/login
2022-06-30 01:17:00 [WatchRabbit] ERROR : ::1 POST /auth/login
2022-06-30 01:17:00 [WatchRabbit] ERROR : 아이디 불일치
2022-06-30 01:19:28 [WatchRabbit] INFO : ::1 POST /auth/login
2022-06-30 01:19:28 [WatchRabbit] ERROR : ::1 POST /auth/login
2022-06-30 01:19:28 [WatchRabbit] ERROR : 아이디 불일치
2022-06-30 01:24:34 [WatchRabbit] INFO : [development] API Server Start At Port 8443
2022-06-30 01:24:45 [WatchRabbit] INFO : ::1 POST /auth/login
2022-06-30 01:24:45 [WatchRabbit] ERROR : ::1 POST /auth/login
2022-06-30 01:24:45 [WatchRabbit] ERROR : 아이디 불일치
2022-06-30 01:25:14 [WatchRabbit] INFO : ::1 POST /auth/login
2022-06-30 01:25:14 [WatchRabbit] ERROR : ::1 POST /auth/login
2022-06-30 01:25:15 [WatchRabbit] INFO : 
2022-06-30 01:27:48 [WatchRabbit] INFO : [development] API Server Start At Port 8443
2022-06-30 01:28:40 [WatchRabbit] INFO : [development] API Server Start At Port 8443
2022-06-30 01:28:51 [WatchRabbit] INFO : ::1 POST /auth/login
2022-06-30 01:28:51 [WatchRabbit] ERROR : ::1 POST /auth/login
2022-06-30 01:28:52 [WatchRabbit] INFO : 
2022-06-30 01:34:51 [WatchRabbit] INFO : [development] API Server Start At Port 8443
2022-06-30 01:37:24 [WatchRabbit] INFO : [development] API Server Start At Port 8443
2022-06-30 01:37:25 [WatchRabbit] INFO : 
2022-06-30 01:37:31 [WatchRabbit] ERROR : 아이디 불일치
2022-06-30 01:38:39 [WatchRabbit] INFO : [development] API Server Start At Port 8443
2022-06-30 01:39:00 [WatchRabbit] INFO : [development] API Server Start At Port 8443
2022-06-30 01:39:03 [WatchRabbit] INFO : [development] API Server Start At Port 8443
2022-06-30 01:39:07 [WatchRabbit] INFO : [development] API Server Start At Port 8443
2022-06-30 01:39:10 [WatchRabbit] INFO : [development] API Server Start At Port 8443
2022-06-30 01:39:12 [WatchRabbit] INFO : [development] API Server Start At Port 8443
2022-06-30 01:39:20 [WatchRabbit] INFO : [development] API Server Start At Port 8443
2022-06-30 01:39:38 [WatchRabbit] INFO : [development] API Server Start At Port 8443
2022-06-30 01:39:48 [WatchRabbit] INFO : [development] API Server Start At Port 8443
2022-06-30 01:41:03 [WatchRabbit] INFO : [development] API Server Start At Port 8443
2022-06-30 01:42:56 [WatchRabbit] INFO : [development] API Server Start At Port 8443
2022-06-30 01:43:10 [WatchRabbit] INFO : [development] API Server Start At Port 8443
2022-06-30 01:43:24 [WatchRabbit] INFO : [development] API Server Start At Port 8443
2022-06-30 01:43:51 [WatchRabbit] INFO : [development] API Server Start At Port 8443
2022-06-30 01:44:09 [WatchRabbit] INFO : [development] API Server Start At Port 8443
2022-06-30 01:44:12 [WatchRabbit] INFO : [development] API Server Start At Port 8443
2022-06-30 01:44:34 [WatchRabbit] INFO : [development] API Server Start At Port 8443
2022-06-30 01:44:41 [WatchRabbit] INFO : [development] API Server Start At Port 8443
2022-06-30 01:44:48 [WatchRabbit] INFO : [development] API Server Start At Port 8443
2022-06-30 01:47:04 [WatchRabbit] INFO : [development] API Server Start At Port 8443
2022-06-30 11:28:45 [WatchRabbit] INFO : [development] API Server Start At Port 8443
2022-06-30 11:29:06 [WatchRabbit] ERROR : 아이디 불일치
2022-06-30 11:29:18 [WatchRabbit] INFO : 
2022-06-30 13:48:45 [WatchRabbit] INFO : [development] API Server Start At Port 8443
2022-06-30 13:48:49 [WatchRabbit] INFO : [development] API Server Start At Port 8443
2022-06-30 13:54:32 [WatchRabbit] INFO : [development] API Server Start At Port 8443
2022-06-30 13:54:53 [WatchRabbit] INFO : [development] API Server Start At Port 8443
2022-06-30 15:19:27 [WatchRabbit] INFO : [development] API Server Start At Port 8443
2022-06-30 15:20:45 [WatchRabbit] INFO : [development] API Server Start At Port 8443
2022-06-30 15:23:55 [WatchRabbit] INFO : [development] API Server Start At Port 8443
2022-06-30 15:24:05 [WatchRabbit] INFO : [development] API Server Start At Port 8443
2022-06-30 15:24:37 [WatchRabbit] INFO : [development] API Server Start At Port 8443
2022-06-30 15:25:02 [WatchRabbit] INFO : [development] API Server Start At Port 8443
2022-06-30 15:27:53 [WatchRabbit] INFO : [development] API Server Start At Port 8443
2022-06-30 15:37:38 [WatchRabbit] INFO : [development] API Server Start At Port 8443
2022-06-30 15:38:35 [WatchRabbit] INFO : [development] API Server Start At Port 8443
2022-06-30 15:38:48 [WatchRabbit] INFO : [development] API Server Start At Port 8443
2022-06-30 15:41:02 [WatchRabbit] INFO : [development] API Server Start At Port 8443
2022-06-30 15:43:06 [WatchRabbit] INFO : [development] API Server Start At Port 8443
2022-06-30 15:44:18 [WatchRabbit] INFO : [development] API Server Start At Port 8443
2022-06-30 15:44:38 [WatchRabbit] INFO : [development] API Server Start At Port 8443
2022-06-30 15:45:04 [WatchRabbit] INFO : [development] API Server Start At Port 8443
2022-06-30 15:45:50 [WatchRabbit] INFO : [development] API Server Start At Port 8443
2022-06-30 15:46:17 [WatchRabbit] INFO : [development] API Server Start At Port 8443
2022-06-30 15:46:23 [WatchRabbit] INFO : [development] API Server Start At Port 8443
2022-06-30 15:47:09 [WatchRabbit] INFO : [development] API Server Start At Port 8443
2022-06-30 15:47:36 [WatchRabbit] INFO : [development] API Server Start At Port 8443
2022-06-30 15:48:53 [WatchRabbit] INFO : 
2022-06-30 15:49:17 [WatchRabbit] ERROR : 아이디 불일치
2022-06-30 15:49:22 [WatchRabbit] INFO : 
2022-06-30 15:51:01 [WatchRabbit] ERROR : 아이디 불일치
2022-06-30 15:51:12 [WatchRabbit] ERROR : 비밀번호 불일치
2022-06-30 15:51:12 [WatchRabbit] ERROR : 비밀번호 불일치
2022-06-30 15:54:11 [WatchRabbit] INFO : [development] API Server Start At Port 8443
2022-06-30 15:58:32 [WatchRabbit] INFO : [development] API Server Start At Port 8443
2022-06-30 15:58:35 [WatchRabbit] INFO : [development] API Server Start At Port 8443
2022-06-30 16:05:30 [WatchRabbit] INFO : [development] API Server Start At Port 8443
2022-06-30 16:07:31 [WatchRabbit] INFO : [development] API Server Start At Port 8443
2022-06-30 16:08:01 [WatchRabbit] INFO : [development] API Server Start At Port 8443
2022-06-30 16:08:37 [WatchRabbit] INFO : [development] API Server Start At Port 8443
2022-06-30 16:08:40 [WatchRabbit] INFO : [development] API Server Start At Port 8443
2022-06-30 16:09:13 [WatchRabbit] INFO : [development] API Server Start At Port 8443
2022-06-30 16:09:19 [WatchRabbit] INFO : [development] API Server Start At Port 8443
2022-06-30 16:09:25 [WatchRabbit] INFO : [development] API Server Start At Port 8443
2022-06-30 16:10:36 [WatchRabbit] INFO : [development] API Server Start At Port 8443
2022-06-30 16:11:08 [WatchRabbit] INFO : [development] API Server Start At Port 8443
2022-06-30 16:11:36 [WatchRabbit] INFO : [development] API Server Start At Port 8443
2022-06-30 16:11:40 [WatchRabbit] INFO : [development] API Server Start At Port 8443
2022-06-30 16:11:49 [WatchRabbit] INFO : [development] API Server Start At Port 8443
2022-06-30 16:11:52 [WatchRabbit] INFO : [development] API Server Start At Port 8443
2022-06-30 16:12:09 [WatchRabbit] INFO : [development] API Server Start At Port 8443
2022-06-30 16:12:18 [WatchRabbit] INFO : [development] API Server Start At Port 8443
2022-06-30 16:12:29 [WatchRabbit] INFO : [development] API Server Start At Port 8443
2022-06-30 16:13:05 [WatchRabbit] INFO : [development] API Server Start At Port 8443
2022-06-30 16:13:21 [WatchRabbit] INFO : [development] API Server Start At Port 8443
2022-06-30 16:13:31 [WatchRabbit] INFO : [development] API Server Start At Port 8443
2022-06-30 16:13:44 [WatchRabbit] INFO : [development] API Server Start At Port 8443
2022-06-30 16:13:59 [WatchRabbit] INFO : [development] API Server Start At Port 8443
2022-06-30 16:15:14 [WatchRabbit] INFO : [development] API Server Start At Port 8443
2022-06-30 16:15:43 [WatchRabbit] INFO : [development] API Server Start At Port 8443
2022-06-30 16:28:23 [WatchRabbit] INFO : [development] API Server Start At Port 8443
2022-06-30 16:29:53 [WatchRabbit] INFO : [development] API Server Start At Port 8443
2022-06-30 16:31:49 [WatchRabbit] INFO : [development] API Server Start At Port 8443
2022-06-30 16:31:56 [WatchRabbit] INFO : [development] API Server Start At Port 8443
2022-06-30 16:32:21 [WatchRabbit] INFO : [development] API Server Start At Port 8443
2022-06-30 16:32:26 [WatchRabbit] INFO : [development] API Server Start At Port 8443
2022-06-30 16:32:37 [WatchRabbit] INFO : [development] API Server Start At Port 8443
2022-06-30 16:32:51 [WatchRabbit] INFO : [development] API Server Start At Port 8443
2022-06-30 16:33:09 [WatchRabbit] INFO : [development] API Server Start At Port 8443
2022-06-30 16:33:15 [WatchRabbit] INFO : [development] API Server Start At Port 8443
2022-06-30 16:33:32 [WatchRabbit] INFO : [development] API Server Start At Port 8443
2022-06-30 16:34:19 [WatchRabbit] INFO : [development] API Server Start At Port 8443
2022-06-30 16:34:41 [WatchRabbit] INFO : [development] API Server Start At Port 8443
2022-06-30 16:35:07 [WatchRabbit] INFO : [development] API Server Start At Port 8443
2022-06-30 16:35:41 [WatchRabbit] INFO : [development] API Server Start At Port 8443
2022-06-30 16:37:08 [WatchRabbit] INFO : [development] API Server Start At Port 8443
2022-06-30 16:37:48 [WatchRabbit] INFO : [development] API Server Start At Port 8443
2022-06-30 16:49:00 [WatchRabbit] INFO : [development] API Server Start At Port 8443
2022-06-30 16:59:02 [WatchRabbit] INFO : [development] API Server Start At Port 8443
2022-06-30 16:59:37 [WatchRabbit] INFO : [development] API Server Start At Port 8443
2022-06-30 17:00:22 [WatchRabbit] INFO : [development] API Server Start At Port 8443
2022-06-30 17:00:25 [WatchRabbit] INFO : [development] API Server Start At Port 8443
2022-06-30 17:06:52 [WatchRabbit] INFO : [development] API Server Start At Port 8443
2022-06-30 17:09:41 [WatchRabbit] INFO : [development] API Server Start At Port 8443
2022-06-30 17:11:42 [WatchRabbit] INFO : [development] API Server Start At Port 8443
2022-06-30 17:51:24 [WatchRabbit] INFO : [development] API Server Start At Port 8443
