2022-07-12 01:38:22 [WatchRabbit] INFO : [development] API Server Start At Port 8443
2022-07-12 01:40:27 [WatchRabbit] INFO : [development] API Server Start At Port 8443
2022-07-12 01:42:32 [WatchRabbit] INFO : [development] API Server Start At Port 8443
2022-07-12 01:44:34 [WatchRabbit] ERROR : PASSPORT 유저 아이디 불일치
2022-07-12 01:44:34 [WatchRabbit] INFO : 로그인에 실패했습니다.
2022-07-12 01:44:47 [WatchRabbit] INFO : 인증번호를 이메일로 전송했습니다.
2022-07-12 01:55:09 [WatchRabbit] INFO : [development] API Server Start At Port 8443
2022-07-12 01:55:24 [WatchRabbit] INFO : 인증번호를 이메일로 전송했습니다.
2022-07-12 02:33:33 [WatchRabbit] INFO : [development] API Server Start At Port 8443
2022-07-12 02:34:09 [WatchRabbit] INFO : 인증번호를 이메일로 전송했습니다.
2022-07-12 02:37:53 [WatchRabbit] INFO : [development] API Server Start At Port 8443
2022-07-12 02:38:03 [WatchRabbit] INFO : 인증번호를 이메일로 전송했습니다.
2022-07-12 02:41:16 [WatchRabbit] INFO : [development] API Server Start At Port 8443
2022-07-12 02:41:24 [WatchRabbit] INFO : 인증번호를 이메일로 전송했습니다.
2022-07-12 02:44:15 [WatchRabbit] INFO : [development] API Server Start At Port 8443
2022-07-12 02:45:14 [WatchRabbit] INFO : 인증번호를 이메일로 전송했습니다.
2022-07-12 02:45:42 [WatchRabbit] INFO : 인증번호를 이메일로 전송했습니다.
2022-07-12 02:46:10 [WatchRabbit] INFO : 회원가입에 성공했습니다.
2022-07-12 02:47:12 [WatchRabbit] INFO : [development] API Server Start At Port 8443
2022-07-12 02:47:24 [WatchRabbit] INFO : 인증번호를 이메일로 전송했습니다.
2022-07-12 02:47:39 [WatchRabbit] INFO : 이메일 중복입니다.
2022-07-12 02:48:19 [WatchRabbit] INFO : 인증번호를 이메일로 전송했습니다.
2022-07-12 02:49:15 [WatchRabbit] INFO : 인증번호를 이메일로 전송했습니다.
2022-07-12 02:49:25 [WatchRabbit] INFO : 회원가입에 성공했습니다.
2022-07-12 02:56:59 [WatchRabbit] INFO : [development] API Server Start At Port 8443
2022-07-12 03:02:51 [WatchRabbit] INFO : [development] API Server Start At Port 8443
2022-07-12 03:04:11 [WatchRabbit] INFO : [development] API Server Start At Port 8443
2022-07-12 03:08:39 [WatchRabbit] INFO : [development] API Server Start At Port 8443
2022-07-12 03:11:52 [WatchRabbit] INFO : [development] API Server Start At Port 8443
2022-07-12 03:17:54 [WatchRabbit] INFO : [development] API Server Start At Port 8443
2022-07-12 04:17:08 [WatchRabbit] INFO : [development] API Server Start At Port 8443
2022-07-12 04:32:40 [WatchRabbit] INFO : [development] API Server Start At Port 8443
2022-07-12 04:34:40 [WatchRabbit] INFO : [development] API Server Start At Port 8443
2022-07-12 05:52:30 [WatchRabbit] INFO : [development] API Server Start At Port 8443
2022-07-12 05:54:58 [WatchRabbit] INFO : [development] API Server Start At Port 8443
2022-07-12 05:56:03 [WatchRabbit] INFO : [development] API Server Start At Port 8443
2022-07-12 05:57:25 [WatchRabbit] INFO : [development] API Server Start At Port 8443
2022-07-12 05:57:43 [WatchRabbit] INFO : [development] API Server Start At Port 8443
2022-07-12 05:58:05 [WatchRabbit] INFO : [development] API Server Start At Port 8443
2022-07-12 06:08:32 [WatchRabbit] INFO : [development] API Server Start At Port 8443
2022-07-12 06:09:48 [WatchRabbit] INFO : [development] API Server Start At Port 8443
2022-07-12 06:13:52 [WatchRabbit] INFO : [development] API Server Start At Port 8443
2022-07-12 06:14:07 [WatchRabbit] INFO : [development] API Server Start At Port 8443
2022-07-12 06:15:02 [WatchRabbit] INFO : [development] API Server Start At Port 8443
2022-07-12 06:15:46 [WatchRabbit] INFO : [development] API Server Start At Port 8443
2022-07-12 06:16:26 [WatchRabbit] INFO : [development] API Server Start At Port 8443
2022-07-12 06:17:51 [WatchRabbit] INFO : [development] API Server Start At Port 8443
2022-07-12 06:18:34 [WatchRabbit] INFO : [development] API Server Start At Port 8443
2022-07-12 06:20:17 [WatchRabbit] INFO : [development] API Server Start At Port 8443
2022-07-12 06:21:01 [WatchRabbit] INFO : [development] API Server Start At Port 8443
2022-07-12 07:16:11 [WatchRabbit] INFO : [development] API Server Start At Port 8443
2022-07-12 07:17:42 [WatchRabbit] INFO : 로그인에 성공했습니다.
2022-07-12 07:27:07 [WatchRabbit] INFO : [development] API Server Start At Port 8443
2022-07-12 07:29:18 [WatchRabbit] INFO : [development] API Server Start At Port 8443
2022-07-12 07:36:24 [WatchRabbit] INFO : [development] API Server Start At Port 8443
2022-07-12 07:36:33 [WatchRabbit] ERROR : 로그인 되어 있는 상태입니다.
2022-07-12 07:36:33 [WatchRabbit] ERROR : 로그인 되어 있는 상태입니다.
2022-07-12 07:37:19 [WatchRabbit] INFO : 로그인에 성공했습니다.
2022-07-12 07:37:32 [WatchRabbit] ERROR : authorization code not found for code=GZCjm9M9P5lijoHeaTLoJpYbppd0cvfRJKWuv0fvmS5HzSklCOL_QzNajG1w9MrnGM6eMAopcFAAAAGB8VdJ1A
2022-07-12 07:37:35 [WatchRabbit] ERROR : authorization code not found for code=GZCjm9M9P5lijoHeaTLoJpYbppd0cvfRJKWuv0fvmS5HzSklCOL_QzNajG1w9MrnGM6eMAopcFAAAAGB8VdJ1A
2022-07-12 07:37:38 [WatchRabbit] ERROR : 로그인 되어 있는 상태입니다.
2022-07-12 07:37:38 [WatchRabbit] ERROR : 로그인 되어 있는 상태입니다.
2022-07-12 07:38:23 [WatchRabbit] INFO : [development] API Server Start At Port 8443
2022-07-12 07:45:40 [WatchRabbit] INFO : [development] API Server Start At Port 8443
2022-07-12 07:45:56 [WatchRabbit] ERROR : 로그인 되어 있는 상태입니다.
2022-07-12 07:45:56 [WatchRabbit] ERROR : 로그인 되어 있는 상태입니다.
2022-07-12 07:46:10 [WatchRabbit] ERROR : undefined
2022-07-12 07:50:42 [WatchRabbit] INFO : [development] API Server Start At Port 8443
2022-07-12 07:51:27 [WatchRabbit] INFO : [development] API Server Start At Port 8443
2022-07-12 07:52:00 [WatchRabbit] INFO : [development] API Server Start At Port 8443
2022-07-12 08:11:33 [WatchRabbit] INFO : 로그인에 성공했습니다.
2022-07-12 08:11:53 [WatchRabbit] ERROR : 로그인 되어 있는 상태입니다.
2022-07-12 08:12:25 [WatchRabbit] ERROR : 로그인 되어 있는 상태입니다.
2022-07-12 14:02:42 [WatchRabbit] INFO : [development] API Server Start At Port 8443
2022-07-12 14:11:40 [WatchRabbit] INFO : 로그인에 성공했습니다.
2022-07-12 14:38:44 [WatchRabbit] INFO : [development] API Server Start At Port 8443
2022-07-12 14:38:49 [WatchRabbit] ERROR : 로그인 되어 있는 상태입니다.
2022-07-12 14:38:49 [WatchRabbit] ERROR : 로그인 되어 있는 상태입니다.
2022-07-12 14:39:57 [WatchRabbit] INFO : [development] API Server Start At Port 8443
2022-07-12 14:43:58 [WatchRabbit] INFO : [development] API Server Start At Port 8443
2022-07-12 14:45:48 [WatchRabbit] INFO : [development] API Server Start At Port 8443
2022-07-12 14:45:57 [WatchRabbit] ERROR : Unknown column 'name' in 'field list'
2022-07-12 14:46:20 [WatchRabbit] INFO : [development] API Server Start At Port 8443
2022-07-12 14:46:51 [WatchRabbit] INFO : [development] API Server Start At Port 8443
2022-07-12 14:52:40 [WatchRabbit] INFO : [development] API Server Start At Port 8443
2022-07-12 14:52:48 [WatchRabbit] ERROR : Unknown column 'name' in 'field list'
2022-07-12 14:53:37 [WatchRabbit] INFO : [development] API Server Start At Port 8443
2022-07-12 14:54:12 [WatchRabbit] INFO : [development] API Server Start At Port 8443
2022-07-12 14:54:36 [WatchRabbit] ERROR : Unknown column 'name' in 'field list'
2022-07-12 14:55:15 [WatchRabbit] INFO : [development] API Server Start At Port 8443
2022-07-12 14:55:22 [WatchRabbit] ERROR : You have an error in your SQL syntax; check the manual that corresponds to your MySQL server version for the right syntax to use near '?)' at line 2
2022-07-12 14:55:34 [WatchRabbit] INFO : [development] API Server Start At Port 8443
2022-07-12 14:55:56 [WatchRabbit] INFO : [development] API Server Start At Port 8443
2022-07-12 14:56:00 [WatchRabbit] ERROR : Unknown column 'name' in 'field list'
2022-07-12 14:56:58 [WatchRabbit] INFO : [development] API Server Start At Port 8443
2022-07-12 14:58:55 [WatchRabbit] INFO : [development] API Server Start At Port 8443
2022-07-12 14:59:00 [WatchRabbit] INFO : [development] API Server Start At Port 8443
2022-07-12 14:59:24 [WatchRabbit] INFO : [development] API Server Start At Port 8443
2022-07-12 15:03:20 [WatchRabbit] INFO : [development] API Server Start At Port 8443
2022-07-12 15:03:26 [WatchRabbit] INFO : [development] API Server Start At Port 8443
2022-07-12 15:04:57 [WatchRabbit] INFO : [development] API Server Start At Port 8443
2022-07-12 15:08:25 [WatchRabbit] INFO : [development] API Server Start At Port 8443
2022-07-12 15:12:28 [WatchRabbit] INFO : 로그인에 성공했습니다.
2022-07-12 15:13:51 [WatchRabbit] INFO : [development] API Server Start At Port 8443
2022-07-12 15:14:15 [WatchRabbit] INFO : [development] API Server Start At Port 8443
2022-07-12 15:14:58 [WatchRabbit] INFO : [development] API Server Start At Port 8443
2022-07-12 15:15:02 [WatchRabbit] INFO : [development] API Server Start At Port 8443
2022-07-12 15:15:09 [WatchRabbit] INFO : [development] API Server Start At Port 8443
2022-07-12 15:15:41 [WatchRabbit] INFO : 로그인에 성공했습니다.
2022-07-12 15:18:20 [WatchRabbit] INFO : [development] API Server Start At Port 8443
2022-07-12 15:18:38 [WatchRabbit] INFO : [development] API Server Start At Port 8443
2022-07-12 15:18:54 [WatchRabbit] INFO : 로그인에 성공했습니다.
2022-07-12 15:20:26 [WatchRabbit] INFO : [development] API Server Start At Port 8443
2022-07-12 15:32:29 [WatchRabbit] INFO : [development] API Server Start At Port 8443
2022-07-12 15:34:13 [WatchRabbit] INFO : [development] API Server Start At Port 8443
2022-07-12 15:34:45 [WatchRabbit] INFO : [development] API Server Start At Port 8443
2022-07-12 15:35:34 [WatchRabbit] INFO : [development] API Server Start At Port 8443
2022-07-12 15:36:15 [WatchRabbit] INFO : 로그인에 성공했습니다.
2022-07-12 15:36:50 [WatchRabbit] INFO : [development] API Server Start At Port 8443
2022-07-12 15:37:39 [WatchRabbit] INFO : [development] API Server Start At Port 8443
2022-07-12 15:38:05 [WatchRabbit] INFO : [development] API Server Start At Port 8443
2022-07-12 15:38:17 [WatchRabbit] INFO : [development] API Server Start At Port 8443
2022-07-12 15:38:29 [WatchRabbit] INFO : [development] API Server Start At Port 8443
2022-07-12 15:38:45 [WatchRabbit] INFO : 로그인에 성공했습니다.
2022-07-12 15:39:09 [WatchRabbit] INFO : [development] API Server Start At Port 8443
2022-07-12 15:50:00 [WatchRabbit] INFO : [development] API Server Start At Port 8443
2022-07-12 15:51:34 [WatchRabbit] ERROR : 로그인 되어 있는 상태입니다.
2022-07-12 15:53:10 [WatchRabbit] INFO : [development] API Server Start At Port 8443
2022-07-12 15:54:08 [WatchRabbit] INFO : [development] API Server Start At Port 8443
2022-07-12 15:54:18 [WatchRabbit] INFO : [development] API Server Start At Port 8443
2022-07-12 15:54:20 [WatchRabbit] INFO : [development] API Server Start At Port 8443
2022-07-12 15:54:28 [WatchRabbit] INFO : [development] API Server Start At Port 8443
2022-07-12 15:54:35 [WatchRabbit] INFO : [development] API Server Start At Port 8443
2022-07-12 15:54:37 [WatchRabbit] INFO : [development] API Server Start At Port 8443
2022-07-12 15:54:38 [WatchRabbit] INFO : [development] API Server Start At Port 8443
2022-07-12 15:59:17 [WatchRabbit] INFO : [development] API Server Start At Port 8443
2022-07-12 15:59:49 [WatchRabbit] INFO : [development] API Server Start At Port 8443
2022-07-12 15:59:59 [WatchRabbit] ERROR : 로그인 되어 있는 상태입니다.
2022-07-12 16:00:31 [WatchRabbit] INFO : [development] API Server Start At Port 8443
2022-07-12 16:01:43 [WatchRabbit] INFO : [development] API Server Start At Port 8443
2022-07-12 16:01:53 [WatchRabbit] INFO : [development] API Server Start At Port 8443
2022-07-12 16:02:11 [WatchRabbit] INFO : 로그인에 성공했습니다.
2022-07-12 16:02:19 [WatchRabbit] INFO : [development] API Server Start At Port 8443
2022-07-12 16:13:38 [WatchRabbit] INFO : [development] API Server Start At Port 8443
