2022-07-15 03:00:10 [WatchRabbit] INFO : [development] API Server Start At Port 8443
2022-07-15 03:29:17 [WatchRabbit] INFO : [development] API Server Start At Port 8443
2022-07-15 03:32:17 [WatchRabbit] INFO : [development] API Server Start At Port 8443
2022-07-15 03:33:45 [WatchRabbit] INFO : [development] API Server Start At Port 8443
2022-07-15 03:37:29 [WatchRabbit] INFO : [development] API Server Start At Port 8443
2022-07-15 03:48:48 [WatchRabbit] INFO : [development] API Server Start At Port 8443
2022-07-15 04:29:38 [WatchRabbit] INFO : [development] API Server Start At Port 8443
2022-07-15 04:37:50 [WatchRabbit] INFO : [development] API Server Start At Port 8443
2022-07-15 04:38:15 [WatchRabbit] INFO : [development] API Server Start At Port 8443
2022-07-15 04:39:37 [WatchRabbit] INFO : [development] API Server Start At Port 8443
2022-07-15 08:31:37 [WatchRabbit] INFO : [undefined] API Server Start At Port 8443
2022-07-15 08:43:30 [WatchRabbit] INFO : [undefined] API Server Start At Port 8443
2022-07-15 09:23:17 [WatchRabbit] ERROR : undefined
2022-07-15 09:25:09 [WatchRabbit] ERROR : undefined
2022-07-15 09:34:32 [WatchRabbit] ERROR : undefined
2022-07-15 09:35:14 [WatchRabbit] ERROR : undefined
2022-07-15 09:38:08 [WatchRabbit] ERROR : undefined
2022-07-15 09:39:52 [WatchRabbit] ERROR : undefined
2022-07-15 09:55:49 [WatchRabbit] INFO : [undefined] API Server Start At Port 8443
2022-07-15 09:57:28 [WatchRabbit] INFO : [undefined] API Server Start At Port 8443
2022-07-15 09:58:15 [WatchRabbit] INFO : [undefined] API Server Start At Port 8443
2022-07-15 09:58:25 [WatchRabbit] ERROR : 로그인 되어 있는 상태입니다.
2022-07-15 09:58:25 [WatchRabbit] ERROR : 로그인 되어 있는 상태입니다.
2022-07-15 09:58:56 [WatchRabbit] ERROR : undefined
2022-07-15 09:59:08 [WatchRabbit] INFO : 로그인에 성공했습니다.
2022-07-15 09:59:15 [WatchRabbit] ERROR : 로그인 되어 있는 상태입니다.
2022-07-15 09:59:15 [WatchRabbit] ERROR : 로그인 되어 있는 상태입니다.
2022-07-15 09:59:32 [WatchRabbit] ERROR : undefined
2022-07-15 10:03:24 [WatchRabbit] ERROR : Bad Request
2022-07-15 10:06:07 [WatchRabbit] ERROR : undefined
2022-07-15 10:06:11 [WatchRabbit] ERROR : undefined
2022-07-15 10:06:13 [WatchRabbit] ERROR : undefined
2022-07-15 10:06:39 [WatchRabbit] ERROR : undefined
2022-07-15 10:07:09 [WatchRabbit] INFO : 로그인에 성공했습니다.
2022-07-15 10:08:29 [WatchRabbit] ERROR : 로그인 되어 있는 상태입니다.
2022-07-15 10:08:29 [WatchRabbit] ERROR : 로그인 되어 있는 상태입니다.
2022-07-15 10:08:45 [WatchRabbit] ERROR : 로그인 되어 있는 상태입니다.
2022-07-15 10:08:45 [WatchRabbit] ERROR : 로그인 되어 있는 상태입니다.
2022-07-15 10:08:56 [WatchRabbit] ERROR : undefined
2022-07-15 10:10:58 [WatchRabbit] ERROR : undefined
2022-07-15 10:11:05 [WatchRabbit] ERROR : undefined
2022-07-15 10:13:47 [WatchRabbit] INFO : [development] API Server Start At Port 8443
2022-07-15 10:13:59 [WatchRabbit] ERROR : Bad Request
2022-07-15 10:14:12 [WatchRabbit] ERROR : undefined
2022-07-15 10:18:06 [WatchRabbit] INFO : [development] API Server Start At Port 8443
2022-07-15 10:22:15 [WatchRabbit] INFO : [development] API Server Start At Port 8443
2022-07-15 14:30:17 [WatchRabbit] INFO : [development] API Server Start At Port 8443
2022-07-15 14:30:44 [WatchRabbit] ERROR : undefined
2022-07-15 14:40:31 [WatchRabbit] INFO : [development] API Server Start At Port 8443
2022-07-15 14:46:58 [WatchRabbit] INFO : [development] API Server Start At Port 8443
2022-07-15 14:49:53 [WatchRabbit] INFO : [development] API Server Start At Port 8443
2022-07-15 14:54:42 [WatchRabbit] INFO : [development] API Server Start At Port 8443
2022-07-15 15:04:27 [WatchRabbit] INFO : [development] API Server Start At Port 8443
2022-07-15 15:08:21 [WatchRabbit] INFO : [development] API Server Start At Port 8443
2022-07-15 15:09:58 [WatchRabbit] INFO : [development] API Server Start At Port 8443
2022-07-15 15:12:02 [WatchRabbit] INFO : [development] API Server Start At Port 8443
2022-07-15 15:14:26 [WatchRabbit] INFO : [development] API Server Start At Port 8443
2022-07-15 16:07:21 [WatchRabbit] INFO : [development] API Server Start At Port 8443
2022-07-15 16:09:02 [WatchRabbit] INFO : [development] API Server Start At Port 8443
2022-07-15 16:11:38 [WatchRabbit] INFO : [development] API Server Start At Port 8443
2022-07-15 16:18:41 [WatchRabbit] INFO : [development] API Server Start At Port 8443
2022-07-15 16:20:52 [WatchRabbit] INFO : [development] API Server Start At Port 8443
2022-07-15 16:21:36 [WatchRabbit] ERROR : undefined
2022-07-15 16:52:45 [WatchRabbit] INFO : [development] API Server Start At Port 8443
2022-07-15 17:00:18 [WatchRabbit] INFO : [development] API Server Start At Port 8443
2022-07-15 17:00:51 [WatchRabbit] ERROR : undefined
2022-07-15 17:00:52 [WatchRabbit] ERROR : undefined
2022-07-15 17:14:07 [WatchRabbit] INFO : [development] API Server Start At Port 8443
2022-07-15 17:18:13 [WatchRabbit] INFO : [development] API Server Start At Port 8443
2022-07-15 17:20:34 [WatchRabbit] INFO : [development] API Server Start At Port 8443
2022-07-15 17:23:22 [WatchRabbit] INFO : [development] API Server Start At Port 8443
2022-07-15 17:36:15 [WatchRabbit] INFO : [development] API Server Start At Port 8443
2022-07-15 17:37:42 [WatchRabbit] ERROR : undefined
2022-07-15 17:38:24 [WatchRabbit] INFO : [development] API Server Start At Port 8443
2022-07-15 17:41:41 [WatchRabbit] INFO : [development] API Server Start At Port 8443
2022-07-15 17:45:12 [WatchRabbit] INFO : [development] API Server Start At Port 8443
2022-07-15 21:36:30 [WatchRabbit] INFO : [development] API Server Start At Port 8443
2022-07-15 21:38:24 [WatchRabbit] INFO : [development] API Server Start At Port 8443
2022-07-15 21:39:52 [WatchRabbit] INFO : [development] API Server Start At Port 8443
2022-07-15 21:41:05 [WatchRabbit] INFO : [development] API Server Start At Port 8443
2022-07-15 21:48:00 [WatchRabbit] INFO : [development] API Server Start At Port 8443
2022-07-15 21:52:09 [WatchRabbit] INFO : [development] API Server Start At Port 8443
2022-07-15 21:52:44 [WatchRabbit] INFO : 로그인에 성공했습니다.
2022-07-15 21:54:07 [WatchRabbit] INFO : [development] API Server Start At Port 8443
2022-07-15 21:54:48 [WatchRabbit] INFO : [development] API Server Start At Port 8443
2022-07-15 21:55:24 [WatchRabbit] ERROR : 로그인 되어 있는 상태입니다.
2022-07-15 21:55:45 [WatchRabbit] INFO : 로그인에 성공했습니다.
2022-07-15 21:57:14 [WatchRabbit] INFO : [development] API Server Start At Port 8443
2022-07-15 22:02:15 [WatchRabbit] INFO : [development] API Server Start At Port 8443
2022-07-15 22:16:15 [WatchRabbit] INFO : [development] API Server Start At Port 8443
2022-07-15 22:16:27 [WatchRabbit] INFO : [development] API Server Start At Port 8443
2022-07-15 22:18:23 [WatchRabbit] INFO : [development] API Server Start At Port 8443
2022-07-15 22:18:49 [WatchRabbit] INFO : 유저 정보가 없어 로그인에 실패했습니다.
2022-07-15 22:18:51 [WatchRabbit] INFO : 유저 정보가 없어 로그인에 실패했습니다.
2022-07-15 22:18:54 [WatchRabbit] INFO : 유저 정보가 없어 로그인에 실패했습니다.
2022-07-15 22:19:00 [WatchRabbit] INFO : 유저 정보가 없어 로그인에 실패했습니다.
2022-07-15 22:19:25 [WatchRabbit] INFO : 유저 정보가 없어 로그인에 실패했습니다.
2022-07-15 22:19:28 [WatchRabbit] INFO : 로그인에 성공했습니다.
2022-07-15 22:22:30 [WatchRabbit] ERROR : 로그인 되어 있는 상태입니다.
2022-07-15 22:22:44 [WatchRabbit] INFO : 로그인에 성공했습니다.
2022-07-15 22:23:00 [WatchRabbit] ERROR : 비밀번호 불일치
2022-07-15 22:23:00 [WatchRabbit] INFO : 유저 정보가 없어 로그인에 실패했습니다.
2022-07-15 22:26:59 [WatchRabbit] INFO : [development] API Server Start At Port 8443
2022-07-15 22:27:22 [WatchRabbit] INFO : [development] API Server Start At Port 8443
2022-07-15 22:27:58 [WatchRabbit] ERROR : 비밀번호 불일치
2022-07-15 22:27:58 [WatchRabbit] INFO : 유저 정보가 없어 로그인에 실패했습니다.
2022-07-15 22:28:36 [WatchRabbit] INFO : [development] API Server Start At Port 8443
2022-07-15 22:28:52 [WatchRabbit] INFO : [development] API Server Start At Port 8443
2022-07-15 22:28:56 [WatchRabbit] INFO : [development] API Server Start At Port 8443
2022-07-15 22:29:13 [WatchRabbit] INFO : [development] API Server Start At Port 8443
2022-07-15 22:29:15 [WatchRabbit] ERROR : 비밀번호 불일치
2022-07-15 22:29:15 [WatchRabbit] INFO : 유저 정보가 없어 로그인에 실패했습니다.
2022-07-15 22:30:03 [WatchRabbit] INFO : [development] API Server Start At Port 8443
2022-07-15 22:30:23 [WatchRabbit] INFO : [development] API Server Start At Port 8443
2022-07-15 22:30:55 [WatchRabbit] INFO : 로그인에 성공했습니다.
2022-07-15 22:31:19 [WatchRabbit] INFO : 로그인에 성공했습니다.
2022-07-15 22:33:35 [WatchRabbit] ERROR : 로그인 되어 있는 상태입니다.
2022-07-15 22:33:35 [WatchRabbit] ERROR : 로그인 되어 있는 상태입니다.
2022-07-15 22:33:58 [WatchRabbit] ERROR : 로그인 되어 있는 상태입니다.
2022-07-15 22:33:58 [WatchRabbit] ERROR : 로그인 되어 있는 상태입니다.
2022-07-15 22:35:28 [WatchRabbit] ERROR : 로그인 되어 있는 상태입니다.
2022-07-15 22:35:28 [WatchRabbit] ERROR : 로그인 되어 있는 상태입니다.
2022-07-15 22:35:41 [WatchRabbit] ERROR : 로그인 되어 있는 상태입니다.
2022-07-15 22:37:19 [WatchRabbit] INFO : [development] API Server Start At Port 8443
2022-07-15 22:38:01 [WatchRabbit] INFO : [development] API Server Start At Port 8443
2022-07-15 22:38:22 [WatchRabbit] INFO : [development] API Server Start At Port 8443
2022-07-15 22:38:25 [WatchRabbit] ERROR : 로그인 되어 있는 상태입니다.
2022-07-15 22:38:25 [WatchRabbit] ERROR : 로그인 되어 있는 상태입니다.
2022-07-15 22:38:40 [WatchRabbit] ERROR : undefined
2022-07-15 22:41:42 [WatchRabbit] INFO : 유저 정보가 없어 로그인에 실패했습니다.
2022-07-15 22:43:32 [WatchRabbit] INFO : [development] API Server Start At Port 8443
2022-07-15 22:45:15 [WatchRabbit] INFO : [development] API Server Start At Port 8443
2022-07-15 22:45:19 [WatchRabbit] INFO : 유저 정보가 없어 로그인에 실패했습니다.
2022-07-15 22:45:32 [WatchRabbit] INFO : 유저 정보가 없어 로그인에 실패했습니다.
2022-07-15 22:46:44 [WatchRabbit] INFO : 유저 정보가 없어 로그인에 실패했습니다.
2022-07-15 22:53:15 [WatchRabbit] INFO : 로그인에 성공했습니다.
2022-07-15 22:54:58 [WatchRabbit] INFO : [development] API Server Start At Port 8443
2022-07-15 22:55:39 [WatchRabbit] INFO : [development] API Server Start At Port 8443
2022-07-15 22:55:59 [WatchRabbit] INFO : [development] API Server Start At Port 8443
2022-07-15 22:56:05 [WatchRabbit] INFO : 유저 정보가 없어 로그인에 실패했습니다.
2022-07-15 22:56:14 [WatchRabbit] INFO : 로그인에 성공했습니다.
2022-07-15 23:07:13 [WatchRabbit] INFO : [development] API Server Start At Port 8443
2022-07-15 23:07:35 [WatchRabbit] INFO : [development] API Server Start At Port 8443
2022-07-15 23:07:47 [WatchRabbit] ERROR : 로그인 되어 있는 상태입니다.
2022-07-15 23:07:58 [WatchRabbit] INFO : 유저 정보가 없어 로그인에 실패했습니다.
2022-07-15 23:08:02 [WatchRabbit] INFO : 로그인에 성공했습니다.
2022-07-15 23:10:28 [WatchRabbit] ERROR : 로그인 되어 있는 상태입니다.
2022-07-15 23:10:40 [WatchRabbit] INFO : 유저 정보가 없어 로그인에 실패했습니다.
2022-07-15 23:10:48 [WatchRabbit] ERROR : undefined
2022-07-15 23:11:06 [WatchRabbit] ERROR : undefined
2022-07-15 23:12:29 [WatchRabbit] INFO : 인증번호를 이메일로 전송했습니다.
2022-07-15 23:12:48 [WatchRabbit] INFO : 인증번호를 이메일로 전송했습니다.
2022-07-15 23:13:05 [WatchRabbit] INFO : 이메일 중복입니다.
2022-07-15 23:16:18 [WatchRabbit] INFO : [development] API Server Start At Port 8443
2022-07-15 23:17:00 [WatchRabbit] INFO : [development] API Server Start At Port 8443
2022-07-15 23:17:32 [WatchRabbit] INFO : [development] API Server Start At Port 8443
2022-07-15 23:17:49 [WatchRabbit] INFO : 인증번호를 이메일로 전송했습니다.
2022-07-15 23:18:00 [WatchRabbit] INFO : 이메일 중복입니다.
2022-07-15 23:22:54 [WatchRabbit] INFO : [development] API Server Start At Port 8443
2022-07-15 23:23:07 [WatchRabbit] INFO : [development] API Server Start At Port 8443
2022-07-15 23:28:50 [WatchRabbit] INFO : [development] API Server Start At Port 8443
2022-07-15 23:28:59 [WatchRabbit] INFO : [development] API Server Start At Port 8443
2022-07-15 23:29:09 [WatchRabbit] INFO : [development] API Server Start At Port 8443
2022-07-15 23:34:42 [WatchRabbit] INFO : [development] API Server Start At Port 8443
2022-07-15 23:57:05 [WatchRabbit] INFO : [development] API Server Start At Port 8443
