2022-07-20 04:44:24 [WatchRabbit] INFO : [development] API Server Start At Port 8443
2022-07-20 04:44:50 [WatchRabbit] ERROR : 비밀번호 불일치
2022-07-20 04:44:50 [WatchRabbit] INFO : 유저 정보가 없어 로그인에 실패했습니다.
2022-07-20 04:44:58 [WatchRabbit] INFO : 로그인에 성공했습니다.
2022-07-20 04:45:03 [WatchRabbit] INFO : 로그아웃 되었습니다.
2022-07-20 04:45:05 [WatchRabbit] ERROR : 로그인이 필요한 요청 입니다.
2022-07-20 04:45:11 [WatchRabbit] ERROR : 로그인이 필요한 요청 입니다.
2022-07-20 04:45:30 [WatchRabbit] ERROR : 로그인이 필요한 요청 입니다.
2022-07-20 04:49:14 [WatchRabbit] INFO : [development] API Server Start At Port 8443
2022-07-20 04:49:19 [WatchRabbit] INFO : [development] API Server Start At Port 8443
2022-07-20 04:49:36 [WatchRabbit] INFO : [development] API Server Start At Port 8443
2022-07-20 04:49:44 [WatchRabbit] ERROR : 로그인이 필요한 요청 입니다.
2022-07-20 04:50:30 [WatchRabbit] INFO : 로그인에 성공했습니다.
2022-07-20 04:50:34 [WatchRabbit] INFO : 로그아웃 되었습니다.
2022-07-20 04:53:12 [WatchRabbit] INFO : [development] API Server Start At Port 8443
2022-07-20 04:53:17 [WatchRabbit] INFO : [development] API Server Start At Port 8443
2022-07-20 04:53:29 [WatchRabbit] INFO : 로그인에 성공했습니다.
2022-07-20 04:53:39 [WatchRabbit] INFO : 로그아웃 되었습니다.
2022-07-20 04:53:49 [WatchRabbit] INFO : 로그인에 성공했습니다.
2022-07-20 04:53:52 [WatchRabbit] INFO : 로그아웃 되었습니다.
2022-07-20 04:53:56 [WatchRabbit] ERROR : 로그인이 필요한 요청 입니다.
2022-07-20 04:54:55 [WatchRabbit] INFO : [development] API Server Start At Port 8443
2022-07-20 04:55:01 [WatchRabbit] INFO : [development] API Server Start At Port 8443
2022-07-20 04:55:24 [WatchRabbit] INFO : [development] API Server Start At Port 8443
2022-07-20 04:55:38 [WatchRabbit] INFO : [development] API Server Start At Port 8443
2022-07-20 04:57:41 [WatchRabbit] ERROR : 로그인이 필요한 요청 입니다.
2022-07-20 04:58:17 [WatchRabbit] INFO : [development] API Server Start At Port 8443
2022-07-20 04:58:39 [WatchRabbit] INFO : 로그인에 성공했습니다.
2022-07-20 04:59:50 [WatchRabbit] INFO : 로그아웃 되었습니다.
2022-07-20 05:00:06 [WatchRabbit] ERROR : 로그인이 필요한 요청 입니다.
2022-07-20 05:01:16 [WatchRabbit] INFO : [development] API Server Start At Port 8443
2022-07-20 05:02:44 [WatchRabbit] INFO : [development] API Server Start At Port 8443
2022-07-20 05:04:45 [WatchRabbit] INFO : [development] API Server Start At Port 8443
2022-07-20 05:08:04 [WatchRabbit] INFO : [development] API Server Start At Port 8443
2022-07-20 05:08:19 [WatchRabbit] ERROR : 비밀번호 불일치
2022-07-20 05:08:19 [WatchRabbit] INFO : 유저 정보가 없어 로그인에 실패했습니다.
2022-07-20 05:08:22 [WatchRabbit] INFO : 로그인에 성공했습니다.
2022-07-20 05:08:27 [WatchRabbit] INFO : 로그아웃 되었습니다.
2022-07-20 05:10:35 [WatchRabbit] INFO : [development] API Server Start At Port 8443
2022-07-20 05:10:45 [WatchRabbit] INFO : 로그인에 성공했습니다.
2022-07-20 05:13:06 [WatchRabbit] ERROR : 로그인 되어 있는 상태입니다.
2022-07-20 06:08:01 [WatchRabbit] INFO : [development] API Server Start At Port 8443
2022-07-20 06:08:18 [WatchRabbit] INFO : [development] API Server Start At Port 8443
2022-07-20 06:12:25 [WatchRabbit] INFO : [development] API Server Start At Port 8443
2022-07-20 06:14:13 [WatchRabbit] INFO : [development] API Server Start At Port 8443
2022-07-20 06:18:29 [WatchRabbit] INFO : [development] API Server Start At Port 8443
2022-07-20 06:18:57 [WatchRabbit] INFO : [development] API Server Start At Port 8443
2022-07-20 06:53:03 [WatchRabbit] INFO : [development] API Server Start At Port 8443
2022-07-20 07:01:53 [WatchRabbit] INFO : [development] API Server Start At Port 8443
2022-07-20 07:02:27 [WatchRabbit] INFO : [development] API Server Start At Port 8443
2022-07-20 07:02:32 [WatchRabbit] INFO : [development] API Server Start At Port 8443
2022-07-20 07:09:14 [WatchRabbit] INFO : [development] API Server Start At Port 8443
2022-07-20 07:09:43 [WatchRabbit] INFO : [development] API Server Start At Port 8443
2022-07-20 07:52:49 [WatchRabbit] INFO : [development] API Server Start At Port 8443
2022-07-20 08:08:33 [WatchRabbit] INFO : [development] API Server Start At Port 8443
2022-07-20 08:09:03 [WatchRabbit] INFO : 로그인에 성공했습니다.
2022-07-20 08:11:13 [WatchRabbit] INFO : [development] API Server Start At Port 8443
2022-07-20 08:16:26 [WatchRabbit] INFO : [development] API Server Start At Port 8443
2022-07-20 08:17:19 [WatchRabbit] INFO : 로그인에 성공했습니다.
2022-07-20 08:17:29 [WatchRabbit] ERROR : 로그인 되어 있는 상태입니다.
2022-07-20 08:18:24 [WatchRabbit] ERROR : 로그인 되어 있는 상태입니다.
2022-07-20 08:19:58 [WatchRabbit] ERROR : 로그인 되어 있는 상태입니다.
2022-07-20 08:29:50 [WatchRabbit] INFO : [development] API Server Start At Port 8443
2022-07-20 08:41:25 [WatchRabbit] ERROR : 로그인 되어 있는 상태입니다.
2022-07-20 08:42:17 [WatchRabbit] INFO : [development] API Server Start At Port 8443
2022-07-20 08:43:46 [WatchRabbit] INFO : [development] API Server Start At Port 8443
2022-07-20 08:43:57 [WatchRabbit] INFO : [development] API Server Start At Port 8443
2022-07-20 08:44:12 [WatchRabbit] INFO : [development] API Server Start At Port 8443
2022-07-20 08:44:57 [WatchRabbit] INFO : [development] API Server Start At Port 8443
2022-07-20 08:46:09 [WatchRabbit] ERROR : 로그인 되어 있는 상태입니다.
2022-07-20 08:49:01 [WatchRabbit] ERROR : 로그인 되어 있는 상태입니다.
2022-07-20 08:49:53 [WatchRabbit] ERROR : 로그인 되어 있는 상태입니다.
2022-07-20 08:52:03 [WatchRabbit] INFO : 로그아웃 되었습니다.
2022-07-20 08:52:16 [WatchRabbit] INFO : 로그인에 성공했습니다.
2022-07-20 09:04:15 [WatchRabbit] INFO : [development] API Server Start At Port 8443
2022-07-20 13:11:36 [WatchRabbit] INFO : [development] API Server Start At Port 8443
2022-07-20 13:11:39 [WatchRabbit] INFO : [development] API Server Start At Port 8443
2022-07-20 13:12:04 [WatchRabbit] INFO : [development] API Server Start At Port 8443
2022-07-20 13:12:43 [WatchRabbit] INFO : [development] API Server Start At Port 8443
2022-07-20 13:14:39 [WatchRabbit] INFO : [development] API Server Start At Port 8443
2022-07-20 13:14:42 [WatchRabbit] INFO : [development] API Server Start At Port 8443
2022-07-20 13:15:45 [WatchRabbit] INFO : [development] API Server Start At Port 8443
2022-07-20 13:16:14 [WatchRabbit] INFO : [development] API Server Start At Port 8443
2022-07-20 13:16:18 [WatchRabbit] INFO : [development] API Server Start At Port 8443
2022-07-20 13:17:17 [WatchRabbit] INFO : [development] API Server Start At Port 8443
2022-07-20 13:17:30 [WatchRabbit] INFO : [development] API Server Start At Port 8443
2022-07-20 13:18:19 [WatchRabbit] INFO : [development] API Server Start At Port 8443
2022-07-20 13:19:34 [WatchRabbit] INFO : [development] API Server Start At Port 8443
2022-07-20 13:19:35 [WatchRabbit] INFO : [development] API Server Start At Port 8443
2022-07-20 13:20:05 [WatchRabbit] INFO : [development] API Server Start At Port 8443
2022-07-20 13:20:13 [WatchRabbit] INFO : [development] API Server Start At Port 8443
2022-07-20 13:21:07 [WatchRabbit] INFO : [development] API Server Start At Port 8443
2022-07-20 13:22:49 [WatchRabbit] INFO : [development] API Server Start At Port 8443
2022-07-20 13:23:22 [WatchRabbit] INFO : [development] API Server Start At Port 8443
2022-07-20 13:25:45 [WatchRabbit] INFO : [development] API Server Start At Port 8443
2022-07-20 13:26:48 [WatchRabbit] INFO : [development] API Server Start At Port 8443
2022-07-20 13:27:20 [WatchRabbit] INFO : [development] API Server Start At Port 8443
2022-07-20 13:28:15 [WatchRabbit] INFO : [development] API Server Start At Port 8443
2022-07-20 13:30:57 [WatchRabbit] INFO : [development] API Server Start At Port 8443
2022-07-20 13:33:35 [WatchRabbit] INFO : [development] API Server Start At Port 8443
2022-07-20 13:35:01 [WatchRabbit] INFO : [development] API Server Start At Port 8443
2022-07-20 13:35:26 [WatchRabbit] INFO : [development] API Server Start At Port 8443
2022-07-20 14:04:15 [WatchRabbit] INFO : [development] API Server Start At Port 8443
2022-07-20 14:17:50 [WatchRabbit] INFO : [development] API Server Start At Port 8443
2022-07-20 14:20:55 [WatchRabbit] INFO : [development] API Server Start At Port 8443
2022-07-20 21:46:05 [WatchRabbit] INFO : [development] API Server Start At Port 8443
2022-07-20 21:50:46 [WatchRabbit] INFO : [development] API Server Start At Port 8443
2022-07-20 21:51:59 [WatchRabbit] INFO : [development] API Server Start At Port 8443
2022-07-20 21:52:05 [WatchRabbit] INFO : [development] API Server Start At Port 8443
2022-07-20 21:52:40 [WatchRabbit] INFO : [development] API Server Start At Port 8443
2022-07-20 21:52:58 [WatchRabbit] INFO : [development] API Server Start At Port 8443
2022-07-20 21:53:13 [WatchRabbit] INFO : 로그인에 성공했습니다.
2022-07-20 21:53:57 [WatchRabbit] INFO : [development] API Server Start At Port 8443
2022-07-20 21:54:06 [WatchRabbit] ERROR : 로그인 되어 있는 상태입니다.
2022-07-20 21:54:20 [WatchRabbit] INFO : 로그인에 성공했습니다.
2022-07-20 21:54:38 [WatchRabbit] INFO : [development] API Server Start At Port 8443
2022-07-20 21:55:00 [WatchRabbit] INFO : [development] API Server Start At Port 8443
2022-07-20 21:55:12 [WatchRabbit] INFO : [development] API Server Start At Port 8443
2022-07-20 21:55:18 [WatchRabbit] INFO : 로그인에 성공했습니다.
2022-07-20 21:55:26 [WatchRabbit] INFO : [development] API Server Start At Port 8443
2022-07-20 21:55:29 [WatchRabbit] INFO : [development] API Server Start At Port 8443
2022-07-20 21:55:33 [WatchRabbit] INFO : [development] API Server Start At Port 8443
2022-07-20 21:55:43 [WatchRabbit] ERROR : 로그인 되어 있는 상태입니다.
2022-07-20 21:56:02 [WatchRabbit] INFO : [development] API Server Start At Port 8443
2022-07-20 21:58:18 [WatchRabbit] INFO : 로그인에 성공했습니다.
2022-07-20 21:58:54 [WatchRabbit] ERROR : 로그인 되어 있는 상태입니다.
2022-07-20 22:03:10 [WatchRabbit] INFO : 로그인에 성공했습니다.
2022-07-20 22:04:58 [WatchRabbit] INFO : 로그인에 성공했습니다.
2022-07-20 22:05:59 [WatchRabbit] ERROR : 로그인 되어 있는 상태입니다.
2022-07-20 22:06:36 [WatchRabbit] ERROR : 로그인 되어 있는 상태입니다.
2022-07-20 22:06:39 [WatchRabbit] ERROR : 로그인 되어 있는 상태입니다.
2022-07-20 22:13:51 [WatchRabbit] ERROR : 로그인 되어 있는 상태입니다.
2022-07-20 22:15:49 [WatchRabbit] ERROR : 로그인 되어 있는 상태입니다.
2022-07-20 22:20:05 [WatchRabbit] INFO : [development] API Server Start At Port 8443
2022-07-20 22:20:11 [WatchRabbit] INFO : [development] API Server Start At Port 8443
2022-07-20 22:22:58 [WatchRabbit] INFO : [development] API Server Start At Port 8443
2022-07-20 22:34:11 [WatchRabbit] INFO : [development] API Server Start At Port 8443
2022-07-20 22:35:19 [WatchRabbit] INFO : [development] API Server Start At Port 8443
2022-07-20 22:39:26 [WatchRabbit] INFO : [development] API Server Start At Port 8443
2022-07-20 22:43:06 [WatchRabbit] INFO : [development] API Server Start At Port 8443
2022-07-20 22:46:47 [WatchRabbit] INFO : [development] API Server Start At Port 8443
