2022-07-29 05:27:28 [WatchRabbit] INFO : [development] API Server Start At Port 8443
2022-07-29 05:35:08 [WatchRabbit] ERROR : 로그인이 필요한 요청 입니다.
2022-07-29 05:35:48 [WatchRabbit] INFO : guentc1@naver.com 님이 로그인에 성공했습니다.
2022-07-29 05:36:05 [WatchRabbit] ERROR : [traceController postUpdateDb]  userInfo is not defined
2022-07-29 05:36:36 [WatchRabbit] INFO : [development] API Server Start At Port 8443
2022-07-29 05:36:39 [WatchRabbit] ERROR : [traceController postUpdateDb]  connection.query is not a function
2022-07-29 05:36:43 [WatchRabbit] INFO : [development] API Server Start At Port 8443
2022-07-29 05:36:45 [WatchRabbit] INFO : [development] API Server Start At Port 8443
2022-07-29 05:36:46 [WatchRabbit] ERROR : [traceController postUpdateDb]  connection.query is not a function
2022-07-29 05:37:25 [WatchRabbit] INFO : [development] API Server Start At Port 8443
2022-07-29 05:37:27 [WatchRabbit] ERROR : [traceController postUpdateDb]  connection.query is not a function
2022-07-29 05:42:43 [WatchRabbit] INFO : [development] API Server Start At Port 8443
2022-07-29 05:47:36 [WatchRabbit] INFO : [development] API Server Start At Port 8443
2022-07-29 05:51:32 [WatchRabbit] INFO : [development] API Server Start At Port 8443
2022-07-29 05:51:33 [WatchRabbit] INFO : [development] API Server Start At Port 8443
2022-07-29 05:51:35 [WatchRabbit] ERROR : [checkEmail commonDao] commonDao.checkUserEmail is not a function
2022-07-29 05:51:35 [WatchRabbit] ERROR : [traceService checkUserId]  Cannot read properties of undefined (reading 'length')
2022-07-29 05:51:35 [WatchRabbit] ERROR : [traceController postUpdateDb]  Cannot read properties of undefined (reading 'isSuccess')
2022-07-29 05:51:47 [WatchRabbit] INFO : [development] API Server Start At Port 8443
2022-07-29 05:52:03 [WatchRabbit] INFO : [development] API Server Start At Port 8443
2022-07-29 05:52:19 [WatchRabbit] INFO : [development] API Server Start At Port 8443
2022-07-29 05:52:22 [WatchRabbit] INFO : [traceService checkUserId] guentc1@naver.com 이 존재합니다.
2022-07-29 05:52:22 [WatchRabbit] ERROR : [traceController postUpdateDb]  traceService.checkUserIdx is not a function
2022-07-29 05:53:12 [WatchRabbit] INFO : [development] API Server Start At Port 8443
2022-07-29 05:53:13 [WatchRabbit] INFO : [development] API Server Start At Port 8443
2022-07-29 05:53:33 [WatchRabbit] INFO : [traceService checkUserId] guentc1@naver.com 이 존재합니다.
2022-07-29 05:53:33 [WatchRabbit] ERROR : [traceController postUpdateDb]  traceService.checkIdx is not a function
2022-07-29 05:58:18 [WatchRabbit] INFO : [development] API Server Start At Port 8443
2022-07-29 05:58:19 [WatchRabbit] INFO : [traceService checkUserId] guentc1@naver.com 이 존재합니다.
2022-07-29 05:58:19 [WatchRabbit] ERROR : [traceController postUpdateDb]  traceService.checkIdx is not a function
2022-07-29 05:58:21 [WatchRabbit] INFO : [traceService checkUserId] guentc1@naver.com 이 존재합니다.
2022-07-29 05:58:21 [WatchRabbit] ERROR : [traceController postUpdateDb]  traceService.checkIdx is not a function
2022-07-29 05:58:46 [WatchRabbit] INFO : [development] API Server Start At Port 8443
2022-07-29 05:58:47 [WatchRabbit] INFO : [development] API Server Start At Port 8443
2022-07-29 05:58:49 [WatchRabbit] INFO : [traceService checkUserId] guentc1@naver.com 이 존재합니다.
2022-07-29 05:58:49 [WatchRabbit] ERROR : [traceController postUpdateDb]  traceService.checkStatus is not a function
2022-07-29 05:59:26 [WatchRabbit] INFO : [development] API Server Start At Port 8443
2022-07-29 05:59:28 [WatchRabbit] INFO : [traceService checkUserId] guentc1@naver.com 이 존재합니다.
2022-07-29 05:59:28 [WatchRabbit] ERROR : [traceController postUpdateDb]  traceService.checkStatus is not a function
2022-07-29 05:59:49 [WatchRabbit] INFO : [development] API Server Start At Port 8443
2022-07-29 05:59:51 [WatchRabbit] INFO : [traceService checkUserId] guentc1@naver.com 이 존재합니다.
2022-07-29 05:59:51 [WatchRabbit] ERROR : [traceController postUpdateDb]  traceService.checkStatus is not a function
2022-07-29 06:09:14 [WatchRabbit] INFO : [development] API Server Start At Port 8443
2022-07-29 06:11:37 [WatchRabbit] INFO : [development] API Server Start At Port 8443
2022-07-29 06:11:51 [WatchRabbit] INFO : [development] API Server Start At Port 8443
2022-07-29 06:11:56 [WatchRabbit] INFO : [traceService checkUserId] guentc1@naver.com 이 존재합니다.
2022-07-29 06:11:56 [WatchRabbit] ERROR : [checkUserIdx traceDao] You have an error in your SQL syntax; check the manual that corresponds to your MySQL server version for the right syntax to use near ', email = ?' at line 3
2022-07-29 06:11:56 [WatchRabbit] ERROR : [traceController postUpdateDb]  traceService.checkStatus is not a function
2022-07-29 06:12:19 [WatchRabbit] INFO : [development] API Server Start At Port 8443
2022-07-29 06:12:23 [WatchRabbit] INFO : [traceService checkUserId] guentc1@naver.com 이 존재합니다.
2022-07-29 06:12:23 [WatchRabbit] ERROR : [checkUserIdx traceDao] You have an error in your SQL syntax; check the manual that corresponds to your MySQL server version for the right syntax to use near ', email = ?' at line 3
2022-07-29 06:12:23 [WatchRabbit] ERROR : [traceController postUpdateDb]  traceService.checkStatus is not a function
2022-07-29 06:12:46 [WatchRabbit] INFO : [development] API Server Start At Port 8443
2022-07-29 06:13:13 [WatchRabbit] INFO : [development] API Server Start At Port 8443
2022-07-29 06:13:15 [WatchRabbit] INFO : [traceService checkUserId] guentc1@naver.com 이 존재합니다.
2022-07-29 06:13:15 [WatchRabbit] ERROR : [checkUserIdx traceDao] You have an error in your SQL syntax; check the manual that corresponds to your MySQL server version for the right syntax to use near ', 'guentc1@naver.com', email = ?' at line 3
2022-07-29 06:13:15 [WatchRabbit] ERROR : [traceController postUpdateDb]  traceService.checkStatus is not a function
2022-07-29 06:13:51 [WatchRabbit] INFO : [development] API Server Start At Port 8443
2022-07-29 06:14:42 [WatchRabbit] INFO : [development] API Server Start At Port 8443
2022-07-29 06:15:07 [WatchRabbit] INFO : [development] API Server Start At Port 8443
2022-07-29 06:15:08 [WatchRabbit] INFO : [traceService checkUserId] guentc1@naver.com 이 존재합니다.
2022-07-29 06:15:08 [WatchRabbit] ERROR : [checkUserIdx traceDao] You have an error in your SQL syntax; check the manual that corresponds to your MySQL server version for the right syntax to use near ', email = 'guentc1@naver.com'' at line 3
2022-07-29 06:15:08 [WatchRabbit] ERROR : [traceService checkUserIdx] guentc1@naver.com의 Idx 가 존재하지 않습니다.
2022-07-29 06:15:08 [WatchRabbit] ERROR : [traceController postUpdateDb]  traceService.checkStatus is not a function
2022-07-29 06:18:43 [WatchRabbit] INFO : [development] API Server Start At Port 8443
2022-07-29 06:18:44 [WatchRabbit] INFO : [development] API Server Start At Port 8443
2022-07-29 06:19:10 [WatchRabbit] INFO : [development] API Server Start At Port 8443
2022-07-29 06:19:13 [WatchRabbit] INFO : [traceService checkUserId] guentc1@naver.com 이 존재합니다.
2022-07-29 06:19:13 [WatchRabbit] ERROR : [traceController postUpdateDb]  traceService.checkStatus is not a function
2022-07-29 06:19:35 [WatchRabbit] INFO : [development] API Server Start At Port 8443
2022-07-29 06:21:10 [WatchRabbit] INFO : [development] API Server Start At Port 8443
2022-07-29 06:21:12 [WatchRabbit] INFO : [traceService checkUserId] guentc1@naver.com 이 존재합니다.
2022-07-29 06:22:27 [WatchRabbit] INFO : [development] API Server Start At Port 8443
2022-07-29 06:22:29 [WatchRabbit] INFO : [traceService checkUserId] guentc1@naver.com 이 존재합니다.
2022-07-29 06:23:09 [WatchRabbit] INFO : [development] API Server Start At Port 8443
2022-07-29 06:23:11 [WatchRabbit] INFO : [traceService checkUserId] guentc1@naver.com 이 존재합니다.
2022-07-29 06:23:56 [WatchRabbit] INFO : [development] API Server Start At Port 8443
2022-07-29 06:24:02 [WatchRabbit] INFO : [development] API Server Start At Port 8443
2022-07-29 06:24:05 [WatchRabbit] INFO : [traceService checkUserId] guentc1@naver.com 이 존재합니다.
2022-07-29 06:24:25 [WatchRabbit] INFO : [development] API Server Start At Port 8443
2022-07-29 06:24:27 [WatchRabbit] INFO : [traceService checkUserId] guentc1@naver.com 이 존재합니다.
2022-07-29 06:25:26 [WatchRabbit] INFO : [traceService checkUserId] guentc1@naver.com 이 존재합니다.
2022-07-29 06:25:52 [WatchRabbit] INFO : [development] API Server Start At Port 8443
2022-07-29 06:25:53 [WatchRabbit] INFO : [traceService checkUserId] guentc1@naver.com 이 존재합니다.
2022-07-29 06:27:02 [WatchRabbit] INFO : [development] API Server Start At Port 8443
2022-07-29 06:27:06 [WatchRabbit] INFO : [development] API Server Start At Port 8443
2022-07-29 06:27:09 [WatchRabbit] INFO : [traceService checkUserId] guentc1@naver.com 이 존재합니다.
2022-07-29 06:29:06 [WatchRabbit] INFO : [development] API Server Start At Port 8443
2022-07-29 06:29:12 [WatchRabbit] INFO : [development] API Server Start At Port 8443
2022-07-29 06:29:14 [WatchRabbit] INFO : [traceService checkUserId] guentc1@naver.com 이 존재합니다.
2022-07-29 06:29:40 [WatchRabbit] INFO : [traceService checkUserId] guentc1@naver.com 이 존재합니다.
2022-07-29 06:29:42 [WatchRabbit] INFO : [traceService checkUserId] guentc1@naver.com 이 존재합니다.
2022-07-29 06:30:35 [WatchRabbit] INFO : [development] API Server Start At Port 8443
2022-07-29 06:43:42 [WatchRabbit] INFO : [development] API Server Start At Port 8443
2022-07-29 06:43:47 [WatchRabbit] INFO : [traceService checkUserId] guentc1@naver.com 이 존재합니다.
2022-07-29 06:44:01 [WatchRabbit] INFO : [development] API Server Start At Port 8443
2022-07-29 06:45:17 [WatchRabbit] INFO : [development] API Server Start At Port 8443
2022-07-29 06:45:19 [WatchRabbit] INFO : [traceService checkUserId] guentc1@naver.com 이 존재합니다.
2022-07-29 06:48:37 [WatchRabbit] INFO : [traceService checkUserId] guentc1@naver.com 이 존재합니다.
2022-07-29 06:48:56 [WatchRabbit] INFO : [traceService checkUserId] guentc1@naver.com 이 존재합니다.
2022-07-29 06:54:49 [WatchRabbit] INFO : [development] API Server Start At Port 8443
2022-07-29 06:55:19 [WatchRabbit] INFO : [development] API Server Start At Port 8443
2022-07-29 06:55:34 [WatchRabbit] INFO : [development] API Server Start At Port 8443
2022-07-29 06:55:36 [WatchRabbit] INFO : [traceService checkUserId] guentc1@naver.com 이 존재합니다.
2022-07-29 06:55:36 [WatchRabbit] ERROR : [traceController postUpdateDb]  email is not defined
2022-07-29 06:56:24 [WatchRabbit] INFO : [development] API Server Start At Port 8443
2022-07-29 06:56:30 [WatchRabbit] INFO : [development] API Server Start At Port 8443
2022-07-29 06:56:31 [WatchRabbit] INFO : [traceService checkUserId] guentc1@naver.com 이 존재합니다.
2022-07-29 06:56:31 [WatchRabbit] ERROR : [traceService checkUserIdx] guentc1@naver.com의 Idx 가 존재하지 않습니다.
2022-07-29 06:56:31 [WatchRabbit] ERROR : [traceController postUpdateDb]  Cannot read properties of undefined (reading '0')
2022-07-29 06:56:48 [WatchRabbit] INFO : [development] API Server Start At Port 8443
2022-07-29 06:56:53 [WatchRabbit] INFO : [development] API Server Start At Port 8443
2022-07-29 06:56:54 [WatchRabbit] INFO : [traceService checkUserId] guentc1@naver.com 이 존재합니다.
2022-07-29 06:56:54 [WatchRabbit] ERROR : [traceService checkUserIdx] guentc1@naver.com의 Idx 가 존재하지 않습니다.
2022-07-29 06:56:54 [WatchRabbit] ERROR : [traceController postUpdateDb]  Cannot read properties of undefined (reading '0')
2022-07-29 06:57:13 [WatchRabbit] INFO : [development] API Server Start At Port 8443
2022-07-29 06:57:15 [WatchRabbit] INFO : [traceService checkUserId] guentc1@naver.com 이 존재합니다.
2022-07-29 06:57:15 [WatchRabbit] ERROR : [traceService checkUserIdx] guentc1@naver.com의 Idx 가 존재하지 않습니다.
2022-07-29 06:57:15 [WatchRabbit] ERROR : [traceController postUpdateDb]  Cannot read properties of undefined (reading '0')
2022-07-29 06:57:32 [WatchRabbit] INFO : [development] API Server Start At Port 8443
2022-07-29 06:57:34 [WatchRabbit] INFO : [traceService checkUserId] guentc1@naver.com 이 존재합니다.
2022-07-29 06:57:34 [WatchRabbit] ERROR : [traceService checkUserIdx] guentc1@naver.com의 Idx 가 존재하지 않습니다.
2022-07-29 06:57:34 [WatchRabbit] ERROR : [traceController postUpdateDb]  Cannot read properties of undefined (reading '0')
2022-07-29 06:57:46 [WatchRabbit] INFO : [development] API Server Start At Port 8443
2022-07-29 06:57:48 [WatchRabbit] INFO : [traceService checkUserId] guentc1@naver.com 이 존재합니다.
2022-07-29 06:57:48 [WatchRabbit] ERROR : [traceService checkUserIdx] guentc1@naver.com의 Idx 가 존재하지 않습니다.
2022-07-29 06:57:48 [WatchRabbit] ERROR : [traceController postUpdateDb]  Cannot read properties of undefined (reading '0')
2022-07-29 06:58:21 [WatchRabbit] INFO : [development] API Server Start At Port 8443
2022-07-29 06:58:24 [WatchRabbit] INFO : [traceService checkUserId] guentc1@naver.com 이 존재합니다.
2022-07-29 06:58:24 [WatchRabbit] ERROR : [traceService checkUserIdx] guentc1@naver.com의 Idx 가 존재하지 않습니다.
2022-07-29 06:58:24 [WatchRabbit] ERROR : [traceController postUpdateDb]  Cannot read properties of undefined (reading '0')
2022-07-29 06:58:52 [WatchRabbit] INFO : [development] API Server Start At Port 8443
2022-07-29 06:59:04 [WatchRabbit] INFO : [development] API Server Start At Port 8443
2022-07-29 06:59:05 [WatchRabbit] INFO : [traceService checkUserId] guentc1@naver.com 이 존재합니다.
2022-07-29 06:59:05 [WatchRabbit] ERROR : [traceService checkUserIdx] ReferenceError: res is not defined
2022-07-29 06:59:05 [WatchRabbit] ERROR : [traceController postUpdateDb]  Cannot read properties of undefined (reading 'status')
2022-07-29 06:59:57 [WatchRabbit] INFO : [development] API Server Start At Port 8443
2022-07-29 07:00:00 [WatchRabbit] INFO : [traceService checkUserId] guentc1@naver.com 이 존재합니다.
2022-07-29 07:00:18 [WatchRabbit] INFO : [development] API Server Start At Port 8443
2022-07-29 07:00:19 [WatchRabbit] INFO : [traceService checkUserId] guentc1@naver.com 이 존재합니다.
2022-07-29 07:00:19 [WatchRabbit] ERROR : [traceController postUpdateDb]  Cannot read properties of undefined (reading 'status')
2022-07-29 07:00:39 [WatchRabbit] INFO : [development] API Server Start At Port 8443
2022-07-29 07:00:40 [WatchRabbit] INFO : [traceService checkUserId] guentc1@naver.com 이 존재합니다.
2022-07-29 07:00:52 [WatchRabbit] INFO : [development] API Server Start At Port 8443
2022-07-29 07:00:53 [WatchRabbit] INFO : [traceService checkUserId] guentc1@naver.com 이 존재합니다.
2022-07-29 07:01:53 [WatchRabbit] INFO : [development] API Server Start At Port 8443
2022-07-29 07:01:55 [WatchRabbit] INFO : [traceService checkUserId] guentc1@naver.com 이 존재합니다.
2022-07-29 07:02:04 [WatchRabbit] INFO : [development] API Server Start At Port 8443
2022-07-29 07:02:08 [WatchRabbit] INFO : [development] API Server Start At Port 8443
2022-07-29 07:02:10 [WatchRabbit] INFO : [traceService checkUserId] guentc1@naver.com 이 존재합니다.
2022-07-29 07:02:22 [WatchRabbit] INFO : [development] API Server Start At Port 8443
2022-07-29 07:02:23 [WatchRabbit] INFO : [traceService checkUserId] guentc1@naver.com 이 존재합니다.
2022-07-29 07:13:33 [WatchRabbit] INFO : [development] API Server Start At Port 8443
2022-07-29 07:17:39 [WatchRabbit] INFO : [development] API Server Start At Port 8443
2022-07-29 07:17:56 [WatchRabbit] INFO : [development] API Server Start At Port 8443
2022-07-29 07:18:02 [WatchRabbit] INFO : [development] API Server Start At Port 8443
2022-07-29 07:18:35 [WatchRabbit] INFO : [development] API Server Start At Port 8443
2022-07-29 07:18:38 [WatchRabbit] INFO : [development] API Server Start At Port 8443
2022-07-29 07:18:55 [WatchRabbit] INFO : [development] API Server Start At Port 8443
2022-07-29 07:20:29 [WatchRabbit] INFO : [development] API Server Start At Port 8443
2022-07-29 07:23:08 [WatchRabbit] INFO : [development] API Server Start At Port 8443
2022-07-29 07:23:10 [WatchRabbit] INFO : [development] API Server Start At Port 8443
2022-07-29 07:23:14 [WatchRabbit] INFO : [traceService checkUserId] guentc1@naver.com 이 존재합니다.
2022-07-29 07:23:14 [WatchRabbit] ERROR : [traceController postUpdateDb]  traceProvider is not defined
2022-07-29 07:23:27 [WatchRabbit] INFO : [development] API Server Start At Port 8443
2022-07-29 07:23:29 [WatchRabbit] INFO : [development] API Server Start At Port 8443
2022-07-29 07:23:30 [WatchRabbit] INFO : [traceService checkUserId] guentc1@naver.com 이 존재합니다.
2022-07-29 07:23:30 [WatchRabbit] ERROR : [traceController postUpdateDb]  traceProvider is not defined
2022-07-29 07:23:32 [WatchRabbit] INFO : [traceService checkUserId] guentc1@naver.com 이 존재합니다.
2022-07-29 07:23:32 [WatchRabbit] ERROR : [traceController postUpdateDb]  traceProvider is not defined
2022-07-29 07:23:53 [WatchRabbit] INFO : [development] API Server Start At Port 8443
2022-07-29 07:23:54 [WatchRabbit] INFO : [development] API Server Start At Port 8443
2022-07-29 07:23:55 [WatchRabbit] INFO : [development] API Server Start At Port 8443
2022-07-29 07:23:56 [WatchRabbit] INFO : [traceService checkUserId] guentc1@naver.com 이 존재합니다.
2022-07-29 07:23:56 [WatchRabbit] ERROR : [traceController postUpdateDb]  userIDx is not defined
2022-07-29 07:24:08 [WatchRabbit] INFO : [development] API Server Start At Port 8443
2022-07-29 07:24:13 [WatchRabbit] INFO : [development] API Server Start At Port 8443
2022-07-29 07:24:21 [WatchRabbit] INFO : [traceService checkUserId] guentc1@naver.com 이 존재합니다.
2022-07-29 07:24:21 [WatchRabbit] ERROR : [traceService checkUserId]  Info is not defined
2022-07-29 07:24:21 [WatchRabbit] ERROR : [traceController postUpdateDb]  consnole is not defined
2022-07-29 07:24:31 [WatchRabbit] INFO : [development] API Server Start At Port 8443
2022-07-29 07:24:43 [WatchRabbit] INFO : [development] API Server Start At Port 8443
2022-07-29 07:24:44 [WatchRabbit] INFO : [traceService checkUserId] guentc1@naver.com 이 존재합니다.
2022-07-29 07:24:44 [WatchRabbit] ERROR : [TraceTable traceDao] You have an error in your SQL syntax; check the manual that corresponds to your MySQL server version for the right syntax to use near 'traceIdx = '1'' at line 3
2022-07-29 07:28:05 [WatchRabbit] INFO : [development] API Server Start At Port 8443
2022-07-29 07:28:12 [WatchRabbit] INFO : [traceService checkUserId] guentc1@naver.com 이 존재합니다.
2022-07-29 07:28:12 [WatchRabbit] ERROR : [TraceTable traceDao] You have an error in your SQL syntax; check the manual that corresponds to your MySQL server version for the right syntax to use near 'traceIdx = '1'' at line 3
2022-07-29 07:29:10 [WatchRabbit] INFO : [development] API Server Start At Port 8443
2022-07-29 07:29:14 [WatchRabbit] INFO : [traceService checkUserId] guentc1@naver.com 이 존재합니다.
2022-07-29 07:29:14 [WatchRabbit] ERROR : [TraceTable traceDao] You have an error in your SQL syntax; check the manual that corresponds to your MySQL server version for the right syntax to use near 'traceIdx = 1' at line 3
2022-07-29 07:30:09 [WatchRabbit] INFO : [development] API Server Start At Port 8443
2022-07-29 07:30:16 [WatchRabbit] INFO : [traceService checkUserId] guentc1@naver.com 이 존재합니다.
2022-07-29 07:30:16 [WatchRabbit] ERROR : [TraceTable traceDao] Unknown column 'ACTIVE' in 'field list'
2022-07-29 07:30:34 [WatchRabbit] INFO : [development] API Server Start At Port 8443
2022-07-29 07:30:37 [WatchRabbit] INFO : [traceService checkUserId] guentc1@naver.com 이 존재합니다.
2022-07-29 07:31:29 [WatchRabbit] INFO : [development] API Server Start At Port 8443
2022-07-29 07:46:40 [WatchRabbit] INFO : [development] API Server Start At Port 8443
2022-07-29 07:47:12 [WatchRabbit] INFO : [development] API Server Start At Port 8443
2022-07-29 07:49:37 [WatchRabbit] INFO : [development] API Server Start At Port 8443
2022-07-29 08:33:39 [WatchRabbit] INFO : [development] API Server Start At Port 8443
2022-07-29 08:34:00 [WatchRabbit] INFO : [development] API Server Start At Port 8443
2022-07-29 08:34:40 [WatchRabbit] INFO : [development] API Server Start At Port 8443
2022-07-29 08:34:49 [WatchRabbit] INFO : [development] API Server Start At Port 8443
2022-07-29 08:35:18 [WatchRabbit] INFO : [development] API Server Start At Port 8443
2022-07-29 08:35:24 [WatchRabbit] INFO : [development] API Server Start At Port 8443
2022-07-29 08:36:30 [WatchRabbit] INFO : [development] API Server Start At Port 8443
2022-07-29 08:36:32 [WatchRabbit] INFO : [development] API Server Start At Port 8443
2022-07-29 08:36:36 [WatchRabbit] INFO : [traceService checkUserId] guentc1@naver.com 이 존재합니다.
2022-07-29 08:36:36 [WatchRabbit] ERROR : [traceController postUpdateDb]  traceService.TraceItem is not a function
2022-07-29 08:37:01 [WatchRabbit] INFO : [development] API Server Start At Port 8443
2022-07-29 08:37:14 [WatchRabbit] INFO : [traceService checkUserId] guentc1@naver.com 이 존재합니다.
2022-07-29 08:37:14 [WatchRabbit] ERROR : [traceService checkUserId]  userIdx is not defined
2022-07-29 08:37:32 [WatchRabbit] INFO : [development] API Server Start At Port 8443
2022-07-29 08:37:34 [WatchRabbit] INFO : [traceService checkUserId] guentc1@naver.com 이 존재합니다.
2022-07-29 08:38:10 [WatchRabbit] INFO : [development] API Server Start At Port 8443
2022-07-29 08:38:19 [WatchRabbit] INFO : [traceService checkUserId] guentc1@naver.com 이 존재합니다.
2022-07-29 08:39:12 [WatchRabbit] INFO : [development] API Server Start At Port 8443
2022-07-29 08:39:15 [WatchRabbit] INFO : [traceService checkUserId] guentc1@naver.com 이 존재합니다.
2022-07-29 08:39:48 [WatchRabbit] INFO : [development] API Server Start At Port 8443
2022-07-29 08:39:50 [WatchRabbit] INFO : [traceService checkUserId] guentc1@naver.com 이 존재합니다.
2022-07-29 08:40:24 [WatchRabbit] INFO : [development] API Server Start At Port 8443
2022-07-29 08:40:41 [WatchRabbit] INFO : [traceService checkUserId] guentc1@naver.com 이 존재합니다.
2022-07-29 08:40:55 [WatchRabbit] INFO : [traceService checkUserId] guentc1@naver.com 이 존재합니다.
2022-07-29 08:41:10 [WatchRabbit] INFO : [traceService checkUserId] guentc1@naver.com 이 존재합니다.
2022-07-29 08:41:31 [WatchRabbit] INFO : [traceService checkUserId] guentc1@naver.com 이 존재합니다.
2022-07-29 08:41:37 [WatchRabbit] INFO : [traceService checkUserId] guentc1@naver.com 이 존재합니다.
2022-07-29 08:41:57 [WatchRabbit] INFO : [traceService checkUserId] guentc1@naver.com 이 존재합니다.
2022-07-29 08:43:01 [WatchRabbit] INFO : [traceService checkUserId] guentc1@naver.com 이 존재합니다.
2022-07-29 08:43:23 [WatchRabbit] INFO : [traceService checkUserId] guentc1@naver.com 이 존재합니다.
2022-07-29 08:43:37 [WatchRabbit] INFO : [traceService checkUserId] guentc1@naver.com 이 존재합니다.
2022-07-29 08:43:42 [WatchRabbit] INFO : [traceService checkUserId] guentc1@naver.com 이 존재합니다.
2022-07-29 08:44:36 [WatchRabbit] INFO : [traceService checkUserId] guentc1@naver.com 이 존재합니다.
2022-07-29 08:44:42 [WatchRabbit] INFO : [traceService checkUserId] guentc1@naver.com 이 존재합니다.
2022-07-29 08:49:23 [WatchRabbit] INFO : [development] API Server Start At Port 8443
2022-07-29 08:49:23 [WatchRabbit] INFO : [traceService checkUserId] guentc1@naver.com 이 존재합니다.
2022-07-29 08:51:43 [WatchRabbit] INFO : [development] API Server Start At Port 8443
2022-07-29 08:57:48 [WatchRabbit] INFO : guentc1@naver.com 님이 로그아웃 되었습니다.
2022-07-29 08:58:10 [WatchRabbit] ERROR : 로그인이 필요한 요청 입니다.
2022-07-29 08:59:05 [WatchRabbit] INFO : [development] API Server Start At Port 8443
2022-07-29 08:59:05 [WatchRabbit] ERROR : authorization code not found for code=2LdUgAOWo4hj5ZRy0DVYfAuajuXzCR7xsNumhtgGG7WxW-5Y2GSNzY0ZiBCl91REvSi5rQo9dRkAAAGCSS3t4A
2022-07-29 08:59:16 [WatchRabbit] ERROR : 로그인이 필요한 요청 입니다.
2022-07-29 09:06:48 [WatchRabbit] INFO : [development] API Server Start At Port 8443
2022-07-29 09:06:51 [WatchRabbit] INFO : jmbaek07@gmail.com 님이 로그아웃 되었습니다.
2022-07-29 09:08:53 [WatchRabbit] ERROR : 로그인이 필요한 요청 입니다.
2022-07-29 09:10:17 [WatchRabbit] INFO : [development] API Server Start At Port 8443
2022-07-29 09:10:18 [WatchRabbit] ERROR : Bad Request
2022-07-29 09:10:20 [WatchRabbit] ERROR : Bad Request
2022-07-29 09:10:21 [WatchRabbit] ERROR : 로그인이 필요한 요청 입니다.
2022-07-29 09:10:37 [WatchRabbit] INFO : [development] API Server Start At Port 8443
2022-07-29 09:10:37 [WatchRabbit] ERROR : Bad Request
2022-07-29 09:10:39 [WatchRabbit] ERROR : 로그인이 필요한 요청 입니다.
2022-07-29 09:10:56 [WatchRabbit] INFO : [development] API Server Start At Port 8443
2022-07-29 09:11:16 [WatchRabbit] INFO : [development] API Server Start At Port 8443
2022-07-29 09:12:02 [WatchRabbit] INFO : [development] API Server Start At Port 8443
2022-07-29 09:14:33 [WatchRabbit] INFO : [development] API Server Start At Port 8443
2022-07-29 09:17:37 [WatchRabbit] INFO : [development] API Server Start At Port 8443
2022-07-29 09:18:30 [WatchRabbit] INFO : [development] API Server Start At Port 8443
2022-07-29 09:18:31 [WatchRabbit] ERROR : Bad Request
2022-07-29 09:19:09 [WatchRabbit] INFO : [development] API Server Start At Port 8443
2022-07-29 09:19:09 [WatchRabbit] ERROR : Bad Request
2022-07-29 09:19:12 [WatchRabbit] INFO : jmbaek07@gmail.com 님이 구글 로그인에 성공했습니다.
2022-07-29 09:19:40 [WatchRabbit] INFO : [development] API Server Start At Port 8443
2022-07-29 09:19:41 [WatchRabbit] INFO : jmbaek07@gmail.com 님이 로그아웃 되었습니다.
2022-07-29 09:19:46 [WatchRabbit] INFO : jmbaek07@gmail.com 님이 구글 로그인에 성공했습니다.
2022-07-29 09:19:56 [WatchRabbit] INFO : [traceService checkUserId] jmbaek07@gmail.com 이 존재합니다.
2022-07-29 09:20:10 [WatchRabbit] INFO : [traceService checkUserId] jmbaek07@gmail.com 이 존재합니다.
2022-07-29 09:20:21 [WatchRabbit] INFO : [traceService checkUserId] jmbaek07@gmail.com 이 존재합니다.
2022-07-29 09:20:22 [WatchRabbit] INFO : [traceService checkUserId] jmbaek07@gmail.com 이 존재합니다.
2022-07-29 09:20:36 [WatchRabbit] INFO : [traceService checkUserId] jmbaek07@gmail.com 이 존재합니다.
2022-07-29 09:20:37 [WatchRabbit] INFO : [traceService checkUserId] jmbaek07@gmail.com 이 존재합니다.
2022-07-29 09:23:00 [WatchRabbit] INFO : [development] API Server Start At Port 8443
2022-07-29 09:23:00 [WatchRabbit] INFO : jmbaek07@gmail.com 님이 로그아웃 되었습니다.
2022-07-29 09:23:00 [WatchRabbit] ERROR : 로그인이 필요한 요청 입니다.
2022-07-29 09:23:00 [WatchRabbit] ERROR : 로그인이 필요한 요청 입니다.
2022-07-29 09:23:00 [WatchRabbit] ERROR : 로그인이 필요한 요청 입니다.
2022-07-29 09:23:00 [WatchRabbit] ERROR : 로그인이 필요한 요청 입니다.
2022-07-29 09:23:00 [WatchRabbit] ERROR : 로그인이 필요한 요청 입니다.
2022-07-29 09:23:00 [WatchRabbit] ERROR : 로그인이 필요한 요청 입니다.
2022-07-29 09:23:08 [WatchRabbit] INFO : jmbaek07@gmail.com 님이 구글 로그인에 성공했습니다.
2022-07-29 09:23:49 [WatchRabbit] INFO : [development] API Server Start At Port 8443
2022-07-29 11:34:45 [WatchRabbit] INFO : [development] API Server Start At Port 8443
2022-07-29 11:36:05 [WatchRabbit] ERROR : 로그인이 필요한 요청 입니다.
2022-07-29 11:36:22 [WatchRabbit] INFO : guentc4@naver.com 님이 카카오 로그인에 성공했습니다.
2022-07-29 11:37:20 [WatchRabbit] ERROR : 로그인이 필요한 요청 입니다.
2022-07-29 11:52:37 [WatchRabbit] INFO : guentc4@naver.com 님이 카카오 로그인에 성공했습니다.
2022-07-29 11:52:57 [WatchRabbit] INFO : guentc4@naver.com 님이 로그아웃 되었습니다.
2022-07-29 11:53:05 [WatchRabbit] INFO : guentc4@naver.com 님이 카카오 로그인에 성공했습니다.
2022-07-29 12:18:51 [WatchRabbit] INFO : [development] API Server Start At Port 8443
2022-07-29 12:18:57 [WatchRabbit] INFO : guentc4@naver.com 님이 로그아웃 되었습니다.
2022-07-29 12:19:00 [WatchRabbit] INFO : guentc4@naver.com 님이 카카오 로그인에 성공했습니다.
2022-07-29 12:22:01 [WatchRabbit] INFO : [development] API Server Start At Port 8443
2022-07-29 12:22:03 [WatchRabbit] INFO : guentc4@naver.com 님이 로그아웃 되었습니다.
2022-07-29 12:22:11 [WatchRabbit] INFO : guentc4@naver.com 님이 카카오 로그인에 성공했습니다.
2022-07-29 12:22:49 [WatchRabbit] INFO : [development] API Server Start At Port 8443
2022-07-29 12:23:07 [WatchRabbit] INFO : [development] API Server Start At Port 8443
2022-07-29 12:23:08 [WatchRabbit] INFO : guentc4@naver.com 님이 로그아웃 되었습니다.
2022-07-29 12:23:16 [WatchRabbit] INFO : guentc4@naver.com 님이 카카오 로그인에 성공했습니다.
2022-07-29 12:23:48 [WatchRabbit] INFO : [development] API Server Start At Port 8443
2022-07-29 12:23:50 [WatchRabbit] INFO : guentc4@naver.com 님이 로그아웃 되었습니다.
2022-07-29 12:23:59 [WatchRabbit] INFO : [development] API Server Start At Port 8443
2022-07-29 12:24:02 [WatchRabbit] INFO : [development] API Server Start At Port 8443
2022-07-29 12:24:06 [WatchRabbit] INFO : guentc4@naver.com 님이 카카오 로그인에 성공했습니다.
2022-07-29 12:24:36 [WatchRabbit] INFO : [development] API Server Start At Port 8443
2022-07-29 12:24:44 [WatchRabbit] INFO : guentc4@naver.com 님이 로그아웃 되었습니다.
2022-07-29 12:24:50 [WatchRabbit] INFO : guentc4@naver.com 님이 카카오 로그인에 성공했습니다.
2022-07-29 12:25:10 [WatchRabbit] INFO : [development] API Server Start At Port 8443
2022-07-29 12:25:27 [WatchRabbit] INFO : guentc4@naver.com 님이 카카오 로그인에 성공했습니다.
2022-07-29 12:25:44 [WatchRabbit] INFO : [development] API Server Start At Port 8443
2022-07-29 12:28:31 [WatchRabbit] INFO : [development] API Server Start At Port 8443
2022-07-29 12:28:39 [WatchRabbit] INFO : guentc4@naver.com 님이 로그아웃 되었습니다.
2022-07-29 12:28:52 [WatchRabbit] INFO : 카카오 로그인에 실패했습니다.
2022-07-29 12:29:02 [WatchRabbit] INFO : [development] API Server Start At Port 8443
2022-07-29 12:29:17 [WatchRabbit] INFO : [development] API Server Start At Port 8443
2022-07-29 12:29:22 [WatchRabbit] ERROR : 로그인이 필요한 요청 입니다.
2022-07-29 12:29:31 [WatchRabbit] ERROR : undefined
2022-07-29 12:29:31 [WatchRabbit] INFO : undefined 님이 카카오 로그인에 성공했습니다.
2022-07-29 12:29:32 [WatchRabbit] ERROR : 로그인이 필요한 요청 입니다.
2022-07-29 12:29:52 [WatchRabbit] INFO : [development] API Server Start At Port 8443
2022-07-29 12:29:56 [WatchRabbit] INFO : [development] API Server Start At Port 8443
2022-07-29 12:32:11 [WatchRabbit] INFO : [development] API Server Start At Port 8443
2022-07-29 12:32:15 [WatchRabbit] INFO : [development] API Server Start At Port 8443
2022-07-29 12:32:43 [WatchRabbit] ERROR : undefined
2022-07-29 12:32:43 [WatchRabbit] INFO : undefined 님이 카카오 로그인에 성공했습니다.
2022-07-29 12:32:44 [WatchRabbit] ERROR : 로그인이 필요한 요청 입니다.
2022-07-29 12:34:17 [WatchRabbit] INFO : [development] API Server Start At Port 8443
2022-07-29 12:34:26 [WatchRabbit] INFO : [development] API Server Start At Port 8443
2022-07-29 12:34:44 [WatchRabbit] INFO : guentc4@naver.com 님이 카카오 로그인에 성공했습니다.
2022-07-29 12:37:34 [WatchRabbit] INFO : [development] API Server Start At Port 8443
2022-07-29 12:37:50 [WatchRabbit] INFO : [development] API Server Start At Port 8443
2022-07-29 12:37:54 [WatchRabbit] INFO : guentc4@naver.com 님이 로그아웃 되었습니다.
2022-07-29 12:37:58 [WatchRabbit] INFO : guentc4@naver.com 님이 카카오 로그인에 성공했습니다.
2022-07-29 12:38:09 [WatchRabbit] INFO : [development] API Server Start At Port 8443
2022-07-29 12:38:24 [WatchRabbit] INFO : [development] API Server Start At Port 8443
2022-07-29 12:38:26 [WatchRabbit] INFO : undefined 님이 로그아웃 되었습니다.
2022-07-29 12:38:30 [WatchRabbit] INFO : guentc4@naver.com 님이 카카오 로그인에 성공했습니다.
2022-07-29 12:38:56 [WatchRabbit] INFO : [development] API Server Start At Port 8443
2022-07-29 12:38:59 [WatchRabbit] ERROR : 로그인 되어 있는 상태입니다.
2022-07-29 12:38:59 [WatchRabbit] ERROR : 로그인 되어 있는 상태입니다.
2022-07-29 12:39:14 [WatchRabbit] ERROR : 로그인이 필요한 요청 입니다.
2022-07-29 12:39:16 [WatchRabbit] ERROR : 로그인이 필요한 요청 입니다.
2022-07-29 12:39:22 [WatchRabbit] INFO : guentc4@naver.com 님이 카카오 로그인에 성공했습니다.
2022-07-29 12:40:52 [WatchRabbit] INFO : [development] API Server Start At Port 8443
2022-07-29 12:41:56 [WatchRabbit] INFO : [development] API Server Start At Port 8443
2022-07-29 12:45:28 [WatchRabbit] ERROR : 로그인이 필요한 요청 입니다.
2022-07-29 12:45:31 [WatchRabbit] INFO : guentc4@naver.com 님이 카카오 로그인에 성공했습니다.
2022-07-29 12:47:13 [WatchRabbit] ERROR : 로그인 되어 있는 상태입니다.
2022-07-29 12:47:14 [WatchRabbit] ERROR : 로그인 되어 있는 상태입니다.
2022-07-29 12:47:34 [WatchRabbit] ERROR : 로그인이 필요한 요청 입니다.
2022-07-29 12:47:37 [WatchRabbit] INFO : guentc4@naver.com 님이 카카오 로그인에 성공했습니다.
2022-07-29 12:48:11 [WatchRabbit] INFO : [development] API Server Start At Port 8443
2022-07-29 12:48:25 [WatchRabbit] ERROR : 로그인이 필요한 요청 입니다.
2022-07-29 12:48:27 [WatchRabbit] INFO : guentc4@naver.com 님이 카카오 로그인에 성공했습니다.
2022-07-29 12:49:41 [WatchRabbit] ERROR : 로그인이 필요한 요청 입니다.
2022-07-29 12:49:50 [WatchRabbit] INFO : guentc4@naver.com 님이 카카오 로그인에 성공했습니다.
2022-07-29 12:50:03 [WatchRabbit] ERROR : 로그인 되어 있는 상태입니다.
2022-07-29 12:50:03 [WatchRabbit] ERROR : 로그인 되어 있는 상태입니다.
2022-07-29 12:50:14 [WatchRabbit] ERROR : 로그인이 필요한 요청 입니다.
2022-07-29 12:50:20 [WatchRabbit] ERROR : 로그인이 필요한 요청 입니다.
2022-07-29 12:50:26 [WatchRabbit] INFO : guentc4@naver.com 님이 카카오 로그인에 성공했습니다.
2022-07-29 12:50:42 [WatchRabbit] ERROR : 로그인이 필요한 요청 입니다.
2022-07-29 12:50:43 [WatchRabbit] INFO : guentc4@naver.com 님이 카카오 로그인에 성공했습니다.
2022-07-29 12:51:10 [WatchRabbit] INFO : guentc4@naver.com 님이 카카오 로그인에 성공했습니다.
2022-07-29 12:52:13 [WatchRabbit] ERROR : [postSearchItem] Cannot read properties of undefined (reading 'email')
2022-07-29 12:52:52 [WatchRabbit] INFO : [development] API Server Start At Port 8443
2022-07-29 12:53:34 [WatchRabbit] INFO : [development] API Server Start At Port 8443
2022-07-29 12:53:44 [WatchRabbit] ERROR : 로그인이 필요한 요청 입니다.
2022-07-29 12:53:47 [WatchRabbit] INFO : guentc4@naver.com 님이 카카오 로그인에 성공했습니다.
2022-07-29 12:54:03 [WatchRabbit] INFO : [development] API Server Start At Port 8443
2022-07-29 12:54:13 [WatchRabbit] INFO : [development] API Server Start At Port 8443
2022-07-29 12:54:24 [WatchRabbit] INFO : guentc4@naver.com 님이 카카오 로그인에 성공했습니다.
2022-07-29 12:55:04 [WatchRabbit] INFO : [development] API Server Start At Port 8443
2022-07-29 12:56:23 [WatchRabbit] INFO : guentc4@naver.com 님이 카카오 로그인에 성공했습니다.
2022-07-29 12:57:17 [WatchRabbit] ERROR : 로그인이 필요한 요청 입니다.
2022-07-29 12:57:32 [WatchRabbit] INFO : guentc4@naver.com 님이 카카오 로그인에 성공했습니다.
2022-07-29 12:59:09 [WatchRabbit] INFO : [development] API Server Start At Port 8443
2022-07-29 12:59:13 [WatchRabbit] INFO : [development] API Server Start At Port 8443
2022-07-29 12:59:35 [WatchRabbit] ERROR : 로그인이 필요한 요청 입니다.
2022-07-29 12:59:43 [WatchRabbit] INFO : jmbaek07@gmail.com 님이 구글 로그인에 성공했습니다.
2022-07-29 13:00:13 [WatchRabbit] INFO : [development] API Server Start At Port 8443
2022-07-29 13:00:16 [WatchRabbit] INFO : [development] API Server Start At Port 8443
2022-07-29 13:01:04 [WatchRabbit] ERROR : 로그인이 필요한 요청 입니다.
2022-07-29 13:01:08 [WatchRabbit] ERROR : 로그인이 필요한 요청 입니다.
2022-07-29 13:03:54 [WatchRabbit] INFO : [development] API Server Start At Port 8443
2022-07-29 13:04:44 [WatchRabbit] INFO : [development] API Server Start At Port 8443
2022-07-29 13:04:49 [WatchRabbit] INFO : jmbaek07@gmail.com 님이 구글 로그인에 성공했습니다.
2022-07-29 13:05:14 [WatchRabbit] INFO : [development] API Server Start At Port 8443
2022-07-29 13:05:14 [WatchRabbit] ERROR : 로그인이 필요한 요청 입니다.
2022-07-29 13:05:27 [WatchRabbit] INFO : [development] API Server Start At Port 8443
2022-07-29 13:05:34 [WatchRabbit] INFO : [development] API Server Start At Port 8443
2022-07-29 13:05:35 [WatchRabbit] INFO : [development] API Server Start At Port 8443
2022-07-29 13:05:43 [WatchRabbit] ERROR : 로그인이 필요한 요청 입니다.
2022-07-29 13:05:44 [WatchRabbit] ERROR : 로그인이 필요한 요청 입니다.
2022-07-29 13:05:54 [WatchRabbit] ERROR : 로그인이 필요한 요청 입니다.
2022-07-29 13:05:57 [WatchRabbit] INFO : [development] API Server Start At Port 8443
2022-07-29 13:06:13 [WatchRabbit] INFO : guentc4@naver.com 님이 카카오 로그인에 성공했습니다.
2022-07-29 13:06:17 [WatchRabbit] INFO : guentc4@naver.com 님이 로그아웃 되었습니다.
2022-07-29 13:07:05 [WatchRabbit] INFO : [development] API Server Start At Port 8443
2022-07-29 13:07:07 [WatchRabbit] ERROR : 로그인이 필요한 요청 입니다.
2022-07-29 13:07:10 [WatchRabbit] INFO : guentc4@naver.com 님이 카카오 로그인에 성공했습니다.
2022-07-29 13:07:13 [WatchRabbit] INFO : guentc4@naver.com 님이 로그아웃 되었습니다.
2022-07-29 13:08:06 [WatchRabbit] INFO : [development] API Server Start At Port 8443
2022-07-29 13:08:14 [WatchRabbit] ERROR : 로그인이 필요한 요청 입니다.
2022-07-29 13:08:17 [WatchRabbit] INFO : guentc4@naver.com 님이 카카오 로그인에 성공했습니다.
2022-07-29 13:08:20 [WatchRabbit] INFO : guentc4@naver.com 님이 로그아웃 되었습니다.
2022-07-29 13:08:23 [WatchRabbit] INFO : guentc4@naver.com 님이 카카오 로그인에 성공했습니다.
2022-07-29 13:08:25 [WatchRabbit] INFO : guentc4@naver.com 님이 로그아웃 되었습니다.
2022-07-29 13:08:32 [WatchRabbit] INFO : jmbaek07@gmail.com 님이 구글 로그인에 성공했습니다.
2022-07-29 13:08:33 [WatchRabbit] INFO : jmbaek07@gmail.com 님이 로그아웃 되었습니다.
2022-07-29 13:08:56 [WatchRabbit] INFO : guentc1@naver.com 님이 로그인에 성공했습니다.
2022-07-29 13:09:58 [WatchRabbit] INFO : [development] API Server Start At Port 8443
2022-07-29 13:10:13 [WatchRabbit] INFO : guentc1@naver.com 님이 로그아웃 되었습니다.
2022-07-29 13:10:24 [WatchRabbit] INFO : guentc1@naver.com 님이 로그인에 성공했습니다.
2022-07-29 13:12:48 [WatchRabbit] INFO : [development] API Server Start At Port 8443
2022-07-29 13:13:03 [WatchRabbit] INFO : guentc1@naver.com 님이 로그아웃 되었습니다.
2022-07-29 13:13:10 [WatchRabbit] INFO : guentc1@naver.com 님이 로그인에 성공했습니다.
2022-07-29 13:13:44 [WatchRabbit] INFO : [development] API Server Start At Port 8443
2022-07-29 13:13:55 [WatchRabbit] INFO : [development] API Server Start At Port 8443
2022-07-29 13:14:28 [WatchRabbit] INFO : guentc1@naver.com 님이 로그아웃 되었습니다.
2022-07-29 13:14:43 [WatchRabbit] INFO : [development] API Server Start At Port 8443
2022-07-29 13:14:47 [WatchRabbit] INFO : [development] API Server Start At Port 8443
2022-07-29 13:14:54 [WatchRabbit] INFO : guentc1@naver.com 님이 로그인에 성공했습니다.
2022-07-29 13:15:16 [WatchRabbit] INFO : [development] API Server Start At Port 8443
2022-07-29 13:15:49 [WatchRabbit] INFO : guentc1@naver.com 님이 로그아웃 되었습니다.
2022-07-29 13:16:02 [WatchRabbit] INFO : guentc1@naver.com 님이 로그인에 성공했습니다.
2022-07-29 13:16:45 [WatchRabbit] INFO : [development] API Server Start At Port 8443
2022-07-29 13:16:58 [WatchRabbit] INFO : [development] API Server Start At Port 8443
2022-07-29 13:17:28 [WatchRabbit] INFO : [development] API Server Start At Port 8443
2022-07-29 13:17:33 [WatchRabbit] INFO : guentc1@naver.com 님이 로그아웃 되었습니다.
2022-07-29 13:17:39 [WatchRabbit] INFO : guentc1@naver.com 님이 로그인에 성공했습니다.
2022-07-29 13:17:46 [WatchRabbit] INFO : guentc1@naver.com 가 전국의 전체에서 노트북를 검색했습니다.
2022-07-29 13:17:49 [WatchRabbit] INFO : [development] API Server Start At Port 8443
2022-07-29 13:18:27 [WatchRabbit] INFO : [development] API Server Start At Port 8443
2022-07-29 13:18:31 [WatchRabbit] INFO : [development] API Server Start At Port 8443
2022-07-29 13:19:29 [WatchRabbit] INFO : [development] API Server Start At Port 8443
2022-07-29 13:19:45 [WatchRabbit] INFO : guentc1@naver.com 님이 로그아웃 되었습니다.
2022-07-29 13:19:57 [WatchRabbit] INFO : guentc1@naver.com 님이 로그인에 성공했습니다.
2022-07-29 13:20:15 [WatchRabbit] INFO : [development] API Server Start At Port 8443
2022-07-29 13:20:18 [WatchRabbit] INFO : guentc1@naver.com 님이 로그아웃 되었습니다.
2022-07-29 13:20:24 [WatchRabbit] INFO : guentc1@naver.com 님이 로그인에 성공했습니다.
2022-07-29 13:20:33 [WatchRabbit] INFO : guentc1@naver.com 님이 로그아웃 되었습니다.
2022-07-29 13:25:44 [WatchRabbit] INFO : jmbaek07@gmail.com 님이 구글 로그인에 성공했습니다.
2022-07-29 13:25:51 [WatchRabbit] INFO : jmbaek07@gmail.com 님이 로그아웃 되었습니다.
2022-07-29 13:25:54 [WatchRabbit] INFO : guentc4@naver.com 님이 카카오 로그인에 성공했습니다.
2022-07-29 13:25:58 [WatchRabbit] INFO : guentc4@naver.com 님이 로그아웃 되었습니다.
2022-07-29 13:26:07 [WatchRabbit] INFO : guentc1@naver.com 님이 로그인에 성공했습니다.
2022-07-29 13:26:12 [WatchRabbit] INFO : guentc1@naver.com 님이 로그아웃 되었습니다.
2022-07-29 13:31:46 [WatchRabbit] INFO : jmbaek07@gmail.com 님이 구글 로그인에 성공했습니다.
2022-07-29 13:31:48 [WatchRabbit] INFO : jmbaek07@gmail.com 님이 로그아웃 되었습니다.
2022-07-29 13:31:50 [WatchRabbit] INFO : guentc4@naver.com 님이 카카오 로그인에 성공했습니다.
2022-07-29 13:31:54 [WatchRabbit] INFO : guentc4@naver.com 님이 로그아웃 되었습니다.
