2022-07-17 01:41:23 [WatchRabbit] ERROR : 로그인 되어 있는 상태입니다.
2022-07-17 01:41:50 [WatchRabbit] ERROR : 비밀번호 불일치
2022-07-17 01:42:01 [WatchRabbit] ERROR : 비밀번호 불일치
2022-07-17 01:42:06 [WatchRabbit] ERROR : 비밀번호 불일치
2022-07-17 01:42:12 [WatchRabbit] ERROR : 로그인 되어 있는 상태입니다.
2022-07-17 01:42:15 [WatchRabbit] ERROR : 로그인 되어 있는 상태입니다.
2022-07-17 02:00:38 [WatchRabbit] ERROR : undefined
2022-07-17 02:26:58 [WatchRabbit] ERROR : undefined
2022-07-17 06:03:23 [WatchRabbit] ERROR : 로그인 되어 있는 상태입니다.
2022-07-17 06:03:23 [WatchRabbit] ERROR : 로그인 되어 있는 상태입니다.
2022-07-17 06:03:25 [WatchRabbit] ERROR : 로그인 되어 있는 상태입니다.
2022-07-17 06:03:26 [WatchRabbit] ERROR : 로그인 되어 있는 상태입니다.
2022-07-17 06:03:54 [WatchRabbit] ERROR : 로그인이 필요한 요청 입니다.
2022-07-17 06:03:54 [WatchRabbit] ERROR : 로그인이 필요한 요청 입니다.
2022-07-17 06:03:54 [WatchRabbit] ERROR : 로그인이 필요한 요청 입니다.
2022-07-17 06:03:54 [WatchRabbit] ERROR : 로그인이 필요한 요청 입니다.
2022-07-17 06:03:54 [WatchRabbit] ERROR : 로그인이 필요한 요청 입니다.
2022-07-17 06:03:55 [WatchRabbit] ERROR : 로그인이 필요한 요청 입니다.
2022-07-17 06:03:55 [WatchRabbit] ERROR : 로그인이 필요한 요청 입니다.
2022-07-17 06:03:55 [WatchRabbit] ERROR : 로그인이 필요한 요청 입니다.
2022-07-17 06:03:56 [WatchRabbit] ERROR : 로그인이 필요한 요청 입니다.
2022-07-17 06:03:56 [WatchRabbit] ERROR : 로그인이 필요한 요청 입니다.
2022-07-17 06:03:56 [WatchRabbit] ERROR : 로그인이 필요한 요청 입니다.
2022-07-17 06:03:56 [WatchRabbit] ERROR : 로그인이 필요한 요청 입니다.
2022-07-17 06:03:56 [WatchRabbit] ERROR : 로그인이 필요한 요청 입니다.
2022-07-17 06:03:56 [WatchRabbit] ERROR : 로그인이 필요한 요청 입니다.
2022-07-17 06:03:57 [WatchRabbit] ERROR : 로그인이 필요한 요청 입니다.
2022-07-17 06:03:57 [WatchRabbit] ERROR : 로그인이 필요한 요청 입니다.
2022-07-17 06:03:57 [WatchRabbit] ERROR : 로그인이 필요한 요청 입니다.
2022-07-17 06:03:57 [WatchRabbit] ERROR : 로그인이 필요한 요청 입니다.
2022-07-17 06:03:57 [WatchRabbit] ERROR : 로그인이 필요한 요청 입니다.
2022-07-17 06:03:57 [WatchRabbit] ERROR : 로그인이 필요한 요청 입니다.
2022-07-17 06:03:57 [WatchRabbit] ERROR : 로그인이 필요한 요청 입니다.
2022-07-17 06:03:57 [WatchRabbit] ERROR : 로그인이 필요한 요청 입니다.
2022-07-17 06:03:58 [WatchRabbit] ERROR : 로그인이 필요한 요청 입니다.
2022-07-17 06:03:58 [WatchRabbit] ERROR : 로그인이 필요한 요청 입니다.
2022-07-17 06:03:58 [WatchRabbit] ERROR : 로그인이 필요한 요청 입니다.
2022-07-17 06:03:58 [WatchRabbit] ERROR : 로그인이 필요한 요청 입니다.
2022-07-17 06:03:59 [WatchRabbit] ERROR : 로그인이 필요한 요청 입니다.
2022-07-17 06:03:59 [WatchRabbit] ERROR : 로그인이 필요한 요청 입니다.
2022-07-17 06:03:59 [WatchRabbit] ERROR : 로그인이 필요한 요청 입니다.
2022-07-17 06:03:59 [WatchRabbit] ERROR : 로그인이 필요한 요청 입니다.
2022-07-17 06:04:00 [WatchRabbit] ERROR : 로그인이 필요한 요청 입니다.
2022-07-17 06:04:00 [WatchRabbit] ERROR : 로그인이 필요한 요청 입니다.
2022-07-17 06:04:00 [WatchRabbit] ERROR : 로그인이 필요한 요청 입니다.
2022-07-17 06:04:00 [WatchRabbit] ERROR : 로그인이 필요한 요청 입니다.
2022-07-17 06:04:00 [WatchRabbit] ERROR : 로그인이 필요한 요청 입니다.
2022-07-17 06:04:01 [WatchRabbit] ERROR : 로그인이 필요한 요청 입니다.
2022-07-17 06:04:01 [WatchRabbit] ERROR : 로그인이 필요한 요청 입니다.
2022-07-17 06:04:01 [WatchRabbit] ERROR : 로그인이 필요한 요청 입니다.
2022-07-17 06:04:01 [WatchRabbit] ERROR : 로그인이 필요한 요청 입니다.
2022-07-17 06:04:01 [WatchRabbit] ERROR : 로그인이 필요한 요청 입니다.
2022-07-17 06:04:01 [WatchRabbit] ERROR : 로그인이 필요한 요청 입니다.
2022-07-17 06:04:01 [WatchRabbit] ERROR : 로그인이 필요한 요청 입니다.
2022-07-17 06:04:01 [WatchRabbit] ERROR : 로그인이 필요한 요청 입니다.
2022-07-17 06:04:01 [WatchRabbit] ERROR : 로그인이 필요한 요청 입니다.
2022-07-17 06:04:02 [WatchRabbit] ERROR : 로그인이 필요한 요청 입니다.
2022-07-17 06:04:02 [WatchRabbit] ERROR : 로그인이 필요한 요청 입니다.
2022-07-17 06:04:02 [WatchRabbit] ERROR : 로그인이 필요한 요청 입니다.
2022-07-17 06:18:00 [WatchRabbit] ERROR : 로그인이 필요한 요청 입니다.
2022-07-17 06:18:00 [WatchRabbit] ERROR : 로그인이 필요한 요청 입니다.
2022-07-17 06:18:00 [WatchRabbit] ERROR : 로그인이 필요한 요청 입니다.
2022-07-17 06:18:00 [WatchRabbit] ERROR : 로그인이 필요한 요청 입니다.
2022-07-17 06:18:00 [WatchRabbit] ERROR : 로그인이 필요한 요청 입니다.
2022-07-17 06:18:00 [WatchRabbit] ERROR : 로그인이 필요한 요청 입니다.
2022-07-17 06:18:01 [WatchRabbit] ERROR : 로그인이 필요한 요청 입니다.
2022-07-17 06:18:01 [WatchRabbit] ERROR : 로그인이 필요한 요청 입니다.
2022-07-17 06:18:01 [WatchRabbit] ERROR : 로그인이 필요한 요청 입니다.
2022-07-17 06:18:01 [WatchRabbit] ERROR : 로그인이 필요한 요청 입니다.
2022-07-17 06:18:01 [WatchRabbit] ERROR : 로그인이 필요한 요청 입니다.
2022-07-17 06:18:01 [WatchRabbit] ERROR : 로그인이 필요한 요청 입니다.
2022-07-17 06:18:01 [WatchRabbit] ERROR : 로그인이 필요한 요청 입니다.
2022-07-17 06:18:01 [WatchRabbit] ERROR : 로그인이 필요한 요청 입니다.
2022-07-17 06:18:02 [WatchRabbit] ERROR : 로그인이 필요한 요청 입니다.
2022-07-17 06:18:02 [WatchRabbit] ERROR : 로그인이 필요한 요청 입니다.
2022-07-17 06:18:02 [WatchRabbit] ERROR : 로그인이 필요한 요청 입니다.
2022-07-17 06:18:03 [WatchRabbit] ERROR : 로그인이 필요한 요청 입니다.
2022-07-17 06:18:03 [WatchRabbit] ERROR : 로그인이 필요한 요청 입니다.
2022-07-17 06:18:03 [WatchRabbit] ERROR : 로그인이 필요한 요청 입니다.
2022-07-17 06:18:03 [WatchRabbit] ERROR : 로그인이 필요한 요청 입니다.
2022-07-17 06:18:03 [WatchRabbit] ERROR : 로그인이 필요한 요청 입니다.
2022-07-17 06:18:03 [WatchRabbit] ERROR : 로그인이 필요한 요청 입니다.
2022-07-17 06:18:03 [WatchRabbit] ERROR : 로그인이 필요한 요청 입니다.
2022-07-17 06:18:03 [WatchRabbit] ERROR : 로그인이 필요한 요청 입니다.
2022-07-17 06:18:04 [WatchRabbit] ERROR : 로그인이 필요한 요청 입니다.
2022-07-17 06:18:04 [WatchRabbit] ERROR : 로그인이 필요한 요청 입니다.
2022-07-17 06:18:04 [WatchRabbit] ERROR : 로그인이 필요한 요청 입니다.
2022-07-17 06:18:04 [WatchRabbit] ERROR : 로그인이 필요한 요청 입니다.
2022-07-17 06:18:14 [WatchRabbit] ERROR : 로그인이 필요한 요청 입니다.
2022-07-17 06:18:14 [WatchRabbit] ERROR : 로그인이 필요한 요청 입니다.
2022-07-17 06:18:14 [WatchRabbit] ERROR : 로그인이 필요한 요청 입니다.
2022-07-17 06:18:14 [WatchRabbit] ERROR : 로그인이 필요한 요청 입니다.
2022-07-17 06:18:14 [WatchRabbit] ERROR : 로그인이 필요한 요청 입니다.
2022-07-17 06:18:14 [WatchRabbit] ERROR : 로그인이 필요한 요청 입니다.
2022-07-17 06:18:14 [WatchRabbit] ERROR : 로그인이 필요한 요청 입니다.
2022-07-17 06:18:15 [WatchRabbit] ERROR : 로그인이 필요한 요청 입니다.
2022-07-17 06:18:15 [WatchRabbit] ERROR : 로그인이 필요한 요청 입니다.
2022-07-17 06:18:15 [WatchRabbit] ERROR : 로그인이 필요한 요청 입니다.
2022-07-17 06:18:15 [WatchRabbit] ERROR : 로그인이 필요한 요청 입니다.
2022-07-17 06:18:15 [WatchRabbit] ERROR : 로그인이 필요한 요청 입니다.
2022-07-17 06:18:15 [WatchRabbit] ERROR : 로그인이 필요한 요청 입니다.
2022-07-17 06:18:15 [WatchRabbit] ERROR : 로그인이 필요한 요청 입니다.
2022-07-17 06:18:16 [WatchRabbit] ERROR : 로그인이 필요한 요청 입니다.
2022-07-17 06:18:16 [WatchRabbit] ERROR : 로그인이 필요한 요청 입니다.
2022-07-17 06:18:16 [WatchRabbit] ERROR : 로그인이 필요한 요청 입니다.
2022-07-17 06:18:16 [WatchRabbit] ERROR : 로그인이 필요한 요청 입니다.
2022-07-17 06:18:16 [WatchRabbit] ERROR : 로그인이 필요한 요청 입니다.
2022-07-17 06:18:16 [WatchRabbit] ERROR : 로그인이 필요한 요청 입니다.
2022-07-17 06:18:16 [WatchRabbit] ERROR : 로그인이 필요한 요청 입니다.
2022-07-17 06:18:17 [WatchRabbit] ERROR : 로그인이 필요한 요청 입니다.
2022-07-17 06:18:17 [WatchRabbit] ERROR : 로그인이 필요한 요청 입니다.
2022-07-17 06:18:17 [WatchRabbit] ERROR : 로그인이 필요한 요청 입니다.
2022-07-17 06:18:17 [WatchRabbit] ERROR : 로그인이 필요한 요청 입니다.
2022-07-17 06:18:17 [WatchRabbit] ERROR : 로그인이 필요한 요청 입니다.
2022-07-17 06:18:17 [WatchRabbit] ERROR : 로그인이 필요한 요청 입니다.
2022-07-17 06:18:17 [WatchRabbit] ERROR : 로그인이 필요한 요청 입니다.
2022-07-17 06:19:03 [WatchRabbit] ERROR : Table 'Schema_Carrot.WachRabbit' doesn't exist
2022-07-17 06:19:36 [WatchRabbit] ERROR : Table 'Schema_Carrot.WachRabbit' doesn't exist
2022-07-17 06:38:33 [WatchRabbit] ERROR : Table 'Schema_Carrot.WachRabbit' doesn't exist
