2022-07-25 04:41:57 [WatchRabbit] ERROR : 로그인이 필요한 요청 입니다.
2022-07-25 04:42:47 [WatchRabbit] ERROR : 로그인이 필요한 요청 입니다.
2022-07-25 06:15:12 [WatchRabbit] ERROR : 로그인이 필요한 요청 입니다.
2022-07-25 06:15:15 [WatchRabbit] ERROR : 로그인이 필요한 요청 입니다.
2022-07-25 06:21:35 [WatchRabbit] ERROR : 로그인이 필요한 요청 입니다.
2022-07-25 06:22:50 [WatchRabbit] ERROR : 로그인이 필요한 요청 입니다.
2022-07-25 06:22:51 [WatchRabbit] ERROR : 로그인이 필요한 요청 입니다.
2022-07-25 06:22:51 [WatchRabbit] ERROR : 로그인이 필요한 요청 입니다.
2022-07-25 06:24:13 [WatchRabbit] ERROR : 로그인이 필요한 요청 입니다.
2022-07-25 06:24:14 [WatchRabbit] ERROR : 로그인이 필요한 요청 입니다.
2022-07-25 06:25:34 [WatchRabbit] ERROR : 로그인이 필요한 요청 입니다.
2022-07-25 06:25:35 [WatchRabbit] ERROR : 로그인이 필요한 요청 입니다.
2022-07-25 06:27:48 [WatchRabbit] ERROR : 로그인이 필요한 요청 입니다.
2022-07-25 06:27:49 [WatchRabbit] ERROR : 로그인이 필요한 요청 입니다.
2022-07-25 06:27:49 [WatchRabbit] ERROR : 로그인이 필요한 요청 입니다.
2022-07-25 06:27:49 [WatchRabbit] ERROR : 로그인이 필요한 요청 입니다.
2022-07-25 06:27:50 [WatchRabbit] ERROR : 로그인이 필요한 요청 입니다.
2022-07-25 06:27:50 [WatchRabbit] ERROR : 로그인이 필요한 요청 입니다.
2022-07-25 06:27:50 [WatchRabbit] ERROR : 로그인이 필요한 요청 입니다.
2022-07-25 06:28:46 [WatchRabbit] ERROR : 로그인이 필요한 요청 입니다.
2022-07-25 06:32:57 [WatchRabbit] ERROR : 로그인이 필요한 요청 입니다.
2022-07-25 06:34:50 [WatchRabbit] ERROR : 로그인이 필요한 요청 입니다.
2022-07-25 06:35:12 [WatchRabbit] ERROR : 로그인이 필요한 요청 입니다.
2022-07-25 06:35:29 [WatchRabbit] ERROR : 로그인이 필요한 요청 입니다.
2022-07-25 06:38:25 [WatchRabbit] ERROR : 로그인이 필요한 요청 입니다.
2022-07-25 06:38:57 [WatchRabbit] ERROR : 로그인이 필요한 요청 입니다.
2022-07-25 06:39:05 [WatchRabbit] ERROR : 로그인이 필요한 요청 입니다.
2022-07-25 06:39:40 [WatchRabbit] ERROR : 로그인이 필요한 요청 입니다.
2022-07-25 06:39:40 [WatchRabbit] ERROR : 로그인이 필요한 요청 입니다.
2022-07-25 06:39:41 [WatchRabbit] ERROR : 로그인이 필요한 요청 입니다.
2022-07-25 06:39:41 [WatchRabbit] ERROR : 로그인이 필요한 요청 입니다.
2022-07-25 06:39:43 [WatchRabbit] ERROR : 로그인이 필요한 요청 입니다.
2022-07-25 06:39:44 [WatchRabbit] ERROR : 로그인이 필요한 요청 입니다.
2022-07-25 06:39:45 [WatchRabbit] ERROR : 로그인이 필요한 요청 입니다.
2022-07-25 06:39:45 [WatchRabbit] ERROR : 로그인이 필요한 요청 입니다.
2022-07-25 06:39:48 [WatchRabbit] ERROR : 로그인이 필요한 요청 입니다.
2022-07-25 06:40:50 [WatchRabbit] ERROR : 로그인이 필요한 요청 입니다.
2022-07-25 06:40:51 [WatchRabbit] ERROR : 로그인이 필요한 요청 입니다.
2022-07-25 06:41:22 [WatchRabbit] ERROR : 로그인이 필요한 요청 입니다.
2022-07-25 06:42:03 [WatchRabbit] ERROR : 로그인이 필요한 요청 입니다.
2022-07-25 06:42:04 [WatchRabbit] ERROR : 로그인이 필요한 요청 입니다.
2022-07-25 06:42:06 [WatchRabbit] ERROR : 로그인이 필요한 요청 입니다.
2022-07-25 06:42:08 [WatchRabbit] ERROR : 로그인이 필요한 요청 입니다.
2022-07-25 06:42:09 [WatchRabbit] ERROR : 로그인이 필요한 요청 입니다.
2022-07-25 06:42:09 [WatchRabbit] ERROR : 로그인이 필요한 요청 입니다.
2022-07-25 07:37:11 [WatchRabbit] ERROR : 로그인이 필요한 요청 입니다.
2022-07-25 08:26:00 [WatchRabbit] ERROR : 로그인이 필요한 요청 입니다.
2022-07-25 08:26:03 [WatchRabbit] ERROR : 로그인이 필요한 요청 입니다.
2022-07-25 08:26:31 [WatchRabbit] ERROR : 로그인이 필요한 요청 입니다.
2022-07-25 08:26:35 [WatchRabbit] ERROR : 로그인이 필요한 요청 입니다.
2022-07-25 08:26:35 [WatchRabbit] ERROR : 로그인이 필요한 요청 입니다.
2022-07-25 08:26:35 [WatchRabbit] ERROR : 로그인이 필요한 요청 입니다.
2022-07-25 08:26:40 [WatchRabbit] ERROR : 로그인이 필요한 요청 입니다.
2022-07-25 08:28:35 [WatchRabbit] ERROR : 로그인이 필요한 요청 입니다.
2022-07-25 08:34:13 [WatchRabbit] ERROR : 로그인이 필요한 요청 입니다.
2022-07-25 08:35:42 [WatchRabbit] ERROR : 비밀번호 불일치
2022-07-25 09:31:08 [WatchRabbit] ERROR : 로그인이 필요한 요청 입니다.
2022-07-25 09:32:46 [WatchRabbit] ERROR : 로그인이 필요한 요청 입니다.
2022-07-25 09:34:44 [WatchRabbit] ERROR : 로그인이 필요한 요청 입니다.
2022-07-25 09:34:59 [WatchRabbit] ERROR : PASSPORT 유저 아이디 불일치
2022-07-25 09:54:15 [WatchRabbit] ERROR : 로그인이 필요한 요청 입니다.
2022-07-25 10:05:33 [WatchRabbit] ERROR : [traceController postUpdateDb]  email is not defined
2022-07-25 10:07:36 [WatchRabbit] ERROR : [traceController postUpdateDb]  email is not defined
2022-07-25 10:08:17 [WatchRabbit] ERROR : guentc1@naver.com 이 존재하지 않습니다.
2022-07-25 10:09:28 [WatchRabbit] ERROR : [traceService checkUserId]  returnResult is not defined
2022-07-25 11:14:33 [WatchRabbit] ERROR : 로그인이 필요한 요청 입니다.
2022-07-25 11:14:37 [WatchRabbit] ERROR : 로그인이 필요한 요청 입니다.
2022-07-25 11:14:39 [WatchRabbit] ERROR : 로그인이 필요한 요청 입니다.
2022-07-25 11:18:46 [WatchRabbit] ERROR : 로그인이 필요한 요청 입니다.
2022-07-25 11:28:18 [WatchRabbit] ERROR : 로그인이 필요한 요청 입니다.
2022-07-25 11:28:19 [WatchRabbit] ERROR : 로그인이 필요한 요청 입니다.
2022-07-25 16:13:08 [WatchRabbit] ERROR : 로그인이 필요한 요청 입니다.
2022-07-25 22:13:34 [WatchRabbit] ERROR : 로그인이 필요한 요청 입니다.
2022-07-25 22:13:43 [WatchRabbit] ERROR : 비밀번호 불일치
2022-07-25 22:17:09 [WatchRabbit] ERROR : PASSPORT 유저 아이디 불일치
2022-07-25 22:17:25 [WatchRabbit] ERROR : [authProvider userDao postTrace] You have an error in your SQL syntax; check the manual that corresponds to your MySQL server version for the right syntax to use near '46, 1' at line 2
2022-07-25 22:23:54 [WatchRabbit] ERROR : [authProvider userDao postTrace] You have an error in your SQL syntax; check the manual that corresponds to your MySQL server version for the right syntax to use near '47, 1' at line 2
2022-07-25 22:25:00 [WatchRabbit] ERROR : [authProvider userDao postTrace] Cannot add or update a child row: a foreign key constraint fails (`Schema_Carrot`.`Trace`, CONSTRAINT `FK_Trace_traceIdx_TraceItem_traceIdx` FOREIGN KEY (`traceIdx`) REFERENCES `TraceItem` (`traceIdx`) ON DELETE RESTRICT ON UPDATE RESTRICT)
