2022-07-12 01:44:34 [WatchRabbit] ERROR : PASSPORT 유저 아이디 불일치
2022-07-12 07:36:33 [WatchRabbit] ERROR : 로그인 되어 있는 상태입니다.
2022-07-12 07:36:33 [WatchRabbit] ERROR : 로그인 되어 있는 상태입니다.
2022-07-12 07:37:32 [WatchRabbit] ERROR : authorization code not found for code=GZCjm9M9P5lijoHeaTLoJpYbppd0cvfRJKWuv0fvmS5HzSklCOL_QzNajG1w9MrnGM6eMAopcFAAAAGB8VdJ1A
2022-07-12 07:37:35 [WatchRabbit] ERROR : authorization code not found for code=GZCjm9M9P5lijoHeaTLoJpYbppd0cvfRJKWuv0fvmS5HzSklCOL_QzNajG1w9MrnGM6eMAopcFAAAAGB8VdJ1A
2022-07-12 07:37:38 [WatchRabbit] ERROR : 로그인 되어 있는 상태입니다.
2022-07-12 07:37:38 [WatchRabbit] ERROR : 로그인 되어 있는 상태입니다.
2022-07-12 07:45:56 [WatchRabbit] ERROR : 로그인 되어 있는 상태입니다.
2022-07-12 07:45:56 [WatchRabbit] ERROR : 로그인 되어 있는 상태입니다.
2022-07-12 07:46:10 [WatchRabbit] ERROR : undefined
2022-07-12 08:11:53 [WatchRabbit] ERROR : 로그인 되어 있는 상태입니다.
2022-07-12 08:12:25 [WatchRabbit] ERROR : 로그인 되어 있는 상태입니다.
2022-07-12 14:38:49 [WatchRabbit] ERROR : 로그인 되어 있는 상태입니다.
2022-07-12 14:38:49 [WatchRabbit] ERROR : 로그인 되어 있는 상태입니다.
2022-07-12 14:45:57 [WatchRabbit] ERROR : Unknown column 'name' in 'field list'
2022-07-12 14:52:48 [WatchRabbit] ERROR : Unknown column 'name' in 'field list'
2022-07-12 14:54:36 [WatchRabbit] ERROR : Unknown column 'name' in 'field list'
2022-07-12 14:55:22 [WatchRabbit] ERROR : You have an error in your SQL syntax; check the manual that corresponds to your MySQL server version for the right syntax to use near '?)' at line 2
2022-07-12 14:56:00 [WatchRabbit] ERROR : Unknown column 'name' in 'field list'
2022-07-12 15:51:34 [WatchRabbit] ERROR : 로그인 되어 있는 상태입니다.
2022-07-12 15:59:59 [WatchRabbit] ERROR : 로그인 되어 있는 상태입니다.
