2022-07-11 02:15:16 [WatchRabbit] INFO : [development] API Server Start At Port 8443
2022-07-11 02:40:42 [WatchRabbit] INFO : [development] API Server Start At Port 8443
2022-07-11 02:55:21 [WatchRabbit] INFO : [development] API Server Start At Port 8443
2022-07-11 02:55:52 [WatchRabbit] INFO : [development] API Server Start At Port 8443
2022-07-11 02:56:16 [WatchRabbit] INFO : 인증번호를 이메일로 전송했습니다.
2022-07-11 02:56:16 [WatchRabbit] ERROR : undefined
2022-07-11 02:56:38 [WatchRabbit] INFO : 인증번호를 이메일로 전송했습니다.
2022-07-11 02:56:38 [WatchRabbit] ERROR : undefined
2022-07-11 03:01:40 [WatchRabbit] INFO : [development] API Server Start At Port 8443
2022-07-11 03:02:13 [WatchRabbit] INFO : [development] API Server Start At Port 8443
2022-07-11 03:02:25 [WatchRabbit] INFO : 인증번호를 이메일로 전송했습니다.
2022-07-11 03:02:25 [WatchRabbit] ERROR : undefined
2022-07-11 03:07:11 [WatchRabbit] INFO : [development] API Server Start At Port 8443
2022-07-11 03:08:05 [WatchRabbit] INFO : [development] API Server Start At Port 8443
2022-07-11 03:08:36 [WatchRabbit] INFO : [development] API Server Start At Port 8443
2022-07-11 03:11:37 [WatchRabbit] INFO : [development] API Server Start At Port 8443
2022-07-11 03:12:03 [WatchRabbit] INFO : [development] API Server Start At Port 8443
2022-07-11 03:12:16 [WatchRabbit] INFO : 인증번호를 이메일로 전송했습니다.
2022-07-11 03:12:16 [WatchRabbit] ERROR : undefined
2022-07-11 03:17:06 [WatchRabbit] INFO : [development] API Server Start At Port 8443
2022-07-11 03:18:26 [WatchRabbit] INFO : [development] API Server Start At Port 8443
2022-07-11 03:18:59 [WatchRabbit] INFO : [development] API Server Start At Port 8443
2022-07-11 03:19:27 [WatchRabbit] INFO : [development] API Server Start At Port 8443
2022-07-11 04:12:11 [WatchRabbit] INFO : 인증번호를 이메일로 전송했습니다.
2022-07-11 04:14:15 [WatchRabbit] INFO : 인증번호를 이메일로 전송했습니다.
2022-07-11 04:15:15 [WatchRabbit] INFO : 인증번호를 이메일로 전송했습니다.
2022-07-11 04:17:50 [WatchRabbit] INFO : 인증번호를 이메일로 전송했습니다.
2022-07-11 04:21:34 [WatchRabbit] INFO : [development] API Server Start At Port 8443
2022-07-11 04:23:13 [WatchRabbit] INFO : [development] API Server Start At Port 8443
2022-07-11 04:23:17 [WatchRabbit] INFO : 인증번호를 이메일로 전송했습니다.
2022-07-11 04:26:04 [WatchRabbit] INFO : [development] API Server Start At Port 8443
2022-07-11 04:26:14 [WatchRabbit] INFO : 인증번호를 이메일로 전송했습니다.
2022-07-11 04:35:55 [WatchRabbit] INFO : [development] API Server Start At Port 8443
2022-07-11 04:36:16 [WatchRabbit] INFO : [development] API Server Start At Port 8443
2022-07-11 04:36:30 [WatchRabbit] INFO : 인증번호를 이메일로 전송했습니다.
2022-07-11 04:36:30 [WatchRabbit] ERROR : undefined
2022-07-11 04:37:29 [WatchRabbit] INFO : [development] API Server Start At Port 8443
2022-07-11 04:41:22 [WatchRabbit] INFO : [development] API Server Start At Port 8443
2022-07-11 04:41:27 [WatchRabbit] INFO : 인증번호를 이메일로 전송했습니다.
2022-07-11 04:45:38 [WatchRabbit] INFO : [development] API Server Start At Port 8443
2022-07-11 04:54:53 [WatchRabbit] INFO : [development] API Server Start At Port 8443
2022-07-11 04:55:45 [WatchRabbit] INFO : [development] API Server Start At Port 8443
2022-07-11 04:56:11 [WatchRabbit] INFO : [development] API Server Start At Port 8443
2022-07-11 04:56:30 [WatchRabbit] INFO : 인증번호를 이메일로 전송했습니다.
2022-07-11 05:15:39 [WatchRabbit] INFO : [development] API Server Start At Port 8443
2022-07-11 05:15:56 [WatchRabbit] INFO : [development] API Server Start At Port 8443
2022-07-11 05:16:24 [WatchRabbit] INFO : 인증번호를 이메일로 전송했습니다.
2022-07-11 05:19:48 [WatchRabbit] INFO : [development] API Server Start At Port 8443
2022-07-11 05:20:05 [WatchRabbit] INFO : [development] API Server Start At Port 8443
2022-07-11 05:20:15 [WatchRabbit] INFO : 인증번호를 이메일로 전송했습니다.
2022-07-11 05:20:34 [WatchRabbit] INFO : 이메일 중복입니다.
2022-07-11 05:21:58 [WatchRabbit] INFO : 인증번호를 이메일로 전송했습니다.
2022-07-11 05:22:10 [WatchRabbit] INFO : 회원가입에 성공했습니다.
2022-07-11 05:41:40 [WatchRabbit] INFO : [development] API Server Start At Port 8443
2022-07-11 05:46:29 [WatchRabbit] INFO : [development] API Server Start At Port 8443
2022-07-11 05:46:55 [WatchRabbit] INFO : [development] API Server Start At Port 8443
2022-07-11 05:48:38 [WatchRabbit] INFO : [development] API Server Start At Port 8443
2022-07-11 05:49:00 [WatchRabbit] ERROR : PASSPORT 유저 아이디 불일치
2022-07-11 05:49:00 [WatchRabbit] INFO : 로그인에 실패했습니다.
2022-07-11 05:49:04 [WatchRabbit] ERROR : PASSPORT 유저 아이디 불일치
2022-07-11 05:49:04 [WatchRabbit] INFO : 로그인에 실패했습니다.
2022-07-11 05:49:23 [WatchRabbit] INFO : 인증번호를 이메일로 전송했습니다.
2022-07-11 05:49:31 [WatchRabbit] INFO : 회원가입에 성공했습니다.
2022-07-11 05:49:50 [WatchRabbit] ERROR : 비밀번호 불일치
2022-07-11 05:49:50 [WatchRabbit] INFO : 로그인에 실패했습니다.
2022-07-11 05:56:39 [WatchRabbit] INFO : 인증번호를 이메일로 전송했습니다.
2022-07-11 05:56:56 [WatchRabbit] INFO : 회원가입에 성공했습니다.
2022-07-11 05:57:28 [WatchRabbit] ERROR : 비밀번호 불일치
2022-07-11 05:57:28 [WatchRabbit] INFO : 로그인에 실패했습니다.
2022-07-11 06:10:44 [WatchRabbit] ERROR : 비밀번호 불일치
2022-07-11 06:10:44 [WatchRabbit] INFO : 로그인에 실패했습니다.
2022-07-11 06:35:52 [WatchRabbit] INFO : [development] API Server Start At Port 8443
2022-07-11 06:36:12 [WatchRabbit] INFO : [development] API Server Start At Port 8443
2022-07-11 06:36:59 [WatchRabbit] INFO : 인증번호를 이메일로 전송했습니다.
2022-07-11 06:37:21 [WatchRabbit] INFO : 이메일 중복입니다.
2022-07-11 06:40:20 [WatchRabbit] INFO : [development] API Server Start At Port 8443
2022-07-11 07:03:27 [WatchRabbit] INFO : [development] API Server Start At Port 8443
2022-07-11 07:03:53 [WatchRabbit] INFO : [development] API Server Start At Port 8443
2022-07-11 07:05:57 [WatchRabbit] INFO : [development] API Server Start At Port 8443
2022-07-11 07:06:25 [WatchRabbit] INFO : [development] API Server Start At Port 8443
2022-07-11 07:07:41 [WatchRabbit] INFO : [development] API Server Start At Port 8443
2022-07-11 07:11:08 [WatchRabbit] INFO : [development] API Server Start At Port 8443
2022-07-11 07:14:03 [WatchRabbit] INFO : [development] API Server Start At Port 8443
2022-07-11 07:15:37 [WatchRabbit] INFO : [development] API Server Start At Port 8443
2022-07-11 07:19:21 [WatchRabbit] INFO : [development] API Server Start At Port 8443
2022-07-11 07:19:59 [WatchRabbit] INFO : [development] API Server Start At Port 8443
2022-07-11 07:20:22 [WatchRabbit] INFO : [development] API Server Start At Port 8443
2022-07-11 07:20:48 [WatchRabbit] INFO : [development] API Server Start At Port 8443
2022-07-11 07:28:05 [WatchRabbit] INFO : [development] API Server Start At Port 8443
2022-07-11 07:28:38 [WatchRabbit] INFO : [development] API Server Start At Port 8443
2022-07-11 07:34:01 [WatchRabbit] INFO : [development] API Server Start At Port 8443
2022-07-11 07:39:17 [WatchRabbit] INFO : [development] API Server Start At Port 8443
2022-07-11 07:45:01 [WatchRabbit] INFO : [development] API Server Start At Port 8443
2022-07-11 08:01:21 [WatchRabbit] INFO : [development] API Server Start At Port 8443
2022-07-11 08:24:39 [WatchRabbit] INFO : [development] API Server Start At Port 8443
2022-07-11 08:28:54 [WatchRabbit] INFO : [development] API Server Start At Port 8443
2022-07-11 08:42:37 [WatchRabbit] INFO : [development] API Server Start At Port 8443
2022-07-11 08:47:03 [WatchRabbit] INFO : [development] API Server Start At Port 8443
2022-07-11 08:47:35 [WatchRabbit] INFO : [development] API Server Start At Port 8443
2022-07-11 08:50:59 [WatchRabbit] INFO : [development] API Server Start At Port 8443
2022-07-11 08:51:33 [WatchRabbit] INFO : [development] API Server Start At Port 8443
2022-07-11 09:06:24 [WatchRabbit] INFO : [development] API Server Start At Port 8443
2022-07-11 09:40:03 [WatchRabbit] INFO : [development] API Server Start At Port 8443
2022-07-11 09:43:52 [WatchRabbit] INFO : [development] API Server Start At Port 8443
2022-07-11 09:45:47 [WatchRabbit] INFO : [development] API Server Start At Port 8443
2022-07-11 09:47:52 [WatchRabbit] INFO : [development] API Server Start At Port 8443
2022-07-11 09:53:50 [WatchRabbit] INFO : [development] API Server Start At Port 8443
2022-07-11 10:10:55 [WatchRabbit] INFO : [development] API Server Start At Port 8443
2022-07-11 10:11:12 [WatchRabbit] INFO : 인증번호를 이메일로 전송했습니다.
2022-07-11 10:11:36 [WatchRabbit] INFO : 인증번호를 이메일로 전송했습니다.
2022-07-11 10:16:23 [WatchRabbit] INFO : 인증번호를 이메일로 전송했습니다.
2022-07-11 10:20:11 [WatchRabbit] INFO : 인증번호를 이메일로 전송했습니다.
2022-07-11 10:26:15 [WatchRabbit] INFO : [development] API Server Start At Port 8443
2022-07-11 10:26:43 [WatchRabbit] INFO : [development] API Server Start At Port 8443
2022-07-11 10:30:32 [WatchRabbit] INFO : [development] API Server Start At Port 8443
2022-07-11 10:37:05 [WatchRabbit] INFO : [development] API Server Start At Port 8443
2022-07-11 10:42:07 [WatchRabbit] INFO : [development] API Server Start At Port 8443
