2022-07-27 08:21:24 [WatchRabbit] INFO : [development] API Server Start At Port 8443
2022-07-27 08:21:51 [WatchRabbit] ERROR : 로그인이 필요한 요청 입니다.
2022-07-27 08:22:01 [WatchRabbit] INFO : guentc1@naver.com 님이 로그인에 성공했습니다.
2022-07-27 08:22:15 [WatchRabbit] INFO : [traceService checkUserId] guentc1@naver.com 이 존재합니다.
2022-07-27 08:22:15 [WatchRabbit] ERROR : [traceService checkUserId]  Id is not defined
2022-07-27 08:22:52 [WatchRabbit] INFO : [development] API Server Start At Port 8443
2022-07-27 08:23:30 [WatchRabbit] INFO : [traceService checkUserId] guentc1@naver.com 이 존재합니다.
2022-07-27 08:23:30 [WatchRabbit] ERROR : [TraceTable traceDao] You have an error in your SQL syntax; check the manual that corresponds to your MySQL server version for the right syntax to use near '?, ?, ?, ?, ?)' at line 2
2022-07-27 08:24:41 [WatchRabbit] INFO : [development] API Server Start At Port 8443
2022-07-27 08:24:42 [WatchRabbit] INFO : [traceService checkUserId] guentc1@naver.com 이 존재합니다.
2022-07-27 08:24:42 [WatchRabbit] ERROR : [TraceTable traceDao] You have an error in your SQL syntax; check the manual that corresponds to your MySQL server version for the right syntax to use near '?, ?, ?, ?, ?)' at line 2
2022-07-27 08:25:59 [WatchRabbit] INFO : [development] API Server Start At Port 8443
2022-07-27 08:26:25 [WatchRabbit] INFO : [development] API Server Start At Port 8443
2022-07-27 08:26:27 [WatchRabbit] INFO : [development] API Server Start At Port 8443
2022-07-27 08:26:36 [WatchRabbit] INFO : [traceService checkUserId] guentc1@naver.com 이 존재합니다.
2022-07-27 08:26:36 [WatchRabbit] ERROR : [TraceTable traceDao] You have an error in your SQL syntax; check the manual that corresponds to your MySQL server version for the right syntax to use near '?, ?, ?, ?, ?)' at line 2
2022-07-27 08:26:50 [WatchRabbit] INFO : [development] API Server Start At Port 8443
2022-07-27 08:26:59 [WatchRabbit] INFO : [development] API Server Start At Port 8443
2022-07-27 08:27:00 [WatchRabbit] INFO : [traceService checkUserId] guentc1@naver.com 이 존재합니다.
2022-07-27 08:27:00 [WatchRabbit] ERROR : [TraceTable traceDao] You have an error in your SQL syntax; check the manual that corresponds to your MySQL server version for the right syntax to use near '?, ?, ?, ?, ?)' at line 2
2022-07-27 08:27:18 [WatchRabbit] INFO : [development] API Server Start At Port 8443
2022-07-27 08:27:20 [WatchRabbit] INFO : [traceService checkUserId] guentc1@naver.com 이 존재합니다.
2022-07-27 08:27:20 [WatchRabbit] ERROR : [TraceTable traceDao] You have an error in your SQL syntax; check the manual that corresponds to your MySQL server version for the right syntax to use near '?)' at line 2
2022-07-27 08:50:35 [WatchRabbit] INFO : [development] API Server Start At Port 8443
2022-07-27 08:51:50 [WatchRabbit] INFO : [development] API Server Start At Port 8443
2022-07-27 08:52:35 [WatchRabbit] INFO : [development] API Server Start At Port 8443
2022-07-27 08:52:54 [WatchRabbit] ERROR : 로그인이 필요한 요청 입니다.
2022-07-27 08:53:01 [WatchRabbit] ERROR : PASSPORT 유저 아이디 불일치
2022-07-27 08:53:01 [WatchRabbit] INFO : 유저 정보가 없어 로그인에 실패했습니다.
2022-07-27 08:53:41 [WatchRabbit] INFO : 인증번호를 guentc1@naver.com 로 발송했습니다.
2022-07-27 08:53:56 [WatchRabbit] ERROR : [authProvider userDao postTrace] Table 'Schema_Carrot.Trace' doesn't exist
2022-07-27 08:54:12 [WatchRabbit] INFO : [development] API Server Start At Port 8443
2022-07-27 08:54:25 [WatchRabbit] INFO : [development] API Server Start At Port 8443
2022-07-27 08:54:27 [WatchRabbit] INFO : guentc1@naver.com 이메일 중복입니다.
2022-07-27 08:54:40 [WatchRabbit] INFO : guentc1@naver.com 님이 로그인에 성공했습니다.
2022-07-27 08:56:51 [WatchRabbit] INFO : [development] API Server Start At Port 8443
2022-07-27 08:57:14 [WatchRabbit] INFO : [development] API Server Start At Port 8443
2022-07-27 08:59:40 [WatchRabbit] INFO : [development] API Server Start At Port 8443
2022-07-27 08:59:41 [WatchRabbit] INFO : [development] API Server Start At Port 8443
2022-07-27 08:59:42 [WatchRabbit] INFO : [development] API Server Start At Port 8443
2022-07-27 08:59:53 [WatchRabbit] INFO : [traceService checkUserId] guentc1@naver.com 이 존재합니다.
2022-07-27 08:59:53 [WatchRabbit] ERROR : [TraceTable traceDao] You have an error in your SQL syntax; check the manual that corresponds to your MySQL server version for the right syntax to use near '?)' at line 2
2022-07-27 09:00:17 [WatchRabbit] INFO : guentc1@naver.com 님이 로그아웃 되었습니다.
2022-07-27 09:00:48 [WatchRabbit] INFO : 인증번호를 guentc1@naver.com 로 발송했습니다.
2022-07-27 09:00:59 [WatchRabbit] ERROR : [authProvider userDao postTrace] Duplicate entry '2' for key 'TraceItem.PRIMARY'
2022-07-27 09:00:59 [WatchRabbit] INFO : 회원가입에 성공했습니다.
2022-07-27 09:07:36 [WatchRabbit] INFO : [development] API Server Start At Port 8443
2022-07-27 09:07:41 [WatchRabbit] ERROR : 로그인이 필요한 요청 입니다.
2022-07-27 09:07:59 [WatchRabbit] INFO : 인증번호를 guentc1@naver.com 로 발송했습니다.
2022-07-27 09:08:06 [WatchRabbit] ERROR : [authProvider userDao postTrace] Cannot add or update a child row: a foreign key constraint fails (`Schema_Carrot`.`TraceItem`, CONSTRAINT `FK_TraceItem_userIdx_User_id` FOREIGN KEY (`userIdx`) REFERENCES `User` (`id`) ON DELETE RESTRICT ON UPDATE RESTRICT)
2022-07-27 09:08:06 [WatchRabbit] INFO : 회원가입에 성공했습니다.
2022-07-27 09:08:28 [WatchRabbit] INFO : [development] API Server Start At Port 8443
2022-07-27 09:08:52 [WatchRabbit] INFO : 인증번호를 guentc1@naver.com 로 발송했습니다.
2022-07-27 09:09:01 [WatchRabbit] INFO : 회원가입에 성공했습니다.
