2022-07-18 00:44:36 [WatchRabbit] INFO : [development] API Server Start At Port 8443
2022-07-18 00:46:23 [WatchRabbit] INFO : [development] API Server Start At Port 8443
2022-07-18 00:48:13 [WatchRabbit] INFO : [development] API Server Start At Port 8443
2022-07-18 00:48:20 [WatchRabbit] INFO : [development] API Server Start At Port 8443
2022-07-18 00:48:36 [WatchRabbit] INFO : [development] API Server Start At Port 8443
2022-07-18 00:50:04 [WatchRabbit] INFO : [development] API Server Start At Port 8443
2022-07-18 00:50:18 [WatchRabbit] INFO : [development] API Server Start At Port 8443
2022-07-18 00:52:38 [WatchRabbit] INFO : [development] API Server Start At Port 8443
2022-07-18 00:52:49 [WatchRabbit] INFO : [development] API Server Start At Port 8443
2022-07-18 00:52:51 [WatchRabbit] INFO : [development] API Server Start At Port 8443
2022-07-18 00:53:18 [WatchRabbit] INFO : [development] API Server Start At Port 8443
2022-07-18 00:55:00 [WatchRabbit] INFO : [development] API Server Start At Port 8443
2022-07-18 00:55:12 [WatchRabbit] INFO : [development] API Server Start At Port 8443
2022-07-18 00:55:42 [WatchRabbit] INFO : [development] API Server Start At Port 8443
2022-07-18 01:17:16 [WatchRabbit] INFO : [development] API Server Start At Port 8443
2022-07-18 01:24:52 [WatchRabbit] INFO : [development] API Server Start At Port 8443
2022-07-18 01:30:52 [WatchRabbit] INFO : [development] API Server Start At Port 8443
2022-07-18 01:31:30 [WatchRabbit] INFO : [development] API Server Start At Port 8443
2022-07-18 01:33:09 [WatchRabbit] INFO : [development] API Server Start At Port 8443
2022-07-18 01:35:07 [WatchRabbit] INFO : [development] API Server Start At Port 8443
2022-07-18 01:35:26 [WatchRabbit] INFO : [development] API Server Start At Port 8443
2022-07-18 01:38:00 [WatchRabbit] INFO : [development] API Server Start At Port 8443
2022-07-18 01:41:31 [WatchRabbit] INFO : [development] API Server Start At Port 8443
2022-07-18 01:45:14 [WatchRabbit] INFO : [development] API Server Start At Port 8443
2022-07-18 01:48:45 [WatchRabbit] INFO : [development] API Server Start At Port 8443
2022-07-18 01:48:50 [WatchRabbit] INFO : [development] API Server Start At Port 8443
2022-07-18 01:49:52 [WatchRabbit] INFO : [development] API Server Start At Port 8443
2022-07-18 02:26:32 [WatchRabbit] INFO : [development] API Server Start At Port 8443
2022-07-18 02:29:16 [WatchRabbit] INFO : [development] API Server Start At Port 8443
2022-07-18 02:33:31 [WatchRabbit] INFO : [development] API Server Start At Port 8443
2022-07-18 02:34:21 [WatchRabbit] INFO : [development] API Server Start At Port 8443
2022-07-18 02:34:46 [WatchRabbit] INFO : [development] API Server Start At Port 8443
2022-07-18 02:35:19 [WatchRabbit] INFO : [development] API Server Start At Port 8443
2022-07-18 02:35:36 [WatchRabbit] INFO : [development] API Server Start At Port 8443
2022-07-18 02:35:52 [WatchRabbit] INFO : [development] API Server Start At Port 8443
2022-07-18 02:35:53 [WatchRabbit] ERROR : guentc1@naver.com 이 존재하지 않습니다.
2022-07-18 02:36:05 [WatchRabbit] INFO : [development] API Server Start At Port 8443
2022-07-18 02:36:08 [WatchRabbit] INFO : guentc1@naver.com 이 존재합니다.
2022-07-18 02:38:08 [WatchRabbit] INFO : [development] API Server Start At Port 8443
2022-07-18 02:39:09 [WatchRabbit] INFO : guentc1@naver.com 이 존재합니다.
2022-07-18 02:39:13 [WatchRabbit] INFO : guentc1@naver.com 이 존재합니다.
2022-07-18 02:39:27 [WatchRabbit] INFO : [development] API Server Start At Port 8443
2022-07-18 02:39:40 [WatchRabbit] INFO : [development] API Server Start At Port 8443
2022-07-18 02:40:17 [WatchRabbit] INFO : [development] API Server Start At Port 8443
2022-07-18 02:40:18 [WatchRabbit] INFO : guentc1@naver.com 이 존재합니다.
2022-07-18 02:40:54 [WatchRabbit] ERROR : asdf@naver.com 이 존재하지 않습니다.
2022-07-18 02:43:16 [WatchRabbit] INFO : [development] API Server Start At Port 8443
2022-07-18 02:43:18 [WatchRabbit] INFO : guentc1@naver.com 이 존재합니다.
2022-07-18 02:43:45 [WatchRabbit] INFO : [development] API Server Start At Port 8443
2022-07-18 02:44:18 [WatchRabbit] INFO : [development] API Server Start At Port 8443
2022-07-18 02:44:18 [WatchRabbit] INFO : guentc1@naver.com 이 존재합니다.
2022-07-18 03:06:49 [WatchRabbit] INFO : [development] API Server Start At Port 8443
2022-07-18 04:14:51 [WatchRabbit] INFO : [development] API Server Start At Port 8443
2022-07-18 04:18:16 [WatchRabbit] INFO : [development] API Server Start At Port 8443
2022-07-18 07:03:39 [WatchRabbit] INFO : [development] API Server Start At Port 8443
2022-07-18 07:05:06 [WatchRabbit] INFO : [development] API Server Start At Port 8443
2022-07-18 07:20:03 [WatchRabbit] INFO : [development] API Server Start At Port 8443
2022-07-18 07:20:30 [WatchRabbit] ERROR : undefined
2022-07-18 07:22:50 [WatchRabbit] INFO : [development] API Server Start At Port 8443
2022-07-18 07:22:56 [WatchRabbit] INFO : 인증번호를 이메일로 전송했습니다.
2022-07-18 07:27:07 [WatchRabbit] INFO : [development] API Server Start At Port 8443
2022-07-18 07:28:04 [WatchRabbit] INFO : [development] API Server Start At Port 8443
2022-07-18 07:28:32 [WatchRabbit] INFO : 인증번호를 이메일로 전송했습니다.
2022-07-18 07:28:41 [WatchRabbit] ERROR : 1234 이 존재하지 않습니다.
2022-07-18 07:28:41 [WatchRabbit] ERROR : undefined
2022-07-18 07:28:41 [WatchRabbit] ERROR : You have an error in your SQL syntax; check the manual that corresponds to your MySQL server version for the right syntax to use near 'FROM password = 2232
        WHERE email = NULL' at line 2
2022-07-18 07:30:16 [WatchRabbit] INFO : [development] API Server Start At Port 8443
2022-07-18 07:30:21 [WatchRabbit] INFO : 인증번호를 이메일로 전송했습니다.
2022-07-18 07:30:27 [WatchRabbit] ERROR : 1234 이 존재하지 않습니다.
2022-07-18 07:30:27 [WatchRabbit] ERROR : undefined
2022-07-18 07:30:27 [WatchRabbit] ERROR : You have an error in your SQL syntax; check the manual that corresponds to your MySQL server version for the right syntax to use near 'FROM password = '1234'
        WHERE email = 9637' at line 2
2022-07-18 07:31:39 [WatchRabbit] INFO : [development] API Server Start At Port 8443
2022-07-18 07:52:20 [WatchRabbit] INFO : [development] API Server Start At Port 8443
2022-07-18 07:54:53 [WatchRabbit] INFO : [development] API Server Start At Port 8443
2022-07-18 07:56:21 [WatchRabbit] INFO : [development] API Server Start At Port 8443
2022-07-18 08:06:50 [WatchRabbit] INFO : [development] API Server Start At Port 8443
2022-07-18 08:07:14 [WatchRabbit] INFO : 인증번호를 이메일로 전송했습니다.
2022-07-18 08:07:27 [WatchRabbit] ERROR : undefined 이 존재하지 않습니다.
2022-07-18 08:07:27 [WatchRabbit] ERROR : undefined
2022-07-18 08:07:27 [WatchRabbit] ERROR : You have an error in your SQL syntax; check the manual that corresponds to your MySQL server version for the right syntax to use near 'FROM password = NULL
        WHERE email = 1749' at line 2
2022-07-18 08:09:19 [WatchRabbit] INFO : [development] API Server Start At Port 8443
2022-07-18 08:09:25 [WatchRabbit] INFO : [development] API Server Start At Port 8443
2022-07-18 08:09:48 [WatchRabbit] INFO : [development] API Server Start At Port 8443
2022-07-18 08:13:16 [WatchRabbit] INFO : [development] API Server Start At Port 8443
2022-07-18 08:19:37 [WatchRabbit] INFO : [development] API Server Start At Port 8443
2022-07-18 08:20:57 [WatchRabbit] INFO : [development] API Server Start At Port 8443
2022-07-18 08:25:07 [WatchRabbit] INFO : [development] API Server Start At Port 8443
2022-07-18 08:26:03 [WatchRabbit] INFO : [development] API Server Start At Port 8443
2022-07-18 08:53:59 [WatchRabbit] INFO : [development] API Server Start At Port 8443
2022-07-18 09:46:29 [WatchRabbit] INFO : [development] API Server Start At Port 8443
2022-07-18 09:49:09 [WatchRabbit] INFO : [development] API Server Start At Port 8443
2022-07-18 09:52:47 [WatchRabbit] INFO : [development] API Server Start At Port 8443
2022-07-18 09:56:59 [WatchRabbit] INFO : [development] API Server Start At Port 8443
2022-07-18 09:58:50 [WatchRabbit] INFO : [development] API Server Start At Port 8443
2022-07-18 10:00:29 [WatchRabbit] INFO : [development] API Server Start At Port 8443
2022-07-18 10:07:08 [WatchRabbit] INFO : [development] API Server Start At Port 8443
2022-07-18 10:47:57 [WatchRabbit] INFO : [development] API Server Start At Port 8443
2022-07-18 14:47:55 [WatchRabbit] INFO : [development] API Server Start At Port 8443
2022-07-18 14:49:45 [WatchRabbit] INFO : 인증번호를 이메일로 전송했습니다.
2022-07-18 14:57:21 [WatchRabbit] INFO : [development] API Server Start At Port 8443
2022-07-18 14:57:35 [WatchRabbit] INFO : [development] API Server Start At Port 8443
2022-07-18 14:57:36 [WatchRabbit] INFO : 인증번호를 이메일로 전송했습니다.
2022-07-18 14:57:56 [WatchRabbit] INFO : [development] API Server Start At Port 8443
2022-07-18 15:01:51 [WatchRabbit] INFO : [development] API Server Start At Port 8443
2022-07-18 15:01:57 [WatchRabbit] INFO : 인증번호를 이메일로 전송했습니다.
2022-07-18 15:04:36 [WatchRabbit] INFO : [development] API Server Start At Port 8443
2022-07-18 15:10:16 [WatchRabbit] INFO : [development] API Server Start At Port 8443
2022-07-18 15:15:53 [WatchRabbit] INFO : [development] API Server Start At Port 8443
2022-07-18 15:19:18 [WatchRabbit] INFO : [development] API Server Start At Port 8443
2022-07-18 15:23:04 [WatchRabbit] INFO : [development] API Server Start At Port 8443
2022-07-18 15:25:00 [WatchRabbit] INFO : [development] API Server Start At Port 8443
2022-07-18 15:25:36 [WatchRabbit] INFO : [development] API Server Start At Port 8443
2022-07-18 15:29:32 [WatchRabbit] INFO : [development] API Server Start At Port 8443
2022-07-18 15:37:22 [WatchRabbit] INFO : [development] API Server Start At Port 8443
2022-07-18 16:22:08 [WatchRabbit] INFO : [development] API Server Start At Port 8443
2022-07-18 16:22:12 [WatchRabbit] ERROR : undefined
2022-07-18 16:23:15 [WatchRabbit] INFO : [development] API Server Start At Port 8443
2022-07-18 16:23:17 [WatchRabbit] INFO : [development] API Server Start At Port 8443
2022-07-18 16:23:42 [WatchRabbit] INFO : [development] API Server Start At Port 8443
2022-07-18 16:23:48 [WatchRabbit] INFO : 인증번호를 guentc1@naver.com 로 발송했습니다.
2022-07-18 16:27:07 [WatchRabbit] ERROR : undefined 이 존재하지 않습니다.
2022-07-18 16:27:07 [WatchRabbit] ERROR : [서버에러]  bcrypt is not defined
2022-07-18 16:27:07 [WatchRabbit] ERROR : undefined
2022-07-18 16:27:50 [WatchRabbit] INFO : [development] API Server Start At Port 8443
2022-07-18 16:29:47 [WatchRabbit] INFO : [development] API Server Start At Port 8443
2022-07-18 16:29:49 [WatchRabbit] INFO : 인증번호를 guentc1@naver.com 로 발송했습니다.
2022-07-18 16:29:57 [WatchRabbit] ERROR : undefined 이 존재하지 않습니다.
2022-07-18 16:29:57 [WatchRabbit] ERROR : You have an error in your SQL syntax; check the manual that corresponds to your MySQL server version for the right syntax to use near 'FROM password = NULL
        WHERE email = '$2b$12$9MRKjc9R.GofwfOqB1UanO4VYpPDO' at line 2
2022-07-18 16:29:57 [WatchRabbit] ERROR : undefined
2022-07-18 16:30:48 [WatchRabbit] INFO : [development] API Server Start At Port 8443
2022-07-18 16:30:51 [WatchRabbit] INFO : 인증번호를 guentc1@naver.com 로 발송했습니다.
2022-07-18 16:30:56 [WatchRabbit] ERROR : undefined 이 존재하지 않습니다.
2022-07-18 16:30:57 [WatchRabbit] ERROR : You have an error in your SQL syntax; check the manual that corresponds to your MySQL server version for the right syntax to use near 'FROM password = NULL
        WHERE email = '$2b$12$BsAePDpFY1/H2U8NW6zZaOMs32Smp' at line 2
2022-07-18 16:30:57 [WatchRabbit] ERROR : undefined
2022-07-18 16:31:29 [WatchRabbit] INFO : [development] API Server Start At Port 8443
2022-07-18 16:31:39 [WatchRabbit] INFO : [development] API Server Start At Port 8443
2022-07-18 16:31:40 [WatchRabbit] INFO : 인증번호를 guentc1@naver.com 로 발송했습니다.
2022-07-18 16:31:47 [WatchRabbit] ERROR : undefined 이 존재하지 않습니다.
2022-07-18 16:31:48 [WatchRabbit] ERROR : You have an error in your SQL syntax; check the manual that corresponds to your MySQL server version for the right syntax to use near 'FROM password = NULL
        WHERE email = '$2b$12$lrNwF9IABexMaF9nU2RDnuODKMO9K' at line 2
2022-07-18 16:31:48 [WatchRabbit] ERROR : undefined
2022-07-18 16:32:34 [WatchRabbit] INFO : [development] API Server Start At Port 8443
2022-07-18 16:32:35 [WatchRabbit] INFO : 인증번호를 guentc1@naver.com 로 발송했습니다.
2022-07-18 16:32:40 [WatchRabbit] ERROR : undefined 이 존재하지 않습니다.
2022-07-18 16:32:40 [WatchRabbit] ERROR : You have an error in your SQL syntax; check the manual that corresponds to your MySQL server version for the right syntax to use near 'FROM password = NULL
        WHERE email = '$2b$12$iw1G3bQbGJb4IGsVl9ZrieWu4dAle' at line 2
2022-07-18 16:32:40 [WatchRabbit] ERROR : undefined
2022-07-18 16:35:47 [WatchRabbit] INFO : [development] API Server Start At Port 8443
2022-07-18 16:36:09 [WatchRabbit] INFO : 인증번호를 guentc1@naver.com 로 발송했습니다.
2022-07-18 16:36:16 [WatchRabbit] INFO : guentc1@naver.com 이 존재합니다.
2022-07-18 16:36:17 [WatchRabbit] ERROR : You have an error in your SQL syntax; check the manual that corresponds to your MySQL server version for the right syntax to use near 'FROM password = 'guentc1@naver.com'
        WHERE email = '$2b$12$y8.Xq0VqzSJUEh' at line 2
2022-07-18 16:36:17 [WatchRabbit] ERROR : undefined
2022-07-18 16:37:46 [WatchRabbit] INFO : [development] API Server Start At Port 8443
2022-07-18 16:38:22 [WatchRabbit] INFO : [development] API Server Start At Port 8443
2022-07-18 16:40:18 [WatchRabbit] INFO : 인증번호를 guentc1@naver.com 로 발송했습니다.
2022-07-18 16:40:28 [WatchRabbit] INFO : guentc1@naver.com 이 존재합니다.
2022-07-18 16:40:28 [WatchRabbit] ERROR : You have an error in your SQL syntax; check the manual that corresponds to your MySQL server version for the right syntax to use near 'FROM password = 'guentc1@naver.com'
        WHERE email = '$2b$12$C/vcG2yYdq5Uki' at line 2
2022-07-18 16:40:28 [WatchRabbit] ERROR : undefined
2022-07-18 16:41:13 [WatchRabbit] INFO : [development] API Server Start At Port 8443
2022-07-18 16:41:15 [WatchRabbit] INFO : 인증번호를 guentc1@naver.com 로 발송했습니다.
2022-07-18 16:41:21 [WatchRabbit] INFO : guentc1@naver.com 이 존재합니다.
2022-07-18 16:41:21 [WatchRabbit] ERROR : You have an error in your SQL syntax; check the manual that corresponds to your MySQL server version for the right syntax to use near 'FROM password = '$2b$12$BfuZ1OuRO5tET8/MKrSwn.Rqx6fl3kh6DfUms7TDAStfEDcbcybci'
 ' at line 2
2022-07-18 16:41:21 [WatchRabbit] ERROR : undefined
2022-07-18 16:41:59 [WatchRabbit] INFO : [development] API Server Start At Port 8443
2022-07-18 16:42:04 [WatchRabbit] INFO : 인증번호를 guentc1@naver.com 로 발송했습니다.
2022-07-18 16:42:11 [WatchRabbit] INFO : guentc1@naver.com 이 존재합니다.
2022-07-18 16:42:11 [WatchRabbit] ERROR : undefined
2022-07-18 16:43:41 [WatchRabbit] INFO : [development] API Server Start At Port 8443
2022-07-18 16:44:46 [WatchRabbit] INFO : [development] API Server Start At Port 8443
2022-07-18 16:44:48 [WatchRabbit] INFO : 인증번호를 guentc1@naver.com 로 발송했습니다.
2022-07-18 16:44:53 [WatchRabbit] INFO : guentc1@naver.com 이 존재합니다.
2022-07-18 16:44:53 [WatchRabbit] ERROR : undefined
2022-07-18 16:46:19 [WatchRabbit] INFO : [development] API Server Start At Port 8443
2022-07-18 16:46:20 [WatchRabbit] INFO : 인증번호를 guentc1@naver.com 로 발송했습니다.
2022-07-18 16:46:24 [WatchRabbit] INFO : guentc1@naver.com 이 존재합니다.
2022-07-18 16:46:25 [WatchRabbit] ERROR : undefined
2022-07-18 16:46:42 [WatchRabbit] INFO : [development] API Server Start At Port 8443
2022-07-18 16:46:43 [WatchRabbit] INFO : 인증번호를 guentc1@naver.com 로 발송했습니다.
2022-07-18 16:46:47 [WatchRabbit] INFO : guentc1@naver.com 이 존재합니다.
2022-07-18 16:46:48 [WatchRabbit] ERROR : [무슨error] : response is not a function
2022-07-18 21:50:28 [WatchRabbit] INFO : [development] API Server Start At Port 8443
2022-07-18 21:50:48 [WatchRabbit] INFO : [development] API Server Start At Port 8443
2022-07-18 21:50:51 [WatchRabbit] INFO : 인증번호를 guentc1@naver.com 로 발송했습니다.
2022-07-18 21:50:55 [WatchRabbit] INFO : guentc1@naver.com 이 존재합니다.
2022-07-18 21:50:55 [WatchRabbit] ERROR : [무슨error] : response is not a function
2022-07-18 21:51:26 [WatchRabbit] INFO : [development] API Server Start At Port 8443
2022-07-18 21:51:30 [WatchRabbit] INFO : guentc1@naver.com 이 존재합니다.
2022-07-18 21:51:30 [WatchRabbit] ERROR : [무슨error] : response is not a function
2022-07-18 21:52:55 [WatchRabbit] INFO : 인증번호를 guentc1@naver.com 로 발송했습니다.
2022-07-18 21:53:01 [WatchRabbit] INFO : guentc1@naver.com 이 존재합니다.
2022-07-18 21:53:01 [WatchRabbit] ERROR : [무슨error] : response is not a function
2022-07-18 21:54:24 [WatchRabbit] INFO : [development] API Server Start At Port 8443
2022-07-18 21:55:36 [WatchRabbit] INFO : [development] API Server Start At Port 8443
2022-07-18 21:55:42 [WatchRabbit] INFO : 인증번호를 guentc1@naver.com 로 발송했습니다.
2022-07-18 21:55:47 [WatchRabbit] INFO : guentc1@naver.com 이 존재합니다.
2022-07-18 21:56:46 [WatchRabbit] INFO : [development] API Server Start At Port 8443
2022-07-18 21:56:51 [WatchRabbit] INFO : 로그인에 성공했습니다.
2022-07-18 21:56:56 [WatchRabbit] INFO : 로그아웃 되었습니다.
2022-07-18 21:57:08 [WatchRabbit] ERROR : 로그인이 필요한 요청 입니다.
2022-07-18 21:59:17 [WatchRabbit] INFO : [development] API Server Start At Port 8443
2022-07-18 22:02:06 [WatchRabbit] INFO : [development] API Server Start At Port 8443
2022-07-18 22:04:04 [WatchRabbit] INFO : [development] API Server Start At Port 8443
2022-07-18 22:04:19 [WatchRabbit] INFO : [development] API Server Start At Port 8443
2022-07-18 22:04:27 [WatchRabbit] INFO : 인증번호를 guentc1@naver.com 로 발송했습니다.
2022-07-18 22:05:06 [WatchRabbit] INFO : guentc1@naver.com 이 존재합니다.
2022-07-18 22:05:06 [WatchRabbit] ERROR : [서버에러]  Cannot destructure property 'isSuccess' of 'undefined' as it is undefined.
2022-07-18 22:10:14 [WatchRabbit] INFO : [development] API Server Start At Port 8443
2022-07-18 22:11:03 [WatchRabbit] INFO : [development] API Server Start At Port 8443
2022-07-18 22:13:07 [WatchRabbit] INFO : [development] API Server Start At Port 8443
2022-07-18 22:15:35 [WatchRabbit] INFO : [development] API Server Start At Port 8443
2022-07-18 22:15:43 [WatchRabbit] INFO : [development] API Server Start At Port 8443
2022-07-18 22:18:04 [WatchRabbit] INFO : [development] API Server Start At Port 8443
2022-07-18 22:18:33 [WatchRabbit] INFO : [development] API Server Start At Port 8443
2022-07-18 22:18:38 [WatchRabbit] INFO : [development] API Server Start At Port 8443
2022-07-18 22:19:25 [WatchRabbit] INFO : [development] API Server Start At Port 8443
2022-07-18 22:22:26 [WatchRabbit] INFO : 인증번호를 guentc1@naver.com 로 발송했습니다.
