2022-07-24 02:21:24 [WatchRabbit] INFO : [development] API Server Start At Port 8443
2022-07-24 02:22:28 [WatchRabbit] INFO : undefined 가 쿠폰를 검색했습니다.
2022-07-24 02:23:01 [WatchRabbit] INFO : undefined 가 치킨를 검색했습니다.
2022-07-24 02:32:22 [WatchRabbit] INFO : undefined 가 자전거를 검색했습니다.
2022-07-24 02:32:39 [WatchRabbit] INFO : undefined 가 갈매기를 검색했습니다.
2022-07-24 02:32:50 [WatchRabbit] INFO : undefined 가 나무를 검색했습니다.
2022-07-24 02:32:57 [WatchRabbit] INFO : undefined 가 바퀴를 검색했습니다.
2022-07-24 02:33:02 [WatchRabbit] INFO : undefined 가 욕설를 검색했습니다.
2022-07-24 02:34:53 [WatchRabbit] INFO : undefined 가 욕를 검색했습니다.
2022-07-24 02:34:55 [WatchRabbit] INFO : undefined 가 욕를 검색했습니다.
2022-07-24 02:35:02 [WatchRabbit] INFO : undefined 가 욕설를 검색했습니다.
2022-07-24 02:35:03 [WatchRabbit] INFO : undefined 가 욕를 검색했습니다.
2022-07-24 02:35:27 [WatchRabbit] INFO : undefined 가 욕설를 검색했습니다.
2022-07-24 02:35:39 [WatchRabbit] INFO : undefined 가 욕설를 검색했습니다.
2022-07-24 02:35:47 [WatchRabbit] INFO : undefined 가 자전거를 검색했습니다.
2022-07-24 02:36:32 [WatchRabbit] INFO : undefined 가 욕설를 검색했습니다.
2022-07-24 02:36:52 [WatchRabbit] INFO : undefined 가 욕설를 검색했습니다.
2022-07-24 02:36:53 [WatchRabbit] INFO : undefined 가 욕설를 검색했습니다.
2022-07-24 02:37:54 [WatchRabbit] INFO : [development] API Server Start At Port 8443
2022-07-24 02:38:22 [WatchRabbit] INFO : undefined 가 욕설를 검색했습니다.
2022-07-24 02:38:28 [WatchRabbit] INFO : undefined 가 욕설를 검색했습니다.
2022-07-24 02:39:09 [WatchRabbit] INFO : undefined 가 욕설를 검색했습니다.
2022-07-24 02:39:50 [WatchRabbit] INFO : [development] API Server Start At Port 8443
2022-07-24 02:40:09 [WatchRabbit] INFO : undefined 가 욕설를 검색했습니다.
2022-07-24 02:40:39 [WatchRabbit] INFO : undefined 가 욕설를 검색했습니다.
2022-07-24 02:40:50 [WatchRabbit] INFO : undefined 가 쿠폰를 검색했습니다.
2022-07-24 02:45:42 [WatchRabbit] INFO : undefined 가 바보를 검색했습니다.
2022-07-24 02:46:45 [WatchRabbit] INFO : undefined 가 바보를 검색했습니다.
2022-07-24 02:47:41 [WatchRabbit] INFO : [development] API Server Start At Port 8443
2022-07-24 02:47:50 [WatchRabbit] INFO : undefined 가 바보를 검색했습니다.
2022-07-24 02:48:18 [WatchRabbit] INFO : undefined 가 바보를 검색했습니다.
2022-07-24 02:49:44 [WatchRabbit] INFO : undefined 가 바보를 검색했습니다.
2022-07-24 02:50:09 [WatchRabbit] INFO : undefined 가 바보를 검색했습니다.
2022-07-24 02:50:22 [WatchRabbit] INFO : undefined 가 치킨를 검색했습니다.
2022-07-24 02:50:51 [WatchRabbit] INFO : [development] API Server Start At Port 8443
2022-07-24 02:52:38 [WatchRabbit] INFO : undefined 가 바보를 검색했습니다.
2022-07-24 02:52:54 [WatchRabbit] INFO : undefined 가 바보를 검색했습니다.
2022-07-24 02:57:03 [WatchRabbit] INFO : undefined 가 바보를 검색했습니다.
2022-07-24 02:57:23 [WatchRabbit] INFO : undefined 가 바보를 검색했습니다.
2022-07-24 02:58:02 [WatchRabbit] INFO : undefined 가 치킨를 검색했습니다.
2022-07-24 02:58:19 [WatchRabbit] INFO : undefined 가 치킨를 검색했습니다.
2022-07-24 02:58:33 [WatchRabbit] INFO : undefined 가 치킨를 검색했습니다.
2022-07-24 02:58:44 [WatchRabbit] INFO : undefined 가 자전거를 검색했습니다.
2022-07-24 02:58:59 [WatchRabbit] INFO : undefined 가 자전거를 검색했습니다.
2022-07-24 03:14:03 [WatchRabbit] INFO : undefined 가 바보를 검색했습니다.
2022-07-24 03:14:23 [WatchRabbit] INFO : undefined 가 바보를 검색했습니다.
2022-07-24 03:14:35 [WatchRabbit] INFO : undefined 가 자전거를 검색했습니다.
2022-07-24 03:14:57 [WatchRabbit] INFO : undefined 가 자전거를 검색했습니다.
2022-07-24 03:15:36 [WatchRabbit] INFO : undefined 가 자잔거를 검색했습니다.
2022-07-24 03:15:46 [WatchRabbit] INFO : undefined 가 자전거를 검색했습니다.
2022-07-24 03:15:50 [WatchRabbit] INFO : undefined 가 자전거를 검색했습니다.
2022-07-24 03:16:04 [WatchRabbit] INFO : undefined 가 자전거를 검색했습니다.
2022-07-24 03:16:13 [WatchRabbit] INFO : undefined 가 바보를 검색했습니다.
2022-07-24 03:19:40 [WatchRabbit] INFO : undefined 가 바보를 검색했습니다.
2022-07-24 03:19:46 [WatchRabbit] INFO : undefined 가 치킨를 검색했습니다.
2022-07-24 03:20:08 [WatchRabbit] INFO : undefined 가 바보를 검색했습니다.
2022-07-24 03:21:09 [WatchRabbit] INFO : undefined 가 바보를 검색했습니다.
2022-07-24 03:21:15 [WatchRabbit] INFO : undefined 가 치킨를 검색했습니다.
2022-07-24 04:20:00 [WatchRabbit] INFO : [development] API Server Start At Port 8443
2022-07-24 04:20:18 [WatchRabbit] INFO : undefined 가 노트북를 검색했습니다.
2022-07-24 04:20:27 [WatchRabbit] INFO : undefined 가 노트북를 검색했습니다.
2022-07-24 04:20:50 [WatchRabbit] INFO : undefined 가 자전거를 검색했습니다.
2022-07-24 04:22:38 [WatchRabbit] INFO : undefined 가 노트북를 검색했습니다.
2022-07-24 04:23:12 [WatchRabbit] INFO : undefined 가 노트북를 검색했습니다.
2022-07-24 04:23:15 [WatchRabbit] INFO : undefined 가 노트북를 검색했습니다.
2022-07-24 04:28:52 [WatchRabbit] INFO : undefined 가 자전거를 검색했습니다.
2022-07-24 04:28:56 [WatchRabbit] INFO : undefined 가 자전거를 검색했습니다.
2022-07-24 04:55:51 [WatchRabbit] INFO : undefined 가 노트북를 검색했습니다.
2022-07-24 04:56:06 [WatchRabbit] INFO : [development] API Server Start At Port 8443
2022-07-24 04:56:27 [WatchRabbit] INFO : undefined 가 노트북를 검색했습니다.
2022-07-24 04:56:42 [WatchRabbit] INFO : undefined 가 노트북를 검색했습니다.
2022-07-24 04:58:57 [WatchRabbit] INFO : undefined 가 노트북를 검색했습니다.
2022-07-24 05:00:22 [WatchRabbit] INFO : [development] API Server Start At Port 8443
2022-07-24 05:00:43 [WatchRabbit] ERROR : cwTest localResult is not defined
2022-07-24 05:00:43 [WatchRabbit] INFO : undefined 가 노트북를 검색했습니다.
2022-07-24 05:01:41 [WatchRabbit] INFO : [development] API Server Start At Port 8443
2022-07-24 05:01:45 [WatchRabbit] INFO : undefined 가 노트북를 검색했습니다.
2022-07-24 05:02:00 [WatchRabbit] INFO : undefined 가 바보를 검색했습니다.
2022-07-24 05:02:26 [WatchRabbit] INFO : undefined 가 욕설를 검색했습니다.
2022-07-24 05:02:36 [WatchRabbit] INFO : undefined 가 욕설를 검색했습니다.
2022-07-24 05:03:00 [WatchRabbit] INFO : undefined 가 욕설를 검색했습니다.
2022-07-24 05:03:19 [WatchRabbit] INFO : [development] API Server Start At Port 8443
2022-07-24 05:03:32 [WatchRabbit] INFO : undefined 가 노트북를 검색했습니다.
2022-07-24 05:04:20 [WatchRabbit] INFO : undefined 가 바보를 검색했습니다.
2022-07-24 05:04:29 [WatchRabbit] INFO : undefined 가 바보를 검색했습니다.
2022-07-24 05:04:40 [WatchRabbit] INFO : undefined 가 바보를 검색했습니다.
2022-07-24 05:05:21 [WatchRabbit] INFO : undefined 가 바보를 검색했습니다.
2022-07-24 05:05:31 [WatchRabbit] INFO : undefined 가 바보를 검색했습니다.
2022-07-24 05:05:37 [WatchRabbit] INFO : undefined 가 바보를 검색했습니다.
2022-07-24 05:10:11 [WatchRabbit] INFO : undefined 가 노트북를 검색했습니다.
2022-07-24 05:11:01 [WatchRabbit] INFO : undefined 가 노트북를 검색했습니다.
2022-07-24 05:11:02 [WatchRabbit] INFO : undefined 가 노트북를 검색했습니다.
2022-07-24 05:11:03 [WatchRabbit] INFO : undefined 가 휴대폰를 검색했습니다.
2022-07-24 05:13:07 [WatchRabbit] INFO : undefined 가 노트북를 검색했습니다.
2022-07-24 05:17:07 [WatchRabbit] INFO : undefined 가 노트북를 검색했습니다.
2022-07-24 05:17:37 [WatchRabbit] INFO : undefined 가 노트북를 검색했습니다.
2022-07-24 05:19:26 [WatchRabbit] INFO : undefined 가 바보를 검색했습니다.
2022-07-24 05:19:45 [WatchRabbit] INFO : undefined 가 바보를 검색했습니다.
2022-07-24 05:20:32 [WatchRabbit] INFO : [development] API Server Start At Port 8443
2022-07-24 05:20:40 [WatchRabbit] INFO : [development] API Server Start At Port 8443
2022-07-24 05:21:01 [WatchRabbit] INFO : 비회원이 노트북를 검색했습니다.
2022-07-24 05:44:12 [WatchRabbit] INFO : 비회원이 노트북를 검색했습니다.
2022-07-24 05:44:23 [WatchRabbit] INFO : 비회원이 노트북를 검색했습니다.
2022-07-24 05:44:38 [WatchRabbit] INFO : 비회원이 노트북를 검색했습니다.
2022-07-24 05:44:55 [WatchRabbit] INFO : 비회원이 노트북를 검색했습니다.
2022-07-24 05:45:23 [WatchRabbit] INFO : 로그인에 성공했습니다.
2022-07-24 05:48:52 [WatchRabbit] ERROR : 로그인 되어 있는 상태입니다.
2022-07-24 05:49:24 [WatchRabbit] INFO : 로그인에 성공했습니다.
2022-07-24 05:50:43 [WatchRabbit] INFO : 로그인에 성공했습니다.
2022-07-24 05:51:42 [WatchRabbit] INFO : [development] API Server Start At Port 8443
2022-07-24 05:52:08 [WatchRabbit] INFO : [development] API Server Start At Port 8443
2022-07-24 05:52:27 [WatchRabbit] INFO : [development] API Server Start At Port 8443
2022-07-24 05:54:31 [WatchRabbit] ERROR : 로그인 되어 있는 상태입니다.
2022-07-24 05:54:53 [WatchRabbit] INFO : [object Object] 님이 로그인에 성공했습니다.
2022-07-24 05:56:53 [WatchRabbit] INFO : [object Object] 님이 로그인에 성공했습니다.
2022-07-24 06:02:45 [WatchRabbit] ERROR : 로그인 되어 있는 상태입니다.
2022-07-24 06:03:11 [WatchRabbit] INFO : [object Object] 님이 로그인에 성공했습니다.
2022-07-24 06:06:18 [WatchRabbit] INFO : [object Object] 님이 로그인에 성공했습니다.
2022-07-24 06:10:56 [WatchRabbit] INFO : [object Object] 님이 로그인에 성공했습니다.
2022-07-24 06:11:43 [WatchRabbit] INFO : [object Object] 님이 로그아웃 되었습니다.
2022-07-24 06:11:44 [WatchRabbit] ERROR : 로그인이 필요한 요청 입니다.
2022-07-24 06:11:45 [WatchRabbit] ERROR : 로그인이 필요한 요청 입니다.
2022-07-24 06:11:45 [WatchRabbit] ERROR : 로그인이 필요한 요청 입니다.
2022-07-24 06:11:45 [WatchRabbit] ERROR : 로그인이 필요한 요청 입니다.
2022-07-24 06:12:32 [WatchRabbit] ERROR : 로그인이 필요한 요청 입니다.
2022-07-24 06:12:32 [WatchRabbit] ERROR : 로그인이 필요한 요청 입니다.
2022-07-24 06:12:32 [WatchRabbit] ERROR : 로그인이 필요한 요청 입니다.
2022-07-24 06:12:32 [WatchRabbit] ERROR : 로그인이 필요한 요청 입니다.
2022-07-24 06:12:32 [WatchRabbit] ERROR : 로그인이 필요한 요청 입니다.
2022-07-24 06:12:32 [WatchRabbit] ERROR : 로그인이 필요한 요청 입니다.
2022-07-24 06:12:32 [WatchRabbit] ERROR : 로그인이 필요한 요청 입니다.
2022-07-24 06:12:32 [WatchRabbit] ERROR : 로그인이 필요한 요청 입니다.
2022-07-24 06:12:32 [WatchRabbit] ERROR : 로그인이 필요한 요청 입니다.
2022-07-24 06:12:32 [WatchRabbit] ERROR : 로그인이 필요한 요청 입니다.
2022-07-24 06:12:33 [WatchRabbit] ERROR : 로그인이 필요한 요청 입니다.
2022-07-24 06:14:24 [WatchRabbit] ERROR : Unknown column 'name' in 'field list'
2022-07-24 06:15:17 [WatchRabbit] INFO : 로그인에 성공했습니다.
2022-07-24 06:19:49 [WatchRabbit] INFO : [development] API Server Start At Port 8443
2022-07-24 06:20:23 [WatchRabbit] INFO : [object Object] 님이 로그인에 성공했습니다.
2022-07-24 06:20:32 [WatchRabbit] INFO : [development] API Server Start At Port 8443
2022-07-24 06:20:58 [WatchRabbit] INFO : [object Object] 님이 로그인에 성공했습니다.
2022-07-24 06:21:29 [WatchRabbit] INFO : [development] API Server Start At Port 8443
2022-07-24 06:21:32 [WatchRabbit] INFO : [development] API Server Start At Port 8443
2022-07-24 06:22:11 [WatchRabbit] INFO : [development] API Server Start At Port 8443
2022-07-24 06:22:13 [WatchRabbit] INFO : [development] API Server Start At Port 8443
2022-07-24 06:22:36 [WatchRabbit] INFO : [development] API Server Start At Port 8443
2022-07-24 06:22:38 [WatchRabbit] INFO : [development] API Server Start At Port 8443
2022-07-24 06:22:48 [WatchRabbit] INFO : [object Object] 님이 로그인에 성공했습니다.
2022-07-24 06:23:15 [WatchRabbit] INFO : [development] API Server Start At Port 8443
2022-07-24 06:23:30 [WatchRabbit] ERROR : undefined
2022-07-24 06:24:22 [WatchRabbit] INFO : [development] API Server Start At Port 8443
2022-07-24 06:24:23 [WatchRabbit] INFO : [object Object] 님이 로그인에 성공했습니다.
2022-07-24 06:24:57 [WatchRabbit] INFO : [development] API Server Start At Port 8443
2022-07-24 06:25:18 [WatchRabbit] INFO : [object Object] 님이 로그인에 성공했습니다.
2022-07-24 06:25:43 [WatchRabbit] INFO : [development] API Server Start At Port 8443
2022-07-24 06:26:03 [WatchRabbit] INFO : guentc1@naver.com 님이 로그인에 성공했습니다.
2022-07-24 06:26:23 [WatchRabbit] INFO : [development] API Server Start At Port 8443
2022-07-24 06:33:29 [WatchRabbit] ERROR : 로그인 되어 있는 상태입니다.
2022-07-24 06:34:54 [WatchRabbit] INFO : guentc1@naver.com 님이 로그인에 성공했습니다.
2022-07-24 06:35:54 [WatchRabbit] INFO : guentc1@naver.com 님이 로그인에 성공했습니다.
2022-07-24 06:38:05 [WatchRabbit] INFO : guentc1@naver.com 님이 로그인에 성공했습니다.
2022-07-24 06:38:46 [WatchRabbit] INFO : guentc1@naver.com 님이 로그인에 성공했습니다.
2022-07-24 06:42:45 [WatchRabbit] ERROR : 로그인 되어 있는 상태입니다.
2022-07-24 06:43:11 [WatchRabbit] INFO : guentc1@naver.com 님이 로그인에 성공했습니다.
2022-07-24 06:46:27 [WatchRabbit] INFO : guentc1@naver.com 님이 로그인에 성공했습니다.
2022-07-24 06:50:47 [WatchRabbit] INFO : [object Object] 가 노트북를 검색했습니다.
2022-07-24 06:51:33 [WatchRabbit] ERROR : PASSPORT 유저 아이디 불일치
2022-07-24 06:51:34 [WatchRabbit] INFO : 유저 정보가 없어 로그인에 실패했습니다.
2022-07-24 06:51:39 [WatchRabbit] ERROR : PASSPORT 유저 아이디 불일치
2022-07-24 06:51:39 [WatchRabbit] INFO : 유저 정보가 없어 로그인에 실패했습니다.
2022-07-24 06:51:45 [WatchRabbit] INFO : guentc1@naver.com 님이 로그인에 성공했습니다.
2022-07-24 06:54:02 [WatchRabbit] INFO : guentc1@naver.com 님이 로그인에 성공했습니다.
2022-07-24 06:54:11 [WatchRabbit] INFO : [object Object] 님이 로그아웃 되었습니다.
2022-07-24 07:07:12 [WatchRabbit] INFO : [development] API Server Start At Port 8443
2022-07-24 07:08:08 [WatchRabbit] INFO : guentc1@naver.com 님이 로그인에 성공했습니다.
2022-07-24 07:10:21 [WatchRabbit] INFO : guentc1@naver.com 님이 로그인에 성공했습니다.
2022-07-24 07:11:36 [WatchRabbit] INFO : [object Object] 님이 로그아웃 되었습니다.
2022-07-24 07:12:25 [WatchRabbit] INFO : guentc1@naver.com 님이 로그인에 성공했습니다.
2022-07-24 07:12:32 [WatchRabbit] INFO : [object Object] 가 노트북를 검색했습니다.
2022-07-24 07:13:23 [WatchRabbit] ERROR : 로그인 되어 있는 상태입니다.
2022-07-24 07:13:39 [WatchRabbit] INFO : guentc1@naver.com 님이 로그인에 성공했습니다.
2022-07-24 07:14:04 [WatchRabbit] INFO : guentc1@naver.com 님이 로그인에 성공했습니다.
2022-07-24 07:14:41 [WatchRabbit] INFO : [object Object] 가 노트북를 검색했습니다.
2022-07-24 07:14:55 [WatchRabbit] ERROR : 로그인 되어 있는 상태입니다.
2022-07-24 07:38:23 [WatchRabbit] INFO : [development] API Server Start At Port 8443
2022-07-24 07:38:49 [WatchRabbit] INFO : [development] API Server Start At Port 8443
2022-07-24 07:39:12 [WatchRabbit] INFO : guentc1@naver.com 님이 로그인에 성공했습니다.
2022-07-24 07:44:37 [WatchRabbit] ERROR : 로그인 되어 있는 상태입니다.
2022-07-24 07:44:55 [WatchRabbit] INFO : guentc1@naver.com 님이 로그인에 성공했습니다.
2022-07-24 07:45:49 [WatchRabbit] INFO : [development] API Server Start At Port 8443
2022-07-24 07:46:16 [WatchRabbit] INFO : [development] API Server Start At Port 8443
2022-07-24 07:46:30 [WatchRabbit] INFO : [development] API Server Start At Port 8443
2022-07-24 07:47:33 [WatchRabbit] INFO : [development] API Server Start At Port 8443
2022-07-24 07:48:51 [WatchRabbit] INFO : [development] API Server Start At Port 8443
2022-07-24 07:49:08 [WatchRabbit] INFO : guentc1@naver.com 님이 로그인에 성공했습니다.
2022-07-24 07:49:30 [WatchRabbit] ERROR : 로그인 되어 있는 상태입니다.
2022-07-24 07:49:30 [WatchRabbit] ERROR : 로그인 되어 있는 상태입니다.
2022-07-24 07:49:33 [WatchRabbit] ERROR : 로그인 되어 있는 상태입니다.
2022-07-24 07:49:34 [WatchRabbit] ERROR : 로그인 되어 있는 상태입니다.
2022-07-24 07:49:37 [WatchRabbit] ERROR : 로그인 되어 있는 상태입니다.
2022-07-24 07:49:37 [WatchRabbit] ERROR : 로그인 되어 있는 상태입니다.
2022-07-24 07:49:38 [WatchRabbit] ERROR : 로그인 되어 있는 상태입니다.
2022-07-24 07:49:38 [WatchRabbit] ERROR : 로그인 되어 있는 상태입니다.
2022-07-24 07:49:38 [WatchRabbit] ERROR : 로그인 되어 있는 상태입니다.
2022-07-24 07:49:38 [WatchRabbit] ERROR : 로그인 되어 있는 상태입니다.
2022-07-24 07:49:40 [WatchRabbit] ERROR : 로그인 되어 있는 상태입니다.
2022-07-24 07:49:40 [WatchRabbit] ERROR : 로그인 되어 있는 상태입니다.
2022-07-24 07:49:41 [WatchRabbit] ERROR : 로그인 되어 있는 상태입니다.
2022-07-24 07:49:41 [WatchRabbit] ERROR : 로그인 되어 있는 상태입니다.
2022-07-24 07:49:42 [WatchRabbit] ERROR : 로그인 되어 있는 상태입니다.
2022-07-24 07:49:43 [WatchRabbit] ERROR : 로그인 되어 있는 상태입니다.
2022-07-24 07:51:49 [WatchRabbit] INFO : [development] API Server Start At Port 8443
2022-07-24 07:51:54 [WatchRabbit] ERROR : 로그인 되어 있는 상태입니다.
2022-07-24 07:52:09 [WatchRabbit] INFO : guentc1@naver.com 님이 로그인에 성공했습니다.
2022-07-24 07:52:31 [WatchRabbit] ERROR : 로그인 되어 있는 상태입니다.
2022-07-24 07:52:32 [WatchRabbit] ERROR : 로그인 되어 있는 상태입니다.
2022-07-24 07:52:38 [WatchRabbit] ERROR : 로그인 되어 있는 상태입니다.
2022-07-24 07:52:38 [WatchRabbit] ERROR : 로그인 되어 있는 상태입니다.
2022-07-24 07:54:53 [WatchRabbit] INFO : [development] API Server Start At Port 8443
2022-07-24 08:00:38 [WatchRabbit] INFO : guentc1@naver.com 님이 로그인에 성공했습니다.
2022-07-24 08:02:56 [WatchRabbit] INFO : guentc1@naver.com 님이 로그인에 성공했습니다.
2022-07-24 08:05:14 [WatchRabbit] INFO : guentc1@naver.com 님이 로그인에 성공했습니다.
2022-07-24 08:05:45 [WatchRabbit] INFO : guentc1@naver.com 님이 로그인에 성공했습니다.
2022-07-24 08:11:31 [WatchRabbit] INFO : [development] API Server Start At Port 8443
2022-07-24 08:11:47 [WatchRabbit] INFO : guentc1@naver.com 님이 로그인에 성공했습니다.
2022-07-24 08:21:56 [WatchRabbit] INFO : guentc1@naver.com 님이 로그인에 성공했습니다.
2022-07-24 08:24:11 [WatchRabbit] ERROR : PASSPORT 유저 아이디 불일치
2022-07-24 08:24:11 [WatchRabbit] INFO : 유저 정보가 없어 로그인에 실패했습니다.
2022-07-24 08:24:17 [WatchRabbit] INFO : guentc1@naver.com 님이 로그인에 성공했습니다.
2022-07-24 08:24:36 [WatchRabbit] INFO : guentc1@naver.com 님이 로그인에 성공했습니다.
2022-07-24 08:33:10 [WatchRabbit] INFO : guentc1@naver.com 님이 로그인에 성공했습니다.
2022-07-24 08:37:07 [WatchRabbit] INFO : guentc1@naver.com 님이 로그인에 성공했습니다.
2022-07-24 08:40:08 [WatchRabbit] INFO : guentc1@naver.com 님이 로그인에 성공했습니다.
2022-07-24 08:41:35 [WatchRabbit] INFO : guentc1@naver.com 님이 로그인에 성공했습니다.
2022-07-24 08:44:03 [WatchRabbit] ERROR : 로그인 되어 있는 상태입니다.
2022-07-24 08:44:04 [WatchRabbit] ERROR : 로그인 되어 있는 상태입니다.
2022-07-24 08:44:05 [WatchRabbit] ERROR : 로그인 되어 있는 상태입니다.
2022-07-24 08:44:06 [WatchRabbit] ERROR : 로그인 되어 있는 상태입니다.
2022-07-24 08:46:35 [WatchRabbit] INFO : guentc1@naver.com 님이 로그인에 성공했습니다.
2022-07-24 08:48:00 [WatchRabbit] INFO : [development] API Server Start At Port 8443
2022-07-24 08:49:25 [WatchRabbit] INFO : guentc1@naver.com 님이 로그인에 성공했습니다.
2022-07-24 08:51:34 [WatchRabbit] INFO : [development] API Server Start At Port 8443
2022-07-24 08:51:45 [WatchRabbit] INFO : [development] API Server Start At Port 8443
2022-07-24 08:52:03 [WatchRabbit] INFO : [development] API Server Start At Port 8443
2022-07-24 08:52:18 [WatchRabbit] INFO : [development] API Server Start At Port 8443
2022-07-24 08:52:44 [WatchRabbit] INFO : guentc1@naver.com 님이 로그인에 성공했습니다.
2022-07-24 08:55:26 [WatchRabbit] INFO : guentc1@naver.com 님이 로그인에 성공했습니다.
2022-07-24 08:57:36 [WatchRabbit] INFO : guentc1@naver.com 님이 로그인에 성공했습니다.
2022-07-24 09:09:36 [WatchRabbit] INFO : guentc1@naver.com 님이 로그인에 성공했습니다.
2022-07-24 09:10:46 [WatchRabbit] INFO : guentc1@naver.com 님이 로그인에 성공했습니다.
2022-07-24 09:13:47 [WatchRabbit] INFO : guentc1@naver.com 님이 로그인에 성공했습니다.
2022-07-24 13:27:32 [WatchRabbit] INFO : [development] API Server Start At Port 8443
2022-07-24 13:30:51 [WatchRabbit] INFO : guentc1@naver.com 님이 로그인에 성공했습니다.
2022-07-24 13:58:39 [WatchRabbit] INFO : [development] API Server Start At Port 8443
2022-07-24 14:02:00 [WatchRabbit] INFO : [development] API Server Start At Port 8443
2022-07-24 14:02:12 [WatchRabbit] INFO : [development] API Server Start At Port 8443
2022-07-24 14:17:53 [WatchRabbit] INFO : [development] API Server Start At Port 8443
2022-07-24 14:18:09 [WatchRabbit] ERROR : 로그인 되어 있는 상태입니다.
2022-07-24 14:18:29 [WatchRabbit] INFO : guentc1@naver.com 님이 로그인에 성공했습니다.
2022-07-24 14:19:00 [WatchRabbit] INFO : [development] API Server Start At Port 8443
2022-07-24 14:19:46 [WatchRabbit] INFO : guentc1@naver.com 님이 로그인에 성공했습니다.
2022-07-24 14:26:16 [WatchRabbit] INFO : [development] API Server Start At Port 8443
2022-07-24 14:30:51 [WatchRabbit] INFO : guentc1@naver.com 님이 로그인에 성공했습니다.
2022-07-24 14:32:07 [WatchRabbit] ERROR : 로그인이 필요한 요청 입니다.
2022-07-24 14:35:21 [WatchRabbit] INFO : guentc1@naver.com 님이 로그인에 성공했습니다.
2022-07-24 14:36:21 [WatchRabbit] INFO : [development] API Server Start At Port 8443
2022-07-24 14:36:38 [WatchRabbit] INFO : guentc1@naver.com 님이 로그인에 성공했습니다.
2022-07-24 14:38:05 [WatchRabbit] INFO : guentc1@naver.com 님이 로그인에 성공했습니다.
2022-07-24 15:02:50 [WatchRabbit] INFO : [development] API Server Start At Port 8443
2022-07-24 15:03:55 [WatchRabbit] INFO : guentc1@naver.com 님이 로그인에 성공했습니다.
2022-07-24 15:07:22 [WatchRabbit] INFO : [development] API Server Start At Port 8443
2022-07-24 15:07:32 [WatchRabbit] INFO : [development] API Server Start At Port 8443
2022-07-24 15:10:56 [WatchRabbit] INFO : [development] API Server Start At Port 8443
2022-07-24 15:13:25 [WatchRabbit] ERROR : 로그인이 필요한 요청 입니다.
2022-07-24 15:13:28 [WatchRabbit] ERROR : 로그인이 필요한 요청 입니다.
2022-07-24 15:13:28 [WatchRabbit] ERROR : 로그인이 필요한 요청 입니다.
2022-07-24 15:13:29 [WatchRabbit] ERROR : 로그인이 필요한 요청 입니다.
2022-07-24 15:13:31 [WatchRabbit] ERROR : 로그인이 필요한 요청 입니다.
2022-07-24 15:13:32 [WatchRabbit] ERROR : 로그인이 필요한 요청 입니다.
2022-07-24 15:13:32 [WatchRabbit] ERROR : 로그인이 필요한 요청 입니다.
2022-07-24 15:13:32 [WatchRabbit] ERROR : 로그인이 필요한 요청 입니다.
2022-07-24 15:16:02 [WatchRabbit] ERROR : 로그인이 필요한 요청 입니다.
2022-07-24 15:19:12 [WatchRabbit] ERROR : 로그인이 필요한 요청 입니다.
2022-07-24 15:19:44 [WatchRabbit] ERROR : 로그인이 필요한 요청 입니다.
2022-07-24 15:22:03 [WatchRabbit] ERROR : 로그인이 필요한 요청 입니다.
2022-07-24 15:22:35 [WatchRabbit] ERROR : 로그인이 필요한 요청 입니다.
2022-07-24 15:22:35 [WatchRabbit] ERROR : 로그인이 필요한 요청 입니다.
2022-07-24 15:22:35 [WatchRabbit] ERROR : 로그인이 필요한 요청 입니다.
2022-07-24 15:22:36 [WatchRabbit] ERROR : 로그인이 필요한 요청 입니다.
2022-07-24 15:22:36 [WatchRabbit] ERROR : 로그인이 필요한 요청 입니다.
2022-07-24 15:22:36 [WatchRabbit] ERROR : 로그인이 필요한 요청 입니다.
2022-07-24 15:22:36 [WatchRabbit] ERROR : 로그인이 필요한 요청 입니다.
2022-07-24 15:22:56 [WatchRabbit] INFO : [development] API Server Start At Port 8443
2022-07-24 15:22:58 [WatchRabbit] INFO : [development] API Server Start At Port 8443
2022-07-24 15:29:04 [WatchRabbit] INFO : [development] API Server Start At Port 8443
2022-07-24 15:30:19 [WatchRabbit] INFO : guentc1@naver.com 님이 로그인에 성공했습니다.
2022-07-24 15:31:02 [WatchRabbit] INFO : [development] API Server Start At Port 8443
2022-07-24 15:31:26 [WatchRabbit] INFO : [object Object] 님이 로그아웃 되었습니다.
2022-07-24 15:31:45 [WatchRabbit] INFO : guentc1@naver.com 님이 로그인에 성공했습니다.
2022-07-24 15:33:11 [WatchRabbit] INFO : [object Object] 님이 로그아웃 되었습니다.
2022-07-24 15:48:22 [WatchRabbit] INFO : guentc1@naver.com 님이 로그인에 성공했습니다.
2022-07-24 15:49:10 [WatchRabbit] INFO : [object Object] 님이 로그아웃 되었습니다.
2022-07-24 16:05:47 [WatchRabbit] INFO : [development] API Server Start At Port 8443
2022-07-24 16:06:10 [WatchRabbit] INFO : guentc1@naver.com 님이 로그인에 성공했습니다.
2022-07-24 16:06:23 [WatchRabbit] INFO : [development] API Server Start At Port 8443
2022-07-24 16:06:39 [WatchRabbit] INFO : [object Object] 님이 로그아웃 되었습니다.
2022-07-24 16:06:48 [WatchRabbit] INFO : guentc1@naver.com 님이 로그인에 성공했습니다.
2022-07-24 16:07:46 [WatchRabbit] INFO : [development] API Server Start At Port 8443
2022-07-24 16:08:17 [WatchRabbit] ERROR : 로그인 되어 있는 상태입니다.
2022-07-24 16:08:37 [WatchRabbit] INFO : guentc1@naver.com 님이 로그인에 성공했습니다.
2022-07-24 16:08:54 [WatchRabbit] INFO : [development] API Server Start At Port 8443
2022-07-24 16:11:10 [WatchRabbit] INFO : [development] API Server Start At Port 8443
2022-07-24 16:11:42 [WatchRabbit] INFO : [development] API Server Start At Port 8443
2022-07-24 16:12:11 [WatchRabbit] INFO : guentc1@naver.com 님이 로그인에 성공했습니다.
2022-07-24 16:12:49 [WatchRabbit] INFO : [object Object] 님이 로그아웃 되었습니다.
2022-07-24 16:12:50 [WatchRabbit] ERROR : 로그인이 필요한 요청 입니다.
2022-07-24 16:13:04 [WatchRabbit] INFO : guentc1@naver.com 님이 로그인에 성공했습니다.
2022-07-24 16:16:21 [WatchRabbit] INFO : [object Object] 님이 로그아웃 되었습니다.
2022-07-24 16:16:34 [WatchRabbit] INFO : guentc1@naver.com 님이 로그인에 성공했습니다.
2022-07-24 16:19:51 [WatchRabbit] ERROR : 로그인 되어 있는 상태입니다.
2022-07-24 16:20:11 [WatchRabbit] INFO : guentc1@naver.com 님이 로그인에 성공했습니다.
2022-07-24 16:20:24 [WatchRabbit] INFO : [object Object] 님이 로그아웃 되었습니다.
2022-07-24 16:20:39 [WatchRabbit] INFO : guentc1@naver.com 님이 로그인에 성공했습니다.
2022-07-24 16:21:01 [WatchRabbit] INFO : [object Object] 님이 로그아웃 되었습니다.
