2022-07-21 01:50:22 [WatchRabbit] ERROR : undefined
2022-07-21 01:53:06 [WatchRabbit] ERROR : undefined
2022-07-21 01:54:11 [WatchRabbit] ERROR : undefined
2022-07-21 01:54:51 [WatchRabbit] ERROR : undefined
2022-07-21 01:54:53 [WatchRabbit] ERROR : undefined
2022-07-21 01:54:53 [WatchRabbit] ERROR : undefined
2022-07-21 01:54:54 [WatchRabbit] ERROR : undefined
2022-07-21 01:54:55 [WatchRabbit] ERROR : undefined
2022-07-21 02:02:40 [WatchRabbit] ERROR : undefined
2022-07-21 02:07:38 [WatchRabbit] ERROR : undefined
2022-07-21 02:07:42 [WatchRabbit] ERROR : undefined
2022-07-21 02:10:00 [WatchRabbit] ERROR : undefined
2022-07-21 02:37:51 [WatchRabbit] ERROR : [getAuthentication] Assignment to constant variable.
2022-07-21 03:25:23 [WatchRabbit] ERROR : undefined 이 존재하지 않습니다.
2022-07-21 04:40:07 [WatchRabbit] ERROR : undefined
2022-07-21 04:41:39 [WatchRabbit] ERROR : undefined
2022-07-21 04:43:29 [WatchRabbit] ERROR : 로그인 되어 있는 상태입니다.
2022-07-21 04:43:29 [WatchRabbit] ERROR : 로그인 되어 있는 상태입니다.
2022-07-21 04:44:22 [WatchRabbit] ERROR : 로그인 되어 있는 상태입니다.
2022-07-21 04:44:22 [WatchRabbit] ERROR : 로그인 되어 있는 상태입니다.
2022-07-21 04:44:33 [WatchRabbit] ERROR : 로그인 되어 있는 상태입니다.
2022-07-21 04:44:33 [WatchRabbit] ERROR : 로그인 되어 있는 상태입니다.
2022-07-21 04:44:49 [WatchRabbit] ERROR : 로그인 되어 있는 상태입니다.
2022-07-21 04:44:49 [WatchRabbit] ERROR : 로그인 되어 있는 상태입니다.
2022-07-21 04:46:39 [WatchRabbit] ERROR : 로그인 되어 있는 상태입니다.
2022-07-21 04:46:39 [WatchRabbit] ERROR : 로그인 되어 있는 상태입니다.
2022-07-21 04:46:47 [WatchRabbit] ERROR : 로그인 되어 있는 상태입니다.
2022-07-21 04:46:47 [WatchRabbit] ERROR : 로그인 되어 있는 상태입니다.
2022-07-21 04:47:05 [WatchRabbit] ERROR : 로그인 되어 있는 상태입니다.
2022-07-21 04:47:05 [WatchRabbit] ERROR : 로그인 되어 있는 상태입니다.
2022-07-21 04:47:29 [WatchRabbit] ERROR : undefined
2022-07-21 04:53:10 [WatchRabbit] ERROR : undefined
2022-07-21 04:53:39 [WatchRabbit] ERROR : undefined
2022-07-21 04:53:50 [WatchRabbit] ERROR : undefined
2022-07-21 05:06:42 [WatchRabbit] ERROR : 로그인 되어 있는 상태입니다.
2022-07-21 05:07:01 [WatchRabbit] ERROR : undefined
2022-07-21 05:07:14 [WatchRabbit] ERROR : undefined
2022-07-21 05:07:27 [WatchRabbit] ERROR : undefined
2022-07-21 05:07:28 [WatchRabbit] ERROR : undefined
2022-07-21 05:07:30 [WatchRabbit] ERROR : undefined
2022-07-21 05:07:59 [WatchRabbit] ERROR : Bad Request
2022-07-21 05:09:13 [WatchRabbit] ERROR : undefined
2022-07-21 05:10:24 [WatchRabbit] ERROR : undefined
2022-07-21 05:11:24 [WatchRabbit] ERROR : Bad Request
2022-07-21 05:11:24 [WatchRabbit] ERROR : Bad Request
2022-07-21 05:12:20 [WatchRabbit] ERROR : undefined
2022-07-21 05:13:12 [WatchRabbit] ERROR : Bad Request
2022-07-21 05:13:39 [WatchRabbit] ERROR : undefined
2022-07-21 05:17:05 [WatchRabbit] ERROR : undefined
2022-07-21 05:17:51 [WatchRabbit] ERROR : Bad Request
2022-07-21 05:18:16 [WatchRabbit] ERROR : undefined
2022-07-21 05:18:39 [WatchRabbit] ERROR : Bad Request
2022-07-21 05:27:03 [WatchRabbit] ERROR : undefined
2022-07-21 05:29:23 [WatchRabbit] ERROR : Bad Request
2022-07-21 05:29:47 [WatchRabbit] ERROR : undefined
2022-07-21 05:30:53 [WatchRabbit] ERROR : Bad Request
2022-07-21 05:31:39 [WatchRabbit] ERROR : 로그인 되어 있는 상태입니다.
2022-07-21 05:31:54 [WatchRabbit] ERROR : undefined
2022-07-21 05:33:26 [WatchRabbit] ERROR : Bad Request
2022-07-21 05:33:35 [WatchRabbit] ERROR : undefined
2022-07-21 05:35:20 [WatchRabbit] ERROR : undefined
2022-07-21 05:36:40 [WatchRabbit] ERROR : Bad Request
2022-07-21 05:36:57 [WatchRabbit] ERROR : undefined
2022-07-21 05:39:31 [WatchRabbit] ERROR : Bad Request
2022-07-21 05:39:44 [WatchRabbit] ERROR : 로그인 되어 있는 상태입니다.
2022-07-21 05:39:44 [WatchRabbit] ERROR : 로그인 되어 있는 상태입니다.
2022-07-21 05:51:28 [WatchRabbit] ERROR : 로그인 되어 있는 상태입니다.
2022-07-21 05:52:11 [WatchRabbit] ERROR : Bad Request
2022-07-21 05:52:14 [WatchRabbit] ERROR : Bad Request
2022-07-21 08:43:46 [WatchRabbit] ERROR : PASSPORT 유저 아이디 불일치
2022-07-21 08:43:58 [WatchRabbit] ERROR : PASSPORT 유저 아이디 불일치
2022-07-21 08:44:26 [WatchRabbit] ERROR : PASSPORT 유저 아이디 불일치
2022-07-21 08:44:28 [WatchRabbit] ERROR : PASSPORT 유저 아이디 불일치
2022-07-21 08:45:01 [WatchRabbit] ERROR : PASSPORT 유저 아이디 불일치
2022-07-21 08:45:07 [WatchRabbit] ERROR : PASSPORT 유저 아이디 불일치
2022-07-21 08:45:50 [WatchRabbit] ERROR : PASSPORT 유저 아이디 불일치
2022-07-21 08:46:37 [WatchRabbit] ERROR : PASSPORT 유저 아이디 불일치
2022-07-21 08:46:44 [WatchRabbit] ERROR : PASSPORT 유저 아이디 불일치
2022-07-21 08:46:46 [WatchRabbit] ERROR : PASSPORT 유저 아이디 불일치
2022-07-21 08:46:50 [WatchRabbit] ERROR : PASSPORT 유저 아이디 불일치
2022-07-21 08:57:03 [WatchRabbit] ERROR : PASSPORT 유저 아이디 불일치
2022-07-21 08:57:06 [WatchRabbit] ERROR : PASSPORT 유저 아이디 불일치
2022-07-21 09:35:21 [WatchRabbit] ERROR : cwTest cwProvider.TotalRegion is not a function
2022-07-21 09:35:36 [WatchRabbit] ERROR : cwTest cwProvider.TotalRegion is not a function
2022-07-21 14:18:32 [WatchRabbit] ERROR : PASSPORT 유저 아이디 불일치
2022-07-21 14:35:25 [WatchRabbit] ERROR : [postSearchItem] cwResult.key is not a function
