2022-07-29 05:35:08 [WatchRabbit] ERROR : 로그인이 필요한 요청 입니다.
2022-07-29 05:36:05 [WatchRabbit] ERROR : [traceController postUpdateDb]  userInfo is not defined
2022-07-29 05:36:39 [WatchRabbit] ERROR : [traceController postUpdateDb]  connection.query is not a function
2022-07-29 05:36:46 [WatchRabbit] ERROR : [traceController postUpdateDb]  connection.query is not a function
2022-07-29 05:37:27 [WatchRabbit] ERROR : [traceController postUpdateDb]  connection.query is not a function
2022-07-29 05:51:35 [WatchRabbit] ERROR : [checkEmail commonDao] commonDao.checkUserEmail is not a function
2022-07-29 05:51:35 [WatchRabbit] ERROR : [traceService checkUserId]  Cannot read properties of undefined (reading 'length')
2022-07-29 05:51:35 [WatchRabbit] ERROR : [traceController postUpdateDb]  Cannot read properties of undefined (reading 'isSuccess')
2022-07-29 05:52:22 [WatchRabbit] ERROR : [traceController postUpdateDb]  traceService.checkUserIdx is not a function
2022-07-29 05:53:33 [WatchRabbit] ERROR : [traceController postUpdateDb]  traceService.checkIdx is not a function
2022-07-29 05:58:19 [WatchRabbit] ERROR : [traceController postUpdateDb]  traceService.checkIdx is not a function
2022-07-29 05:58:21 [WatchRabbit] ERROR : [traceController postUpdateDb]  traceService.checkIdx is not a function
2022-07-29 05:58:49 [WatchRabbit] ERROR : [traceController postUpdateDb]  traceService.checkStatus is not a function
2022-07-29 05:59:28 [WatchRabbit] ERROR : [traceController postUpdateDb]  traceService.checkStatus is not a function
2022-07-29 05:59:51 [WatchRabbit] ERROR : [traceController postUpdateDb]  traceService.checkStatus is not a function
2022-07-29 06:11:56 [WatchRabbit] ERROR : [checkUserIdx traceDao] You have an error in your SQL syntax; check the manual that corresponds to your MySQL server version for the right syntax to use near ', email = ?' at line 3
2022-07-29 06:11:56 [WatchRabbit] ERROR : [traceController postUpdateDb]  traceService.checkStatus is not a function
2022-07-29 06:12:23 [WatchRabbit] ERROR : [checkUserIdx traceDao] You have an error in your SQL syntax; check the manual that corresponds to your MySQL server version for the right syntax to use near ', email = ?' at line 3
2022-07-29 06:12:23 [WatchRabbit] ERROR : [traceController postUpdateDb]  traceService.checkStatus is not a function
2022-07-29 06:13:15 [WatchRabbit] ERROR : [checkUserIdx traceDao] You have an error in your SQL syntax; check the manual that corresponds to your MySQL server version for the right syntax to use near ', 'guentc1@naver.com', email = ?' at line 3
2022-07-29 06:13:15 [WatchRabbit] ERROR : [traceController postUpdateDb]  traceService.checkStatus is not a function
2022-07-29 06:15:08 [WatchRabbit] ERROR : [checkUserIdx traceDao] You have an error in your SQL syntax; check the manual that corresponds to your MySQL server version for the right syntax to use near ', email = 'guentc1@naver.com'' at line 3
2022-07-29 06:15:08 [WatchRabbit] ERROR : [traceService checkUserIdx] guentc1@naver.com의 Idx 가 존재하지 않습니다.
2022-07-29 06:15:08 [WatchRabbit] ERROR : [traceController postUpdateDb]  traceService.checkStatus is not a function
2022-07-29 06:19:13 [WatchRabbit] ERROR : [traceController postUpdateDb]  traceService.checkStatus is not a function
2022-07-29 06:55:36 [WatchRabbit] ERROR : [traceController postUpdateDb]  email is not defined
2022-07-29 06:56:31 [WatchRabbit] ERROR : [traceService checkUserIdx] guentc1@naver.com의 Idx 가 존재하지 않습니다.
2022-07-29 06:56:31 [WatchRabbit] ERROR : [traceController postUpdateDb]  Cannot read properties of undefined (reading '0')
2022-07-29 06:56:54 [WatchRabbit] ERROR : [traceService checkUserIdx] guentc1@naver.com의 Idx 가 존재하지 않습니다.
2022-07-29 06:56:54 [WatchRabbit] ERROR : [traceController postUpdateDb]  Cannot read properties of undefined (reading '0')
2022-07-29 06:57:15 [WatchRabbit] ERROR : [traceService checkUserIdx] guentc1@naver.com의 Idx 가 존재하지 않습니다.
2022-07-29 06:57:15 [WatchRabbit] ERROR : [traceController postUpdateDb]  Cannot read properties of undefined (reading '0')
2022-07-29 06:57:34 [WatchRabbit] ERROR : [traceService checkUserIdx] guentc1@naver.com의 Idx 가 존재하지 않습니다.
2022-07-29 06:57:34 [WatchRabbit] ERROR : [traceController postUpdateDb]  Cannot read properties of undefined (reading '0')
2022-07-29 06:57:48 [WatchRabbit] ERROR : [traceService checkUserIdx] guentc1@naver.com의 Idx 가 존재하지 않습니다.
2022-07-29 06:57:48 [WatchRabbit] ERROR : [traceController postUpdateDb]  Cannot read properties of undefined (reading '0')
2022-07-29 06:58:24 [WatchRabbit] ERROR : [traceService checkUserIdx] guentc1@naver.com의 Idx 가 존재하지 않습니다.
2022-07-29 06:58:24 [WatchRabbit] ERROR : [traceController postUpdateDb]  Cannot read properties of undefined (reading '0')
2022-07-29 06:59:05 [WatchRabbit] ERROR : [traceService checkUserIdx] ReferenceError: res is not defined
2022-07-29 06:59:05 [WatchRabbit] ERROR : [traceController postUpdateDb]  Cannot read properties of undefined (reading 'status')
2022-07-29 07:00:19 [WatchRabbit] ERROR : [traceController postUpdateDb]  Cannot read properties of undefined (reading 'status')
2022-07-29 07:23:14 [WatchRabbit] ERROR : [traceController postUpdateDb]  traceProvider is not defined
2022-07-29 07:23:30 [WatchRabbit] ERROR : [traceController postUpdateDb]  traceProvider is not defined
2022-07-29 07:23:32 [WatchRabbit] ERROR : [traceController postUpdateDb]  traceProvider is not defined
2022-07-29 07:23:56 [WatchRabbit] ERROR : [traceController postUpdateDb]  userIDx is not defined
2022-07-29 07:24:21 [WatchRabbit] ERROR : [traceService checkUserId]  Info is not defined
2022-07-29 07:24:21 [WatchRabbit] ERROR : [traceController postUpdateDb]  consnole is not defined
2022-07-29 07:24:44 [WatchRabbit] ERROR : [TraceTable traceDao] You have an error in your SQL syntax; check the manual that corresponds to your MySQL server version for the right syntax to use near 'traceIdx = '1'' at line 3
2022-07-29 07:28:12 [WatchRabbit] ERROR : [TraceTable traceDao] You have an error in your SQL syntax; check the manual that corresponds to your MySQL server version for the right syntax to use near 'traceIdx = '1'' at line 3
2022-07-29 07:29:14 [WatchRabbit] ERROR : [TraceTable traceDao] You have an error in your SQL syntax; check the manual that corresponds to your MySQL server version for the right syntax to use near 'traceIdx = 1' at line 3
2022-07-29 07:30:16 [WatchRabbit] ERROR : [TraceTable traceDao] Unknown column 'ACTIVE' in 'field list'
2022-07-29 08:36:36 [WatchRabbit] ERROR : [traceController postUpdateDb]  traceService.TraceItem is not a function
2022-07-29 08:37:14 [WatchRabbit] ERROR : [traceService checkUserId]  userIdx is not defined
2022-07-29 08:58:10 [WatchRabbit] ERROR : 로그인이 필요한 요청 입니다.
2022-07-29 08:59:05 [WatchRabbit] ERROR : authorization code not found for code=2LdUgAOWo4hj5ZRy0DVYfAuajuXzCR7xsNumhtgGG7WxW-5Y2GSNzY0ZiBCl91REvSi5rQo9dRkAAAGCSS3t4A
2022-07-29 08:59:16 [WatchRabbit] ERROR : 로그인이 필요한 요청 입니다.
2022-07-29 09:08:53 [WatchRabbit] ERROR : 로그인이 필요한 요청 입니다.
2022-07-29 09:10:18 [WatchRabbit] ERROR : Bad Request
2022-07-29 09:10:20 [WatchRabbit] ERROR : Bad Request
2022-07-29 09:10:21 [WatchRabbit] ERROR : 로그인이 필요한 요청 입니다.
2022-07-29 09:10:37 [WatchRabbit] ERROR : Bad Request
2022-07-29 09:10:39 [WatchRabbit] ERROR : 로그인이 필요한 요청 입니다.
2022-07-29 09:18:31 [WatchRabbit] ERROR : Bad Request
2022-07-29 09:19:09 [WatchRabbit] ERROR : Bad Request
2022-07-29 09:23:00 [WatchRabbit] ERROR : 로그인이 필요한 요청 입니다.
2022-07-29 09:23:00 [WatchRabbit] ERROR : 로그인이 필요한 요청 입니다.
2022-07-29 09:23:00 [WatchRabbit] ERROR : 로그인이 필요한 요청 입니다.
2022-07-29 09:23:00 [WatchRabbit] ERROR : 로그인이 필요한 요청 입니다.
2022-07-29 09:23:00 [WatchRabbit] ERROR : 로그인이 필요한 요청 입니다.
2022-07-29 09:23:00 [WatchRabbit] ERROR : 로그인이 필요한 요청 입니다.
2022-07-29 11:36:06 [WatchRabbit] ERROR : 로그인이 필요한 요청 입니다.
2022-07-29 11:37:20 [WatchRabbit] ERROR : 로그인이 필요한 요청 입니다.
2022-07-29 12:29:22 [WatchRabbit] ERROR : 로그인이 필요한 요청 입니다.
2022-07-29 12:29:31 [WatchRabbit] ERROR : undefined
2022-07-29 12:29:32 [WatchRabbit] ERROR : 로그인이 필요한 요청 입니다.
2022-07-29 12:32:43 [WatchRabbit] ERROR : undefined
2022-07-29 12:32:44 [WatchRabbit] ERROR : 로그인이 필요한 요청 입니다.
2022-07-29 12:38:59 [WatchRabbit] ERROR : 로그인 되어 있는 상태입니다.
2022-07-29 12:38:59 [WatchRabbit] ERROR : 로그인 되어 있는 상태입니다.
2022-07-29 12:39:14 [WatchRabbit] ERROR : 로그인이 필요한 요청 입니다.
2022-07-29 12:39:16 [WatchRabbit] ERROR : 로그인이 필요한 요청 입니다.
2022-07-29 12:45:28 [WatchRabbit] ERROR : 로그인이 필요한 요청 입니다.
2022-07-29 12:47:13 [WatchRabbit] ERROR : 로그인 되어 있는 상태입니다.
2022-07-29 12:47:14 [WatchRabbit] ERROR : 로그인 되어 있는 상태입니다.
2022-07-29 12:47:34 [WatchRabbit] ERROR : 로그인이 필요한 요청 입니다.
2022-07-29 12:48:25 [WatchRabbit] ERROR : 로그인이 필요한 요청 입니다.
2022-07-29 12:49:41 [WatchRabbit] ERROR : 로그인이 필요한 요청 입니다.
2022-07-29 12:50:03 [WatchRabbit] ERROR : 로그인 되어 있는 상태입니다.
2022-07-29 12:50:03 [WatchRabbit] ERROR : 로그인 되어 있는 상태입니다.
2022-07-29 12:50:14 [WatchRabbit] ERROR : 로그인이 필요한 요청 입니다.
2022-07-29 12:50:20 [WatchRabbit] ERROR : 로그인이 필요한 요청 입니다.
2022-07-29 12:50:42 [WatchRabbit] ERROR : 로그인이 필요한 요청 입니다.
2022-07-29 12:52:13 [WatchRabbit] ERROR : [postSearchItem] Cannot read properties of undefined (reading 'email')
2022-07-29 12:53:44 [WatchRabbit] ERROR : 로그인이 필요한 요청 입니다.
2022-07-29 12:57:17 [WatchRabbit] ERROR : 로그인이 필요한 요청 입니다.
2022-07-29 12:59:35 [WatchRabbit] ERROR : 로그인이 필요한 요청 입니다.
2022-07-29 13:01:04 [WatchRabbit] ERROR : 로그인이 필요한 요청 입니다.
2022-07-29 13:01:08 [WatchRabbit] ERROR : 로그인이 필요한 요청 입니다.
2022-07-29 13:05:14 [WatchRabbit] ERROR : 로그인이 필요한 요청 입니다.
2022-07-29 13:05:43 [WatchRabbit] ERROR : 로그인이 필요한 요청 입니다.
2022-07-29 13:05:44 [WatchRabbit] ERROR : 로그인이 필요한 요청 입니다.
2022-07-29 13:05:54 [WatchRabbit] ERROR : 로그인이 필요한 요청 입니다.
2022-07-29 13:07:07 [WatchRabbit] ERROR : 로그인이 필요한 요청 입니다.
2022-07-29 13:08:14 [WatchRabbit] ERROR : 로그인이 필요한 요청 입니다.
