2022-07-31 02:17:08 [WatchRabbit] ERROR : 로그인이 필요한 요청 입니다.
2022-07-31 02:21:30 [WatchRabbit] ERROR : 로그인이 필요한 요청 입니다.
2022-07-31 02:25:21 [WatchRabbit] ERROR : 로그인이 필요한 요청 입니다.
2022-07-31 03:31:53 [WatchRabbit] ERROR : [checkTraceItem]  traceIdx is not defined
2022-07-31 03:32:07 [WatchRabbit] ERROR : 로그인이 필요한 요청 입니다.
2022-07-31 03:32:20 [WatchRabbit] ERROR : 로그인이 필요한 요청 입니다.
2022-07-31 03:32:28 [WatchRabbit] ERROR : [checkTraceItem]  traceIdx is not defined
2022-07-31 03:32:48 [WatchRabbit] ERROR : [checkTraceItem]  traceIdx is not defined
2022-07-31 03:32:48 [WatchRabbit] ERROR : [checkTraceItem]  traceIdx is not defined
2022-07-31 03:32:48 [WatchRabbit] ERROR : [checkTraceItem]  traceIdx is not defined
2022-07-31 03:32:48 [WatchRabbit] ERROR : [checkTraceItem]  traceIdx is not defined
2022-07-31 03:39:36 [WatchRabbit] ERROR : [checkTraceItem]  traceIdx is not defined
2022-07-31 03:41:33 [WatchRabbit] ERROR : [checkTraceItem]  traceIdx is not defined
2022-07-31 03:41:53 [WatchRabbit] ERROR : [checkTraceItem]  traceIdx is not defined
2022-07-31 03:41:53 [WatchRabbit] ERROR : [checkTraceItem]  traceIdx is not defined
2022-07-31 03:41:53 [WatchRabbit] ERROR : [checkTraceItem]  traceIdx is not defined
2022-07-31 03:41:53 [WatchRabbit] ERROR : [checkTraceItem]  traceIdx is not defined
2022-07-31 03:49:22 [WatchRabbit] ERROR : 로그인이 필요한 요청 입니다.
2022-07-31 03:49:29 [WatchRabbit] ERROR : 로그인이 필요한 요청 입니다.
2022-07-31 03:49:38 [WatchRabbit] ERROR : [checkTraceItem]  traceIdx is not defined
2022-07-31 03:49:38 [WatchRabbit] ERROR : [checkTraceItem]  traceIdx is not defined
2022-07-31 03:49:38 [WatchRabbit] ERROR : [checkTraceItem]  traceIdx is not defined
2022-07-31 03:49:38 [WatchRabbit] ERROR : [checkTraceItem]  traceIdx is not defined
2022-07-31 03:49:38 [WatchRabbit] ERROR : [checkTraceItem]  traceIdx is not defined
2022-07-31 03:50:17 [WatchRabbit] ERROR : [checkTraceItem]  traceProvider.TraceItemTable is not a function
2022-07-31 03:50:17 [WatchRabbit] ERROR : [checkTraceItem]  traceProvider.TraceItemTable is not a function
2022-07-31 03:50:42 [WatchRabbit] ERROR : [checkTraceItem]  traceProvider.TraceItemTable is not a function
2022-07-31 03:50:42 [WatchRabbit] ERROR : [checkTraceItem]  traceProvider.TraceItemTable is not a function
2022-07-31 03:50:42 [WatchRabbit] ERROR : [checkTraceItem]  traceProvider.TraceItemTable is not a function
2022-07-31 03:50:42 [WatchRabbit] ERROR : [checkTraceItem]  traceProvider.TraceItemTable is not a function
2022-07-31 03:50:42 [WatchRabbit] ERROR : [checkTraceItem]  traceProvider.TraceItemTable is not a function
2022-07-31 03:50:49 [WatchRabbit] ERROR : 로그인이 필요한 요청 입니다.
2022-07-31 03:50:56 [WatchRabbit] ERROR : [checkTraceItem]  traceProvider.TraceItemTable is not a function
2022-07-31 03:50:56 [WatchRabbit] ERROR : [checkTraceItem]  traceProvider.TraceItemTable is not a function
2022-07-31 03:50:56 [WatchRabbit] ERROR : [checkTraceItem]  traceProvider.TraceItemTable is not a function
2022-07-31 03:50:56 [WatchRabbit] ERROR : [checkTraceItem]  traceProvider.TraceItemTable is not a function
2022-07-31 03:50:56 [WatchRabbit] ERROR : [checkTraceItem]  traceProvider.TraceItemTable is not a function
2022-07-31 03:51:33 [WatchRabbit] ERROR : [selectTraceItemTable traceDao] traceDao.selectTraceItemTable is not a function
2022-07-31 03:51:33 [WatchRabbit] ERROR : [selectTraceItemTable traceDao] traceDao.selectTraceItemTable is not a function
2022-07-31 03:51:33 [WatchRabbit] ERROR : [selectTraceItemTable traceDao] traceDao.selectTraceItemTable is not a function
2022-07-31 03:51:33 [WatchRabbit] ERROR : [selectTraceItemTable traceDao] traceDao.selectTraceItemTable is not a function
2022-07-31 03:51:33 [WatchRabbit] ERROR : [selectTraceItemTable traceDao] traceDao.selectTraceItemTable is not a function
2022-07-31 03:53:46 [WatchRabbit] ERROR : [selectTraceItemTable traceDao] traceDao.selectTraceItemTable is not a function
2022-07-31 03:53:46 [WatchRabbit] ERROR : [selectTraceItemTable traceDao] traceDao.selectTraceItemTable is not a function
2022-07-31 03:53:47 [WatchRabbit] ERROR : [selectTraceItemTable traceDao] traceDao.selectTraceItemTable is not a function
2022-07-31 03:53:47 [WatchRabbit] ERROR : [selectTraceItemTable traceDao] traceDao.selectTraceItemTable is not a function
2022-07-31 03:53:47 [WatchRabbit] ERROR : [selectTraceItemTable traceDao] traceDao.selectTraceItemTable is not a function
2022-07-31 03:55:14 [WatchRabbit] ERROR : [selectTraceItemTable traceDao] Table 'Schema_Carrot.Trace' doesn't exist
2022-07-31 03:55:14 [WatchRabbit] ERROR : [selectTraceItemTable traceDao] Table 'Schema_Carrot.Trace' doesn't exist
2022-07-31 03:55:14 [WatchRabbit] ERROR : [selectTraceItemTable traceDao] Table 'Schema_Carrot.Trace' doesn't exist
2022-07-31 03:55:14 [WatchRabbit] ERROR : [selectTraceItemTable traceDao] Table 'Schema_Carrot.Trace' doesn't exist
2022-07-31 03:55:14 [WatchRabbit] ERROR : [selectTraceItemTable traceDao] Table 'Schema_Carrot.Trace' doesn't exist
2022-07-31 04:07:37 [WatchRabbit] ERROR : [getTraceItem]  resultTraceITem is not defined
2022-07-31 04:07:37 [WatchRabbit] ERROR : [getTraceItem]  resultTraceITem is not defined
2022-07-31 04:07:37 [WatchRabbit] ERROR : [getTraceItem]  resultTraceITem is not defined
2022-07-31 04:07:37 [WatchRabbit] ERROR : [getTraceItem]  resultTraceITem is not defined
2022-07-31 04:07:37 [WatchRabbit] ERROR : [getTraceItem]  resultTraceITem is not defined
2022-07-31 04:07:45 [WatchRabbit] ERROR : [getTraceItem]  resultTraceITem is not defined
2022-07-31 04:09:58 [WatchRabbit] ERROR : 로그인이 필요한 요청 입니다.
2022-07-31 04:15:23 [WatchRabbit] ERROR : 로그인이 필요한 요청 입니다.
2022-07-31 04:22:48 [WatchRabbit] ERROR : 로그인이 필요한 요청 입니다.
